app_main.js:102 197498F3255C 70 109 0
app_main.js:102 197498F3255C 71 71 0
app_main.js:102 197498F3255C 72 91 0
app_main.js:102 197498F3255C 73 70 1
app_main.js:102 197498F3255C 74 116 2
app_main.js:102 197498F3255C 12 101 0
app_main.js:102 197498F3255C 13 71 0
app_main.js:102 197498F3255C 14 67 3
app_main.js:102 197498F3255C 15 107 0
app_main.js:102 197498F3255C 16 96 1
app_main.js:102 197498F3255C 17 69 0
app_main.js:102 197498F3255C 18 107 2
app_main.js:102 197498F3255C 19 107 1
app_main.js:102 197498F3255C 20 83 0
app_main.js:102 197498F3255C 21 109 0
app_main.js:102 197498F3255C 22 107 0
app_main.js:102 197498F3255C 23 113 1
app_main.js:102 197498F3255C 24 67 3
app_main.js:102 197498F3255C 25 85 2
app_main.js:102 197498F3255C 26 109 1
app_main.js:102 197498F3255C 27 109 0
app_main.js:102 197498F3255C 28 64 0
app_main.js:102 197498F3255C 29 101 0
app_main.js:102 197498F3255C 30 102 0
app_main.js:102 197498F3255C 31 68 0
app_main.js:102 197498F3255C 27 109 0
app_main.js:102 197498F3255C 28 64 0
app_main.js:102 197498F3255C 29 101 0
app_main.js:102 197498F3255C 30 102 0
app_main.js:102 197498F3255C 31 68 0
app_main.js:102 197498F3255C 32 64 0
app_main.js:102 197498F3255C 33 95 3
app_main.js:102 197498F3255C 34 108 0
app_main.js:102 197498F3255C 35 75 2
app_main.js:102 197498F3255C 36 80 0
app_main.js:102 197498F3255C 37 109 0
app_main.js:102 197498F3255C 38 99 0
app_main.js:102 197498F3255C 39 68 0
app_main.js:102 197498F3255C 11 97 0
app_main.js:102 197498F3255C 12 101 0
app_main.js:102 197498F3255C 13 71 0
app_main.js:102 197498F3255C 14 67 3
app_main.js:102 197498F3255C 15 107 0
app_main.js:102 197498F3255C 16 96 1
app_main.js:102 197498F3255C 17 69 0
app_main.js:102 197498F3255C 18 107 2
app_main.js:102 197498F3255C 19 107 1
app_main.js:102 197498F3255C 20 83 0
app_main.js:102 197498F3255C 21 109 0
app_main.js:102 197498F3255C 32 64 0
app_main.js:102 197498F3255C 33 95 3
app_main.js:102 197498F3255C 34 108 0
app_main.js:102 197498F3255C 35 75 2
app_main.js:102 197498F3255C 36 80 0
app_main.js:102 197498F3255C 37 109 0
app_main.js:102 197498F3255C 38 99 0
app_main.js:102 197498F3255C 39 68 0
app_main.js:102 197498F3255C 11 97 0
app_main.js:102 197498F3255C 12 101 0
app_main.js:102 197498F3255C 13 71 0
app_main.js:102 197498F3255C 14 67 3
app_main.js:102 197498F3255C 15 107 0
app_main.js:102 197498F3255C 16 96 1
app_main.js:102 197498F3255C 17 69 0
app_main.js:102 197498F3255C 18 107 2
app_main.js:102 197498F3255C 19 107 1
app_main.js:102 197498F3255C 20 83 0
app_main.js:102 197498F3255C 21 109 0
app_main.js:102 197498F3255C 22 107 0
app_main.js:102 197498F3255C 23 113 1
app_main.js:102 197498F3255C 40 104 1
app_main.js:102 197498F3255C 41 68 0
app_main.js:102 197498F3255C 42 99 0
app_main.js:102 197498F3255C 43 111 1
app_main.js:102 197498F3255C 44 112 0
app_main.js:102 197498F3255C 45 65 0
app_main.js:102 197498F3255C 46 90 1
app_main.js:102 197498F3255C 47 69 0
app_main.js:102 197498F3255C 48 71 0
app_main.js:102 197498F3255C 49 67 3
app_main.js:102 197498F3255C 50 88 0
app_main.js:102 197498F3255C 51 87 0
app_main.js:102 197498F3255C 52 116 0
app_main.js:102 197498F3255C 53 84 0
app_main.js:102 197498F3255C 54 112 0
app_main.js:102 197498F3255C 55 89 0
app_main.js:102 197498F3255C 56 94 0
app_main.js:102 197498F3255C 57 71 0
app_main.js:102 197498F3255C 58 111 1
app_main.js:102 197498F3255C 59 111 0
app_main.js:102 197498F3255C 60 108 0
app_main.js:102 197498F3255C 61 120 0
app_main.js:102 197498F3255C 62 92 0
app_main.js:102 197498F3255C 63 76 3
app_main.js:102 197498F3255C 2 60 2
app_main.js:102 197498F3255C 3 69 1
app_main.js:102 197498F3255C 4 76 0
app_main.js:102 197498F3255C 5 101 0
app_main.js:102 197498F3255C 6 90 1
app_main.js:102 197498F3255C 7 72 1
app_main.js:102 197498F3255C 8 110 1
app_main.js:102 197498F3255C 9 102 0
app_main.js:102 197498F3255C 10 90 1
app_main.js:102 197498F3255C 11 97 0
app_main.js:102 197498F3255C 22 107 0
app_main.js:102 197498F3255C 23 113 1
app_main.js:102 197498F3255C 24 67 3
app_main.js:102 197498F3255C 25 85 2
app_main.js:102 197498F3255C 26 109 1
app_main.js:102 197498F3255C 27 109 0
app_main.js:102 197498F3255C 28 64 0
app_main.js:102 197498F3255C 29 101 0
app_main.js:102 197498F3255C 30 102 0
app_main.js:102 197498F3255C 31 68 0
app_main.js:102 197498F3255C 27 109 0
app_main.js:102 197498F3255C 28 64 0
app_main.js:102 197498F3255C 29 101 0
app_main.js:102 197498F3255C 30 102 0
app_main.js:102 197498F3255C 64 112 0
app_main.js:102 197498F3255C 65 116 0
app_main.js:102 197498F3255C 66 65 2
app_main.js:102 197498F3255C 67 61 2
app_main.js:102 197498F3255C 68 70 0
app_main.js:102 197498F3255C 69 101 0
app_main.js:102 197498F3255C 70 109 0
app_main.js:102 197498F3255C 71 71 0
app_main.js:102 197498F3255C 72 91 0
app_main.js:102 197498F3255C 73 70 1
app_main.js:102 197498F3255C 74 116 2
app_main.js:102 197498F3255C 2 60 2
app_main.js:102 197498F3255C 3 69 1
app_main.js:102 197498F3255C 4 76 0
app_main.js:102 197498F3255C 5 101 0
app_main.js:102 197498F3255C 6 90 1
app_main.js:102 197498F3255C 7 72 1
app_main.js:102 197498F3255C 8 110 1
app_main.js:102 197498F3255C 9 102 0
app_main.js:102 197498F3255C 10 90 1
app_main.js:102 197498F3255C 11 97 0
app_main.js:102 197498F3255C 22 107 0
app_main.js:102 197498F3255C 23 113 1
app_main.js:102 197498F3255C 24 67 3
app_main.js:102 197498F3255C 25 85 2
app_main.js:102 197498F3255C 26 109 1
app_main.js:102 197498F3255C 27 109 0
app_main.js:102 197498F3255C 28 64 0
app_main.js:102 197498F3255C 29 101 0
app_main.js:102 197498F3255C 30 102 0
app_main.js:102 197498F3255C 31 68 0
app_main.js:102 197498F3255C 27 109 0
app_main.js:102 197498F3255C 28 64 0
app_main.js:102 197498F3255C 29 101 0
app_main.js:102 197498F3255C 30 102 0
app_main.js:102 197498F3255C 31 68 0
app_main.js:102 197498F3255C 32 64 0
app_main.js:102 197498F3255C 33 95 3
app_main.js:102 197498F3255C 34 108 0
app_main.js:102 197498F3255C 35 75 2
app_main.js:102 197498F3255C 36 80 0
app_main.js:102 197498F3255C 37 109 0
app_main.js:102 197498F3255C 38 99 0
app_main.js:102 197498F3255C 39 68 0
app_main.js:102 197498F3255C 11 97 0
app_main.js:102 197498F3255C 12 101 0
app_main.js:102 197498F3255C 13 71 0
app_main.js:102 197498F3255C 14 67 3
app_main.js:102 197498F3255C 15 107 0
app_main.js:102 197498F3255C 16 96 1
app_main.js:102 197498F3255C 17 69 0
app_main.js:102 197498F3255C 18 107 2
app_main.js:102 197498F3255C 19 107 1
app_main.js:102 197498F3255C 20 83 0
app_main.js:102 197498F3255C 21 109 0
app_main.js:102 197498F3255C 32 64 0
app_main.js:102 197498F3255C 33 95 3
app_main.js:102 197498F3255C 34 108 0
app_main.js:102 197498F3255C 35 75 2
app_main.js:102 197498F3255C 36 80 0
app_main.js:102 197498F3255C 37 109 0
app_main.js:102 197498F3255C 38 99 0
app_main.js:102 197498F3255C 39 68 0
app_main.js:102 197498F3255C 11 97 0
app_main.js:102 197498F3255C 12 101 0
app_main.js:102 197498F3255C 13 71 0
app_main.js:102 197498F3255C 52 116 0
app_main.js:102 197498F3255C 53 84 0
app_main.js:102 197498F3255C 54 112 0
app_main.js:102 197498F3255C 55 89 0
app_main.js:102 197498F3255C 56 94 0
app_main.js:102 197498F3255C 57 71 0
app_main.js:102 197498F3255C 58 111 1
app_main.js:102 197498F3255C 59 111 0
app_main.js:102 197498F3255C 60 108 0
app_main.js:102 197498F3255C 61 120 0
app_main.js:102 197498F3255C 62 92 0
app_main.js:102 197498F3255C 63 76 3
app_main.js:102 197498F3255C 64 112 0
app_main.js:102 197498F3255C 65 116 0
app_main.js:102 197498F3255C 66 65 2
app_main.js:102 197498F3255C 67 61 2
app_main.js:102 197498F3255C 68 70 0
app_main.js:102 197498F3255C 69 101 0
app_main.js:102 197498F3255C 70 109 0
app_main.js:102 197498F3255C 71 71 0
app_main.js:102 197498F3255C 72 91 0
app_main.js:102 197498F3255C 73 70 1
app_main.js:102 197498F3255C 74 116 2
app_main.js:102 197498F3255C 12 101 0
app_main.js:102 197498F3255C 14 67 3
app_main.js:102 197498F3255C 15 107 0
app_main.js:102 197498F3255C 16 96 1
app_main.js:102 197498F3255C 17 69 0
app_main.js:102 197498F3255C 18 107 2
app_main.js:102 197498F3255C 19 107 1
app_main.js:102 197498F3255C 20 83 0
app_main.js:102 197498F3255C 21 109 0
app_main.js:102 197498F3255C 22 107 0
app_main.js:102 197498F3255C 23 113 1
app_main.js:102 197498F3255C 40 104 1
app_main.js:102 197498F3255C 41 68 0
app_main.js:102 197498F3255C 42 99 0
app_main.js:102 197498F3255C 43 111 1
app_main.js:102 197498F3255C 44 112 0
app_main.js:102 197498F3255C 45 65 0
app_main.js:102 197498F3255C 46 90 1
app_main.js:102 197498F3255C 47 69 0
app_main.js:102 197498F3255C 48 71 0
app_main.js:102 197498F3255C 49 67 3
app_main.js:102 197498F3255C 50 88 0
app_main.js:102 197498F3255C 51 87 0
app_main.js:102 197498F3255C 52 116 0
app_main.js:102 197498F3255C 53 84 0
app_main.js:102 197498F3255C 54 112 0
app_main.js:102 197498F3255C 55 89 0
app_main.js:102 197498F3255C 56 94 0
app_main.js:102 197498F3255C 57 71 0
app_main.js:102 197498F3255C 58 111 1
app_main.js:102 197498F3255C 59 111 0
app_main.js:102 197498F3255C 60 108 0
app_main.js:102 197498F3255C 61 120 0
app_main.js:102 197498F3255C 62 92 0
app_main.js:102 197498F3255C 63 76 3
app_main.js:102 197498F3255C 64 112 0
app_main.js:102 197498F3255C 65 116 0
app_main.js:102 197498F3255C 66 65 2
app_main.js:102 197498F3255C 67 61 2
app_main.js:102 197498F3255C 68 70 0
app_main.js:102 197498F3255C 69 101 0
app_main.js:102 197498F3255C 70 109 0
app_main.js:102 197498F3255C 71 71 0
app_main.js:102 197498F3255C 72 91 0
app_main.js:102 197498F3255C 73 70 1
app_main.js:102 197498F3255C 74 116 2
app_main.js:102 197498F3255C 12 101 0
app_main.js:102 197498F3255C 13 71 0
app_main.js:102 197498F3255C 14 67 3
app_main.js:102 197498F3255C 15 107 0
app_main.js:102 197498F3255C 16 96 1
app_main.js:102 197498F3255C 17 69 0
app_main.js:102 197498F3255C 18 107 2
app_main.js:102 197498F3255C 19 107 1
app_main.js:102 197498F3255C 20 83 0
app_main.js:102 197498F3255C 21 109 0
app_main.js:102 197498F3255C 22 107 0
app_main.js:102 197498F3255C 23 113 1
app_main.js:102 197498F3255C 24 67 3
app_main.js:102 197498F3255C 25 85 2
app_main.js:102 197498F3255C 26 109 1
app_main.js:102 197498F3255C 27 109 0
app_main.js:102 197498F3255C 28 64 0
app_main.js:102 197498F3255C 29 101 0
app_main.js:102 197498F3255C 30 102 0
app_main.js:102 197498F3255C 31 68 0
app_main.js:102 197498F3255C 27 109 0
app_main.js:102 197498F3255C 28 64 0
app_main.js:102 197498F3255C 29 101 0
app_main.js:102 197498F3255C 30 102 0
app_main.js:102 197498F3255C 31 68 0
app_main.js:102 197498F3255C 32 64 0
app_main.js:102 197498F3255C 33 95 3
app_main.js:102 197498F3255C 34 108 0
app_main.js:102 197498F3255C 35 75 2
app_main.js:102 197498F3255C 36 80 0
app_main.js:102 197498F3255C 37 109 0
app_main.js:102 197498F3255C 38 99 0
app_main.js:102 197498F3255C 39 68 0
app_main.js:102 197498F3255C 11 97 0
app_main.js:102 197498F3255C 12 101 0
app_main.js:102 197498F3255C 13 71 0
app_main.js:102 197498F3255C 14 67 3
app_main.js:102 197498F3255C 15 107 0
app_main.js:102 197498F3255C 16 96 1
app_main.js:102 197498F3255C 17 69 0
app_main.js:102 197498F3255C 18 107 2
app_main.js:102 197498F3255C 19 107 1
app_main.js:102 197498F3255C 20 83 0
app_main.js:102 197498F3255C 21 109 0
app_main.js:102 197498F3255C 32 64 0
app_main.js:102 197498F3255C 33 95 3
app_main.js:102 197498F3255C 34 108 0
app_main.js:102 197498F3255C 35 75 2
app_main.js:102 197498F3255C 36 80 0
app_main.js:102 197498F3255C 37 109 0
app_main.js:102 197498F3255C 38 99 0
app_main.js:102 197498F3255C 39 68 0
app_main.js:102 197498F3255C 11 97 0
app_main.js:102 197498F3255C 12 101 0
app_main.js:102 197498F3255C 13 71 0
app_main.js:102 197498F3255C 14 67 3
app_main.js:102 197498F3255C 15 107 0
app_main.js:102 197498F3255C 16 96 1
app_main.js:102 197498F3255C 17 69 0
app_main.js:102 197498F3255C 18 107 2
app_main.js:102 197498F3255C 19 107 1
app_main.js:102 197498F3255C 20 83 0
app_main.js:102 197498F3255C 21 109 0
app_main.js:102 197498F3255C 22 107 0
app_main.js:102 197498F3255C 23 113 1
app_main.js:102 197498F3255C 40 104 1
app_main.js:102 197498F3255C 41 68 0
app_main.js:102 197498F3255C 42 99 0
app_main.js:102 197498F3255C 43 111 1
app_main.js:102 197498F3255C 44 112 0
app_main.js:102 197498F3255C 45 65 0
app_main.js:102 197498F3255C 46 90 1
app_main.js:102 197498F3255C 47 69 0
app_main.js:102 197498F3255C 48 71 0
app_main.js:102 197498F3255C 49 67 3
app_main.js:102 197498F3255C 50 88 0
app_main.js:102 197498F3255C 51 87 0
app_main.js:102 197498F3255C 52 116 0
app_main.js:102 197498F3255C 53 84 0
app_main.js:102 197498F3255C 54 112 0
app_main.js:102 197498F3255C 55 89 0
app_main.js:102 197498F3255C 56 94 0
app_main.js:102 197498F3255C 57 71 0
app_main.js:102 197498F3255C 58 111 1
app_main.js:102 197498F3255C 59 111 0
app_main.js:102 197498F3255C 60 108 0
app_main.js:102 197498F3255C 61 120 0
app_main.js:102 197498F3255C 62 92 0
app_main.js:102 197498F3255C 63 76 3
app_main.js:102 197498F3255C 2 60 2
app_main.js:102 197498F3255C 3 69 1
app_main.js:102 197498F3255C 4 76 0
app_main.js:102 197498F3255C 5 101 0
app_main.js:102 197498F3255C 6 90 1
app_main.js:102 197498F3255C 7 72 1
app_main.js:102 197498F3255C 8 110 1
app_main.js:102 197498F3255C 9 102 0
app_main.js:102 197498F3255C 10 90 1
app_main.js:102 197498F3255C 11 97 0
app_main.js:102 197498F3255C 22 107 0
app_main.js:102 197498F3255C 23 113 1
app_main.js:102 197498F3255C 24 67 3
app_main.js:102 197498F3255C 25 85 2
app_main.js:102 197498F3255C 26 109 1
app_main.js:102 197498F3255C 27 109 0
app_main.js:102 197498F3255C 28 64 0
app_main.js:102 197498F3255C 29 101 0
app_main.js:102 197498F3255C 30 102 0
app_main.js:102 197498F3255C 31 68 0
app_main.js:102 197498F3255C 27 109 0
app_main.js:102 197498F3255C 28 64 0
app_main.js:102 197498F3255C 29 101 0
app_main.js:102 197498F3255C 30 102 0
app_main.js:102 197498F3255C 64 112 0
app_main.js:102 197498F3255C 65 116 0
app_main.js:102 197498F3255C 66 65 2
app_main.js:102 197498F3255C 67 61 2
app_main.js:102 197498F3255C 68 70 0
app_main.js:102 197498F3255C 69 101 0
app_main.js:102 197498F3255C 70 109 0
app_main.js:102 197498F3255C 71 71 0
app_main.js:102 197498F3255C 72 91 0
app_main.js:102 197498F3255C 73 70 1
app_main.js:102 197498F3255C 74 116 2
app_main.js:102 197498F3255C 35 75 2
app_main.js:102 197498F3255C 36 80 0
app_main.js:102 197498F3255C 37 109 0
app_main.js:102 197498F3255C 38 99 0
app_main.js:102 197498F3255C 39 68 0
app_main.js:102 197498F3255C 11 97 0
app_main.js:102 197498F3255C 12 101 0
app_main.js:102 197498F3255C 13 71 0
app_main.js:102 197498F3255C 52 116 0
app_main.js:102 197498F3255C 53 84 0
app_main.js:102 197498F3255C 54 112 0
app_main.js:102 197498F3255C 55 89 0
app_main.js:102 197498F3255C 56 94 0
app_main.js:102 197498F3255C 57 71 0
app_main.js:102 197498F3255C 58 111 1
app_main.js:102 197498F3255C 59 111 0
app_main.js:102 197498F3255C 60 108 0
app_main.js:102 197498F3255C 61 120 0
app_main.js:102 197498F3255C 62 92 0
app_main.js:102 197498F3255C 63 76 3
app_main.js:102 197498F3255C 64 112 0
app_main.js:102 197498F3255C 65 116 0
app_main.js:102 197498F3255C 66 65 2
app_main.js:102 197498F3255C 67 61 2
app_main.js:102 197498F3255C 68 70 0
app_main.js:102 197498F3255C 69 101 0
app_main.js:102 197498F3255C 70 109 0
app_main.js:102 197498F3255C 71 71 0
app_main.js:102 197498F3255C 72 91 0
app_main.js:102 197498F3255C 73 70 1
app_main.js:102 197498F3255C 74 116 2
app_main.js:102 197498F3255C 12 101 0
app_main.js:102 197498F3255C 14 67 3
app_main.js:102 197498F3255C 15 107 0
app_main.js:102 197498F3255C 16 96 1
app_main.js:102 197498F3255C 17 69 0
app_main.js:102 197498F3255C 18 107 2
app_main.js:102 197498F3255C 19 107 1
app_main.js:102 197498F3255C 20 83 0
app_main.js:102 197498F3255C 21 109 0
app_main.js:102 197498F3255C 22 107 0
app_main.js:102 197498F3255C 23 113 1
app_main.js:102 197498F3255C 40 104 1
app_main.js:102 197498F3255C 41 68 0
app_main.js:102 197498F3255C 42 99 0
app_main.js:102 197498F3255C 43 111 1
app_main.js:102 197498F3255C 44 112 0
app_main.js:102 197498F3255C 45 65 0
app_main.js:102 197498F3255C 46 90 1
app_main.js:102 197498F3255C 47 69 0
app_main.js:102 197498F3255C 48 71 0
app_main.js:102 197498F3255C 49 67 3
app_main.js:102 197498F3255C 50 88 0
app_main.js:102 197498F3255C 51 87 0
app_main.js:102 197498F3255C 52 116 0
app_main.js:102 197498F3255C 53 84 0
app_main.js:102 197498F3255C 54 112 0
app_main.js:102 197498F3255C 55 89 0
app_main.js:102 197498F3255C 56 94 0
app_main.js:102 197498F3255C 57 71 0
app_main.js:102 197498F3255C 58 111 1
app_main.js:102 197498F3255C 59 111 0
app_main.js:102 197498F3255C 60 108 0
app_main.js:102 197498F3255C 61 120 0
app_main.js:102 197498F3255C 62 92 0
app_main.js:102 197498F3255C 63 76 3
app_main.js:102 197498F3255C 64 112 0
app_main.js:102 197498F3255C 65 116 0
app_main.js:102 197498F3255C 66 65 2
app_main.js:102 197498F3255C 67 61 2
app_main.js:102 197498F3255C 68 70 0
app_main.js:102 197498F3255C 69 101 0
app_main.js:102 197498F3255C 70 109 0
app_main.js:102 197498F3255C 71 71 0
app_main.js:102 197498F3255C 72 91 0
app_main.js:102 197498F3255C 73 70 1
app_main.js:102 197498F3255C 74 116 2
app_main.js:102 197498F3255C 12 101 0
app_main.js:102 197498F3255C 13 71 0
app_main.js:102 197498F3255C 14 67 3
app_main.js:102 197498F3255C 15 107 0
app_main.js:102 197498F3255C 16 96 1
app_main.js:102 197498F3255C 52 116 0
app_main.js:102 197498F3255C 53 84 0
app_main.js:102 197498F3255C 54 112 0
app_main.js:102 197498F3255C 55 89 0
app_main.js:102 197498F3255C 56 94 0
app_main.js:102 197498F3255C 57 71 0
app_main.js:102 197498F3255C 58 111 1
app_main.js:102 197498F3255C 59 111 0
app_main.js:102 197498F3255C 60 108 0
app_main.js:102 197498F3255C 61 120 0
app_main.js:102 197498F3255C 62 92 0
app_main.js:102 197498F3255C 63 76 3
app_main.js:102 197498F3255C 64 112 0
app_main.js:102 197498F3255C 65 116 0
app_main.js:102 197498F3255C 66 65 2
app_main.js:102 197498F3255C 67 61 2
app_main.js:102 197498F3255C 68 70 0
app_main.js:102 197498F3255C 69 101 0
app_main.js:102 197498F3255C 70 109 0
app_main.js:102 197498F3255C 71 71 0
app_main.js:102 197498F3255C 72 91 0
app_main.js:102 197498F3255C 73 70 1
app_main.js:102 197498F3255C 74 116 2
app_main.js:102 197498F3255C 12 101 0
app_main.js:102 197498F3255C 13 71 0
app_main.js:102 197498F3255C 14 67 3
app_main.js:102 197498F3255C 15 107 0
app_main.js:102 197498F3255C 16 96 1
app_main.js:102 197498F3255C 17 69 0
app_main.js:102 197498F3255C 18 107 2
app_main.js:102 197498F3255C 19 107 1
app_main.js:102 197498F3255C 20 83 0
app_main.js:102 197498F3255C 21 109 0
app_main.js:102 197498F3255C 22 107 0
app_main.js:102 197498F3255C 23 113 1
app_main.js:102 197498F3255C 24 67 3
app_main.js:102 197498F3255C 25 85 2
app_main.js:102 197498F3255C 26 109 1
app_main.js:102 197498F3255C 27 109 0
app_main.js:102 197498F3255C 28 64 0
app_main.js:102 197498F3255C 29 101 0
app_main.js:102 197498F3255C 30 102 0
app_main.js:102 197498F3255C 31 68 0
app_main.js:102 197498F3255C 27 109 0
app_main.js:102 197498F3255C 28 64 0
app_main.js:102 197498F3255C 29 101 0
app_main.js:102 197498F3255C 30 102 0
app_main.js:102 197498F3255C 31 68 0
app_main.js:102 197498F3255C 32 64 0
app_main.js:102 197498F3255C 33 95 3
app_main.js:102 197498F3255C 34 108 0
app_main.js:102 197498F3255C 35 75 2
app_main.js:102 197498F3255C 36 80 0
app_main.js:102 197498F3255C 37 109 0
app_main.js:102 197498F3255C 38 99 0
app_main.js:102 197498F3255C 39 68 0
app_main.js:102 197498F3255C 11 97 0
app_main.js:102 197498F3255C 12 101 0
app_main.js:102 197498F3255C 13 71 0
app_main.js:102 197498F3255C 14 67 3
app_main.js:102 197498F3255C 15 107 0
app_main.js:102 197498F3255C 16 96 1
app_main.js:102 197498F3255C 17 69 0
app_main.js:102 197498F3255C 18 107 2
app_main.js:102 197498F3255C 19 107 1
app_main.js:102 197498F3255C 20 83 0
app_main.js:102 197498F3255C 21 109 0
app_main.js:102 197498F3255C 32 64 0
app_main.js:102 197498F3255C 33 95 3
app_main.js:102 197498F3255C 34 108 0
app_main.js:102 197498F3255C 35 75 2
app_main.js:102 197498F3255C 36 80 0
app_main.js:102 197498F3255C 37 109 0
app_main.js:102 197498F3255C 38 99 0
app_main.js:102 197498F3255C 39 68 0
app_main.js:102 197498F3255C 11 97 0
app_main.js:102 197498F3255C 12 101 0
app_main.js:102 197498F3255C 13 71 0
app_main.js:102 197498F3255C 14 67 3
app_main.js:102 197498F3255C 15 107 0
app_main.js:102 197498F3255C 16 96 1
app_main.js:102 197498F3255C 17 69 0
app_main.js:102 197498F3255C 18 107 2
app_main.js:102 197498F3255C 19 107 1
app_main.js:102 197498F3255C 20 83 0
app_main.js:102 197498F3255C 21 109 0
app_main.js:102 197498F3255C 22 107 0
app_main.js:102 197498F3255C 23 113 1
app_main.js:102 197498F3255C 40 104 1
app_main.js:102 197498F3255C 41 68 0
app_main.js:102 197498F3255C 42 99 0
app_main.js:102 197498F3255C 43 111 1
app_main.js:102 197498F3255C 44 112 0
app_main.js:102 197498F3255C 45 65 0
app_main.js:102 197498F3255C 46 90 1
app_main.js:102 197498F3255C 47 69 0
app_main.js:102 197498F3255C 48 71 0
app_main.js:102 197498F3255C 49 67 3
app_main.js:102 197498F3255C 50 88 0
app_main.js:102 197498F3255C 51 87 0
app_main.js:102 197498F3255C 52 116 0
app_main.js:102 197498F3255C 53 84 0
app_main.js:102 197498F3255C 54 112 0
app_main.js:102 197498F3255C 55 89 0
app_main.js:102 197498F3255C 56 94 0
app_main.js:102 197498F3255C 57 71 0
app_main.js:102 197498F3255C 58 111 1
app_main.js:102 197498F3255C 59 111 0
app_main.js:102 197498F3255C 60 108 0
app_main.js:102 197498F3255C 61 120 0
app_main.js:102 197498F3255C 62 92 0
app_main.js:102 197498F3255C 63 76 3
app_main.js:102 197498F3255C 2 60 2
app_main.js:102 197498F3255C 3 69 1
app_main.js:102 197498F3255C 4 76 0
app_main.js:102 197498F3255C 5 101 0
app_main.js:102 197498F3255C 6 90 1
app_main.js:102 197498F3255C 7 72 1
app_main.js:102 197498F3255C 8 110 1
app_main.js:102 197498F3255C 9 102 0
app_main.js:102 197498F3255C 10 90 1
app_main.js:102 197498F3255C 11 97 0
app_main.js:102 197498F3255C 22 107 0
app_main.js:102 197498F3255C 23 113 1
app_main.js:102 197498F3255C 24 67 3
app_main.js:102 197498F3255C 25 85 2
app_main.js:102 197498F3255C 26 109 1
app_main.js:102 197498F3255C 27 109 0
app_main.js:102 197498F3255C 28 64 0
app_main.js:102 197498F3255C 29 101 0
app_main.js:102 197498F3255C 30 102 0
app_main.js:102 197498F3255C 31 68 0
app_main.js:102 197498F3255C 27 109 0
app_main.js:102 197498F3255C 28 64 0
app_main.js:102 197498F3255C 29 101 0
app_main.js:102 197498F3255C 30 102 0
app_main.js:102 197498F3255C 64 112 0
app_main.js:102 197498F3255C 65 116 0
app_main.js:102 197498F3255C 66 65 2
app_main.js:102 197498F3255C 67 61 2
app_main.js:102 197498F3255C 68 70 0
app_main.js:102 197498F3255C 69 101 0
app_main.js:102 197498F3255C 70 109 0
app_main.js:102 197498F3255C 71 71 0
app_main.js:102 197498F3255C 72 91 0
app_main.js:102 197498F3255C 73 70 1
app_main.js:102 197498F3255C 74 116 2
app_main.js:102 197498F3255C 2 60 2
app_main.js:102 197498F3255C 3 69 1
app_main.js:102 197498F3255C 4 76 0
app_main.js:102 197498F3255C 5 101 0
app_main.js:102 197498F3255C 6 90 1
app_main.js:102 197498F3255C 7 72 1
app_main.js:102 197498F3255C 8 110 1
app_main.js:102 197498F3255C 9 102 0
app_main.js:102 197498F3255C 10 90 1
app_main.js:102 197498F3255C 11 97 0
app_main.js:102 197498F3255C 22 107 0
app_main.js:102 197498F3255C 23 113 1
app_main.js:102 197498F3255C 24 67 3
app_main.js:102 197498F3255C 25 85 2
app_main.js:102 197498F3255C 26 109 1
app_main.js:102 197498F3255C 27 109 0
app_main.js:102 197498F3255C 28 64 0
app_main.js:102 197498F3255C 29 101 0
app_main.js:102 197498F3255C 30 102 0
app_main.js:102 197498F3255C 31 68 0
app_main.js:102 197498F3255C 27 109 0
app_main.js:102 197498F3255C 28 64 0
app_main.js:102 197498F3255C 29 101 0
app_main.js:102 197498F3255C 30 102 0
app_main.js:102 197498F3255C 31 68 0
app_main.js:102 197498F3255C 32 64 0
app_main.js:102 197498F3255C 33 95 3
app_main.js:102 197498F3255C 34 108 0
app_main.js:102 197498F3255C 35 75 2
app_main.js:102 197498F3255C 36 80 0
app_main.js:102 197498F3255C 37 109 0
app_main.js:102 197498F3255C 38 99 0
app_main.js:102 197498F3255C 39 68 0
app_main.js:102 197498F3255C 11 97 0
app_main.js:102 197498F3255C 12 101 0
app_main.js:102 197498F3255C 13 71 0
app_main.js:102 197498F3255C 14 67 3
app_main.js:102 197498F3255C 15 107 0
app_main.js:102 197498F3255C 16 96 1
app_main.js:102 197498F3255C 17 69 0
app_main.js:102 197498F3255C 18 107 2
app_main.js:102 197498F3255C 19 107 1
app_main.js:102 197498F3255C 20 83 0
app_main.js:102 197498F3255C 21 109 0
app_main.js:102 197498F3255C 32 64 0
app_main.js:102 197498F3255C 33 95 3
app_main.js:102 197498F3255C 34 108 0
app_main.js:102 197498F3255C 35 75 2
app_main.js:102 197498F3255C 36 80 0
app_main.js:102 197498F3255C 37 109 0
app_main.js:102 197498F3255C 38 99 0
app_main.js:102 197498F3255C 39 68 0
app_main.js:102 197498F3255C 11 97 0
app_main.js:102 197498F3255C 12 101 0
app_main.js:102 197498F3255C 13 71 0
app_main.js:102 197498F3255C 52 116 0
app_main.js:102 197498F3255C 53 84 0
app_main.js:102 197498F3255C 54 112 0
app_main.js:102 197498F3255C 55 89 0
app_main.js:102 197498F3255C 56 94 0
app_main.js:102 197498F3255C 57 71 0
app_main.js:102 197498F3255C 58 111 1
app_main.js:102 197498F3255C 59 111 0
app_main.js:102 197498F3255C 60 108 0
app_main.js:102 197498F3255C 61 120 0
app_main.js:102 197498F3255C 62 92 0
app_main.js:102 197498F3255C 63 76 3
app_main.js:102 197498F3255C 64 112 0
app_main.js:102 197498F3255C 65 116 0
app_main.js:102 197498F3255C 66 65 2
app_main.js:102 197498F3255C 67 61 2
app_main.js:102 197498F3255C 68 70 0
app_main.js:102 197498F3255C 69 101 0
app_main.js:102 197498F3255C 70 109 0
app_main.js:102 197498F3255C 71 71 0
app_main.js:102 197498F3255C 72 91 0
app_main.js:102 197498F3255C 73 70 1
app_main.js:102 197498F3255C 74 116 2
app_main.js:102 197498F3255C 12 101 0
app_main.js:102 197498F3255C 14 67 3
app_main.js:102 197498F3255C 15 107 0
app_main.js:102 197498F3255C 16 96 1
app_main.js:102 197498F3255C 17 69 0
app_main.js:102 197498F3255C 18 107 2
app_main.js:102 197498F3255C 19 107 1
app_main.js:102 197498F3255C 20 83 0
app_main.js:102 197498F3255C 21 109 0
app_main.js:102 197498F3255C 22 107 0
app_main.js:102 197498F3255C 23 113 1
app_main.js:102 197498F3255C 40 104 1
app_main.js:102 197498F3255C 41 68 0
app_main.js:102 197498F3255C 42 99 0
app_main.js:102 197498F3255C 43 111 1
app_main.js:102 197498F3255C 44 112 0
app_main.js:102 197498F3255C 45 65 0
app_main.js:102 197498F3255C 46 90 1
app_main.js:102 197498F3255C 47 69 0
app_main.js:102 197498F3255C 48 71 0
app_main.js:102 197498F3255C 49 67 3
app_main.js:102 197498F3255C 50 88 0
app_main.js:102 197498F3255C 51 87 0
app_main.js:102 197498F3255C 52 116 0
app_main.js:102 197498F3255C 53 84 0
app_main.js:102 197498F3255C 54 112 0
app_main.js:102 197498F3255C 55 89 0
app_main.js:102 197498F3255C 56 94 0
app_main.js:102 197498F3255C 57 71 0
app_main.js:102 197498F3255C 58 111 1
app_main.js:102 197498F3255C 59 111 0
app_main.js:102 197498F3255C 60 108 0
app_main.js:102 197498F3255C 61 120 0
app_main.js:102 197498F3255C 62 92 0
app_main.js:102 197498F3255C 63 76 3
app_main.js:102 197498F3255C 64 112 0
app_main.js:102 197498F3255C 65 116 0
app_main.js:102 197498F3255C 66 65 2
app_main.js:102 197498F3255C 67 61 2
app_main.js:102 197498F3255C 68 70 0
app_main.js:102 197498F3255C 69 101 0
app_main.js:102 197498F3255C 70 109 0
app_main.js:102 197498F3255C 71 71 0
app_main.js:102 197498F3255C 72 91 0
app_main.js:102 197498F3255C 73 70 1
app_main.js:102 197498F3255C 74 116 2
app_main.js:102 197498F3255C 12 101 0
app_main.js:102 197498F3255C 13 71 0
app_main.js:102 197498F3255C 14 67 3
app_main.js:102 197498F3255C 15 107 0
app_main.js:102 197498F3255C 16 96 1
app_main.js:102 197498F3255C 17 69 0
app_main.js:102 197498F3255C 18 107 2
app_main.js:102 197498F3255C 19 107 1
app_main.js:102 197498F3255C 20 83 0
app_main.js:102 197498F3255C 21 109 0
app_main.js:102 197498F3255C 22 107 0
app_main.js:102 197498F3255C 23 113 1
app_main.js:102 197498F3255C 24 67 3
app_main.js:102 197498F3255C 25 85 2
app_main.js:102 197498F3255C 26 109 1
app_main.js:102 197498F3255C 27 109 0
app_main.js:102 197498F3255C 28 64 0
app_main.js:102 197498F3255C 29 101 0
app_main.js:102 197498F3255C 30 102 0
app_main.js:102 197498F3255C 31 68 0
app_main.js:102 197498F3255C 27 109 0
app_main.js:102 197498F3255C 28 64 0
app_main.js:102 197498F3255C 29 101 0
app_main.js:102 197498F3255C 30 102 0
app_main.js:102 197498F3255C 31 68 0
app_main.js:102 197498F3255C 32 64 0
app_main.js:102 197498F3255C 33 95 3
app_main.js:102 197498F3255C 34 108 0
app_main.js:102 197498F3255C 35 75 2
app_main.js:102 197498F3255C 36 80 0
app_main.js:102 197498F3255C 37 109 0
app_main.js:102 197498F3255C 38 99 0
app_main.js:102 197498F3255C 39 68 0
app_main.js:102 197498F3255C 11 97 0
app_main.js:102 197498F3255C 12 101 0
app_main.js:102 197498F3255C 13 71 0
app_main.js:102 197498F3255C 14 67 3
app_main.js:102 197498F3255C 15 107 0
app_main.js:102 197498F3255C 16 96 1
app_main.js:102 197498F3255C 17 69 0
app_main.js:102 197498F3255C 18 107 2
app_main.js:102 197498F3255C 19 107 1
app_main.js:102 197498F3255C 20 83 0
app_main.js:102 197498F3255C 21 109 0
app_main.js:102 197498F3255C 32 64 0
app_main.js:102 197498F3255C 33 95 3
app_main.js:102 197498F3255C 34 108 0
app_main.js:102 197498F3255C 35 75 2
app_main.js:102 197498F3255C 36 80 0
app_main.js:102 197498F3255C 37 109 0
app_main.js:102 197498F3255C 38 99 0
app_main.js:102 197498F3255C 39 68 0
app_main.js:102 197498F3255C 11 97 0
app_main.js:102 197498F3255C 12 101 0
app_main.js:102 197498F3255C 13 71 0
app_main.js:102 197498F3255C 14 67 3
app_main.js:102 197498F3255C 15 107 0
app_main.js:102 197498F3255C 16 96 1
app_main.js:102 197498F3255C 17 69 0
app_main.js:102 197498F3255C 18 107 2
app_main.js:102 197498F3255C 19 107 1
app_main.js:102 197498F3255C 20 83 0
app_main.js:102 197498F3255C 21 109 0
app_main.js:102 197498F3255C 22 107 0
app_main.js:102 197498F3255C 23 113 1
app_main.js:102 197498F3255C 40 104 1
app_main.js:102 197498F3255C 41 68 0
app_main.js:102 197498F3255C 42 99 0
app_main.js:102 197498F3255C 43 111 1
app_main.js:102 197498F3255C 44 112 0
app_main.js:102 197498F3255C 45 65 0
app_main.js:102 197498F3255C 46 90 1
app_main.js:102 197498F3255C 47 69 0
app_main.js:102 197498F3255C 48 71 0
app_main.js:102 197498F3255C 49 67 3
app_main.js:102 197498F3255C 50 88 0
app_main.js:102 197498F3255C 51 87 0
app_main.js:102 197498F3255C 52 116 0
app_main.js:102 197498F3255C 53 84 0
app_main.js:102 197498F3255C 54 112 0
app_main.js:102 197498F3255C 55 89 0
app_main.js:102 197498F3255C 56 94 0
app_main.js:102 197498F3255C 57 71 0
app_main.js:102 197498F3255C 58 111 1
app_main.js:102 197498F3255C 59 111 0
app_main.js:102 197498F3255C 60 108 0
app_main.js:102 197498F3255C 61 120 0
app_main.js:102 197498F3255C 62 92 0
app_main.js:102 197498F3255C 63 76 3
app_main.js:102 197498F3255C 2 60 2
app_main.js:102 197498F3255C 3 69 1
app_main.js:102 197498F3255C 4 76 0
app_main.js:102 197498F3255C 5 101 0
app_main.js:102 197498F3255C 6 90 1
app_main.js:102 197498F3255C 7 72 1
app_main.js:102 197498F3255C 8 110 1
app_main.js:102 197498F3255C 9 102 0
app_main.js:102 197498F3255C 10 90 1
app_main.js:102 197498F3255C 11 97 0
app_main.js:102 197498F3255C 22 107 0
app_main.js:102 197498F3255C 23 113 1
app_main.js:102 197498F3255C 24 67 3
app_main.js:102 197498F3255C 25 85 2
app_main.js:102 197498F3255C 26 109 1
app_main.js:102 197498F3255C 27 109 0
app_main.js:102 197498F3255C 28 64 0
app_main.js:102 197498F3255C 29 101 0
app_main.js:102 197498F3255C 30 102 0
app_main.js:102 197498F3255C 31 68 0
app_main.js:102 197498F3255C 27 109 0
app_main.js:102 197498F3255C 28 64 0
app_main.js:102 197498F3255C 29 101 0
app_main.js:102 197498F3255C 30 102 0
app_main.js:102 197498F3255C 64 112 0
app_main.js:102 197498F3255C 65 116 0
app_main.js:102 197498F3255C 66 65 2
app_main.js:102 197498F3255C 67 61 2
app_main.js:102 197498F3255C 68 70 0
app_main.js:102 197498F3255C 69 101 0
app_main.js:102 197498F3255C 70 109 0
app_main.js:102 197498F3255C 71 71 0
app_main.js:102 197498F3255C 72 91 0
app_main.js:102 197498F3255C 73 70 1
app_main.js:102 197498F3255C 74 116 2
app_main.js:102 197498F3255C 35 75 2
app_main.js:102 197498F3255C 36 80 0
app_main.js:102 197498F3255C 37 109 0
app_main.js:102 197498F3255C 38 99 0
app_main.js:102 197498F3255C 39 68 0
app_main.js:102 197498F3255C 11 97 0
app_main.js:102 197498F3255C 12 101 0
app_main.js:102 197498F3255C 13 71 0
app_main.js:102 197498F3255C 52 116 0
app_main.js:102 197498F3255C 53 84 0
app_main.js:102 197498F3255C 54 112 0
app_main.js:102 197498F3255C 55 89 0
app_main.js:102 197498F3255C 56 94 0
app_main.js:102 197498F3255C 57 71 0
app_main.js:102 197498F3255C 58 111 1
app_main.js:102 197498F3255C 59 111 0
app_main.js:102 197498F3255C 60 108 0
app_main.js:102 197498F3255C 61 120 0
app_main.js:102 197498F3255C 62 92 0
app_main.js:102 197498F3255C 63 76 3
app_main.js:102 197498F3255C 64 112 0
app_main.js:102 197498F3255C 65 116 0
app_main.js:102 197498F3255C 66 65 2
app_main.js:102 197498F3255C 67 61 2
app_main.js:102 197498F3255C 68 70 0
app_main.js:102 197498F3255C 69 101 0
app_main.js:102 197498F3255C 70 109 0
app_main.js:102 197498F3255C 71 71 0
app_main.js:102 197498F3255C 72 91 0
app_main.js:102 197498F3255C 73 70 1
app_main.js:102 197498F3255C 74 116 2
app_main.js:102 197498F3255C 12 101 0
app_main.js:102 197498F3255C 14 67 3
app_main.js:102 197498F3255C 15 107 0
app_main.js:102 197498F3255C 16 96 1
app_main.js:102 197498F3255C 17 69 0
app_main.js:102 197498F3255C 18 107 2
app_main.js:102 197498F3255C 19 107 1
app_main.js:102 197498F3255C 20 83 0
app_main.js:102 197498F3255C 21 109 0
app_main.js:102 197498F3255C 22 107 0
app_main.js:102 197498F3255C 23 113 1
app_main.js:102 197498F3255C 40 104 1
app_main.js:102 197498F3255C 41 68 0
app_main.js:102 197498F3255C 42 99 0
app_main.js:102 197498F3255C 43 111 1
app_main.js:102 197498F3255C 44 112 0
app_main.js:102 197498F3255C 45 65 0
app_main.js:102 197498F3255C 46 90 1
app_main.js:102 197498F3255C 47 69 0
app_main.js:102 197498F3255C 48 71 0
app_main.js:102 197498F3255C 49 67 3
app_main.js:102 197498F3255C 50 88 0
app_main.js:102 197498F3255C 51 87 0
app_main.js:102 197498F3255C 52 116 0
app_main.js:102 197498F3255C 53 84 0
app_main.js:102 197498F3255C 54 112 0
app_main.js:102 197498F3255C 55 89 0
app_main.js:102 197498F3255C 56 94 0
app_main.js:102 197498F3255C 57 71 0
app_main.js:102 197498F3255C 58 111 1
app_main.js:102 197498F3255C 59 111 0
app_main.js:102 197498F3255C 60 108 0
app_main.js:102 197498F3255C 61 120 0
app_main.js:102 197498F3255C 62 92 0
app_main.js:102 197498F3255C 63 76 3
app_main.js:102 197498F3255C 64 112 0
app_main.js:102 197498F3255C 65 116 0
app_main.js:102 197498F3255C 66 65 2
app_main.js:102 197498F3255C 67 61 2
app_main.js:102 197498F3255C 68 70 0
app_main.js:102 197498F3255C 69 101 0
app_main.js:102 197498F3255C 70 109 0
app_main.js:102 197498F3255C 71 71 0
app_main.js:102 197498F3255C 72 91 0
app_main.js:102 197498F3255C 73 70 1
app_main.js:102 197498F3255C 74 116 2
app_main.js:102 197498F3255C 12 101 0
app_main.js:102 197498F3255C 13 71 0
app_main.js:102 197498F3255C 14 67 3
app_main.js:102 197498F3255C 15 107 0
app_main.js:102 197498F3255C 16 96 1
app_main.js:102 197498F3255C 17 69 0
app_main.js:102 197498F3255C 18 107 2
app_main.js:102 197498F3255C 19 107 1
app_main.js:102 197498F3255C 20 83 0
app_main.js:102 197498F3255C 21 109 0
app_main.js:102 197498F3255C 22 107 0
app_main.js:102 197498F3255C 23 113 1
app_main.js:102 197498F3255C 24 67 3
app_main.js:102 197498F3255C 25 85 2
app_main.js:102 197498F3255C 26 109 1
app_main.js:102 197498F3255C 27 109 0
app_main.js:102 197498F3255C 28 64 0
app_main.js:102 197498F3255C 29 101 0
app_main.js:102 197498F3255C 30 102 0
app_main.js:102 197498F3255C 31 68 0
app_main.js:102 197498F3255C 27 109 0
app_main.js:102 197498F3255C 28 64 0
app_main.js:102 197498F3255C 29 101 0
app_main.js:102 197498F3255C 30 102 0
app_main.js:102 197498F3255C 31 68 0
app_main.js:102 197498F3255C 32 64 0
app_main.js:102 197498F3255C 33 95 3
app_main.js:102 197498F3255C 34 108 0
app_main.js:102 197498F3255C 35 75 2
app_main.js:102 197498F3255C 36 80 0
app_main.js:102 197498F3255C 37 109 0
app_main.js:102 197498F3255C 38 99 0
app_main.js:102 197498F3255C 39 68 0
app_main.js:102 197498F3255C 11 97 0
app_main.js:102 197498F3255C 12 101 0
app_main.js:102 197498F3255C 13 71 0
app_main.js:102 197498F3255C 14 67 3
app_main.js:102 197498F3255C 15 107 0
app_main.js:102 197498F3255C 16 96 1
app_main.js:102 197498F3255C 17 69 0
app_main.js:102 197498F3255C 18 107 2
app_main.js:102 197498F3255C 19 107 1
app_main.js:102 197498F3255C 20 83 0
app_main.js:102 197498F3255C 21 109 0
app_main.js:102 197498F3255C 32 64 0
app_main.js:102 197498F3255C 33 95 3
app_main.js:102 197498F3255C 34 108 0
app_main.js:102 197498F3255C 35 75 2
app_main.js:102 197498F3255C 36 80 0
app_main.js:102 197498F3255C 37 109 0
app_main.js:102 197498F3255C 38 99 0
app_main.js:102 197498F3255C 39 68 0
app_main.js:102 197498F3255C 11 97 0
app_main.js:102 197498F3255C 12 101 0
app_main.js:102 197498F3255C 13 71 0
app_main.js:102 197498F3255C 14 67 3
app_main.js:102 197498F3255C 15 1
app_main.js:102 197498F3255C 52 116 0
app_main.js:102 197498F3255C 53 84 0
app_main.js:102 197498F3255C 54 112 0
app_main.js:102 197498F3255C 55 89 0
app_main.js:102 197498F3255C 56 94 0
app_main.js:102 197498F3255C 57 71 0
app_main.js:102 197498F3255C 58 111 1
app_main.js:102 197498F3255C 59 111 0
app_main.js:102 197498F3255C 60 108 0
app_main.js:102 197498F3255C 61 120 0
app_main.js:102 197498F3255C 62 92 0
app_main.js:102 197498F3255C 63 76 3
app_main.js:102 197498F3255C 64 112 0
app_main.js:102 197498F3255C 65 116 0
app_main.js:102 197498F3255C 66 65 2
app_main.js:102 197498F3255C 67 61 2
app_main.js:102 197498F3255C 68 70 0
app_main.js:102 197498F3255C 69 101 0
app_main.js:102 197498F3255C 70 109 0
app_main.js:102 197498F3255C 71 71 0
app_main.js:102 197498F3255C 72 91 0
app_main.js:102 197498F3255C 73 70 1
app_main.js:102 197498F3255C 74 116 2
app_main.js:102 197498F3255C 12 101 0
app_main.js:102 197498F3255C 13 71 0
app_main.js:102 197498F3255C 14 67 3
app_main.js:102 197498F3255C 15 107 0
app_main.js:102 197498F3255C 16 96 1
app_main.js:102 197498F3255C 17 69 0
app_main.js:102 197498F3255C 18 107 2
app_main.js:102 197498F3255C 19 107 1
app_main.js:102 197498F3255C 20 83 0
app_main.js:102 197498F3255C 21 109 0
app_main.js:102 197498F3255C 22 107 0
app_main.js:102 197498F3255C 23 113 1
app_main.js:102 197498F3255C 24 67 3
app_main.js:102 197498F3255C 25 85 2
app_main.js:102 197498F3255C 26 109 1
app_main.js:102 197498F3255C 27 109 0
app_main.js:102 197498F3255C 28 64 0
app_main.js:102 197498F3255C 29 101 0
app_main.js:102 197498F3255C 30 102 0
app_main.js:102 197498F3255C 31 68 0
app_main.js:102 197498F3255C 27 109 0
app_main.js:102 197498F3255C 28 64 0
app_main.js:102 197498F3255C 29 101 0
app_main.js:102 197498F3255C 30 102 0
app_main.js:102 197498F3255C 31 68 0
app_main.js:102 197498F3255C 32 64 0
app_main.js:102 197498F3255C 33 95 3
app_main.js:102 197498F3255C 34 108 0
app_main.js:102 197498F3255C 35 75 2
app_main.js:102 197498F3255C 36 80 0
app_main.js:102 197498F3255C 37 109 0
app_main.js:102 197498F3255C 38 99 0
app_main.js:102 197498F3255C 39 68 0
app_main.js:102 197498F3255C 11 97 0
app_main.js:102 197498F3255C 12 101 0
app_main.js:102 197498F3255C 13 71 0
app_main.js:102 197498F3255C 14 67 3
app_main.js:102 197498F3255C 15 107 0
app_main.js:102 197498F3255C 16 96 1
app_main.js:102 197498F3255C 17 69 0
app_main.js:102 197498F3255C 18 107 2
app_main.js:102 197498F3255C 19 107 1
app_main.js:102 197498F3255C 20 83 0
app_main.js:102 197498F3255C 21 109 0
app_main.js:102 197498F3255C 32 64 0
app_main.js:102 197498F3255C 33 95 3
app_main.js:102 197498F3255C 34 108 0
app_main.js:102 197498F3255C 35 75 2
app_main.js:102 197498F3255C 36 80 0
app_main.js:102 197498F3255C 37 109 0
app_main.js:102 197498F3255C 38 99 0
app_main.js:102 197498F3255C 39 68 0
app_main.js:102 197498F3255C 11 97 0
app_main.js:102 197498F3255C 12 101 0
app_main.js:102 197498F3255C 13 71 0
app_main.js:102 197498F3255C 14 67 3
app_main.js:102 197498F3255C 15 107 0
app_main.js:102 197498F3255C 16 96 1
app_main.js:102 197498F3255C 17 69 0
app_main.js:102 197498F3255C 18 107 2
app_main.js:102 197498F3255C 19 107 1
app_main.js:102 197498F3255C 20 83 0
app_main.js:102 197498F3255C 21 109 0
app_main.js:102 197498F3255C 22 107 0
app_main.js:102 197498F3255C 23 113 1
app_main.js:102 197498F3255C 40 104 1
app_main.js:102 197498F3255C 41 68 0
app_main.js:102 197498F3255C 42 99 0
app_main.js:102 197498F3255C 43 111 1
app_main.js:102 197498F3255C 44 112 0
app_main.js:102 197498F3255C 45 65 0
app_main.js:102 197498F3255C 46 90 1
app_main.js:102 197498F3255C 47 69 0
app_main.js:102 197498F3255C 48 71 0
app_main.js:102 197498F3255C 49 67 3
app_main.js:102 197498F3255C 50 88 0
app_main.js:102 197498F3255C 51 87 0
app_main.js:102 197498F3255C 52 116 0
app_main.js:102 197498F3255C 53 84 0
app_main.js:102 197498F3255C 54 112 0
app_main.js:102 197498F3255C 55 89 0
app_main.js:102 197498F3255C 56 94 0
app_main.js:102 197498F3255C 57 71 0
app_main.js:102 197498F3255C 58 111 1
app_main.js:102 197498F3255C 59 111 0
app_main.js:102 197498F3255C 60 108 0
app_main.js:102 197498F3255C 61 120 0
app_main.js:102 197498F3255C 62 92 0
app_main.js:102 197498F3255C 63 76 3
app_main.js:102 197498F3255C 2 60 2
app_main.js:102 197498F3255C 3 69 1
app_main.js:102 197498F3255C 4 76 0
app_main.js:102 197498F3255C 5 101 0
app_main.js:102 197498F3255C 6 90 1
app_main.js:102 197498F3255C 7 72 1
app_main.js:102 197498F3255C 8 110 1
app_main.js:102 197498F3255C 9 102 0
app_main.js:102 197498F3255C 10 90 1
app_main.js:102 197498F3255C 11 97 0
app_main.js:102 197498F3255C 22 107 0
app_main.js:102 197498F3255C 23 113 1
app_main.js:102 197498F3255C 24 67 3
app_main.js:102 197498F3255C 25 85 2
app_main.js:102 197498F3255C 26 109 1
app_main.js:102 197498F3255C 27 109 0
app_main.js:102 197498F3255C 28 64 0
app_main.js:102 197498F3255C 29 101 0
app_main.js:102 197498F3255C 30 102 0
app_main.js:102 197498F3255C 31 68 0
app_main.js:102 197498F3255C 27 109 0
app_main.js:102 197498F3255C 28 64 0
app_main.js:102 197498F3255C 29 101 0
app_main.js:102 197498F3255C 30 102 0
app_main.js:102 197498F3255C 64 112 0
app_main.js:102 197498F3255C 65 116 0
app_main.js:102 197498F3255C 66 65 2
app_main.js:102 197498F3255C 67 61 2
app_main.js:102 197498F3255C 68 70 0
app_main.js:102 197498F3255C 69 101 0
app_main.js:102 197498F3255C 70 109 0
app_main.js:102 197498F3255C 71 71 0
app_main.js:102 197498F3255C 72 91 0
app_main.js:102 197498F3255C 73 70 1
app_main.js:102 197498F3255C 74 116 2
app_main.js:102 197498F3255C 2 60 2
app_main.js:102 197498F3255C 3 69 1
app_main.js:102 197498F3255C 4 76 0
app_main.js:102 197498F3255C 5 101 0
app_main.js:102 197498F3255C 6 90 1
app_main.js:102 197498F3255C 7 72 1
app_main.js:102 197498F3255C 8 110 1
app_main.js:102 197498F3255C 9 102 0
app_main.js:102 197498F3255C 10 90 1
app_main.js:102 197498F3255C 11 97 0
app_main.js:102 197498F3255C 22 107 0
app_main.js:102 197498F3255C 23 113 1
app_main.js:102 197498F3255C 24 67 3
app_main.js:102 197498F3255C 25 85 2
app_main.js:102 197498F3255C 26 109 1
app_main.js:102 197498F3255C 27 109 0
app_main.js:102 197498F3255C 28 64 0
app_main.js:102 197498F3255C 29 101 0
app_main.js:102 197498F3255C 30 102 0
app_main.js:102 197498F3255C 31 68 0
app_main.js:102 197498F3255C 27 109 0
app_main.js:102 197498F3255C 28 64 0
app_main.js:102 197498F3255C 29 101 0
app_main.js:102 197498F3255C 30 102 0
app_main.js:102 197498F3255C 31 68 0
app_main.js:102 197498F3255C 32 64 0
app_main.js:102 197498F3255C 33 95 3
app_main.js:102 197498F3255C 34 108 0
app_main.js:102 197498F3255C 35 75 2
app_main.js:102 197498F3255C 36 80 0
app_main.js:102 197498F3255C 37 109 0
app_main.js:102 197498F3255C 38 99 0
app_main.js:102 197498F3255C 39 68 0
app_main.js:102 197498F3255C 11 97 0
app_main.js:102 197498F3255C 12 101 0
app_main.js:102 197498F3255C 13 71 0
app_main.js:102 197498F3255C 14 67 3
app_main.js:102 197498F3255C 15 107 0
app_main.js:102 197498F3255C 16 96 1
app_main.js:102 197498F3255C 17 69 0
app_main.js:102 197498F3255C 18 107 2
app_main.js:102 197498F3255C 19 107 1
app_main.js:102 197498F3255C 20 83 0
app_main.js:102 197498F3255C 21 109 0
app_main.js:102 197498F3255C 32 64 0
app_main.js:102 197498F3255C 33 95 3
app_main.js:102 197498F3255C 34 108 0
app_main.js:102 197498F3255C 35 75 2
app_main.js:102 197498F3255C 36 80 0
app_main.js:102 197498F3255C 37 109 0
app_main.js:102 197498F3255C 38 99 0
app_main.js:102 197498F3255C 39 68 0
app_main.js:102 197498F3255C 11 97 0
app_main.js:102 197498F3255C 12 101 0
app_main.js:102 197498F3255C 13 71 0
app_main.js:102 197498F3255C 52 116 0
app_main.js:102 197498F3255C 53 84 0
app_main.js:102 197498F3255C 54 112 0
app_main.js:102 197498F3255C 55 89 0
app_main.js:102 197498F3255C 56 94 0
app_main.js:102 197498F3255C 57 71 0
app_main.js:102 197498F3255C 58 111 1
app_main.js:102 197498F3255C 59 111 0
app_main.js:102 197498F3255C 60 108 0
app_main.js:102 197498F3255C 61 120 0
app_main.js:102 197498F3255C 62 92 0
app_main.js:102 197498F3255C 63 76 3
app_main.js:102 197498F3255C 64 112 0
app_main.js:102 197498F3255C 65 116 0
app_main.js:102 197498F3255C 66 65 2
app_main.js:102 197498F3255C 67 61 2
app_main.js:102 197498F3255C 68 70 0
app_main.js:102 197498F3255C 69 101 0
app_main.js:102 197498F3255C 70 109 0
app_main.js:102 197498F3255C 71 71 0
app_main.js:102 197498F3255C 72 91 0
app_main.js:102 197498F3255C 73 70 1
app_main.js:102 197498F3255C 74 116 2
app_main.js:102 197498F3255C 12 101 0
app_main.js:102 197498F3255C 14 67 3
app_main.js:102 197498F3255C 15 107 0
app_main.js:102 197498F3255C 16 96 1
app_main.js:102 197498F3255C 17 69 0
app_main.js:102 197498F3255C 18 107 2
app_main.js:102 197498F3255C 19 107 1
app_main.js:102 197498F3255C 20 83 0
app_main.js:102 197498F3255C 21 109 0
app_main.js:102 197498F3255C 22 107 0
app_main.js:102 197498F3255C 23 113 1
app_main.js:102 197498F3255C 40 104 1
app_main.js:102 197498F3255C 41 68 0
app_main.js:102 197498F3255C 42 99 0
app_main.js:102 197498F3255C 43 111 1
app_main.js:102 197498F3255C 44 112 0
app_main.js:102 197498F3255C 45 65 0
app_main.js:102 197498F3255C 46 90 1
app_main.js:102 197498F3255C 47 69 0
app_main.js:102 197498F3255C 48 71 0
app_main.js:102 197498F3255C 49 67 3
app_main.js:102 197498F3255C 50 88 0
app_main.js:102 197498F3255C 51 87 0
app_main.js:102 197498F3255C 52 116 0
app_main.js:102 197498F3255C 53 84 0
app_main.js:102 197498F3255C 54 112 0
app_main.js:102 197498F3255C 55 89 0
app_main.js:102 197498F3255C 56 94 0
app_main.js:102 197498F3255C 57 71 0
app_main.js:102 197498F3255C 58 111 1
app_main.js:102 197498F3255C 59 111 0
app_main.js:102 197498F3255C 60 108 0
app_main.js:102 197498F3255C 61 120 0
app_main.js:102 197498F3255C 62 92 0
app_main.js:102 197498F3255C 63 76 3
app_main.js:102 197498F3255C 64 112 0
app_main.js:102 197498F3255C 65 116 0
app_main.js:102 197498F3255C 66 65 2
app_main.js:102 197498F3255C 67 61 2
app_main.js:102 197498F3255C 68 70 0
app_main.js:102 197498F3255C 69 101 0
app_main.js:102 197498F3255C 70 109 0
app_main.js:102 197498F3255C 71 71 0
app_main.js:102 197498F3255C 72 91 0
app_main.js:102 197498F3255C 73 70 1
app_main.js:102 197498F3255C 74 116 2
app_main.js:102 197498F3255C 12 101 0
app_main.js:102 197498F3255C 13 71 0
app_main.js:102 197498F3255C 14 67 3
app_main.js:102 197498F3255C 15 107 0
app_main.js:102 197498F3255C 16 96 1
app_main.js:102 197498F3255C 17 69 0
app_main.js:102 197498F3255C 18 107 2
app_main.js:102 197498F3255C 19 107 1
app_main.js:102 197498F3255C 20 83 0
app_main.js:102 197498F3255C 21 109 0
app_main.js:102 197498F3255C 22 107 0
app_main.js:102 197498F3255C 23 113 1
app_main.js:102 197498F3255C 24 67 3
app_main.js:102 197498F3255C 25 85 2
app_main.js:102 197498F3255C 26 109 1
app_main.js:102 197498F3255C 27 109 0
app_main.js:102 197498F3255C 28 64 0
app_main.js:102 197498F3255C 29 101 0
app_main.js:102 197498F3255C 30 102 0
app_main.js:102 197498F3255C 31 68 0
app_main.js:102 197498F3255C 27 109 0
app_main.js:102 197498F3255C 28 64 0
app_main.js:102 197498F3255C 29 101 0
app_main.js:102 197498F3255C 30 102 0
app_main.js:102 197498F3255C 31 68 0
app_main.js:102 197498F3255C 32 64 0
app_main.js:102 197498F3255C 33 95 3
app_main.js:102 197498F3255C 34 108 0
app_main.js:102 197498F3255C 35 75 2
app_main.js:102 197498F3255C 36 80 0
app_main.js:102 197498F3255C 37 109 0
app_main.js:102 197498F3255C 38 99 0
app_main.js:102 197498F3255C 39 68 0
app_main.js:102 197498F3255C 11 97 0
app_main.js:102 197498F3255C 12 101 0
app_main.js:102 197498F3255C 13 71 0
app_main.js:102 197498F3255C 14 67 3
app_main.js:102 197498F3255C 15 107 0
app_main.js:102 197498F3255C 16 96 1
app_main.js:102 197498F3255C 17 69 0
app_main.js:102 197498F3255C 18 107 2
app_main.js:102 197498F3255C 19 107 1
app_main.js:102 197498F3255C 20 83 0
app_main.js:102 197498F3255C 21 109 0
app_main.js:102 197498F3255C 32 64 0
app_main.js:102 197498F3255C 33 95 3
app_main.js:102 197498F3255C 34 108 0
app_main.js:102 197498F3255C 35 75 2
app_main.js:102 197498F3255C 36 80 0
app_main.js:102 197498F3255C 37 109 0
app_main.js:102 197498F3255C 38 99 0
app_main.js:102 197498F3255C 39 68 0
app_main.js:102 197498F3255C 11 97 0
app_main.js:102 197498F3255C 12 101 0
app_main.js:102 197498F3255C 13 71 0
app_main.js:102 197498F3255C 14 67 3
app_main.js:102 197498F3255C 15 107 0
app_main.js:102 197498F3255C 16 96 1
app_main.js:102 197498F3255C 17 69 0
app_main.js:102 197498F3255C 18 107 2
app_main.js:102 197498F3255C 19 107 1
app_main.js:102 197498F3255C 20 83 0
app_main.js:102 197498F3255C 21 109 0
app_main.js:102 197498F3255C 22 107 0
app_main.js:102 197498F3255C 23 113 1
app_main.js:102 197498F3255C 40 104 1
app_main.js:102 197498F3255C 41 68 0
app_main.js:102 197498F3255C 42 99 0
app_main.js:102 197498F3255C 43 111 1
app_main.js:102 197498F3255C 44 112 0
app_main.js:102 197498F3255C 45 65 0
app_main.js:102 197498F3255C 46 90 1
app_main.js:102 197498F3255C 47 69 0
app_main.js:102 197498F3255C 48 71 0
app_main.js:102 197498F3255C 49 67 3
app_main.js:102 197498F3255C 50 88 0
app_main.js:102 197498F3255C 51 87 0
app_main.js:102 197498F3255C 52 116 0
app_main.js:102 197498F3255C 53 84 0
app_main.js:102 197498F3255C 54 112 0
app_main.js:102 197498F3255C 55 89 0
app_main.js:102 197498F3255C 56 94 0
app_main.js:102 197498F3255C 57 71 0
app_main.js:102 197498F3255C 58 111 1
app_main.js:102 197498F3255C 59 111 0
app_main.js:102 197498F3255C 60 108 0
app_main.js:102 197498F3255C 61 120 0
app_main.js:102 197498F3255C 62 92 0
app_main.js:102 197498F3255C 63 76 3
app_main.js:102 197498F3255C 2 60 2
app_main.js:102 197498F3255C 3 69 1
app_main.js:102 197498F3255C 4 76 0
app_main.js:102 197498F3255C 5 101 0
app_main.js:102 197498F3255C 6 90 1
app_main.js:102 197498F3255C 7 72 1
app_main.js:102 197498F3255C 8 110 1
app_main.js:102 197498F3255C 9 102 0
app_main.js:102 197498F3255C 10 90 1
app_main.js:102 197498F3255C 11 97 0
app_main.js:102 197498F3255C 22 107 0
app_main.js:102 197498F3255C 23 113 1
app_main.js:102 197498F3255C 24 67 3
app_main.js:102 197498F3255C 25 85 2
app_main.js:102 197498F3255C 26 109 1
app_main.js:102 197498F3255C 27 109 0
app_main.js:102 197498F3255C 28 64 0
app_main.js:102 197498F3255C 29 101 0
app_main.js:102 197498F3255C 30 102 0
app_main.js:102 197498F3255C 31 68 0
app_main.js:102 197498F3255C 27 109 0
app_main.js:102 197498F3255C 28 64 0
app_main.js:102 197498F3255C 29 101 0
app_main.js:102 197498F3255C 30 102 0
app_main.js:102 197498F3255C 64 112 0
app_main.js:102 197498F3255C 65 116 0
app_main.js:102 197498F3255C 66 65 2
app_main.js:102 197498F3255C 67 61 2
app_main.js:102 197498F3255C 68 70 0
app_main.js:102 197498F3255C 69 101 0
app_main.js:102 197498F3255C 70 109 0
app_main.js:102 197498F3255C 71 71 0
app_main.js:102 197498F3255C 72 91 0
app_main.js:102 197498F3255C 73 70 1
app_main.js:102 197498F3255C 74 116 2
app_main.js:102 197498F3255C 35 75 2
app_main.js:102 197498F3255C 36 80 0
app_main.js:102 197498F3255C 37 109 0
app_main.js:102 197498F3255C 38 99 0
app_main.js:102 197498F3255C 39 68 0
app_main.js:102 197498F3255C 11 97 0
app_main.js:102 197498F3255C 12 101 0
app_main.js:102 197498F3255C 13 71 0
app_main.js:102 197498F3255C 52 116 0
app_main.js:102 197498F3255C 53 84 0
app_main.js:102 197498F3255C 54 112 0
app_main.js:102 197498F3255C 55 89 0
app_main.js:102 197498F3255C 56 94 0
app_main.js:102 197498F3255C 57 71 0
app_main.js:102 197498F3255C 58 111 1
app_main.js:102 197498F3255C 59 111 0
app_main.js:102 197498F3255C 60 108 0
app_main.js:102 197498F3255C 61 120 0
app_main.js:102 197498F3255C 62 92 0
app_main.js:102 197498F3255C 63 76 3
app_main.js:102 197498F3255C 64 112 0
app_main.js:102 197498F3255C 65 116 0
app_main.js:102 197498F3255C 66 65 2
app_main.js:102 197498F3255C 67 61 2
app_main.js:102 197498F3255C 68 70 0
app_main.js:102 197498F3255C 69 101 0
app_main.js:102 197498F3255C 70 109 0
app_main.js:102 197498F3255C 71 71 0
app_main.js:102 197498F3255C 72 91 0
app_main.js:102 197498F3255C 73 70 1
app_main.js:102 197498F3255C 74 116 2
app_main.js:102 197498F3255C 12 101 0
app_main.js:102 197498F3255C 14 67 3
app_main.js:102 197498F3255C 15 107 0
app_main.js:102 197498F3255C 16 96 1
app_main.js:102 197498F3255C 17 69 0
app_main.js:102 197498F3255C 18 107 2
app_main.js:102 197498F3255C 19 107 1
app_main.js:102 197498F3255C 20 83 0
app_main.js:102 197498F3255C 21 109 0
app_main.js:102 197498F3255C 22 107 0
app_main.js:102 197498F3255C 23 113 1
app_main.js:102 197498F3255C 40 104 1
app_main.js:102 197498F3255C 41 68 0
app_main.js:102 197498F3255C 42 99 0
app_main.js:102 197498F3255C 43 111 1
app_main.js:102 197498F3255C 44 112 0
app_main.js:102 197498F3255C 45 65 0
app_main.js:102 197498F3255C 46 90 1
app_main.js:102 197498F3255C 47 69 0
app_main.js:102 197498F3255C 48 71 0
app_main.js:102 197498F3255C 49 67 3
app_main.js:102 197498F3255C 50 88 0
app_main.js:102 197498F3255C 51 87 0
app_main.js:102 197498F3255C 52 116 0
app_main.js:102 197498F3255C 53 84 0
app_main.js:102 197498F3255C 54 112 0
app_main.js:102 197498F3255C 55 89 0
app_main.js:102 197498F3255C 56 94 0
app_main.js:102 197498F3255C 57 71 0
app_main.js:102 197498F3255C 58 111 1
app_main.js:102 197498F3255C 59 111 0
app_main.js:102 197498F3255C 60 108 0
app_main.js:102 197498F3255C 61 120 0
app_main.js:102 197498F3255C 62 92 0
app_main.js:102 197498F3255C 63 76 3
app_main.js:102 197498F3255C 64 112 0
app_main.js:102 197498F3255C 65 116 0
app_main.js:102 197498F3255C 66 65 2
app_main.js:102 197498F3255C 67 61 2
app_main.js:102 197498F3255C 68 70 0
app_main.js:102 197498F3255C 69 101 0
app_main.js:102 197498F3255C 70 109 0
app_main.js:102 197498F3255C 71 71 0
app_main.js:102 197498F3255C 72 91 0
app_main.js:102 197498F3255C 73 70 1
app_main.js:102 197498F3255C 74 116 2
app_main.js:102 197498F3255C 12 101 0
app_main.js:102 197498F3255C 13 71 0
app_main.js:102 197498F3255C 14 67 3
app_main.js:102 197498F3255C 15 107 0
app_main.js:102 197498F3255C 16 96 1
app_main.js:102 197498F3255C 17 69 0
app_main.js:102 197498F3255C 18 107 2
app_main.js:102 197498F3255C 19 107 1
app_main.js:102 197498F3255C 20 83 0
app_main.js:102 197498F3255C 21 109 0
app_main.js:102 197498F3255C 22 107 0
app_main.js:102 197498F3255C 23 113 1
app_main.js:102 197498F3255C 24 67 3
app_main.js:102 197498F3255C 25 85 2
app_main.js:102 197498F3255C 26 109 1
app_main.js:102 197498F3255C 27 109 0
app_main.js:102 197498F3255C 28 64 0
app_main.js:102 197498F3255C 29 101 0
app_main.js:102 197498F3255C 30 102 0
app_main.js:102 197498F3255C 31 68 0
app_main.js:102 197498F3255C 27 109 0
app_main.js:102 197498F3255C 28 64 0
app_main.js:102 197498F3255C 29 101 0
app_main.js:102 197498F3255C 30 102 0
app_main.js:102 197498F3255C 31 68 0
app_main.js:102 197498F3255C 32 64 0
app_main.js:102 197498F3255C 33 95 3
app_main.js:102 197498F3255C 34 108 0
app_main.js:102 197498F3255C 35 75 2
app_main.js:102 197498F3255C 36 80 0
app_main.js:102 197498F3255C 37 109 0
app_main.js:102 197498F3255C 38 99 0
app_main.js:102 197498F3255C 39 68 0
app_main.js:102 197498F3255C 11 97 0
app_main.js:102 197498F3255C 12 101 0
app_main.js:102 197498F3255C 13 71 0
app_main.js:102 197498F3255C 14 67 3
app_main.js:102 197498F3255C 15 107 0
app_main.js:102 197498F3255C 16 96 1
app_main.js:102 197498F3255C 17 69 0
app_main.js:102 197498F3255C 18 107 2
app_main.js:102 197498F3255C 19 107 1
app_main.js:102 197498F3255C 20 83 0
app_main.js:102 197498F3255C 21 109 0
app_main.js:102 197498F3255C 32 64 0
app_main.js:102 197498F3255C 33 95 3
app_main.js:102 197498F3255C 34 108 0
app_main.js:102 197498F3255C 35 75 2
app_main.js:102 197498F3255C 36 80 0
app_main.js:102 197498F3255C 37 109 0
app_main.js:102 197498F3255C 38 99 0
app_main.js:102 197498F3255C 39 68 0
app_main.js:102 197498F3255C 11 97 0
app_main.js:102 197498F3255C 12 101 0
app_main.js:102 197498F3255C 13 71 0
app_main.js:102 197498F3255C 14 67 3
app_main.js:102 197498F3255C 15 1
app_main.js:102 197498F3255C 33 95 3
app_main.js:102 197498F3255C 34 108 0
app_main.js:102 197498F3255C 35 75 2
app_main.js:102 197498F3255C 36 80 0
app_main.js:102 197498F3255C 37 109 0
app_main.js:102 197498F3255C 38 99 0
app_main.js:102 197498F3255C 39 68 0
app_main.js:102 197498F3255C 11 97 0
app_main.js:102 197498F3255C 12 101 0
app_main.js:102 197498F3255C 13 71 0
app_main.js:102 197498F3255C 14 67 3
app_main.js:102 197498F3255C 15 107 0
app_main.js:102 197498F3255C 16 96 1
app_main.js:102 197498F3255C 17 69 0
app_main.js:102 197498F3255C 18 107 2
app_main.js:102 197498F3255C 19 107 1
app_main.js:102 197498F3255C 20 83 0
app_main.js:102 197498F3255C 21 109 0
app_main.js:102 197498F3255C 32 64 0
app_main.js:102 197498F3255C 33 95 3
app_main.js:102 197498F3255C 34 108 0
app_main.js:102 197498F3255C 35 75 2
app_main.js:102 197498F3255C 36 80 0
app_main.js:102 197498F3255C 37 109 0
app_main.js:102 197498F3255C 38 99 0
app_main.js:102 197498F3255C 39 68 0
app_main.js:102 197498F3255C 11 97 0
app_main.js:102 197498F3255C 12 101 0
app_main.js:102 197498F3255C 13 71 0
app_main.js:102 197498F3255C 52 116 0
app_main.js:102 197498F3255C 53 84 0
app_main.js:102 197498F3255C 54 112 0
app_main.js:102 197498F3255C 55 89 0
app_main.js:102 197498F3255C 56 94 0
app_main.js:102 197498F3255C 57 71 0
app_main.js:102 197498F3255C 58 111 1
app_main.js:102 197498F3255C 59 111 0
app_main.js:102 197498F3255C 60 108 0
app_main.js:102 197498F3255C 61 120 0
app_main.js:102 197498F3255C 62 92 0
app_main.js:102 197498F3255C 63 76 3
app_main.js:102 197498F3255C 64 112 0
app_main.js:102 197498F3255C 65 116 0
app_main.js:102 197498F3255C 66 65 2
app_main.js:102 197498F3255C 67 61 2
app_main.js:102 197498F3255C 68 70 0
app_main.js:102 197498F3255C 69 101 0
app_main.js:102 197498F3255C 70 109 0
app_main.js:102 197498F3255C 71 71 0
app_main.js:102 197498F3255C 72 91 0
app_main.js:102 197498F3255C 73 70 1
app_main.js:102 197498F3255C 74 116 2
app_main.js:102 197498F3255C 12 101 0
app_main.js:102 197498F3255C 14 67 3
app_main.js:102 197498F3255C 15 107 0
app_main.js:102 197498F3255C 16 96 1
app_main.js:102 197498F3255C 17 69 0
app_main.js:102 197498F3255C 18 107 2
app_main.js:102 197498F3255C 19 107 1
app_main.js:102 197498F3255C 20 83 0
app_main.js:102 197498F3255C 21 109 0
app_main.js:102 197498F3255C 22 107 0
app_main.js:102 197498F3255C 23 113 1
app_main.js:102 197498F3255C 40 104 1
app_main.js:102 197498F3255C 41 68 0
app_main.js:102 197498F3255C 42 99 0
app_main.js:102 197498F3255C 43 111 1
app_main.js:102 197498F3255C 44 112 0
app_main.js:102 197498F3255C 45 65 0
app_main.js:102 197498F3255C 46 90 1
app_main.js:102 197498F3255C 47 69 0
app_main.js:102 197498F3255C 48 71 0
app_main.js:102 197498F3255C 49 67 3
app_main.js:102 197498F3255C 50 88 0
app_main.js:102 197498F3255C 51 87 0
app_main.js:102 197498F3255C 52 116 0
app_main.js:102 197498F3255C 53 84 0
app_main.js:102 197498F3255C 54 112 0
app_main.js:102 197498F3255C 55 89 0
app_main.js:102 197498F3255C 56 94 0
app_main.js:102 197498F3255C 57 71 0
app_main.js:102 197498F3255C 58 111 1
app_main.js:102 197498F3255C 59 111 0
app_main.js:102 197498F3255C 60 108 0
app_main.js:102 197498F3255C 61 120 0
app_main.js:102 197498F3255C 62 92 0
app_main.js:102 197498F3255C 63 76 3
app_main.js:102 197498F3255C 64 112 0
app_main.js:102 197498F3255C 65 116 0
app_main.js:102 197498F3255C 66 65 2
app_main.js:102 197498F3255C 67 61 2
app_main.js:102 197498F3255C 68 70 0
app_main.js:102 197498F3255C 69 101 0
app_main.js:102 197498F3255C 70 109 0
app_main.js:102 197498F3255C 71 71 0
app_main.js:102 197498F3255C 72 91 0
app_main.js:102 197498F3255C 73 70 1
app_main.js:102 197498F3255C 74 116 2
app_main.js:102 197498F3255C 12 101 0
app_main.js:102 197498F3255C 13 71 0
app_main.js:102 197498F3255C 14 67 3
app_main.js:102 197498F3255C 15 107 0
app_main.js:102 197498F3255C 16 96 1
app_main.js:102 197498F3255C 17 69 0
app_main.js:102 197498F3255C 18 107 2
app_main.js:102 197498F3255C 19 107 1
app_main.js:102 197498F3255C 20 83 0
app_main.js:102 197498F3255C 21 109 0
app_main.js:102 197498F3255C 22 107 0
app_main.js:102 197498F3255C 23 113 1
app_main.js:102 197498F3255C 24 67 3
app_main.js:102 197498F3255C 25 85 2
app_main.js:102 197498F3255C 26 109 1
app_main.js:102 197498F3255C 27 109 0
app_main.js:102 197498F3255C 28 64 0
app_main.js:102 197498F3255C 29 101 0
app_main.js:102 197498F3255C 30 102 0
app_main.js:102 197498F3255C 31 68 0
app_main.js:102 197498F3255C 27 109 0
app_main.js:102 197498F3255C 28 64 0
app_main.js:102 197498F3255C 29 101 0
app_main.js:102 197498F3255C 30 102 0
app_main.js:102 197498F3255C 31 68 0
app_main.js:102 197498F3255C 32 64 0
app_main.js:102 197498F3255C 33 95 3
app_main.js:102 197498F3255C 34 108 0
app_main.js:102 197498F3255C 35 75 2
app_main.js:102 197498F3255C 36 80 0
app_main.js:102 197498F3255C 37 109 0
app_main.js:102 197498F3255C 38 99 0
app_main.js:102 197498F3255C 39 68 0
app_main.js:102 197498F3255C 11 97 0
app_main.js:102 197498F3255C 12 101 0
app_main.js:102 197498F3255C 13 71 0
app_main.js:102 197498F3255C 14 67 3
app_main.js:102 197498F3255C 15 107 0
app_main.js:102 197498F3255C 16 96 1
app_main.js:102 197498F3255C 17 69 0
app_main.js:102 197498F3255C 18 107 2
app_main.js:102 197498F3255C 19 107 1
app_main.js:102 197498F3255C 20 83 0
app_main.js:102 197498F3255C 21 109 0
app_main.js:102 197498F3255C 32 64 0
app_main.js:102 197498F3255C 33 95 3
app_main.js:102 197498F3255C 34 108 0
app_main.js:102 197498F3255C 35 75 2
app_main.js:102 197498F3255C 36 80 0
app_main.js:102 197498F3255C 37 109 0
app_main.js:102 197498F3255C 38 99 0
app_main.js:102 197498F3255C 39 68 0
app_main.js:102 197498F3255C 11 97 0
app_main.js:102 197498F3255C 12 101 0
app_main.js:102 197498F3255C 13 71 0
app_main.js:102 197498F3255C 14 67 3
app_main.js:102 197498F3255C 15 107 0
app_main.js:102 197498F3255C 16 96 1
app_main.js:102 197498F3255C 17 69 0
app_main.js:102 197498F3255C 18 107 2
app_main.js:102 197498F3255C 19 107 1
app_main.js:102 197498F3255C 20 83 0
app_main.js:102 197498F3255C 21 109 0
app_main.js:102 197498F3255C 22 107 0
app_main.js:102 197498F3255C 23 113 1
app_main.js:102 197498F3255C 40 104 1
app_main.js:102 197498F3255C 41 68 0
app_main.js:102 197498F3255C 42 99 0
app_main.js:102 197498F3255C 43 111 1
app_main.js:102 197498F3255C 44 112 0
app_main.js:102 197498F3255C 45 65 0
app_main.js:102 197498F3255C 46 90 1
app_main.js:102 197498F3255C 47 69 0
app_main.js:102 197498F3255C 48 71 0
app_main.js:102 197498F3255C 49 67 3
app_main.js:102 197498F3255C 50 88 0
app_main.js:102 197498F3255C 51 87 0
app_main.js:102 197498F3255C 52 116 0
app_main.js:102 197498F3255C 53 84 0
app_main.js:102 197498F3255C 54 112 0
app_main.js:102 197498F3255C 55 89 0
app_main.js:102 197498F3255C 56 94 0
app_main.js:102 197498F3255C 57 71 0
app_main.js:102 197498F3255C 58 111 1
app_main.js:102 197498F3255C 59 111 0
app_main.js:102 197498F3255C 60 108 0
app_main.js:102 197498F3255C 61 120 0
app_main.js:102 197498F3255C 62 92 0
app_main.js:102 197498F3255C 63 76 3
app_main.js:102 197498F3255C 2 60 2
app_main.js:102 197498F3255C 3 69 1
app_main.js:102 197498F3255C 4 76 0
app_main.js:102 197498F3255C 5 101 0
app_main.js:102 197498F3255C 6 90 1
app_main.js:102 197498F3255C 7 72 1
app_main.js:102 197498F3255C 8 110 1
app_main.js:102 197498F3255C 9 102 0
app_main.js:102 197498F3255C 10 90 1
app_main.js:102 197498F3255C 11 97 0
app_main.js:102 197498F3255C 22 107 0
app_main.js:102 197498F3255C 23 113 1
app_main.js:102 197498F3255C 24 67 3
app_main.js:102 197498F3255C 25 85 2
app_main.js:102 197498F3255C 26 109 1
app_main.js:102 197498F3255C 27 109 0
app_main.js:102 197498F3255C 28 64 0
app_main.js:102 197498F3255C 29 101 0
app_main.js:102 197498F3255C 30 102 0
app_main.js:102 197498F3255C 31 68 0
app_main.js:102 197498F3255C 27 109 0
app_main.js:102 197498F3255C 28 64 0
app_main.js:102 197498F3255C 29 101 0
app_main.js:102 197498F3255C 30 102 0
app_main.js:102 197498F3255C 64 112 0
app_main.js:102 197498F3255C 65 116 0
app_main.js:102 197498F3255C 66 65 2
app_main.js:102 197498F3255C 67 61 2
app_main.js:102 197498F3255C 68 70 0
app_main.js:102 197498F3255C 69 101 0
app_main.js:102 197498F3255C 70 109 0
app_main.js:102 197498F3255C 71 71 0
app_main.js:102 197498F3255C 72 91 0
app_main.js:102 197498F3255C 73 70 1
app_main.js:102 197498F3255C 74 116 2
app_main.js:102 197498F3255C 35 75 2
app_main.js:102 197498F3255C 36 80 0
app_main.js:102 197498F3255C 37 109 0
app_main.js:102 197498F3255C 38 99 0
app_main.js:102 197498F3255C 39 68 0
app_main.js:102 197498F3255C 11 97 0
app_main.js:102 197498F3255C 12 101 0
app_main.js:102 197498F3255C 13 71 0
app_main.js:102 197498F3255C 52 116 0
app_main.js:102 197498F3255C 53 84 0
app_main.js:102 197498F3255C 54 112 0
app_main.js:102 197498F3255C 55 89 0
app_main.js:102 197498F3255C 56 94 0
app_main.js:102 197498F3255C 57 71 0
app_main.js:102 197498F3255C 58 111 1
app_main.js:102 197498F3255C 59 111 0
app_main.js:102 197498F3255C 60 108 0
app_main.js:102 197498F3255C 61 120 0
app_main.js:102 197498F3255C 62 92 0
app_main.js:102 197498F3255C 63 76 3
app_main.js:102 197498F3255C 64 112 0
app_main.js:102 197498F3255C 65 116 0
app_main.js:102 197498F3255C 66 65 2
app_main.js:102 197498F3255C 67 61 2
app_main.js:102 197498F3255C 68 70 0
app_main.js:102 197498F3255C 69 101 0
app_main.js:102 197498F3255C 70 109 0
app_main.js:102 197498F3255C 71 71 0
app_main.js:102 197498F3255C 72 91 0
app_main.js:102 197498F3255C 73 70 1
app_main.js:102 197498F3255C 74 116 2
app_main.js:102 197498F3255C 12 101 0
app_main.js:102 197498F3255C 14 67 3
app_main.js:102 197498F3255C 15 107 0
app_main.js:102 197498F3255C 16 96 1
app_main.js:102 197498F3255C 17 69 0
app_main.js:102 197498F3255C 18 107 2
app_main.js:102 197498F3255C 19 107 1
app_main.js:102 197498F3255C 20 83 0
app_main.js:102 197498F3255C 21 109 0
app_main.js:102 197498F3255C 22 107 0
app_main.js:102 197498F3255C 23 113 1
app_main.js:102 197498F3255C 40 104 1
app_main.js:102 197498F3255C 41 68 0
app_main.js:102 197498F3255C 42 99 0
app_main.js:102 197498F3255C 43 111 1
app_main.js:102 197498F3255C 44 112 0
app_main.js:102 197498F3255C 45 65 0
app_main.js:102 197498F3255C 46 90 1
app_main.js:102 197498F3255C 47 69 0
app_main.js:102 197498F3255C 48 71 0
app_main.js:102 197498F3255C 49 67 3
app_main.js:102 197498F3255C 50 88 0
app_main.js:102 197498F3255C 51 87 0
app_main.js:102 197498F3255C 52 116 0
app_main.js:102 197498F3255C 53 84 0
app_main.js:102 197498F3255C 54 112 0
app_main.js:102 197498F3255C 55 89 0
app_main.js:102 197498F3255C 56 94 0
app_main.js:102 197498F3255C 57 71 0
app_main.js:102 197498F3255C 58 111 1
app_main.js:102 197498F3255C 59 111 0
app_main.js:102 197498F3255C 60 108 0
app_main.js:102 197498F3255C 61 120 0
app_main.js:102 197498F3255C 62 92 0
app_main.js:102 197498F3255C 63 76 3
app_main.js:102 197498F3255C 64 112 0
app_main.js:102 197498F3255C 65 116 0
app_main.js:102 197498F3255C 66 65 2
app_main.js:102 197498F3255C 67 61 2
app_main.js:102 197498F3255C 68 70 0
app_main.js:102 197498F3255C 69 101 0
app_main.js:102 197498F3255C 70 109 0
app_main.js:102 197498F3255C 71 71 0
app_main.js:102 197498F3255C 72 91 0
app_main.js:102 197498F3255C 73 70 1
app_main.js:102 197498F3255C 74 116 2
app_main.js:102 197498F3255C 12 101 0
app_main.js:102 197498F3255C 13 71 0
app_main.js:102 197498F3255C 14 67 3
app_main.js:102 197498F3255C 15 107 0
app_main.js:102 197498F3255C 16 96 1
app_main.js:102 197498F3255C 17 69 0
app_main.js:102 197498F3255C 18 107 2
app_main.js:102 197498F3255C 19 107 1
app_main.js:102 197498F3255C 20 83 0
app_main.js:102 197498F3255C 21 109 0
app_main.js:102 197498F3255C 22 107 0
app_main.js:102 197498F3255C 23 113 1
app_main.js:102 197498F3255C 24 67 3
app_main.js:102 197498F3255C 25 85 2
app_main.js:102 197498F3255C 26 109 1
app_main.js:102 197498F3255C 27 109 0
app_main.js:102 197498F3255C 28 64 0
app_main.js:102 197498F3255C 29 101 0
app_main.js:102 197498F3255C 30 102 0
app_main.js:102 197498F3255C 31 68 0
app_main.js:102 197498F3255C 27 109 0
app_main.js:102 197498F3255C 28 64 0
app_main.js:102 197498F3255C 29 101 0
app_main.js:102 197498F3255C 30 102 0
app_main.js:102 197498F3255C 31 68 0
app_main.js:102 197498F3255C 32 64 0
app_main.js:102 197498F3255C 33 95 3
app_main.js:102 197498F3255C 34 108 0
app_main.js:102 197498F3255C 35 75 2
app_main.js:102 197498F3255C 36 80 0
app_main.js:102 197498F3255C 37 109 0
app_main.js:102 197498F3255C 38 99 0
app_main.js:102 197498F3255C 39 68 0
app_main.js:102 197498F3255C 11 97 0
app_main.js:102 197498F3255C 12 101 0
app_main.js:102 197498F3255C 13 71 0
app_main.js:102 197498F3255C 14 67 3
app_main.js:102 197498F3255C 15 107 0
app_main.js:102 197498F3255C 16 96 1
app_main.js:102 197498F3255C 17 69 0
app_main.js:102 197498F3255C 18 107 2
app_main.js:102 197498F3255C 19 107 1
app_main.js:102 197498F3255C 20 83 0
app_main.js:102 197498F3255C 21 109 0
app_main.js:102 197498F3255C 32 64 0
app_main.js:102 197498F3255C 33 95 3
app_main.js:102 197498F3255C 34 108 0
app_main.js:102 197498F3255C 35 75 2
app_main.js:102 197498F3255C 36 80 0
app_main.js:102 197498F3255C 37 109 0
app_main.js:102 197498F3255C 38 99 0
app_main.js:102 197498F3255C 39 68 0
app_main.js:102 197498F3255C 11 97 0
app_main.js:102 197498F3255C 12 101 0
app_main.js:102 197498F3255C 13 71 0
app_main.js:102 197498F3255C 14 67 3
app_main.js:102 197498F3255C 15 1
app_main.js:102 197498F3255C 52 116 0
app_main.js:102 197498F3255C 53 84 0
app_main.js:102 197498F3255C 54 112 0
app_main.js:102 197498F3255C 55 89 0
app_main.js:102 197498F3255C 56 94 0
app_main.js:102 197498F3255C 57 71 0
app_main.js:102 197498F3255C 58 111 1
app_main.js:102 197498F3255C 59 111 0
app_main.js:102 197498F3255C 60 108 0
app_main.js:102 197498F3255C 61 120 0
app_main.js:102 197498F3255C 62 92 0
app_main.js:102 197498F3255C 63 76 3
app_main.js:102 197498F3255C 64 112 0
app_main.js:102 197498F3255C 65 116 0
app_main.js:102 197498F3255C 66 65 2
app_main.js:102 197498F3255C 67 61 2
app_main.js:102 197498F3255C 68 70 0
app_main.js:102 197498F3255C 69 101 0
app_main.js:102 197498F3255C 70 109 0
app_main.js:102 197498F3255C 71 71 0
app_main.js:102 197498F3255C 72 91 0
app_main.js:102 197498F3255C 73 70 1
app_main.js:102 197498F3255C 74 116 2
app_main.js:102 197498F3255C 12 101 0
app_main.js:102 197498F3255C 13 71 0
app_main.js:102 197498F3255C 14 67 3
app_main.js:102 197498F3255C 15 107 0
app_main.js:102 197498F3255C 16 96 1
app_main.js:102 197498F3255C 17 69 0
app_main.js:102 197498F3255C 18 107 2
app_main.js:102 197498F3255C 19 107 1
app_main.js:102 197498F3255C 20 83 0
app_main.js:102 197498F3255C 21 109 0
app_main.js:102 197498F3255C 22 107 0
app_main.js:102 197498F3255C 23 113 1
app_main.js:102 197498F3255C 24 67 3
app_main.js:102 197498F3255C 25 85 2
app_main.js:102 197498F3255C 26 109 1
app_main.js:102 197498F3255C 27 109 0
app_main.js:102 197498F3255C 28 64 0
app_main.js:102 197498F3255C 29 101 0
app_main.js:102 197498F3255C 30 102 0
app_main.js:102 197498F3255C 31 68 0
app_main.js:102 197498F3255C 27 109 0
app_main.js:102 197498F3255C 28 64 0
app_main.js:102 197498F3255C 29 101 0
app_main.js:102 197498F3255C 30 102 0
app_main.js:102 197498F3255C 31 68 0
app_main.js:102 197498F3255C 32 64 0
app_main.js:102 197498F3255C 33 95 3
app_main.js:102 197498F3255C 34 108 0
app_main.js:102 197498F3255C 35 75 2
app_main.js:102 197498F3255C 36 80 0
app_main.js:102 197498F3255C 37 109 0
app_main.js:102 197498F3255C 38 99 0
app_main.js:102 197498F3255C 39 68 0
app_main.js:102 197498F3255C 11 97 0
app_main.js:102 197498F3255C 12 101 0
app_main.js:102 197498F3255C 13 71 0
app_main.js:102 197498F3255C 14 67 3
app_main.js:102 197498F3255C 15 107 0
app_main.js:102 197498F3255C 16 96 1
app_main.js:102 197498F3255C 17 69 0
app_main.js:102 197498F3255C 18 107 2
app_main.js:102 197498F3255C 19 107 1
app_main.js:102 197498F3255C 20 83 0
app_main.js:102 197498F3255C 21 109 0
app_main.js:102 197498F3255C 32 64 0
app_main.js:102 197498F3255C 33 95 3
app_main.js:102 197498F3255C 34 108 0
app_main.js:102 197498F3255C 35 75 2
app_main.js:102 197498F3255C 36 80 0
app_main.js:102 197498F3255C 37 109 0
app_main.js:102 197498F3255C 38 99 0
app_main.js:102 197498F3255C 39 68 0
app_main.js:102 197498F3255C 11 97 0
app_main.js:102 197498F3255C 12 101 0
app_main.js:102 197498F3255C 13 71 0
app_main.js:102 197498F3255C 14 67 3
app_main.js:102 197498F3255C 15 107 0
app_main.js:102 197498F3255C 16 96 1
app_main.js:102 197498F3255C 17 69 0
app_main.js:102 197498F3255C 18 107 2
app_main.js:102 197498F3255C 19 107 1
app_main.js:102 197498F3255C 20 83 0
app_main.js:102 197498F3255C 21 109 0
app_main.js:102 197498F3255C 22 107 0
app_main.js:102 197498F3255C 23 113 1
app_main.js:102 197498F3255C 40 104 1
app_main.js:102 197498F3255C 41 68 0
app_main.js:102 197498F3255C 42 99 0
app_main.js:102 197498F3255C 43 111 1
app_main.js:102 197498F3255C 44 112 0
app_main.js:102 197498F3255C 45 65 0
app_main.js:102 197498F3255C 46 90 1
app_main.js:102 197498F3255C 47 69 0
app_main.js:102 197498F3255C 48 71 0
app_main.js:102 197498F3255C 49 67 3
app_main.js:102 197498F3255C 50 88 0
app_main.js:102 197498F3255C 51 87 0
app_main.js:102 197498F3255C 52 116 0
app_main.js:102 197498F3255C 53 84 0
app_main.js:102 197498F3255C 54 112 0
app_main.js:102 197498F3255C 55 89 0
app_main.js:102 197498F3255C 56 94 0
app_main.js:102 197498F3255C 57 71 0
app_main.js:102 197498F3255C 58 111 1
app_main.js:102 197498F3255C 59 111 0
app_main.js:102 197498F3255C 60 108 0
app_main.js:102 197498F3255C 61 120 0
app_main.js:102 197498F3255C 62 92 0
app_main.js:102 197498F3255C 63 76 3
app_main.js:102 197498F3255C 2 60 2
app_main.js:102 197498F3255C 3 69 1
app_main.js:102 197498F3255C 4 76 0
app_main.js:102 197498F3255C 5 101 0
app_main.js:102 197498F3255C 6 90 1
app_main.js:102 197498F3255C 7 72 1
app_main.js:102 197498F3255C 8 110 1
app_main.js:102 197498F3255C 9 102 0
app_main.js:102 197498F3255C 10 90 1
app_main.js:102 197498F3255C 11 97 0
app_main.js:102 197498F3255C 22 107 0
app_main.js:102 197498F3255C 23 113 1
app_main.js:102 197498F3255C 24 67 3
app_main.js:102 197498F3255C 25 85 2
app_main.js:102 197498F3255C 26 109 1
app_main.js:102 197498F3255C 27 109 0
app_main.js:102 197498F3255C 28 64 0
app_main.js:102 197498F3255C 29 101 0
app_main.js:102 197498F3255C 30 102 0
app_main.js:102 197498F3255C 31 68 0
app_main.js:102 197498F3255C 27 109 0
app_main.js:102 197498F3255C 28 64 0
app_main.js:102 197498F3255C 29 101 0
app_main.js:102 197498F3255C 30 102 0
app_main.js:102 197498F3255C 64 112 0
app_main.js:102 197498F3255C 65 116 0
app_main.js:102 197498F3255C 66 65 2
app_main.js:102 197498F3255C 67 61 2
app_main.js:102 197498F3255C 68 70 0
app_main.js:102 197498F3255C 69 101 0
app_main.js:102 197498F3255C 70 109 0
app_main.js:102 197498F3255C 71 71 0
app_main.js:102 197498F3255C 72 91 0
app_main.js:102 197498F3255C 73 70 1
app_main.js:102 197498F3255C 74 116 2
app_main.js:102 197498F3255C 2 60 2
app_main.js:102 197498F3255C 3 69 1
app_main.js:102 197498F3255C 4 76 0
app_main.js:102 197498F3255C 5 101 0
app_main.js:102 197498F3255C 6 90 1
app_main.js:102 197498F3255C 7 72 1
app_main.js:102 197498F3255C 8 110 1
app_main.js:102 197498F3255C 9 102 0
app_main.js:102 197498F3255C 10 90 1
app_main.js:102 197498F3255C 11 97 0
app_main.js:102 197498F3255C 22 107 0
app_main.js:102 197498F3255C 23 113 1
app_main.js:102 197498F3255C 24 67 3
app_main.js:102 197498F3255C 25 85 2
app_main.js:102 197498F3255C 26 109 1
app_main.js:102 197498F3255C 27 109 0
app_main.js:102 197498F3255C 28 64 0
app_main.js:102 197498F3255C 29 101 0
app_main.js:102 197498F3255C 30 102 0
app_main.js:102 197498F3255C 31 68 0
app_main.js:102 197498F3255C 27 109 0
app_main.js:102 197498F3255C 28 64 0
app_main.js:102 197498F3255C 29 101 0
app_main.js:102 197498F3255C 30 102 0
app_main.js:102 197498F3255C 31 68 0
app_main.js:102 197498F3255C 32 64 0
app_main.js:102 197498F3255C 33 95 3
app_main.js:102 197498F3255C 34 108 0
app_main.js:102 197498F3255C 35 75 2
app_main.js:102 197498F3255C 36 80 0
app_main.js:102 197498F3255C 37 109 0
app_main.js:102 197498F3255C 38 99 0
app_main.js:102 197498F3255C 39 68 0
app_main.js:102 197498F3255C 11 97 0
app_main.js:102 197498F3255C 12 101 0
app_main.js:102 197498F3255C 13 71 0
app_main.js:102 197498F3255C 14 67 3
app_main.js:102 197498F3255C 15 107 0
app_main.js:102 197498F3255C 16 96 1
app_main.js:102 197498F3255C 17 69 0
app_main.js:102 197498F3255C 18 107 2
app_main.js:102 197498F3255C 19 107 1
app_main.js:102 197498F3255C 20 83 0
app_main.js:102 197498F3255C 21 109 0
app_main.js:102 197498F3255C 32 64 0
app_main.js:102 197498F3255C 33 95 3
app_main.js:102 197498F3255C 34 108 0
app_main.js:102 197498F3255C 35 75 2
app_main.js:102 197498F3255C 36 80 0
app_main.js:102 197498F3255C 37 109 0
app_main.js:102 197498F3255C 38 99 0
app_main.js:102 197498F3255C 39 68 0
app_main.js:102 197498F3255C 11 97 0
app_main.js:102 197498F3255C 12 101 0
app_main.js:102 197498F3255C 13 71 0
app_main.js:102 197498F3255C 52 116 0
app_main.js:102 197498F3255C 53 84 0
app_main.js:102 197498F3255C 54 112 0
app_main.js:102 197498F3255C 55 89 0
app_main.js:102 197498F3255C 56 94 0
app_main.js:102 197498F3255C 57 71 0
app_main.js:102 197498F3255C 58 111 1
app_main.js:102 197498F3255C 59 111 0
app_main.js:102 197498F3255C 60 108 0
app_main.js:102 197498F3255C 61 120 0
app_main.js:102 197498F3255C 62 92 0
app_main.js:102 197498F3255C 63 76 3
app_main.js:102 197498F3255C 64 112 0
app_main.js:102 197498F3255C 65 116 0
app_main.js:102 197498F3255C 66 65 2
app_main.js:102 197498F3255C 67 61 2
app_main.js:102 197498F3255C 68 70 0
app_main.js:102 197498F3255C 69 101 0
app_main.js:102 197498F3255C 70 109 0
app_main.js:102 197498F3255C 71 71 0
app_main.js:102 197498F3255C 72 91 0
app_main.js:102 197498F3255C 73 70 1
app_main.js:102 197498F3255C 74 116 2
app_main.js:102 197498F3255C 12 101 0
app_main.js:102 197498F3255C 14 67 3
app_main.js:102 197498F3255C 15 107 0
app_main.js:102 197498F3255C 16 96 1
app_main.js:102 197498F3255C 17 69 0
app_main.js:102 197498F3255C 18 107 2
app_main.js:102 197498F3255C 19 107 1
app_main.js:102 197498F3255C 20 83 0
app_main.js:102 197498F3255C 21 109 0
app_main.js:102 197498F3255C 22 107 0
app_main.js:102 197498F3255C 23 113 1
app_main.js:102 197498F3255C 40 104 1
app_main.js:102 197498F3255C 41 68 0
app_main.js:102 197498F3255C 42 99 0
app_main.js:102 197498F3255C 43 111 1
app_main.js:102 197498F3255C 44 112 0
app_main.js:102 197498F3255C 45 65 0
app_main.js:102 197498F3255C 46 90 1
app_main.js:102 197498F3255C 47 69 0
app_main.js:102 197498F3255C 48 71 0
app_main.js:102 197498F3255C 49 67 3
app_main.js:102 197498F3255C 50 88 0
app_main.js:102 197498F3255C 51 87 0
app_main.js:102 197498F3255C 52 116 0
app_main.js:102 197498F3255C 53 84 0
app_main.js:102 197498F3255C 54 112 0
app_main.js:102 197498F3255C 55 89 0
app_main.js:102 197498F3255C 56 94 0
app_main.js:102 197498F3255C 57 71 0
app_main.js:102 197498F3255C 58 111 1
app_main.js:102 197498F3255C 59 111 0
app_main.js:102 197498F3255C 60 108 0
app_main.js:102 197498F3255C 61 120 0
app_main.js:102 197498F3255C 62 92 0
app_main.js:102 197498F3255C 63 76 3
app_main.js:102 197498F3255C 64 112 0
app_main.js:102 197498F3255C 65 116 0
app_main.js:102 197498F3255C 66 65 2
app_main.js:102 197498F3255C 67 61 2
app_main.js:102 197498F3255C 68 70 0
app_main.js:102 197498F3255C 69 101 0
app_main.js:102 197498F3255C 70 109 0
app_main.js:102 197498F3255C 71 71 0
app_main.js:102 197498F3255C 72 91 0
app_main.js:102 197498F3255C 73 70 1
app_main.js:102 197498F3255C 74 116 2
app_main.js:102 197498F3255C 12 101 0
app_main.js:102 197498F3255C 13 71 0
app_main.js:102 197498F3255C 14 67 3
app_main.js:102 197498F3255C 15 107 0
app_main.js:102 197498F3255C 16 96 1
app_main.js:102 197498F3255C 17 69 0
app_main.js:102 197498F3255C 18 107 2
app_main.js:102 197498F3255C 19 107 1
app_main.js:102 197498F3255C 20 83 0
app_main.js:102 197498F3255C 21 109 0
app_main.js:102 197498F3255C 22 107 0
app_main.js:102 197498F3255C 23 113 1
app_main.js:102 197498F3255C 24 67 3
app_main.js:102 197498F3255C 25 85 2
app_main.js:102 197498F3255C 26 109 1
app_main.js:102 197498F3255C 27 109 0
app_main.js:102 197498F3255C 28 64 0
app_main.js:102 197498F3255C 29 101 0
app_main.js:102 197498F3255C 30 102 0
app_main.js:102 197498F3255C 31 68 0
app_main.js:102 197498F3255C 27 109 0
app_main.js:102 197498F3255C 28 64 0
app_main.js:102 197498F3255C 29 101 0
app_main.js:102 197498F3255C 30 102 0
app_main.js:102 197498F3255C 31 68 0
app_main.js:102 197498F3255C 32 64 0
app_main.js:102 197498F3255C 33 95 3
app_main.js:102 197498F3255C 34 108 0
app_main.js:102 197498F3255C 35 75 2
app_main.js:102 197498F3255C 36 80 0
app_main.js:102 197498F3255C 37 109 0
app_main.js:102 197498F3255C 38 99 0
app_main.js:102 197498F3255C 39 68 0
app_main.js:102 197498F3255C 11 97 0
app_main.js:102 197498F3255C 12 101 0
app_main.js:102 197498F3255C 13 71 0
app_main.js:102 197498F3255C 14 67 3
app_main.js:102 197498F3255C 15 107 0
app_main.js:102 197498F3255C 16 96 1
app_main.js:102 197498F3255C 17 69 0
app_main.js:102 197498F3255C 18 107 2
app_main.js:102 197498F3255C 19 107 1
app_main.js:102 197498F3255C 20 83 0
app_main.js:102 197498F3255C 21 109 0
app_main.js:102 197498F3255C 32 64 0
app_main.js:102 197498F3255C 33 95 3
app_main.js:102 197498F3255C 34 108 0
app_main.js:102 197498F3255C 35 75 2
app_main.js:102 197498F3255C 36 80 0
app_main.js:102 197498F3255C 37 109 0
app_main.js:102 197498F3255C 38 99 0
app_main.js:102 197498F3255C 39 68 0
app_main.js:102 197498F3255C 11 97 0
app_main.js:102 197498F3255C 12 101 0
app_main.js:102 197498F3255C 13 71 0
app_main.js:102 197498F3255C 14 67 3
app_main.js:102 197498F3255C 15 107 0
app_main.js:102 197498F3255C 16 96 1
app_main.js:102 197498F3255C 17 69 0
app_main.js:102 197498F3255C 18 107 2
app_main.js:102 197498F3255C 19 107 1
app_main.js:102 197498F3255C 20 83 0
app_main.js:102 197498F3255C 21 109 0
app_main.js:102 197498F3255C 22 107 0
app_main.js:102 197498F3255C 23 113 1
app_main.js:102 197498F3255C 40 104 1
app_main.js:102 197498F3255C 41 68 0
app_main.js:102 197498F3255C 42 99 0
app_main.js:102 197498F3255C 43 111 1
app_main.js:102 197498F3255C 44 112 0
app_main.js:102 197498F3255C 45 65 0
app_main.js:102 197498F3255C 46 90 1
app_main.js:102 197498F3255C 47 69 0
app_main.js:102 197498F3255C 48 71 0
app_main.js:102 197498F3255C 49 67 3
app_main.js:102 197498F3255C 50 88 0
app_main.js:102 197498F3255C 51 87 0
app_main.js:102 197498F3255C 52 116 0
app_main.js:102 197498F3255C 53 84 0
app_main.js:102 197498F3255C 54 112 0
app_main.js:102 197498F3255C 55 89 0
app_main.js:102 197498F3255C 56 94 0
app_main.js:102 197498F3255C 57 71 0
app_main.js:102 197498F3255C 58 111 1
app_main.js:102 197498F3255C 59 111 0
app_main.js:102 197498F3255C 60 108 0
app_main.js:102 197498F3255C 61 120 0
app_main.js:102 197498F3255C 62 92 0
app_main.js:102 197498F3255C 63 76 3
app_main.js:102 197498F3255C 2 60 2
app_main.js:102 197498F3255C 3 69 1
app_main.js:102 197498F3255C 4 76 0
app_main.js:102 197498F3255C 5 101 0
app_main.js:102 197498F3255C 6 90 1
app_main.js:102 197498F3255C 7 72 1
app_main.js:102 197498F3255C 8 110 1
app_main.js:102 197498F3255C 9 102 0
app_main.js:102 197498F3255C 10 90 1
app_main.js:102 197498F3255C 11 97 0
app_main.js:102 197498F3255C 22 107 0
app_main.js:102 197498F3255C 23 113 1
app_main.js:102 197498F3255C 24 67 3
app_main.js:102 197498F3255C 25 85 2
app_main.js:102 197498F3255C 26 109 1
app_main.js:102 197498F3255C 27 109 0
app_main.js:102 197498F3255C 28 64 0
app_main.js:102 197498F3255C 29 101 0
app_main.js:102 197498F3255C 30 102 0
app_main.js:102 197498F3255C 31 68 0
app_main.js:102 197498F3255C 27 109 0
app_main.js:102 197498F3255C 28 64 0
app_main.js:102 197498F3255C 29 101 0
app_main.js:102 197498F3255C 30 102 0
app_main.js:102 197498F3255C 64 112 0
app_main.js:102 197498F3255C 65 116 0
app_main.js:102 197498F3255C 66 65 2
app_main.js:102 197498F3255C 67 61 2
app_main.js:102 197498F3255C 68 70 0
app_main.js:102 197498F3255C 69 101 0
app_main.js:102 197498F3255C 70 109 0
app_main.js:102 197498F3255C 71 71 0
app_main.js:102 197498F3255C 72 91 0
app_main.js:102 197498F3255C 73 70 1
app_main.js:102 197498F3255C 74 116 2
app_main.js:102 197498F3255C 35 75 2
app_main.js:102 197498F3255C 36 80 0
app_main.js:102 197498F3255C 37 109 0
app_main.js:102 197498F3255C 38 99 0
app_main.js:102 197498F3255C 39 68 0
app_main.js:102 197498F3255C 11 97 0
app_main.js:102 197498F3255C 12 101 0
app_main.js:102 197498F3255C 13 71 0
app_main.js:102 197498F3255C 52 116 0
app_main.js:102 197498F3255C 53 84 0
app_main.js:102 197498F3255C 54 112 0
app_main.js:102 197498F3255C 55 89 0
app_main.js:102 197498F3255C 56 94 0
app_main.js:102 197498F3255C 57 71 0
app_main.js:102 197498F3255C 58 111 1
app_main.js:102 197498F3255C 59 111 0
app_main.js:102 197498F3255C 60 108 0
app_main.js:102 197498F3255C 61 120 0
app_main.js:102 197498F3255C 62 92 0
app_main.js:102 197498F3255C 63 76 3
app_main.js:102 197498F3255C 64 112 0
app_main.js:102 197498F3255C 65 116 0
app_main.js:102 197498F3255C 66 65 2
app_main.js:102 197498F3255C 67 61 2
app_main.js:102 197498F3255C 68 70 0
app_main.js:102 197498F3255C 69 101 0
app_main.js:102 197498F3255C 70 109 0
app_main.js:102 197498F3255C 71 71 0
app_main.js:102 197498F3255C 72 91 0
app_main.js:102 197498F3255C 73 70 1
app_main.js:102 197498F3255C 74 116 2
app_main.js:102 197498F3255C 12 101 0
app_main.js:102 197498F3255C 14 67 3
app_main.js:102 197498F3255C 15 107 0
app_main.js:102 197498F3255C 16 96 1
app_main.js:102 197498F3255C 17 69 0
app_main.js:102 197498F3255C 18 107 2
app_main.js:102 197498F3255C 19 107 1
app_main.js:102 197498F3255C 20 83 0
app_main.js:102 197498F3255C 21 109 0
app_main.js:102 197498F3255C 22 107 0
app_main.js:102 197498F3255C 23 113 1
app_main.js:102 197498F3255C 40 104 1
app_main.js:102 197498F3255C 41 68 0
app_main.js:102 197498F3255C 42 99 0
app_main.js:102 197498F3255C 43 111 1
app_main.js:102 197498F3255C 44 112 0
app_main.js:102 197498F3255C 45 65 0
app_main.js:102 197498F3255C 46 90 1
app_main.js:102 197498F3255C 47 69 0
app_main.js:102 197498F3255C 48 71 0
app_main.js:102 197498F3255C 49 67 3
app_main.js:102 197498F3255C 50 88 0
app_main.js:102 197498F3255C 51 87 0
app_main.js:102 197498F3255C 52 116 0
app_main.js:102 197498F3255C 53 84 0
app_main.js:102 197498F3255C 54 112 0
app_main.js:102 197498F3255C 55 89 0
app_main.js:102 197498F3255C 56 94 0
app_main.js:102 197498F3255C 57 71 0
app_main.js:102 197498F3255C 58 111 1
app_main.js:102 197498F3255C 59 111 0
app_main.js:102 197498F3255C 60 108 0
app_main.js:102 197498F3255C 61 120 0
app_main.js:102 197498F3255C 62 92 0
app_main.js:102 197498F3255C 63 76 3
app_main.js:102 197498F3255C 64 112 0
app_main.js:102 197498F3255C 65 116 0
app_main.js:102 197498F3255C 66 65 2
app_main.js:102 197498F3255C 67 61 2
app_main.js:102 197498F3255C 68 70 0
app_main.js:102 197498F3255C 69 101 0
app_main.js:102 197498F3255C 70 109 0
app_main.js:102 197498F3255C 71 71 0
app_main.js:102 197498F3255C 72 91 0
app_main.js:102 197498F3255C 73 70 1
app_main.js:102 197498F3255C 74 116 2
app_main.js:102 197498F3255C 12 101 0
app_main.js:102 197498F3255C 13 71 0
app_main.js:102 197498F3255C 14 67 3
app_main.js:102 197498F3255C 15 107 0
app_main.js:102 197498F3255C 16 96 1
app_main.js:102 197498F3255C 17 69 0
app_main.js:102 197498F3255C 18 107 2
app_main.js:102 197498F3255C 19 107 1
app_main.js:102 197498F3255C 20 83 0
app_main.js:102 197498F3255C 21 109 0
app_main.js:102 197498F3255C 22 107 0
app_main.js:102 197498F3255C 23 113 1
app_main.js:102 197498F3255C 24 67 3
app_main.js:102 197498F3255C 25 85 2
app_main.js:102 197498F3255C 26 109 1
app_main.js:102 197498F3255C 27 109 0
app_main.js:102 197498F3255C 28 64 0
app_main.js:102 197498F3255C 29 101 0
app_main.js:102 197498F3255C 30 102 0
app_main.js:102 197498F3255C 31 68 0
app_main.js:102 197498F3255C 27 109 0
app_main.js:102 197498F3255C 28 64 0
app_main.js:102 197498F3255C 29 101 0
app_main.js:102 197498F3255C 30 102 0
app_main.js:102 197498F3255C 31 68 0
app_main.js:102 197498F3255C 32 64 0
app_main.js:102 197498F3255C 33 95 3
app_main.js:102 197498F3255C 34 108 0
app_main.js:102 197498F3255C 35 75 2
app_main.js:102 197498F3255C 36 80 0
app_main.js:102 197498F3255C 37 109 0
app_main.js:102 197498F3255C 38 99 0
app_main.js:102 197498F3255C 39 68 0