app_main.js:93 New device ping received.  B99718E6B53C
app_main.js:93 New device ping received.  8A5939D4F1B1
app_main.js:93 New device ping received.  8F6EA93B47A6
app_main.js:105 B99718E6B53C 1 84 645
app_main.js:93 New device ping received.  4FD19BB0FD55
app_main.js:93 New device ping received.  5BC9C215AA23
app_main.js:105 8A5939D4F1B1 1 97 1213
app_main.js:93 New device ping received.  EC1B91CF6B87
app_main.js:105 4FD19BB0FD55 1 79 1580
app_main.js:93 New device ping received.  7BD83525AECF
app_main.js:93 New device ping received.  06645A784B32
app_main.js:93 New device ping received.  3A8B0DF9FC42
app_main.js:93 New device ping received.  C4C11147705E
app_main.js:93 New device ping received.  5EC1C7338C99
app_main.js:105 8F6EA93B47A6 1 88 2884
app_main.js:93 New device ping received.  77AD2CAF56C5
app_main.js:105 5BC9C215AA23 1 68 3214
app_main.js:93 New device ping received.  BA51FC3BF407
app_main.js:105 EC1B91CF6B87 1 90 3555
app_main.js:93 New device ping received.  631D645FB1BF
app_main.js:105 7BD83525AECF 1 77 3969
app_main.js:93 New device ping received.  036E1BE97A8B
app_main.js:105 5EC1C7338C99 1 84 4333
app_main.js:93 New device ping received.  30CAF65EED87
app_main.js:105 C4C11147705E 1 105 4972
app_main.js:93 New device ping received.  F9DD0138F8C1
app_main.js:105 06645A784B32 1 114 5398
app_main.js:105 3A8B0DF9FC42 1 99 5591
app_main.js:93 New device ping received.  877B505CC663
app_main.js:105 77AD2CAF56C5 1 82 6006
app_main.js:93 New device ping received.  0C07C1ECC0A1
app_main.js:93 New device ping received.  6CF149F360C4
app_main.js:105 631D645FB1BF 1 71 6630
app_main.js:105 BA51FC3BF407 1 72 6872
app_main.js:93 New device ping received.  2AD954374C8B
app_main.js:93 New device ping received.  038711D9FDB3
app_main.js:105 036E1BE97A8B 1 108 7527
app_main.js:93 New device ping received.  7DBC06361873
app_main.js:105 877B505CC663 1 82 7900
app_main.js:105 0C07C1ECC0A1 1 81 8103
app_main.js:93 New device ping received.  69649EFE0DC3
app_main.js:93 New device ping received.  C2685942B6F8
app_main.js:105 6CF149F360C4 1 117 8752
app_main.js:105 30CAF65EED87 1 118 9027
app_main.js:105 F9DD0138F8C1 1 90 9219
app_main.js:93 New device ping received.  522C30D86B07
app_main.js:93 New device ping received.  D9301120C774
app_main.js:105 2AD954374C8B 1 118 9826
app_main.js:93 New device ping received.  1E3FD978EEF4
app_main.js:93 New device ping received.  7D1708B0636B
app_main.js:105 038711D9FDB3 1 91 10517
app_main.js:93 New device ping received.  A42B705B5D1D
app_main.js:105 7DBC06361873 1 72 11022
app_main.js:93 New device ping received.  B1EA70D9CEAD
app_main.js:105 69649EFE0DC3 1 99 11437
app_main.js:105 C2685942B6F8 1 106 11678
app_main.js:93 New device ping received.  A27AE025F8F7
app_main.js:93 New device ping received.  26E925FC2577
app_main.js:105 D9301120C774 1 72 12368
app_main.js:105 1E3FD978EEF4 1 104 12576
app_main.js:93 New device ping received.  CB3E2412D66E
app_main.js:105 522C30D86B07 1 66 13029
app_main.js:93 New device ping received.  F19B1AD5CEF7
app_main.js:105 7D1708B0636B 1 112 13482
app_main.js:105 A42B705B5D1D 1 71 13673
app_main.js:93 New device ping received.  619EAFB9C588
app_main.js:93 New device ping received.  1ADE50DCA9FB
app_main.js:93 New device ping received.  8CF532752C3E
app_main.js:105 B1EA70D9CEAD 1 80 14627
app_main.js:93 New device ping received.  078473CDB409
app_main.js:105 A27AE025F8F7 1 60 15086
app_main.js:105 26E925FC2577 1 89 15300
app_main.js:93 New device ping received.  1FCD7DE794E0
app_main.js:93 New device ping received.  0543D7B7B79B
app_main.js:105 CB3E2412D66E 1 74 15941
app_main.js:93 New device ping received.  99C2447DEC27
app_main.js:105 F19B1AD5CEF7 1 76 16387
app_main.js:93 New device ping received.  F106CE273D46
app_main.js:105 1ADE50DCA9FB 1 64 16835
app_main.js:93 New device ping received.  FCCF3B10F073
app_main.js:105 078473CDB409 1 113 17274
app_main.js:105 619EAFB9C588 1 92 17580
app_main.js:93 New device ping received.  F774998010EA
app_main.js:93 New device ping received.  1A28935C1D8B
app_main.js:105 8CF532752C3E 1 100 18349
app_main.js:105 1FCD7DE794E0 1 60 18527
app_main.js:93 New device ping received.  C40F2B0D936A
app_main.js:93 New device ping received.  924098E264DC
app_main.js:105 0543D7B7B79B 1 69 19249
app_main.js:105 99C2447DEC27 1 71 19490
app_main.js:105 F106CE273D46 1 68 19732
app_main.js:93 New device ping received.  422EC36ECAF8
app_main.js:93 New device ping received.  9D70887FAA2B
app_main.js:93 New device ping received.  F47B727AA036
app_main.js:105 FCCF3B10F073 1 98 20691
app_main.js:93 New device ping received.  965EE7AB03B5
app_main.js:105 F774998010EA 1 99 21169
app_main.js:105 1A28935C1D8B 1 117 21425
app_main.js:105 924098E264DC 1 112 21654
app_main.js:93 New device ping received.  BC2384DD9CFA
app_main.js:105 C40F2B0D936A 1 90 22134
app_main.js:93 New device ping received.  A3A0DA38F4BD
app_main.js:93 New device ping received.  4AC77072C563
app_main.js:93 New device ping received.  A784981D9E2E
app_main.js:105 422EC36ECAF8 1 60 23080
app_main.js:93 New device ping received.  AFCA8C1C1BB3
app_main.js:105 965EE7AB03B5 1 107 23554
app_main.js:93 New device ping received.  5822E7AE4AD1
app_main.js:105 F47B727AA036 1 83 24116
app_main.js:93 New device ping received.  75519B8A113C
app_main.js:105 9D70887FAA2B 1 109 24654
app_main.js:105 BC2384DD9CFA 1 113 24834
app_main.js:93 New device ping received.  34C6ABE77708
app_main.js:93 New device ping received.  2EA612DE99B1
app_main.js:105 A3A0DA38F4BD 1 87 25577
app_main.js:105 4AC77072C563 1 81 25812
app_main.js:105 A784981D9E2E 1 66 26054
app_main.js:93 New device ping received.  70A680973F1B
app_main.js:93 New device ping received.  F82C0775BA50
app_main.js:93 New device ping received.  AFC2E190502D
app_main.js:105 AFCA8C1C1BB3 1 79 27074
app_main.js:93 New device ping received.  617E8FBE3C57
app_main.js:105 5822E7AE4AD1 1 117 27540
app_main.js:105 75519B8A113C 1 106 27794
app_main.js:93 New device ping received.  94DF3C8ECAED
app_main.js:93 New device ping received.  B5144287E3D6
app_main.js:105 34C6ABE77708 1 110 28481
app_main.js:105 2EA612DE99B1 1 73 28744
app_main.js:93 New device ping received.  315B1D70E660
app_main.js:105 70A680973F1B 1 70 29234
app_main.js:105 AFC2E190502D 1 67 29501
app_main.js:93 New device ping received.  6488440CB6AE
app_main.js:105 F82C0775BA50 1 68 30087
app_main.js:93 New device ping received.  14736F06C8DF
app_main.js:93 New device ping received.  ACA2888C65E1
app_main.js:93 New device ping received.  FDAC29D481C2
app_main.js:105 617E8FBE3C57 1 112 31061
app_main.js:93 New device ping received.  EE7E7993ADE2
app_main.js:105 B5144287E3D6 1 107 31607
app_main.js:105 94DF3C8ECAED 1 84 31910
app_main.js:93 New device ping received.  E8F7C6017A4C
app_main.js:105 315B1D70E660 1 68 32375
app_main.js:93 New device ping received.  944BB5CBA256
app_main.js:93 New device ping received.  F09CF3AFAE56
app_main.js:105 14736F06C8DF 1 75 33110
app_main.js:105 ACA2888C65E1 1 68 33347
app_main.js:105 6488440CB6AE 1 105 33641
app_main.js:93 New device ping received.  2B66A4C8F832
app_main.js:93 New device ping received.  2C9652BDC322
app_main.js:93 New device ping received.  8196A8E08EFB
app_main.js:105 FDAC29D481C2 1 95 34694
app_main.js:93 New device ping received.  668E7504B783
app_main.js:105 EE7E7993ADE2 1 60 35164
app_main.js:93 New device ping received.  45FB6514953B
app_main.js:105 E8F7C6017A4C 1 70 35707
app_main.js:93 New device ping received.  F898AD8048F4
app_main.js:105 F09CF3AFAE56 1 114 36234
app_main.js:105 944BB5CBA256 1 100 36533
app_main.js:93 New device ping received.  1A8802D76BE1
app_main.js:105 2C9652BDC322 1 75 37027
app_main.js:93 New device ping received.  CB9063CD8D42
app_main.js:105 2B66A4C8F832 1 113 37573
app_main.js:93 New device ping received.  6CAC9226975F
app_main.js:93 New device ping received.  C5650FAE30E4
app_main.js:105 8196A8E08EFB 1 82 38427
app_main.js:93 New device ping received.  2E6F8F4B2FEA
app_main.js:105 668E7504B783 1 77 39031
app_main.js:105 45FB6514953B 1 99 39267
app_main.js:93 New device ping received.  55DEAC2D6E2E
app_main.js:93 New device ping received.  913893A33814
app_main.js:105 F898AD8048F4 1 77 40107
app_main.js:105 1A8802D76BE1 1 103 40337
app_main.js:93 New device ping received.  99960973EC0E
app_main.js:105 CB9063CD8D42 1 81 40886
app_main.js:105 6CAC9226975F 1 66 41151
app_main.js:93 New device ping received.  47264772FA58
app_main.js:93 New device ping received.  2DE0A1E3A2A1
app_main.js:93 New device ping received.  554805487583
app_main.js:105 C5650FAE30E4 1 71 42395
app_main.js:93 New device ping received.  40D264368C5C
app_main.js:105 2E6F8F4B2FEA 1 84 42897
app_main.js:93 New device ping received.  85ABB69B10B1
app_main.js:105 55DEAC2D6E2E 1 75 43447
app_main.js:93 New device ping received.  B1702F3D6788
app_main.js:105 913893A33814 1 62 44030
app_main.js:93 New device ping received.  BB7EBC05AFB7
app_main.js:105 554805487583 1 60 44543
app_main.js:93 New device ping received.  377AA613693C
app_main.js:105 2DE0A1E3A2A1 1 111 45105
app_main.js:105 99960973EC0E 1 84 45413
app_main.js:93 New device ping received.  195225B73EF8
app_main.js:105 47264772FA58 1 60 45962
app_main.js:93 New device ping received.  986C0D145308
app_main.js:93 New device ping received.  3D6ADD4F2274
app_main.js:105 40D264368C5C 1 113 46874
app_main.js:93 New device ping received.  C9038D03ED9B
app_main.js:105 85ABB69B10B1 1 74 47433
app_main.js:105 B1702F3D6788 1 88 47697
app_main.js:93 New device ping received.  B7F353F05920
app_main.js:93 New device ping received.  C648A176F258
app_main.js:105 BB7EBC05AFB7 1 80 48584
app_main.js:93 New device ping received.  0F8CFF9E3772
app_main.js:105 3D6ADD4F2274 1 118 49147
app_main.js:93 New device ping received.  9C718FF6B9D7
app_main.js:105 377AA613693C 1 111 49736
app_main.js:105 195225B73EF8 1 111 50038
app_main.js:105 986C0D145308 1 85 50330
app_main.js:93 New device ping received.  B0D9AF09A301
app_main.js:93 New device ping received.  B63980A40C5C
app_main.js:93 New device ping received.  0EC29E2D4062
app_main.js:105 C9038D03ED9B 1 70 51479
app_main.js:93 New device ping received.  96A9A7A78224
app_main.js:105 B7F353F05920 1 60 52063
app_main.js:93 New device ping received.  801C9B02056D
app_main.js:105 C648A176F258 1 72 52620
app_main.js:105 0F8CFF9E3772 1 81 52912
app_main.js:93 New device ping received.  8C1F70F24F08
app_main.js:105 9C718FF6B9D7 1 110 53469
app_main.js:93 New device ping received.  D86C99715E3D
app_main.js:93 New device ping received.  0E91831ECE8F
app_main.js:105 B63980A40C5C 1 69 54400
app_main.js:105 0EC29E2D4062 1 96 54686
app_main.js:93 New device ping received.  816DBB3B4D4B
app_main.js:105 B0D9AF09A301 1 84 55294
app_main.js:93 New device ping received.  53C1ED7AECE1
app_main.js:105 96A9A7A78224 1 68 55867
app_main.js:93 New device ping received.  CC4903C6B438
app_main.js:93 New device ping received.  F6A1D3BF6B28
app_main.js:105 801C9B02056D 1 76 56753
app_main.js:93 New device ping received.  15AA43D44C34
app_main.js:105 8C1F70F24F08 1 99 57299
app_main.js:93 New device ping received.  E0BDDAD9ACEF
app_main.js:105 0E91831ECE8F 1 60 57862
app_main.js:105 D86C99715E3D 1 72 58171
app_main.js:93 New device ping received.  4571E247CDA5
app_main.js:93 New device ping received.  827F4A1D6356
app_main.js:105 CC4903C6B438 1 79 59102
app_main.js:105 816DBB3B4D4B 1 66 59428
app_main.js:105 F6A1D3BF6B28 1 95 59703
app_main.js:105 53C1ED7AECE1 1 67 60016
app_main.js:93 New device ping received.  A622910290A6
app_main.js:93 New device ping received.  C7DB061375E1
app_main.js:93 New device ping received.  213849868070
app_main.js:93 New device ping received.  F4F1E47C9E48
app_main.js:105 15AA43D44C34 1 107 61551
app_main.js:105 E0BDDAD9ACEF 1 99 61826
app_main.js:93 New device ping received.  E7B5642A4499
app_main.js:93 New device ping received.  BE1E984B1995
app_main.js:105 827F4A1D6356 1 63 62740
app_main.js:105 4571E247CDA5 1 69 63073
app_main.js:93 New device ping received.  19270031AED0
app_main.js:93 New device ping received.  1712F11620D2
app_main.js:105 F4F1E47C9E48 1 88 63969
app_main.js:105 C7DB061375E1 1 116 64312
app_main.js:105 213849868070 1 68 64627
app_main.js:93 New device ping received.  E4EAC57D85A5
app_main.js:93 New device ping received.  4DB474131729
app_main.js:105 A622910290A6 1 97 65629
app_main.js:93 New device ping received.  50069385083F
app_main.js:93 New device ping received.  60A791A3A99E
app_main.js:105 BE1E984B1995 1 110 66501
app_main.js:105 E7B5642A4499 1 67 66852
app_main.js:93 New device ping received.  5ED7E5AD31B9
app_main.js:93 New device ping received.  7AA2754AE9E4
app_main.js:105 19270031AED0 1 85 67730
app_main.js:93 New device ping received.  9940B3EABF8B
app_main.js:105 1712F11620D2 1 82 68380
app_main.js:93 New device ping received.  F5066C649B33
app_main.js:105 4DB474131729 1 120 69006
app_main.js:105 E4EAC57D85A5 1 120 69338
app_main.js:93 New device ping received.  AB18B2AA7D47
app_main.js:105 50069385083F 1 73 69986
app_main.js:93 New device ping received.  531E68B9C054
app_main.js:93 New device ping received.  A0FF3861CCB3
app_main.js:105 7AA2754AE9E4 1 100 70859
app_main.js:105 5ED7E5AD31B9 1 101 71199
app_main.js:105 9940B3EABF8B 1 115 71485
app_main.js:93 New device ping received.  638D824AD094
app_main.js:105 60A791A3A99E 1 119 72234
app_main.js:93 New device ping received.  730AAFEF1548
app_main.js:93 New device ping received.  F14901325DC5
app_main.js:93 New device ping received.  E3277B94B656
app_main.js:105 F5066C649B33 1 107 73489
app_main.js:93 New device ping received.  215D1598ABEF
app_main.js:105 AB18B2AA7D47 1 112 74115
app_main.js:93 New device ping received.  C68A492323BC
app_main.js:105 A0FF3861CCB3 1 68 74761
app_main.js:105 531E68B9C054 1 112 75137
app_main.js:93 New device ping received.  15A4241CAAF4
app_main.js:93 New device ping received.  498C38D339D1
app_main.js:105 638D824AD094 1 72 76086
app_main.js:105 730AAFEF1548 1 105 76390
app_main.js:93 New device ping received.  7C52FF005BDE
app_main.js:93 New device ping received.  21D7FB2FD505
app_main.js:105 E3277B94B656 1 100 77405
app_main.js:93 New device ping received.  5D6F351E0123
app_main.js:105 F14901325DC5 1 85 78073
app_main.js:105 215D1598ABEF 1 70 78379
app_main.js:93 New device ping received.  DE5C64F37ACF
app_main.js:93 New device ping received.  D159AFA0B40D
app_main.js:105 C68A492323BC 1 101 79297
app_main.js:93 New device ping received.  F50BA4BAFDB0
app_main.js:105 15A4241CAAF4 1 84 79999
app_main.js:105 498C38D339D1 1 62 80310
app_main.js:93 New device ping received.  F4D62F5337BA
app_main.js:93 New device ping received.  1ACF0D55B676
app_main.js:105 7C52FF005BDE 1 87 81300
app_main.js:93 New device ping received.  8C41F2165498
app_main.js:105 5D6F351E0123 1 81 81968
app_main.js:105 21D7FB2FD505 1 80 82318
app_main.js:93 New device ping received.  B3833EAF2E01
app_main.js:93 New device ping received.  951FF2C8F29F
app_main.js:105 DE5C64F37ACF 1 62 83398
app_main.js:93 New device ping received.  1AFA3DDE1FAE
app_main.js:105 D159AFA0B40D 1 112 84061
app_main.js:93 New device ping received.  0144950AB644
app_main.js:105 1ACF0D55B676 1 98 84672
app_main.js:93 New device ping received.  FEEE51A3A6F7
app_main.js:105 F50BA4BAFDB0 1 71 85428
app_main.js:93 New device ping received.  286C976AB151
app_main.js:105 F4D62F5337BA 1 103 86085
app_main.js:93 New device ping received.  9CA3A20D9D28
app_main.js:105 B3833EAF2E01 1 118 86718
app_main.js:105 951FF2C8F29F 1 68 87050
app_main.js:93 New device ping received.  CEE4D35E7FBC
app_main.js:93 New device ping received.  3F6705C1843A
app_main.js:105 1AFA3DDE1FAE 1 102 88106
app_main.js:93 New device ping received.  04F307FDCD74
app_main.js:105 8C41F2165498 1 119 88848
app_main.js:93 New device ping received.  CF4CA71F9887
app_main.js:105 FEEE51A3A6F7 1 103 89441
app_main.js:105 9CA3A20D9D28 1 87 89746
app_main.js:93 New device ping received.  2D57F4B59E66
app_main.js:105 0144950AB644 1 83 90587
app_main.js:93 New device ping received.  DD052607898B
app_main.js:93 New device ping received.  C04C57F2AF3E
app_main.js:105 286C976AB151 1 91 91622
app_main.js:93 New device ping received.  CDE5796ED450
app_main.js:105 CEE4D35E7FBC 1 84 92304
app_main.js:93 New device ping received.  FCF80678040F
app_main.js:105 3F6705C1843A 1 85 93044
app_main.js:105 04F307FDCD74 1 87 93410
app_main.js:105 CF4CA71F9887 1 120 93740
app_main.js:93 New device ping received.  78081809F447
app_main.js:93 New device ping received.  030CB515C123
app_main.js:93 New device ping received.  B207C3FDF83F
app_main.js:105 2D57F4B59E66 1 118 95115
app_main.js:93 New device ping received.  64CA6F515745
app_main.js:105 DD052607898B 1 116 95789
app_main.js:105 C04C57F2AF3E 1 111 96195
app_main.js:105 CDE5796ED450 1 74 96533
app_main.js:93 New device ping received.  46CC5C748961
app_main.js:93 New device ping received.  4D0A36D94466
app_main.js:105 FCF80678040F 1 85 97591
app_main.js:93 New device ping received.  EFCC43090469
app_main.js:93 New device ping received.  419EFEF05870
app_main.js:105 78081809F447 1 92 98677
app_main.js:93 New device ping received.  D2BD5234464A
app_main.js:105 030CB515C123 1 76 99413
app_main.js:105 B207C3FDF83F 1 120 99724
app_main.js:105 64CA6F515745 1 105 100037
app_main.js:93 New device ping received.  C86D6A7F34CC
app_main.js:93 New device ping received.  37BA5A308715
app_main.js:105 EFCC43090469 1 95 101108
app_main.js:93 New device ping received.  620A29BF99B6
app_main.js:105 4D0A36D94466 1 108 101871
app_main.js:105 419EFEF05870 1 97 102197
app_main.js:105 46CC5C748961 1 99 102576
app_main.js:93 New device ping received.  152F26C85287
app_main.js:93 New device ping received.  88EA7575B550
app_main.js:93 New device ping received.  DFA8694365B7
app_main.js:105 D2BD5234464A 1 103 103934
app_main.js:105 B99718E6B53C 2 85 104301
app_main.js:93 New device ping received.  E0FA6E312818
app_main.js:105 C86D6A7F34CC 1 94 105044
app_main.js:93 New device ping received.  31410AD18379
app_main.js:105 620A29BF99B6 1 67 105754
app_main.js:105 37BA5A308715 1 73 106165
app_main.js:93 New device ping received.  0EE34B9A069B
app_main.js:105 152F26C85287 1 114 106900
app_main.js:93 New device ping received.  3955EFF9275B
app_main.js:105 DFA8694365B7 1 63 107656
app_main.js:105 88EA7575B550 1 110 108038
app_main.js:93 New device ping received.  97D70147C5DE
app_main.js:105 E0FA6E312818 1 82 108712
app_main.js:93 New device ping received.  0C7593CA1787
app_main.js:105 4FD19BB0FD55 2 105 109433
app_main.js:93 New device ping received.  BEB28348B677
app_main.js:105 31410AD18379 1 85 110224
app_main.js:93 New device ping received.  DC829F468329
app_main.js:105 8A5939D4F1B1 2 70 110940
app_main.js:105 3955EFF9275B 1 101 111247
app_main.js:105 0EE34B9A069B 1 88 111694
app_main.js:93 New device ping received.  2F97119A4FCD
app_main.js:105 7BD83525AECF 2 120 112390
app_main.js:105 97D70147C5DE 1 112 112767
app_main.js:105 0C7593CA1787 1 68 113124
app_main.js:105 BEB28348B677 1 81 113483
app_main.js:93 New device ping received.  781EED438566
app_main.js:105 EC1B91CF6B87 2 102 114129
app_main.js:105 DC829F468329 1 88 114526
app_main.js:93 New device ping received.  47BC488F034F
app_main.js:105 8F6EA93B47A6 2 90 115313
app_main.js:105 2F97119A4FCD 1 77 115625
app_main.js:105 036E1BE97A8B 2 76 115977
app_main.js:105 781EED438566 1 83 116297
app_main.js:105 C4C11147705E 2 104 116666
app_main.js:105 5BC9C215AA23 2 80 117096
app_main.js:105 631D645FB1BF 2 93 117396
app_main.js:105 47BC488F034F 1 86 117755
app_main.js:105 77AD2CAF56C5 2 108 118216
app_main.js:105 06645A784B32 2 108 118578
app_main.js:105 7DBC06361873 2 79 118888
app_main.js:105 3A8B0DF9FC42 2 101 119276
app_main.js:105 F9DD0138F8C1 2 73 119818
app_main.js:105 BA51FC3BF407 2 115 120161
app_main.js:105 2AD954374C8B 2 105 120580
app_main.js:105 5EC1C7338C99 2 65 120933
app_main.js:105 6CF149F360C4 2 75 121257
app_main.js:105 B1EA70D9CEAD 2 67 121575
app_main.js:105 0C07C1ECC0A1 2 116 121929
app_main.js:105 877B505CC663 2 60 122330
app_main.js:105 D9301120C774 2 118 122632
app_main.js:105 7D1708B0636B 2 81 122926
app_main.js:105 30CAF65EED87 2 83 123330
app_main.js:105 038711D9FDB3 2 96 123742
app_main.js:105 C2685942B6F8 2 97 124197
app_main.js:105 078473CDB409 2 73 124572
app_main.js:105 69649EFE0DC3 2 99 124933
app_main.js:105 CB3E2412D66E 2 72 125266
app_main.js:105 522C30D86B07 2 68 125673
app_main.js:105 A42B705B5D1D 2 89 125942
app_main.js:105 1E3FD978EEF4 2 120 126340
app_main.js:105 F774998010EA 2 68 126692
app_main.js:105 1ADE50DCA9FB 2 95 127236
app_main.js:105 26E925FC2577 2 89 127771
app_main.js:105 F19B1AD5CEF7 2 86 128078
app_main.js:105 99C2447DEC27 2 105 128439
app_main.js:105 A27AE025F8F7 2 109 128838
app_main.js:105 8CF532752C3E 2 108 129169
app_main.js:105 619EAFB9C588 2 89 129523
app_main.js:105 BC2384DD9CFA 2 97 129879
app_main.js:105 1FCD7DE794E0 2 111 130225
app_main.js:105 FCCF3B10F073 2 108 130944
app_main.js:105 422EC36ECAF8 2 75 131403
app_main.js:105 0543D7B7B79B 2 79 131747
app_main.js:105 C40F2B0D936A 2 91 132124
app_main.js:105 F106CE273D46 2 69 132580
app_main.js:105 1A28935C1D8B 2 100 132875
app_main.js:105 924098E264DC 2 119 133200
app_main.js:105 34C6ABE77708 2 120 133593
app_main.js:105 965EE7AB03B5 2 98 133947
app_main.js:105 AFCA8C1C1BB3 2 76 134512
app_main.js:105 A784981D9E2E 2 67 134830
app_main.js:105 A3A0DA38F4BD 2 118 135171
app_main.js:105 4AC77072C563 2 67 135536
app_main.js:105 9D70887FAA2B 2 120 136008
app_main.js:105 F47B727AA036 2 102 136296
app_main.js:105 315B1D70E660 2 109 136630
app_main.js:105 617E8FBE3C57 2 68 137029
app_main.js:105 5822E7AE4AD1 2 90 137408
app_main.js:105 AFC2E190502D 2 102 137741
app_main.js:105 F82C0775BA50 2 78 138068
app_main.js:105 2EA612DE99B1 2 102 138442
app_main.js:105 75519B8A113C 2 94 138787
app_main.js:105 70A680973F1B 2 95 139174
app_main.js:105 F09CF3AFAE56 2 64 139502
app_main.js:105 EE7E7993ADE2 2 96 139858
app_main.js:105 14736F06C8DF 2 91 140283
app_main.js:105 94DF3C8ECAED 2 115 140693
app_main.js:105 6488440CB6AE 2 75 140960
app_main.js:105 FDAC29D481C2 2 93 141320
app_main.js:105 ACA2888C65E1 2 76 141794
app_main.js:105 B5144287E3D6 2 77 142189
app_main.js:105 1A8802D76BE1 2 97 142533
app_main.js:105 45FB6514953B 2 100 143071
app_main.js:105 2B66A4C8F832 2 114 143433
app_main.js:105 944BB5CBA256 2 72 143780
app_main.js:105 2C9652BDC322 2 117 144092
app_main.js:105 E8F7C6017A4C 2 119 144440
app_main.js:105 668E7504B783 2 66 144862
app_main.js:105 8196A8E08EFB 2 70 145230
app_main.js:105 47264772FA58 2 110 145665
app_main.js:105 55DEAC2D6E2E 2 74 146021
app_main.js:105 6CAC9226975F 2 99 146368
app_main.js:105 F898AD8048F4 2 62 146691
app_main.js:105 C5650FAE30E4 2 110 147116
app_main.js:105 2E6F8F4B2FEA 2 113 147390
app_main.js:105 913893A33814 2 87 147854
app_main.js:105 CB9063CD8D42 2 60 148292
app_main.js:105 B1702F3D6788 2 107 148531
app_main.js:105 3D6ADD4F2274 2 120 148963
app_main.js:105 554805487583 2 62 149369
app_main.js:105 99960973EC0E 2 115 149678
app_main.js:105 40D264368C5C 2 100 150037
app_main.js:105 85ABB69B10B1 2 80 150432
app_main.js:105 BB7EBC05AFB7 2 81 150840
app_main.js:105 2DE0A1E3A2A1 2 61 151199
app_main.js:105 9C718FF6B9D7 2 68 151519
app_main.js:105 377AA613693C 2 117 151876
app_main.js:105 C648A176F258 2 63 152267
app_main.js:105 195225B73EF8 2 105 152579
app_main.js:105 B7F353F05920 2 61 152906
app_main.js:105 C9038D03ED9B 2 94 153303
app_main.js:105 0F8CFF9E3772 2 65 153724
app_main.js:105 B0D9AF09A301 2 118 154024
app_main.js:105 0E91831ECE8F 2 63 154442
app_main.js:105 986C0D145308 2 81 154847
app_main.js:105 8C1F70F24F08 2 99 155137
app_main.js:105 B63980A40C5C 2 114 155452
app_main.js:105 801C9B02056D 2 79 155814
app_main.js:105 D86C99715E3D 2 103 156200
app_main.js:105 96A9A7A78224 2 63 156596
app_main.js:105 0EC29E2D4062 2 106 156917
app_main.js:105 827F4A1D6356 2 112 157401
app_main.js:105 CC4903C6B438 2 119 157787
app_main.js:105 E0BDDAD9ACEF 2 106 158107
app_main.js:105 816DBB3B4D4B 2 89 158517
app_main.js:105 15AA43D44C34 2 90 158965
app_main.js:105 4571E247CDA5 2 97 159305
app_main.js:105 F6A1D3BF6B28 2 82 159741
app_main.js:105 53C1ED7AECE1 2 86 160158
app_main.js:105 C7DB061375E1 2 78 160489
app_main.js:105 BE1E984B1995 2 113 160850
app_main.js:105 19270031AED0 2 87 161274
app_main.js:105 E7B5642A4499 2 113 161593
app_main.js:105 A622910290A6 2 106 162030
app_main.js:105 1712F11620D2 2 86 162336
app_main.js:105 213849868070 2 103 162661
app_main.js:105 F4F1E47C9E48 2 61 163018
app_main.js:105 E4EAC57D85A5 2 67 163376
app_main.js:105 9940B3EABF8B 2 96 163726
app_main.js:105 5ED7E5AD31B9 2 82 164176
app_main.js:105 7AA2754AE9E4 2 99 164527
app_main.js:105 60A791A3A99E 2 119 164956
app_main.js:105 F5066C649B33 2 70 165323
app_main.js:105 4DB474131729 2 77 165650
app_main.js:105 531E68B9C054 2 87 166006
app_main.js:105 50069385083F 2 107 166416
app_main.js:105 F14901325DC5 2 90 166835
app_main.js:105 730AAFEF1548 2 115 167216
app_main.js:105 638D824AD094 2 107 167552
app_main.js:105 E3277B94B656 2 75 167885
app_main.js:105 498C38D339D1 2 80 168196
app_main.js:105 215D1598ABEF 2 68 168569
app_main.js:105 A0FF3861CCB3 2 61 168948
app_main.js:105 AB18B2AA7D47 2 71 169412
app_main.js:105 DE5C64F37ACF 2 108 169747
app_main.js:105 21D7FB2FD505 2 74 170099
app_main.js:105 1ACF0D55B676 2 95 170379
app_main.js:105 5D6F351E0123 2 86 170777
app_main.js:105 7C52FF005BDE 2 92 171210
app_main.js:105 C68A492323BC 2 110 171455
app_main.js:105 15A4241CAAF4 2 86 171867
app_main.js:105 D159AFA0B40D 2 78 172266
app_main.js:105 FEEE51A3A6F7 2 63 172508
app_main.js:105 1AFA3DDE1FAE 2 96 172971
app_main.js:105 B3833EAF2E01 2 106 173281
app_main.js:105 951FF2C8F29F 2 113 173736
app_main.js:105 8C41F2165498 2 65 174072
app_main.js:105 F50BA4BAFDB0 2 111 174407
app_main.js:105 F4D62F5337BA 2 75 174762
app_main.js:105 0144950AB644 2 86 175082
app_main.js:105 04F307FDCD74 2 72 175447
app_main.js:105 CEE4D35E7FBC 2 96 175803
app_main.js:105 2D57F4B59E66 2 116 176187
app_main.js:105 CF4CA71F9887 2 108 176531
app_main.js:105 3F6705C1843A 2 114 176895
app_main.js:105 286C976AB151 2 87 177241
app_main.js:105 9CA3A20D9D28 2 72 177639
app_main.js:105 C04C57F2AF3E 2 113 177977
app_main.js:105 FCF80678040F 2 86 178306
app_main.js:105 030CB515C123 2 102 178700
app_main.js:105 64CA6F515745 2 70 179065
app_main.js:105 B207C3FDF83F 2 92 179405
app_main.js:105 CDE5796ED450 2 100 179747
app_main.js:105 4D0A36D94466 2 69 180047
app_main.js:105 78081809F447 2 88 180536
app_main.js:105 419EFEF05870 2 89 180798
app_main.js:105 DD052607898B 2 74 181238
app_main.js:105 B99718E6B53C 3 109 181559
app_main.js:105 37BA5A308715 2 119 181895
app_main.js:105 C86D6A7F34CC 2 110 182236
app_main.js:105 152F26C85287 2 106 182552
app_main.js:105 EFCC43090469 2 95 182963
app_main.js:105 88EA7575B550 2 103 183413
app_main.js:105 D2BD5234464A 2 103 183788
app_main.js:105 4FD19BB0FD55 3 72 184107
app_main.js:105 0EE34B9A069B 2 62 184451
app_main.js:105 46CC5C748961 2 114 184859
app_main.js:105 31410AD18379 2 60 185151
app_main.js:105 0C7593CA1787 2 110 185431
app_main.js:105 620A29BF99B6 2 120 185921
app_main.js:105 E0FA6E312818 2 82 186296
app_main.js:105 2F97119A4FCD 2 79 186624
app_main.js:105 3955EFF9275B 2 73 187007
app_main.js:105 DC829F468329 2 105 187314
app_main.js:105 7BD83525AECF 3 66 187750
app_main.js:105 DFA8694365B7 2 71 188087
app_main.js:105 781EED438566 2 82 188419
app_main.js:105 8F6EA93B47A6 3 117 188731
app_main.js:105 8A5939D4F1B1 3 61 189136
app_main.js:105 BEB28348B677 2 61 189463
app_main.js:105 47BC488F034F 2 94 189818
app_main.js:105 06645A784B32 3 93 190199
app_main.js:105 036E1BE97A8B 3 92 190515
app_main.js:105 97D70147C5DE 2 90 190870
app_main.js:105 3A8B0DF9FC42 3 76 191183
app_main.js:105 EC1B91CF6B87 3 106 191527
app_main.js:105 5EC1C7338C99 3 74 191867
app_main.js:105 77AD2CAF56C5 3 99 192278
app_main.js:105 C4C11147705E 3 102 192844
app_main.js:105 877B505CC663 3 119 193163
app_main.js:105 7DBC06361873 3 89 193488
app_main.js:105 5BC9C215AA23 3 109 193829
app_main.js:105 0C07C1ECC0A1 3 114 194214
app_main.js:105 631D645FB1BF 3 88 194532
app_main.js:105 6CF149F360C4 3 70 194876
app_main.js:105 B1EA70D9CEAD 3 82 195193
app_main.js:105 69649EFE0DC3 3 96 195575
app_main.js:105 F9DD0138F8C1 3 85 196023
app_main.js:105 30CAF65EED87 3 60 196406
app_main.js:105 C2685942B6F8 3 74 196635
app_main.js:105 BA51FC3BF407 3 76 197075
app_main.js:105 522C30D86B07 3 66 197409
app_main.js:105 2AD954374C8B 3 62 197785
app_main.js:105 078473CDB409 3 118 198126
app_main.js:105 A27AE025F8F7 3 114 198488
app_main.js:105 D9301120C774 3 91 198819
app_main.js:105 038711D9FDB3 3 116 199144
app_main.js:105 1E3FD978EEF4 3 112 199696
app_main.js:105 7D1708B0636B 3 106 200093
app_main.js:105 F19B1AD5CEF7 3 115 200493
app_main.js:105 26E925FC2577 3 71 200900
app_main.js:105 F774998010EA 3 117 201229
app_main.js:105 0543D7B7B79B 3 72 201644
app_main.js:105 CB3E2412D66E 3 91 202005
app_main.js:105 619EAFB9C588 3 66 202395
app_main.js:105 1ADE50DCA9FB 3 92 202776
app_main.js:105 A42B705B5D1D 3 106 203304
app_main.js:105 F106CE273D46 3 71 203644
app_main.js:105 BC2384DD9CFA 3 64 203998
app_main.js:105 1FCD7DE794E0 3 118 204361
app_main.js:105 9D70887FAA2B 3 65 204750
app_main.js:105 1A28935C1D8B 3 82 205121
app_main.js:105 99C2447DEC27 3 89 205537
app_main.js:105 8CF532752C3E 3 94 205874
app_main.js:105 FCCF3B10F073 3 81 206301
app_main.js:105 F47B727AA036 3 79 206599
app_main.js:105 34C6ABE77708 3 73 206952
app_main.js:105 A3A0DA38F4BD 3 85 207315
app_main.js:105 924098E264DC 3 94 207697
app_main.js:105 2EA612DE99B1 3 91 208042
app_main.js:105 422EC36ECAF8 3 90 208387
app_main.js:105 C40F2B0D936A 3 88 208730
app_main.js:105 965EE7AB03B5 3 90 209072
app_main.js:105 75519B8A113C 3 82 209529
app_main.js:105 315B1D70E660 3 95 209884
app_main.js:105 4AC77072C563 3 80 210411
app_main.js:105 70A680973F1B 3 75 210767
app_main.js:105 6488440CB6AE 3 98 211152
app_main.js:105 AFCA8C1C1BB3 3 75 211636
app_main.js:105 A784981D9E2E 3 109 211972
app_main.js:105 5822E7AE4AD1 3 73 212364
app_main.js:105 B5144287E3D6 3 86 212692
app_main.js:105 F09CF3AFAE56 3 90 213027
app_main.js:105 F82C0775BA50 3 87 213416
app_main.js:105 ACA2888C65E1 3 108 213767
app_main.js:105 2C9652BDC322 3 100 214154
app_main.js:105 617E8FBE3C57 3 60 214505
app_main.js:105 94DF3C8ECAED 3 116 214811
app_main.js:105 E8F7C6017A4C 3 113 215229
app_main.js:105 AFC2E190502D 3 84 215644
app_main.js:105 1A8802D76BE1 3 71 215964
app_main.js:105 FDAC29D481C2 3 101 216421
app_main.js:105 6CAC9226975F 3 92 216788
app_main.js:105 8196A8E08EFB 3 78 217193
app_main.js:105 944BB5CBA256 3 112 217479
app_main.js:105 EE7E7993ADE2 3 105 217893
app_main.js:105 F898AD8048F4 3 95 218404
app_main.js:105 47264772FA58 3 120 218753
app_main.js:105 14736F06C8DF 3 116 219104
app_main.js:105 668E7504B783 3 109 219428
app_main.js:105 554805487583 3 116 219777
app_main.js:105 2E6F8F4B2FEA 3 92 220142
app_main.js:105 CB9063CD8D42 3 82 220483
app_main.js:105 45FB6514953B 3 112 220852
app_main.js:105 3D6ADD4F2274 3 77 221280
app_main.js:105 99960973EC0E 3 107 221677
app_main.js:105 2B66A4C8F832 3 64 222074
app_main.js:105 913893A33814 3 64 222432
app_main.js:105 85ABB69B10B1 3 90 222782
app_main.js:105 377AA613693C 3 112 223139
app_main.js:105 2DE0A1E3A2A1 3 105 223478
app_main.js:105 55DEAC2D6E2E 3 85 223855
app_main.js:105 9C718FF6B9D7 3 118 224186
app_main.js:105 C5650FAE30E4 3 97 224567
app_main.js:105 195225B73EF8 3 108 225043
app_main.js:105 BB7EBC05AFB7 3 113 225380
app_main.js:105 B7F353F05920 3 94 225725
app_main.js:105 B0D9AF09A301 3 75 226096
app_main.js:105 986C0D145308 3 86 226520
app_main.js:105 B1702F3D6788 3 104 226852
app_main.js:105 40D264368C5C 3 68 227169
app_main.js:105 0E91831ECE8F 3 78 227575
app_main.js:105 B63980A40C5C 3 108 227910
app_main.js:105 0F8CFF9E3772 3 92 228234
app_main.js:105 801C9B02056D 3 69 228618
app_main.js:105 C648A176F258 3 81 228928
app_main.js:105 CC4903C6B438 3 80 229359
app_main.js:105 0EC29E2D4062 3 92 229713
app_main.js:105 C9038D03ED9B 3 86 230011
app_main.js:105 827F4A1D6356 3 64 230358
app_main.js:105 D86C99715E3D 3 103 230641
app_main.js:105 C7DB061375E1 3 76 231018
app_main.js:105 8C1F70F24F08 3 88 231384
app_main.js:105 816DBB3B4D4B 3 97 231884
app_main.js:105 53C1ED7AECE1 3 104 232123
app_main.js:105 96A9A7A78224 3 80 232484
app_main.js:105 15AA43D44C34 3 61 232890
app_main.js:105 E4EAC57D85A5 3 111 233149
app_main.js:105 19270031AED0 3 99 233579
app_main.js:105 4571E247CDA5 3 102 234002
app_main.js:105 E0BDDAD9ACEF 3 120 234456
app_main.js:105 F4F1E47C9E48 3 107 234848
app_main.js:105 A622910290A6 3 79 235212
app_main.js:105 F6A1D3BF6B28 3 79 235556
app_main.js:105 E7B5642A4499 3 82 235893
app_main.js:105 9940B3EABF8B 3 88 236220
app_main.js:105 1712F11620D2 3 87 236578
app_main.js:105 531E68B9C054 3 95 236992
app_main.js:105 BE1E984B1995 3 67 237383
app_main.js:105 4DB474131729 3 80 237728
app_main.js:105 60A791A3A99E 3 117 238068
app_main.js:105 7AA2754AE9E4 3 77 238368
app_main.js:105 213849868070 3 106 238837
app_main.js:105 F14901325DC5 3 75 239168
app_main.js:105 F5066C649B33 3 92 239535
app_main.js:105 AB18B2AA7D47 3 116 239910
app_main.js:105 5ED7E5AD31B9 3 76 240273
app_main.js:105 498C38D339D1 3 118 240673
app_main.js:105 E3277B94B656 3 95 240975
app_main.js:105 638D824AD094 3 107 241370
app_main.js:105 DE5C64F37ACF 3 98 241704
app_main.js:105 50069385083F 3 89 242139
app_main.js:105 215D1598ABEF 3 109 242528
app_main.js:105 C68A492323BC 3 65 242873
app_main.js:105 730AAFEF1548 3 105 243239
app_main.js:105 1ACF0D55B676 3 77 243583
app_main.js:105 5D6F351E0123 3 91 243902
app_main.js:105 D159AFA0B40D 3 101 244219
app_main.js:105 A0FF3861CCB3 3 101 244582
app_main.js:105 7C52FF005BDE 3 85 245016
app_main.js:105 21D7FB2FD505 3 67 245289
app_main.js:105 1AFA3DDE1FAE 3 79 245750
app_main.js:105 FEEE51A3A6F7 3 80 246055
app_main.js:105 B3833EAF2E01 3 113 246406
app_main.js:105 F50BA4BAFDB0 3 67 246880
app_main.js:105 15A4241CAAF4 3 67 247113
app_main.js:105 0144950AB644 3 63 247481
app_main.js:105 8C41F2165498 3 67 247869
app_main.js:105 951FF2C8F29F 3 76 248227
app_main.js:105 2D57F4B59E66 3 64 248597
app_main.js:105 CEE4D35E7FBC 3 69 248966
app_main.js:105 F4D62F5337BA 3 104 249264
app_main.js:105 3F6705C1843A 3 92 249634
app_main.js:105 C04C57F2AF3E 3 83 250013
app_main.js:105 04F307FDCD74 3 70 250490
app_main.js:105 CF4CA71F9887 3 100 250763
app_main.js:105 286C976AB151 3 114 251206
app_main.js:105 64CA6F515745 3 115 251477
app_main.js:105 FCF80678040F 3 106 251810
app_main.js:105 9CA3A20D9D28 3 93 252166
app_main.js:105 030CB515C123 3 79 252507
app_main.js:105 78081809F447 3 117 252914
app_main.js:105 B207C3FDF83F 3 64 253245
app_main.js:105 4D0A36D94466 3 96 253680
app_main.js:105 CDE5796ED450 3 104 254064
app_main.js:105 37BA5A308715 3 114 254385
app_main.js:105 419EFEF05870 3 111 254742
app_main.js:105 DD052607898B 3 102 255063
app_main.js:105 B99718E6B53C 4 65 255419
app_main.js:105 C86D6A7F34CC 3 115 255773
app_main.js:105 D2BD5234464A 3 74 256148
app_main.js:105 EFCC43090469 3 93 256476
app_main.js:105 88EA7575B550 3 114 256889
app_main.js:105 152F26C85287 3 87 257203
app_main.js:105 0EE34B9A069B 3 66 257586
app_main.js:105 46CC5C748961 3 93 257933
app_main.js:105 31410AD18379 3 94 258294
app_main.js:105 4FD19BB0FD55 4 109 258702
app_main.js:105 E0FA6E312818 3 108 259055
app_main.js:105 620A29BF99B6 3 67 259467
app_main.js:105 0C7593CA1787 3 91 259803
app_main.js:105 3955EFF9275B 3 110 260143
app_main.js:105 2F97119A4FCD 3 76 260505
app_main.js:105 DFA8694365B7 3 81 260877
app_main.js:105 DC829F468329 3 99 261202
app_main.js:105 7BD83525AECF 4 84 261576
app_main.js:105 BEB28348B677 3 66 261927
app_main.js:105 8F6EA93B47A6 4 99 262234
app_main.js:105 06645A784B32 4 63 262576
app_main.js:105 781EED438566 3 94 262982
app_main.js:105 97D70147C5DE 3 114 263319
app_main.js:105 8A5939D4F1B1 4 63 263747
app_main.js:105 47BC488F034F 3 110 264056
app_main.js:105 036E1BE97A8B 4 91 264412
app_main.js:105 C4C11147705E 4 62 264799
app_main.js:105 77AD2CAF56C5 4 89 265177
app_main.js:105 877B505CC663 4 70 265784
app_main.js:105 3A8B0DF9FC42 4 93 266158
app_main.js:105 7DBC06361873 4 76 266488
app_main.js:105 5EC1C7338C99 4 120 266862
app_main.js:105 5BC9C215AA23 4 84 267288
app_main.js:105 EC1B91CF6B87 4 88 267639
app_main.js:105 F9DD0138F8C1 4 105 268040
app_main.js:105 6CF149F360C4 4 61 268342
app_main.js:105 69649EFE0DC3 4 101 268719
app_main.js:105 0C07C1ECC0A1 4 113 269259
app_main.js:105 B1EA70D9CEAD 4 101 269602
app_main.js:105 30CAF65EED87 4 116 269980
app_main.js:105 631D645FB1BF 4 83 270385
app_main.js:105 BA51FC3BF407 4 113 270748
app_main.js:105 D9301120C774 4 117 271139
app_main.js:105 522C30D86B07 4 94 271457
app_main.js:105 A27AE025F8F7 4 74 271811
app_main.js:105 C2685942B6F8 4 117 272161
app_main.js:105 078473CDB409 4 70 272530
app_main.js:105 2AD954374C8B 4 88 272876
app_main.js:105 1E3FD978EEF4 4 91 273248
app_main.js:105 038711D9FDB3 4 82 273679
app_main.js:105 CB3E2412D66E 4 94 274065
app_main.js:105 F19B1AD5CEF7 4 98 274399
app_main.js:105 0543D7B7B79B 4 61 274941
app_main.js:105 26E925FC2577 4 93 275321
app_main.js:105 F774998010EA 4 101 275670
app_main.js:105 619EAFB9C588 4 88 276023
app_main.js:105 A42B705B5D1D 4 118 276423
app_main.js:105 7D1708B0636B 4 109 276807
app_main.js:105 F106CE273D46 4 88 277118
app_main.js:105 99C2447DEC27 4 106 277546
app_main.js:105 9D70887FAA2B 4 97 277843
app_main.js:105 1FCD7DE794E0 4 61 278346
app_main.js:105 1A28935C1D8B 4 105 278674
app_main.js:105 8CF532752C3E 4 115 279101
app_main.js:105 BC2384DD9CFA 4 82 279517
app_main.js:105 1ADE50DCA9FB 4 90 279846
app_main.js:105 F47B727AA036 4 111 280228
app_main.js:105 422EC36ECAF8 4 64 280594
app_main.js:105 924098E264DC 4 109 280932
app_main.js:105 2EA612DE99B1 4 93 281317
app_main.js:105 A3A0DA38F4BD 4 75 281717
app_main.js:105 C40F2B0D936A 4 66 282058
app_main.js:105 FCCF3B10F073 4 91 282409
app_main.js:105 34C6ABE77708 4 88 282796
app_main.js:105 4AC77072C563 4 82 283149
app_main.js:105 6488440CB6AE 4 107 283522
app_main.js:105 75519B8A113C 4 61 284101
app_main.js:105 AFCA8C1C1BB3 4 60 284478
app_main.js:105 70A680973F1B 4 68 284816
app_main.js:105 A784981D9E2E 4 72 285165
app_main.js:105 965EE7AB03B5 4 81 285496
app_main.js:105 F82C0775BA50 4 119 285854
app_main.js:105 315B1D70E660 4 71 286234
app_main.js:105 B5144287E3D6 4 63 286666
app_main.js:105 2C9652BDC322 4 101 287110
app_main.js:105 617E8FBE3C57 4 99 287484
app_main.js:105 ACA2888C65E1 4 64 288037
app_main.js:105 AFC2E190502D 4 79 288395
app_main.js:105 FDAC29D481C2 4 112 288697
app_main.js:105 5822E7AE4AD1 4 92 289086
app_main.js:105 F09CF3AFAE56 4 107 289445
app_main.js:105 E8F7C6017A4C 4 70 289793
app_main.js:105 6CAC9226975F 4 115 290227
app_main.js:105 EE7E7993ADE2 4 109 290556
app_main.js:105 8196A8E08EFB 4 107 290908
app_main.js:105 668E7504B783 4 64 291242
app_main.js:105 14736F06C8DF 4 80 291620
app_main.js:105 1A8802D76BE1 4 78 291947
app_main.js:105 554805487583 4 71 292285
app_main.js:105 94DF3C8ECAED 4 87 292751
app_main.js:105 F898AD8048F4 4 82 293122
app_main.js:105 45FB6514953B 4 60 293411
app_main.js:105 913893A33814 4 120 293758
app_main.js:105 2E6F8F4B2FEA 4 93 294128
app_main.js:105 2B66A4C8F832 4 69 294490
app_main.js:105 377AA613693C 4 82 294831
app_main.js:105 47264772FA58 4 120 295217
app_main.js:105 99960973EC0E 4 78 295591
app_main.js:105 944BB5CBA256 4 87 295965
app_main.js:105 85ABB69B10B1 4 62 296268
app_main.js:105 BB7EBC05AFB7 4 91 296676
app_main.js:105 55DEAC2D6E2E 4 91 297084
app_main.js:105 C5650FAE30E4 4 79 297409
app_main.js:105 B0D9AF09A301 4 98 297836
app_main.js:105 195225B73EF8 4 94 298192
app_main.js:105 CB9063CD8D42 4 60 298600
app_main.js:105 0F8CFF9E3772 4 91 298944
app_main.js:105 3D6ADD4F2274 4 89 299349
app_main.js:105 B1702F3D6788 4 84 299671
app_main.js:105 B7F353F05920 4 86 300067
app_main.js:105 B63980A40C5C 4 111 300326
app_main.js:105 40D264368C5C 4 107 300741
app_main.js:105 CC4903C6B438 4 105 301060
app_main.js:105 2DE0A1E3A2A1 4 96 301438
app_main.js:105 C648A176F258 4 89 301843
app_main.js:105 9C718FF6B9D7 4 86 302256
app_main.js:105 D86C99715E3D 4 79 302649
app_main.js:105 816DBB3B4D4B 4 92 302997
app_main.js:105 801C9B02056D 4 90 303388
app_main.js:105 C7DB061375E1 4 116 303675
app_main.js:105 986C0D145308 4 60 304035
app_main.js:105 C9038D03ED9B 4 90 304509
app_main.js:105 8C1F70F24F08 4 111 304791
app_main.js:105 4571E247CDA5 4 70 305138
app_main.js:105 15AA43D44C34 4 73 305440
app_main.js:105 A622910290A6 4 90 305844
app_main.js:105 0E91831ECE8F 4 112 306292
app_main.js:105 E4EAC57D85A5 4 84 306608
app_main.js:105 E0BDDAD9ACEF 4 99 307002
app_main.js:105 0EC29E2D4062 4 92 307474
app_main.js:105 96A9A7A78224 4 69 307830
app_main.js:105 1712F11620D2 4 112 308130
app_main.js:105 60A791A3A99E 4 78 308479
app_main.js:105 E7B5642A4499 4 95 308913
app_main.js:105 827F4A1D6356 4 76 309366
app_main.js:105 BE1E984B1995 4 90 309695
app_main.js:105 531E68B9C054 4 61 310070
app_main.js:105 E3277B94B656 4 118 310433
app_main.js:105 F5066C649B33 4 101 310876
app_main.js:105 53C1ED7AECE1 4 112 311288
app_main.js:105 7AA2754AE9E4 4 95 311599
app_main.js:105 F6A1D3BF6B28 4 114 312196
app_main.js:105 19270031AED0 4 85 312496
app_main.js:105 5ED7E5AD31B9 4 76 312896
app_main.js:105 498C38D339D1 4 116 313260
app_main.js:105 215D1598ABEF 4 73 313579
app_main.js:105 5D6F351E0123 4 78 313992
app_main.js:105 F4F1E47C9E48 4 111 314322
app_main.js:105 638D824AD094 4 81 314768
app_main.js:105 213849868070 4 104 315138
app_main.js:105 9940B3EABF8B 4 118 315533
app_main.js:105 730AAFEF1548 4 119 315940
app_main.js:105 1ACF0D55B676 4 80 316295
app_main.js:105 4DB474131729 4 107 316577
app_main.js:105 B3833EAF2E01 4 102 317012
app_main.js:105 D159AFA0B40D 4 93 317371
app_main.js:105 7C52FF005BDE 4 82 317676
app_main.js:105 F14901325DC5 4 73 318008
app_main.js:105 50069385083F 4 90 318384
app_main.js:105 CEE4D35E7FBC 4 90 318647
app_main.js:105 8C41F2165498 4 117 319031
app_main.js:105 FEEE51A3A6F7 4 107 319439
app_main.js:105 21D7FB2FD505 4 97 319861
app_main.js:105 0144950AB644 4 111 320256
app_main.js:105 DE5C64F37ACF 4 98 320573
app_main.js:105 AB18B2AA7D47 4 82 321028
app_main.js:105 A0FF3861CCB3 4 88 321311
app_main.js:105 C04C57F2AF3E 4 69 321583
app_main.js:105 CF4CA71F9887 4 71 321991
app_main.js:105 FCF80678040F 4 110 322388
app_main.js:105 951FF2C8F29F 4 85 322767
app_main.js:105 1AFA3DDE1FAE 4 106 323111
app_main.js:105 2D57F4B59E66 4 111 323513
app_main.js:105 C68A492323BC 4 61 323831
app_main.js:105 15A4241CAAF4 4 80 324169
app_main.js:105 4D0A36D94466 4 110 324451
app_main.js:105 B207C3FDF83F 4 112 324847
app_main.js:105 3F6705C1843A 4 60 325278
app_main.js:105 419EFEF05870 4 82 325661
app_main.js:105 64CA6F515745 4 99 325989
app_main.js:105 04F307FDCD74 4 64 326417
app_main.js:105 F4D62F5337BA 4 88 326748
app_main.js:105 F50BA4BAFDB0 4 111 327133
app_main.js:105 88EA7575B550 4 77 327437
app_main.js:105 78081809F447 4 94 327799
app_main.js:105 C86D6A7F34CC 4 70 328200
app_main.js:105 152F26C85287 4 83 328509
app_main.js:105 37BA5A308715 4 68 328866
app_main.js:105 030CB515C123 4 97 329234
app_main.js:105 9CA3A20D9D28 4 102 329595
app_main.js:105 286C976AB151 4 98 329968
app_main.js:105 0C7593CA1787 4 67 330371
app_main.js:105 31410AD18379 4 95 330754
app_main.js:105 D2BD5234464A 4 85 331166
app_main.js:105 0EE34B9A069B 4 104 331509
app_main.js:105 3955EFF9275B 4 119 331895
app_main.js:105 DD052607898B 4 110 332210
app_main.js:105 B99718E6B53C 5 91 332612
app_main.js:105 781EED438566 4 107 332907
app_main.js:105 DC829F468329 4 82 333315
app_main.js:105 CDE5796ED450 4 87 333739
app_main.js:105 2F97119A4FCD 4 69 334013
app_main.js:105 8F6EA93B47A6 5 80 334393
app_main.js:105 46CC5C748961 4 101 334747
app_main.js:105 E0FA6E312818 4 105 335151
app_main.js:105 4FD19BB0FD55 5 103 335484
app_main.js:105 47BC488F034F 4 104 335787
app_main.js:105 3A8B0DF9FC42 5 81 336233
app_main.js:105 06645A784B32 5 81 336580
app_main.js:105 77AD2CAF56C5 5 68 336943
app_main.js:105 DFA8694365B7 4 103 337346
app_main.js:105 EFCC43090469 4 110 337765
app_main.js:105 BEB28348B677 4 74 338094
app_main.js:105 7BD83525AECF 5 86 338437
app_main.js:105 5EC1C7338C99 5 109 338843
app_main.js:105 0C07C1ECC0A1 5 62 339267
app_main.js:105 877B505CC663 5 116 339626
app_main.js:105 6CF149F360C4 5 76 339986
app_main.js:105 97D70147C5DE 4 66 340320
app_main.js:105 620A29BF99B6 4 89 340695
app_main.js:105 C4C11147705E 5 89 341014
app_main.js:105 036E1BE97A8B 5 88 341390
app_main.js:105 C2685942B6F8 5 76 341783
app_main.js:105 69649EFE0DC3 5 95 342154
app_main.js:105 30CAF65EED87 5 67 342742
app_main.js:105 5BC9C215AA23 5 112 343074
app_main.js:105 8A5939D4F1B1 5 74 343437
app_main.js:105 522C30D86B07 5 103 343850
app_main.js:105 F9DD0138F8C1 5 82 344126
app_main.js:105 7DBC06361873 5 107 344557
app_main.js:105 26E925FC2577 5 88 344904
app_main.js:105 A27AE025F8F7 5 106 345267
app_main.js:105 BA51FC3BF407 5 63 345594
app_main.js:105 1E3FD978EEF4 5 112 345988
app_main.js:105 EC1B91CF6B87 5 97 346325
app_main.js:105 F19B1AD5CEF7 5 71 346677
app_main.js:105 D9301120C774 5 66 347208
app_main.js:105 B1EA70D9CEAD 5 111 347625
app_main.js:105 038711D9FDB3 5 113 347952
app_main.js:105 1FCD7DE794E0 5 73 348350
app_main.js:105 631D645FB1BF 5 82 348624
app_main.js:105 619EAFB9C588 5 110 349016
app_main.js:105 F106CE273D46 5 119 349406
app_main.js:105 CB3E2412D66E 5 76 349738
app_main.js:105 0543D7B7B79B 5 85 350192
app_main.js:105 078473CDB409 5 69 350448
app_main.js:105 924098E264DC 5 63 350741
app_main.js:105 A42B705B5D1D 5 89 351116
app_main.js:105 F47B727AA036 5 64 351450
app_main.js:105 2AD954374C8B 5 73 351833
app_main.js:105 1A28935C1D8B 5 108 352220
app_main.js:105 F774998010EA 5 117 352577
app_main.js:105 99C2447DEC27 5 94 352965
app_main.js:105 9D70887FAA2B 5 94 353331
app_main.js:105 4AC77072C563 5 65 353758
app_main.js:105 75519B8A113C 5 74 354087
app_main.js:105 A3A0DA38F4BD 5 81 354411
app_main.js:105 BC2384DD9CFA 5 74 354799
app_main.js:105 8CF532752C3E 5 94 355279
app_main.js:105 2EA612DE99B1 5 112 355577
app_main.js:105 422EC36ECAF8 5 103 355943
app_main.js:105 7D1708B0636B 5 84 356385
app_main.js:105 F82C0775BA50 5 120 356643
app_main.js:105 B5144287E3D6 5 84 356977
app_main.js:105 70A680973F1B 5 102 357351
app_main.js:105 C40F2B0D936A 5 92 357688
app_main.js:105 6488440CB6AE 5 117 358104
app_main.js:105 34C6ABE77708 5 77 358508
app_main.js:105 AFCA8C1C1BB3 5 118 358844
app_main.js:105 FDAC29D481C2 5 120 359190
app_main.js:105 1ADE50DCA9FB 5 114 359574
app_main.js:105 E8F7C6017A4C 5 105 359854
app_main.js:105 ACA2888C65E1 5 115 360213
app_main.js:105 2C9652BDC322 5 119 360544
app_main.js:105 A784981D9E2E 5 78 360982
app_main.js:105 668E7504B783 5 90 361265
app_main.js:105 315B1D70E660 5 103 361678
app_main.js:105 617E8FBE3C57 5 71 362039
app_main.js:105 F898AD8048F4 5 96 362507
app_main.js:105 FCCF3B10F073 5 63 362928
app_main.js:105 8196A8E08EFB 5 62 363314
app_main.js:105 6CAC9226975F 5 92 363712
app_main.js:105 AFC2E190502D 5 104 364060
app_main.js:105 913893A33814 5 95 364396
app_main.js:105 F09CF3AFAE56 5 66 364867
app_main.js:105 99960973EC0E 5 113 365202
app_main.js:105 EE7E7993ADE2 5 83 365604
app_main.js:105 965EE7AB03B5 5 117 366021
app_main.js:105 2E6F8F4B2FEA 5 92 366377
app_main.js:105 554805487583 5 62 366726
app_main.js:105 14736F06C8DF 5 87 367161
app_main.js:105 BB7EBC05AFB7 5 102 367521
app_main.js:105 1A8802D76BE1 5 103 367907
app_main.js:105 195225B73EF8 5 78 368235
app_main.js:105 377AA613693C 5 67 368585
app_main.js:105 5822E7AE4AD1 5 108 369037
app_main.js:105 45FB6514953B 5 76 369424
app_main.js:105 47264772FA58 5 101 369704
app_main.js:105 2B66A4C8F832 5 114 370088
app_main.js:105 85ABB69B10B1 5 86 370514
app_main.js:105 0F8CFF9E3772 5 120 370810
app_main.js:105 B63980A40C5C 5 117 371142
app_main.js:105 B0D9AF09A301 5 97 371485
app_main.js:105 3D6ADD4F2274 5 82 371824
app_main.js:105 55DEAC2D6E2E 5 83 372184
app_main.js:105 B7F353F05920 5 82 372548
app_main.js:105 D86C99715E3D 5 120 372947
app_main.js:105 C5650FAE30E4 5 107 373312
app_main.js:105 94DF3C8ECAED 5 106 373702
app_main.js:105 CC4903C6B438 5 116 373956
app_main.js:105 816DBB3B4D4B 5 84 374475
app_main.js:105 B1702F3D6788 5 115 374752
app_main.js:105 801C9B02056D 5 110 375091
app_main.js:105 4571E247CDA5 5 110 375458
app_main.js:105 9C718FF6B9D7 5 67 375854
app_main.js:105 40D264368C5C 5 62 376231
app_main.js:105 944BB5CBA256 5 107 376588
app_main.js:105 C648A176F258 5 103 376891
app_main.js:105 C7DB061375E1 5 102 377371
app_main.js:105 A622910290A6 5 75 377720
app_main.js:105 1712F11620D2 5 71 378072
app_main.js:105 15AA43D44C34 5 112 378502
app_main.js:105 0E91831ECE8F 5 86 378853
app_main.js:105 CB9063CD8D42 5 63 379180
app_main.js:105 C9038D03ED9B 5 89 379623
app_main.js:105 8C1F70F24F08 5 73 379964
app_main.js:105 60A791A3A99E 5 120 380312
app_main.js:105 E4EAC57D85A5 5 92 380678
app_main.js:105 F5066C649B33 5 70 380981
app_main.js:105 2DE0A1E3A2A1 5 114 381314
app_main.js:105 96A9A7A78224 5 78 381814
app_main.js:105 827F4A1D6356 5 109 382240
app_main.js:105 E7B5642A4499 5 108 382666
app_main.js:105 E0BDDAD9ACEF 5 120 383027
app_main.js:105 E3277B94B656 5 120 383458
app_main.js:105 215D1598ABEF 5 80 383809
app_main.js:105 531E68B9C054 5 105 384192
app_main.js:105 986C0D145308 5 63 384504
app_main.js:105 19270031AED0 5 104 384898
app_main.js:105 7AA2754AE9E4 5 89 385260
app_main.js:105 BE1E984B1995 5 89 385783
app_main.js:105 F6A1D3BF6B28 5 81 386224
app_main.js:105 5D6F351E0123 5 70 386502
app_main.js:105 D159AFA0B40D 5 83 386851
app_main.js:105 0EC29E2D4062 5 100 387190
app_main.js:105 498C38D339D1 5 105 387560
app_main.js:105 9940B3EABF8B 5 112 387854
app_main.js:105 638D824AD094 5 69 388111
app_main.js:105 5ED7E5AD31B9 5 87 388393
app_main.js:105 213849868070 5 89 388698
app_main.js:105 B3833EAF2E01 5 69 389016
app_main.js:105 1ACF0D55B676 5 73 389283
app_main.js:105 0144950AB644 5 94 389629
app_main.js:105 53C1ED7AECE1 5 117 389908
app_main.js:105 F14901325DC5 5 102 390176
app_main.js:105 730AAFEF1548 5 84 390411
app_main.js:105 50069385083F 5 108 390734
app_main.js:105 7C52FF005BDE 5 63 391099
app_main.js:105 CEE4D35E7FBC 5 80 391331
app_main.js:105 C04C57F2AF3E 5 89 391645
app_main.js:105 FEEE51A3A6F7 5 71 391971
app_main.js:105 DE5C64F37ACF 5 87 392241
app_main.js:105 F4F1E47C9E48 5 97 392619
app_main.js:105 A0FF3861CCB3 5 98 392843
app_main.js:105 21D7FB2FD505 5 78 393178
app_main.js:105 8C41F2165498 5 101 393523
app_main.js:105 4D0A36D94466 5 104 393785
app_main.js:105 FCF80678040F 5 88 394109
app_main.js:105 2D57F4B59E66 5 92 394437
app_main.js:105 15A4241CAAF4 5 67 394679
app_main.js:105 1AFA3DDE1FAE 5 86 395026
app_main.js:105 4DB474131729 5 106 395335
app_main.js:105 951FF2C8F29F 5 108 395587
app_main.js:105 CF4CA71F9887 5 79 395873
app_main.js:105 88EA7575B550 5 81 396173
app_main.js:105 419EFEF05870 5 106 396459
app_main.js:105 64CA6F515745 5 109 396721
app_main.js:105 F4D62F5337BA 5 116 397059
app_main.js:105 AB18B2AA7D47 5 73 397331
app_main.js:105 04F307FDCD74 5 84 397698
app_main.js:105 B207C3FDF83F 5 83 397952
app_main.js:105 3F6705C1843A 5 97 398282
app_main.js:105 152F26C85287 5 71 398552
app_main.js:105 0C7593CA1787 5 68 398902
app_main.js:105 37BA5A308715 5 64 399108
app_main.js:105 9CA3A20D9D28 5 66 399412
app_main.js:105 C86D6A7F34CC 5 60 399732
app_main.js:105 78081809F447 5 101 400030
app_main.js:105 030CB515C123 5 85 400368
app_main.js:105 3955EFF9275B 5 78 400665
app_main.js:105 C68A492323BC 5 95 401032
app_main.js:105 781EED438566 5 106 401352
app_main.js:105 0EE34B9A069B 5 107 401596
app_main.js:105 DD052607898B 5 72 401875
app_main.js:105 31410AD18379 5 88 402185
app_main.js:105 B99718E6B53C 6 112 402511
app_main.js:105 F50BA4BAFDB0 5 111 402792
app_main.js:105 3A8B0DF9FC42 6 116 403053
app_main.js:105 D2BD5234464A 5 107 403469
app_main.js:105 8F6EA93B47A6 6 113 403733
app_main.js:105 2F97119A4FCD 5 76 403981
app_main.js:105 46CC5C748961 5 108 404260
app_main.js:105 DC829F468329 5 78 404563
app_main.js:105 4FD19BB0FD55 6 100 404841
app_main.js:105 286C976AB151 5 79 405121
app_main.js:105 0C07C1ECC0A1 6 116 405461
app_main.js:105 E0FA6E312818 5 75 405779
Navigated to http://localhost:3001/
DevTools failed to load source map: Could not load content for chrome-extension://blcdfhbibkkjpfdddnmnmhfgjlicebba/js/content_script.js.map: HTTP error: status code 404, net::ERR_UNKNOWN_URL_SCHEME
log.js:24 [HMR] Waiting for update signal from WDS...
app_main.js:42 starting
app_main.js:43 http://0.0.0.0:8002/
index.js:1 Warning: Failed prop type: Invalid prop `size` of value `md` supplied to `FontAwesomeIcon`, expected one of ["lg","xs","sm","1x","2x","3x","4x","5x","6x","7x","8x","9x","10x"].
    at FontAwesomeIcon (http://localhost:3001/static/js/vendors~main.chunk.js:74473:27)
    at UserList (http://localhost:3001/static/js/main.chunk.js:1737:5)
    at div
    at main
    at Basic (http://localhost:3001/static/js/vendors~main.chunk.js:101541:25)
    at Adapter (http://localhost:3001/static/js/vendors~main.chunk.js:101524:79)
    at section
    at BasicLayout (http://localhost:3001/static/js/vendors~main.chunk.js:101556:76)
    at Adapter (http://localhost:3001/static/js/vendors~main.chunk.js:101524:79)
    at section
    at BasicLayout (http://localhost:3001/static/js/vendors~main.chunk.js:101556:76)
    at Adapter (http://localhost:3001/static/js/vendors~main.chunk.js:101524:79)
    at MainApp (http://localhost:3001/static/js/main.chunk.js:326:5)
    at App
console.<computed> @ index.js:1
printWarning @ react-jsx-dev-runtime.development.js:117
error @ react-jsx-dev-runtime.development.js:93
checkPropTypes @ react-jsx-dev-runtime.development.js:620
validatePropTypes @ react-jsx-dev-runtime.development.js:1072
jsxWithValidation @ react-jsx-dev-runtime.development.js:1192
render @ user_list.js:49
finishClassComponent @ react-dom.development.js:17485
updateClassComponent @ react-dom.development.js:17435
beginWork @ react-dom.development.js:19073
beginWork$1 @ react-dom.development.js:23940
performUnitOfWork @ react-dom.development.js:22776
workLoopSync @ react-dom.development.js:22707
renderRootSync @ react-dom.development.js:22670
performSyncWorkOnRoot @ react-dom.development.js:22293
scheduleUpdateOnFiber @ react-dom.development.js:21881
updateContainer @ react-dom.development.js:25482
(anonymous) @ react-dom.development.js:26021
unbatchedUpdates @ react-dom.development.js:22431
legacyRenderSubtreeIntoContainer @ react-dom.development.js:26020
render @ react-dom.development.js:26103
(anonymous) @ index.js:7
./src/index.js @ index.js:18
__webpack_require__ @ bootstrap:856
fn @ bootstrap:150
1 @ reportWebVitals.js:14
__webpack_require__ @ bootstrap:856
checkDeferredModules @ bootstrap:45
webpackJsonpCallback @ bootstrap:32
(anonymous) @ main.chunk.js:1
app_main.js:69 GET http://0.0.0.0:8002/get-online-seniors/ net::ERR_CONNECTION_REFUSED
componentDidMount @ app_main.js:69
commitLifeCycles @ react-dom.development.js:20663
commitLayoutEffects @ react-dom.development.js:23426
callCallback @ react-dom.development.js:3945
invokeGuardedCallbackDev @ react-dom.development.js:3994
invokeGuardedCallback @ react-dom.development.js:4056
commitRootImpl @ react-dom.development.js:23151
unstable_runWithPriority @ scheduler.development.js:468
runWithPriority$1 @ react-dom.development.js:11276
commitRoot @ react-dom.development.js:22990
performSyncWorkOnRoot @ react-dom.development.js:22329
scheduleUpdateOnFiber @ react-dom.development.js:21881
updateContainer @ react-dom.development.js:25482
(anonymous) @ react-dom.development.js:26021
unbatchedUpdates @ react-dom.development.js:22431
legacyRenderSubtreeIntoContainer @ react-dom.development.js:26020
render @ react-dom.development.js:26103
(anonymous) @ index.js:7
./src/index.js @ index.js:18
__webpack_require__ @ bootstrap:856
fn @ bootstrap:150
1 @ reportWebVitals.js:14
__webpack_require__ @ bootstrap:856
checkDeferredModules @ bootstrap:45
webpackJsonpCallback @ bootstrap:32
(anonymous) @ main.chunk.js:1
app_main.js:82 TypeError: Failed to fetch
    at MainApp.componentDidMount (app_main.js:69)
    at commitLifeCycles (react-dom.development.js:20663)
    at commitLayoutEffects (react-dom.development.js:23426)
    at HTMLUnknownElement.callCallback (react-dom.development.js:3945)
    at Object.invokeGuardedCallbackDev (react-dom.development.js:3994)
    at invokeGuardedCallback (react-dom.development.js:4056)
    at commitRootImpl (react-dom.development.js:23151)
    at unstable_runWithPriority (scheduler.development.js:468)
    at runWithPriority$1 (react-dom.development.js:11276)
    at commitRoot (react-dom.development.js:22990)
    at performSyncWorkOnRoot (react-dom.development.js:22329)
    at scheduleUpdateOnFiber (react-dom.development.js:21881)
    at updateContainer (react-dom.development.js:25482)
    at react-dom.development.js:26021
    at unbatchedUpdates (react-dom.development.js:22431)
    at legacyRenderSubtreeIntoContainer (react-dom.development.js:26020)
    at Object.render (react-dom.development.js:26103)
    at Module.<anonymous> (index.js:7)
    at Module../src/index.js (index.js:18)
    at __webpack_require__ (bootstrap:856)
    at fn (bootstrap:150)
    at Object.1 (reportWebVitals.js:14)
    at __webpack_require__ (bootstrap:856)
    at checkDeferredModules (bootstrap:45)
    at Array.webpackJsonpCallback [as push] (bootstrap:32)
    at main.chunk.js:1
webpackHotDevClient.js:138 src/App.js
  Line 2:8:  'logo' is defined but never used  no-unused-vars

src/components/app_main.js
  Line 14:9:    'SubMenu' is assigned a value but never used    no-unused-vars
  Line 26:7:    'temp_user' is assigned a value but never used  no-unused-vars
  Line 150:97:  Expected '===' and instead saw '=='             eqeqeq
  Line 151:96:  Expected '===' and instead saw '=='             eqeqeq

src/components/device_type.js
  Line 2:40:  'Card' is defined but never used  no-unused-vars
  Line 56:5:  Useless constructor               no-useless-constructor

src/components/senior_user.js
  Line 9:5:     'randomColor' is assigned a value but never used                                   no-unused-vars
  Line 62:52:   Unexpected string concatenation of literals                                        no-useless-concat
  Line 70:17:   Imported JSX component Device_Tile must be in PascalCase or SCREAMING_SNAKE_CASE   react/jsx-pascal-case
  Line 138:11:  Imported JSX component Device_Modal must be in PascalCase or SCREAMING_SNAKE_CASE  react/jsx-pascal-case

src/components/user_list.js
  Line 8:8:  'Device_Description' is defined but never used  no-unused-vars
printWarnings @ webpackHotDevClient.js:138
handleWarnings @ webpackHotDevClient.js:143
push../node_modules/react-dev-utils/webpackHotDevClient.js.connection.onmessage @ webpackHotDevClient.js:210
