Navigated to http://localhost:31000/
DevTools failed to load source map: Could not load content for chrome-extension://blcdfhbibkkjpfdddnmnmhfgjlicebba/js/content_script.js.map: HTTP error: status code 404, net::ERR_UNKNOWN_URL_SCHEME
log.js:24 [HMR] Waiting for update signal from WDS...
index.js:1 Warning: Failed prop type: Invalid prop `size` of value `md` supplied to `FontAwesomeIcon`, expected one of ["lg","xs","sm","1x","2x","3x","4x","5x","6x","7x","8x","9x","10x"].
    at FontAwesomeIcon (http://localhost:31000/static/js/vendors~main.chunk.js:74473:27)
    at UserList (http://localhost:31000/static/js/main.chunk.js:1736:5)
    at div
    at main
    at Basic (http://localhost:31000/static/js/vendors~main.chunk.js:102376:25)
    at Adapter (http://localhost:31000/static/js/vendors~main.chunk.js:102359:79)
    at section
    at BasicLayout (http://localhost:31000/static/js/vendors~main.chunk.js:102391:76)
    at Adapter (http://localhost:31000/static/js/vendors~main.chunk.js:102359:79)
    at section
    at BasicLayout (http://localhost:31000/static/js/vendors~main.chunk.js:102391:76)
    at Adapter (http://localhost:31000/static/js/vendors~main.chunk.js:102359:79)
    at MainApp (http://localhost:31000/static/js/main.chunk.js:328:5)
    at App
console.<computed> @ vendors~main.chunk.js:277358
printWarning @ vendors~main.chunk.js:279461
error @ vendors~main.chunk.js:279437
checkPropTypes @ vendors~main.chunk.js:279956
validatePropTypes @ vendors~main.chunk.js:280397
jsxWithValidation @ vendors~main.chunk.js:280513
render @ main.chunk.js:1777
finishClassComponent @ vendors~main.chunk.js:267254
updateClassComponent @ vendors~main.chunk.js:267207
beginWork @ vendors~main.chunk.js:268792
beginWork$1 @ vendors~main.chunk.js:273584
performUnitOfWork @ vendors~main.chunk.js:272444
workLoopSync @ vendors~main.chunk.js:272381
renderRootSync @ vendors~main.chunk.js:272347
performSyncWorkOnRoot @ vendors~main.chunk.js:271964
scheduleUpdateOnFiber @ vendors~main.chunk.js:271552
updateContainer @ vendors~main.chunk.js:275089
(anonymous) @ vendors~main.chunk.js:275621
unbatchedUpdates @ vendors~main.chunk.js:272104
legacyRenderSubtreeIntoContainer @ vendors~main.chunk.js:275620
render @ vendors~main.chunk.js:275703
(anonymous) @ main.chunk.js:2131
./src/index.js @ main.chunk.js:2220
__webpack_require__ @ bundle.js:857
fn @ bundle.js:151
1 @ main.chunk.js:2344
__webpack_require__ @ bundle.js:857
checkDeferredModules @ bundle.js:46
webpackJsonpCallback @ bundle.js:33
(anonymous) @ main.chunk.js:1
app_main.js:54 WebSocket Client Connected
webpackHotDevClient.js:138 src/components/app_main.js
  Line 146:97:  Expected '===' and instead saw '=='  eqeqeq
  Line 147:96:  Expected '===' and instead saw '=='  eqeqeq

src/components/device_type.js
  Line 56:5:  Useless constructor  no-useless-constructor

src/components/senior_user.js
  Line 62:52:   Unexpected string concatenation of literals                                        no-useless-concat
  Line 70:17:   Imported JSX component Device_Tile must be in PascalCase or SCREAMING_SNAKE_CASE   react/jsx-pascal-case
  Line 139:11:  Imported JSX component Device_Modal must be in PascalCase or SCREAMING_SNAKE_CASE  react/jsx-pascal-case
printWarnings @ vendors~main.chunk.js:249691
handleWarnings @ vendors~main.chunk.js:249696
push../node_modules/react-dev-utils/webpackHotDevClient.js.connection.onmessage @ vendors~main.chunk.js:249761
app_main.js:102 CE787C3A6920 1 98 4
app_main.js:102 9B2CBF8D6491 1 69 1
app_main.js:102 C76A360F4DDD 3 91 0
app_main.js:102 16C801C088F0 1 88 2
app_main.js:102 16C801C088F0 2 118 0
app_main.js:102 D043E0B8F3EE 2 111 0
app_main.js:102 051AEC5B7AD0 1 74 1
app_main.js:102 A47564801C93 1 100 1
app_main.js:102 A47564801C93 2 108 0
app_main.js:102 C76A360F4DDD 4 87 0
app_main.js:102 CE787C3A6920 2 74 0
app_main.js:102 B07AD3F881CA 1 109 1
app_main.js:102 AEF362370E1A 1 107 1
app_main.js:102 16C801C088F0 3 95 0
app_main.js:102 A5D3655A76D7 1 77 1
app_main.js:102 56B30D33F949 2 61 1
app_main.js:102 D043E0B8F3EE 3 89 0
app_main.js:102 F193635A78E9 1 113 1
app_main.js:102 16C801C088F0 4 99 0
app_main.js:102 F186BC7CED18 2 72 0
app_main.js:102 FE9709DBC583 1 105 1
app_main.js:102 F186BC7CED18 3 106 0
app_main.js:102 E51A95562EEB 1 65 1
app_main.js:102 E38C62BB80F5 1 93 1
app_main.js:102 F5B6F7AE4C3C 1 63 1
app_main.js:102 16C801C088F0 5 109 1
app_main.js:102 D2A5C7042D93 1 100 1
app_main.js:102 5EBF99A5C30F 1 77 1
app_main.js:102 34D7097A3F63 1 110 1
app_main.js:102 F5B6F7AE4C3C 2 78 0
app_main.js:102 C76A360F4DDD 5 68 0
app_main.js:102 9B2CBF8D6491 2 94 0
app_main.js:102 C76A360F4DDD 6 81 0
app_main.js:102 B07AD3F881CA 2 78 0
app_main.js:102 56B30D33F949 3 116 0
app_main.js:102 E38C62BB80F5 2 67 0
app_main.js:102 E38C62BB80F5 3 85 0
app_main.js:102 051AEC5B7AD0 2 101 0
app_main.js:102 A47564801C93 3 75 0
app_main.js:102 9B2CBF8D6491 3 60 0
app_main.js:102 E38C62BB80F5 4 82 0
app_main.js:102 16C801C088F0 6 106 0
app_main.js:102 2C3BAD93B6DA 1 83 1
app_main.js:102 F5B6F7AE4C3C 3 69 0
app_main.js:102 D043E0B8F3EE 4 98 0
app_main.js:102 56B30D33F949 4 76 0
app_main.js:102 AEF362370E1A 2 107 0
app_main.js:102 56B30D33F949 5 117 0
app_main.js:102 E51A95562EEB 2 100 0
app_main.js:102 9B2CBF8D6491 4 100 0
app_main.js:102 57DED5312C8E 1 62 1
app_main.js:102 ECB28B296B7B 1 66 1
app_main.js:102 D043E0B8F3EE 5 68 0
Navigated to http://localhost:31000/
DevTools failed to load source map: Could not load content for chrome-extension://blcdfhbibkkjpfdddnmnmhfgjlicebba/js/content_script.js.map: HTTP error: status code 404, net::ERR_UNKNOWN_URL_SCHEME
log.js:24 [HMR] Waiting for update signal from WDS...
index.js:1 Warning: Failed prop type: Invalid prop `size` of value `md` supplied to `FontAwesomeIcon`, expected one of ["lg","xs","sm","1x","2x","3x","4x","5x","6x","7x","8x","9x","10x"].
    at FontAwesomeIcon (http://localhost:31000/static/js/vendors~main.chunk.js:74473:27)
    at UserList (http://localhost:31000/static/js/main.chunk.js:1736:5)
    at div
    at main
    at Basic (http://localhost:31000/static/js/vendors~main.chunk.js:102376:25)
    at Adapter (http://localhost:31000/static/js/vendors~main.chunk.js:102359:79)
    at section
    at BasicLayout (http://localhost:31000/static/js/vendors~main.chunk.js:102391:76)
    at Adapter (http://localhost:31000/static/js/vendors~main.chunk.js:102359:79)
    at section
    at BasicLayout (http://localhost:31000/static/js/vendors~main.chunk.js:102391:76)
    at Adapter (http://localhost:31000/static/js/vendors~main.chunk.js:102359:79)
    at MainApp (http://localhost:31000/static/js/main.chunk.js:328:5)
    at App
console.<computed> @ vendors~main.chunk.js:277358
printWarning @ vendors~main.chunk.js:279461
error @ vendors~main.chunk.js:279437
checkPropTypes @ vendors~main.chunk.js:279956
validatePropTypes @ vendors~main.chunk.js:280397
jsxWithValidation @ vendors~main.chunk.js:280513
render @ main.chunk.js:1777
finishClassComponent @ vendors~main.chunk.js:267254
updateClassComponent @ vendors~main.chunk.js:267207
beginWork @ vendors~main.chunk.js:268792
beginWork$1 @ vendors~main.chunk.js:273584
performUnitOfWork @ vendors~main.chunk.js:272444
workLoopSync @ vendors~main.chunk.js:272381
renderRootSync @ vendors~main.chunk.js:272347
performSyncWorkOnRoot @ vendors~main.chunk.js:271964
scheduleUpdateOnFiber @ vendors~main.chunk.js:271552
updateContainer @ vendors~main.chunk.js:275089
(anonymous) @ vendors~main.chunk.js:275621
unbatchedUpdates @ vendors~main.chunk.js:272104
legacyRenderSubtreeIntoContainer @ vendors~main.chunk.js:275620
render @ vendors~main.chunk.js:275703
(anonymous) @ main.chunk.js:2131
./src/index.js @ main.chunk.js:2220
__webpack_require__ @ bundle.js:857
fn @ bundle.js:151
1 @ main.chunk.js:2344
__webpack_require__ @ bundle.js:857
checkDeferredModules @ bundle.js:46
webpackJsonpCallback @ bundle.js:33
(anonymous) @ main.chunk.js:1
app_main.js:54 WebSocket Client Connected
webpackHotDevClient.js:138 src/components/app_main.js
  Line 146:97:  Expected '===' and instead saw '=='  eqeqeq
  Line 147:96:  Expected '===' and instead saw '=='  eqeqeq

src/components/device_type.js
  Line 56:5:  Useless constructor  no-useless-constructor

src/components/senior_user.js
  Line 62:52:   Unexpected string concatenation of literals                                        no-useless-concat
  Line 70:17:   Imported JSX component Device_Tile must be in PascalCase or SCREAMING_SNAKE_CASE   react/jsx-pascal-case
  Line 139:11:  Imported JSX component Device_Modal must be in PascalCase or SCREAMING_SNAKE_CASE  react/jsx-pascal-case
printWarnings @ vendors~main.chunk.js:249691
handleWarnings @ vendors~main.chunk.js:249696
push../node_modules/react-dev-utils/webpackHotDevClient.js.connection.onmessage @ vendors~main.chunk.js:249761
Navigated to http://localhost:31000/
DevTools failed to load source map: Could not load content for chrome-extension://blcdfhbibkkjpfdddnmnmhfgjlicebba/js/content_script.js.map: HTTP error: status code 404, net::ERR_UNKNOWN_URL_SCHEME
log.js:24 [HMR] Waiting for update signal from WDS...
index.js:1 Warning: Failed prop type: Invalid prop `size` of value `md` supplied to `FontAwesomeIcon`, expected one of ["lg","xs","sm","1x","2x","3x","4x","5x","6x","7x","8x","9x","10x"].
    at FontAwesomeIcon (http://localhost:31000/static/js/vendors~main.chunk.js:74473:27)
    at UserList (http://localhost:31000/static/js/main.chunk.js:1736:5)
    at div
    at main
    at Basic (http://localhost:31000/static/js/vendors~main.chunk.js:102376:25)
    at Adapter (http://localhost:31000/static/js/vendors~main.chunk.js:102359:79)
    at section
    at BasicLayout (http://localhost:31000/static/js/vendors~main.chunk.js:102391:76)
    at Adapter (http://localhost:31000/static/js/vendors~main.chunk.js:102359:79)
    at section
    at BasicLayout (http://localhost:31000/static/js/vendors~main.chunk.js:102391:76)
    at Adapter (http://localhost:31000/static/js/vendors~main.chunk.js:102359:79)
    at MainApp (http://localhost:31000/static/js/main.chunk.js:328:5)
    at App
console.<computed> @ vendors~main.chunk.js:277358
printWarning @ vendors~main.chunk.js:279461
error @ vendors~main.chunk.js:279437
checkPropTypes @ vendors~main.chunk.js:279956
validatePropTypes @ vendors~main.chunk.js:280397
jsxWithValidation @ vendors~main.chunk.js:280513
render @ main.chunk.js:1777
finishClassComponent @ vendors~main.chunk.js:267254
updateClassComponent @ vendors~main.chunk.js:267207
beginWork @ vendors~main.chunk.js:268792
beginWork$1 @ vendors~main.chunk.js:273584
performUnitOfWork @ vendors~main.chunk.js:272444
workLoopSync @ vendors~main.chunk.js:272381
renderRootSync @ vendors~main.chunk.js:272347
performSyncWorkOnRoot @ vendors~main.chunk.js:271964
scheduleUpdateOnFiber @ vendors~main.chunk.js:271552
updateContainer @ vendors~main.chunk.js:275089
(anonymous) @ vendors~main.chunk.js:275621
unbatchedUpdates @ vendors~main.chunk.js:272104
legacyRenderSubtreeIntoContainer @ vendors~main.chunk.js:275620
render @ vendors~main.chunk.js:275703
(anonymous) @ main.chunk.js:2131
./src/index.js @ main.chunk.js:2220
__webpack_require__ @ bundle.js:857
fn @ bundle.js:151
1 @ main.chunk.js:2344
__webpack_require__ @ bundle.js:857
checkDeferredModules @ bundle.js:46
webpackJsonpCallback @ bundle.js:33
(anonymous) @ main.chunk.js:1
webpackHotDevClient.js:138 src/components/app_main.js
  Line 146:97:  Expected '===' and instead saw '=='  eqeqeq
  Line 147:96:  Expected '===' and instead saw '=='  eqeqeq

src/components/device_type.js
  Line 56:5:  Useless constructor  no-useless-constructor

src/components/senior_user.js
  Line 62:52:   Unexpected string concatenation of literals                                        no-useless-concat
  Line 70:17:   Imported JSX component Device_Tile must be in PascalCase or SCREAMING_SNAKE_CASE   react/jsx-pascal-case
  Line 139:11:  Imported JSX component Device_Modal must be in PascalCase or SCREAMING_SNAKE_CASE  react/jsx-pascal-case
printWarnings @ vendors~main.chunk.js:249691
handleWarnings @ vendors~main.chunk.js:249696
push../node_modules/react-dev-utils/webpackHotDevClient.js.connection.onmessage @ vendors~main.chunk.js:249761
app_main.js:54 WebSocket Client Connected
Navigated to http://localhost:31000/
DevTools failed to load source map: Could not load content for chrome-extension://blcdfhbibkkjpfdddnmnmhfgjlicebba/js/content_script.js.map: HTTP error: status code 404, net::ERR_UNKNOWN_URL_SCHEME
log.js:24 [HMR] Waiting for update signal from WDS...
index.js:1 Warning: Failed prop type: Invalid prop `size` of value `md` supplied to `FontAwesomeIcon`, expected one of ["lg","xs","sm","1x","2x","3x","4x","5x","6x","7x","8x","9x","10x"].
    at FontAwesomeIcon (http://localhost:31000/static/js/vendors~main.chunk.js:74473:27)
    at UserList (http://localhost:31000/static/js/main.chunk.js:1736:5)
    at div
    at main
    at Basic (http://localhost:31000/static/js/vendors~main.chunk.js:102376:25)
    at Adapter (http://localhost:31000/static/js/vendors~main.chunk.js:102359:79)
    at section
    at BasicLayout (http://localhost:31000/static/js/vendors~main.chunk.js:102391:76)
    at Adapter (http://localhost:31000/static/js/vendors~main.chunk.js:102359:79)
    at section
    at BasicLayout (http://localhost:31000/static/js/vendors~main.chunk.js:102391:76)
    at Adapter (http://localhost:31000/static/js/vendors~main.chunk.js:102359:79)
    at MainApp (http://localhost:31000/static/js/main.chunk.js:328:5)
    at App
console.<computed> @ vendors~main.chunk.js:277358
printWarning @ vendors~main.chunk.js:279461
error @ vendors~main.chunk.js:279437
checkPropTypes @ vendors~main.chunk.js:279956
validatePropTypes @ vendors~main.chunk.js:280397
jsxWithValidation @ vendors~main.chunk.js:280513
render @ main.chunk.js:1777
finishClassComponent @ vendors~main.chunk.js:267254
updateClassComponent @ vendors~main.chunk.js:267207
beginWork @ vendors~main.chunk.js:268792
beginWork$1 @ vendors~main.chunk.js:273584
performUnitOfWork @ vendors~main.chunk.js:272444
workLoopSync @ vendors~main.chunk.js:272381
renderRootSync @ vendors~main.chunk.js:272347
performSyncWorkOnRoot @ vendors~main.chunk.js:271964
scheduleUpdateOnFiber @ vendors~main.chunk.js:271552
updateContainer @ vendors~main.chunk.js:275089
(anonymous) @ vendors~main.chunk.js:275621
unbatchedUpdates @ vendors~main.chunk.js:272104
legacyRenderSubtreeIntoContainer @ vendors~main.chunk.js:275620
render @ vendors~main.chunk.js:275703
(anonymous) @ main.chunk.js:2131
./src/index.js @ main.chunk.js:2220
__webpack_require__ @ bundle.js:857
fn @ bundle.js:151
1 @ main.chunk.js:2344
__webpack_require__ @ bundle.js:857
checkDeferredModules @ bundle.js:46
webpackJsonpCallback @ bundle.js:33
(anonymous) @ main.chunk.js:1
webpackHotDevClient.js:138 src/components/app_main.js
  Line 146:97:  Expected '===' and instead saw '=='  eqeqeq
  Line 147:96:  Expected '===' and instead saw '=='  eqeqeq

src/components/device_type.js
  Line 56:5:  Useless constructor  no-useless-constructor

src/components/senior_user.js
  Line 62:52:   Unexpected string concatenation of literals                                        no-useless-concat
  Line 70:17:   Imported JSX component Device_Tile must be in PascalCase or SCREAMING_SNAKE_CASE   react/jsx-pascal-case
  Line 139:11:  Imported JSX component Device_Modal must be in PascalCase or SCREAMING_SNAKE_CASE  react/jsx-pascal-case
printWarnings @ vendors~main.chunk.js:249691
handleWarnings @ vendors~main.chunk.js:249696
push../node_modules/react-dev-utils/webpackHotDevClient.js.connection.onmessage @ vendors~main.chunk.js:249761
app_main.js:54 WebSocket Client Connected
app_main.js:102 311BBE2F83E3 1 89 4
app_main.js:102 DB18693A6E3E 1 65 160
app_main.js:102 87E204FFA01B 1 67 270
app_main.js:102 3862E14D865D 1 77 393
app_main.js:102 9A601DCBE2D6 1 74 596
app_main.js:102 3C10EBA41C05 1 96 795
app_main.js:102 9CF54AA22A8B 1 89 1100
app_main.js:102 5CB844484D71 1 77 1280
app_main.js:102 40B7B01BDCBB 1 72 591
app_main.js:102 5367A7E16BDD 1 73 862
app_main.js:102 A38B5DCE15B5 1 119 998
app_main.js:102 E80480855225 1 80 1151
app_main.js:102 00400526864F 1 65 778
app_main.js:102 12D694E14367 1 74 65
app_main.js:102 386BA69BD8D3 1 72 325
app_main.js:102 8ACE5E8D532A 1 75 463
app_main.js:102 D768AFFD16D5 1 100 645
app_main.js:102 8E27910FC428 1 61 787
app_main.js:102 129EC42A33E8 1 105 134
app_main.js:102 40A3CC2DD071 1 107 254
app_main.js:102 5367A7E16BDD 2 106 1
app_main.js:102 40B7B01BDCBB 2 88 251
app_main.js:102 23E48DB74C8E 1 82 500
app_main.js:102 104844A1DBC6 1 77 757
app_main.js:102 F723BD2B834A 1 99 956
app_main.js:102 BB1D192F9C37 1 62 1302
app_main.js:102 40A3CC2DD071 2 104 710
app_main.js:102 3BAD92823B05 1 70 893
Navigated to http://localhost:31000/
DevTools failed to load source map: Could not load content for chrome-extension://blcdfhbibkkjpfdddnmnmhfgjlicebba/js/content_script.js.map: HTTP error: status code 404, net::ERR_UNKNOWN_URL_SCHEME
log.js:24 [HMR] Waiting for update signal from WDS...
index.js:1 Warning: Failed prop type: Invalid prop `size` of value `md` supplied to `FontAwesomeIcon`, expected one of ["lg","xs","sm","1x","2x","3x","4x","5x","6x","7x","8x","9x","10x"].
    at FontAwesomeIcon (http://localhost:31000/static/js/vendors~main.chunk.js:74473:27)
    at UserList (http://localhost:31000/static/js/main.chunk.js:1736:5)
    at div
    at main
    at Basic (http://localhost:31000/static/js/vendors~main.chunk.js:102376:25)
    at Adapter (http://localhost:31000/static/js/vendors~main.chunk.js:102359:79)
    at section
    at BasicLayout (http://localhost:31000/static/js/vendors~main.chunk.js:102391:76)
    at Adapter (http://localhost:31000/static/js/vendors~main.chunk.js:102359:79)
    at section
    at BasicLayout (http://localhost:31000/static/js/vendors~main.chunk.js:102391:76)
    at Adapter (http://localhost:31000/static/js/vendors~main.chunk.js:102359:79)
    at MainApp (http://localhost:31000/static/js/main.chunk.js:328:5)
    at App
console.<computed> @ index.js:1
printWarning @ react-jsx-dev-runtime.development.js:117
error @ react-jsx-dev-runtime.development.js:93
checkPropTypes @ react-jsx-dev-runtime.development.js:620
validatePropTypes @ react-jsx-dev-runtime.development.js:1072
jsxWithValidation @ react-jsx-dev-runtime.development.js:1192
render @ user_list.js:49
finishClassComponent @ react-dom.development.js:17485
updateClassComponent @ react-dom.development.js:17435
beginWork @ react-dom.development.js:19073
beginWork$1 @ react-dom.development.js:23940
performUnitOfWork @ react-dom.development.js:22776
workLoopSync @ react-dom.development.js:22707
renderRootSync @ react-dom.development.js:22670
performSyncWorkOnRoot @ react-dom.development.js:22293
scheduleUpdateOnFiber @ react-dom.development.js:21881
updateContainer @ react-dom.development.js:25482
(anonymous) @ react-dom.development.js:26021
unbatchedUpdates @ react-dom.development.js:22431
legacyRenderSubtreeIntoContainer @ react-dom.development.js:26020
render @ react-dom.development.js:26103
(anonymous) @ index.js:7
./src/index.js @ index.js:18
__webpack_require__ @ bootstrap:856
fn @ bootstrap:150
1 @ reportWebVitals.js:14
__webpack_require__ @ bootstrap:856
checkDeferredModules @ bootstrap:45
webpackJsonpCallback @ bootstrap:32
(anonymous) @ main.chunk.js:1
app_main.js:54 WebSocket Client Connected
webpackHotDevClient.js:138 src/components/app_main.js
  Line 146:97:  Expected '===' and instead saw '=='  eqeqeq
  Line 147:96:  Expected '===' and instead saw '=='  eqeqeq

src/components/device_type.js
  Line 56:5:  Useless constructor  no-useless-constructor

src/components/senior_user.js
  Line 62:52:   Unexpected string concatenation of literals                                        no-useless-concat
  Line 70:17:   Imported JSX component Device_Tile must be in PascalCase or SCREAMING_SNAKE_CASE   react/jsx-pascal-case
  Line 139:11:  Imported JSX component Device_Modal must be in PascalCase or SCREAMING_SNAKE_CASE  react/jsx-pascal-case
printWarnings @ webpackHotDevClient.js:138
handleWarnings @ webpackHotDevClient.js:143
push../node_modules/react-dev-utils/webpackHotDevClient.js.connection.onmessage @ webpackHotDevClient.js:210
app_main.js:102 BC1F7BDE8096 1 60 1163
app_main.js:102 881CF925D1C4 1 63 1737
app_main.js:102 BB1D192F9C37 2 89 964
app_main.js:102 0A5BE05797D3 1 96 1198
app_main.js:102 DD26E1D07285 1 69 1398
app_main.js:102 F89CF7910C0F 1 108 1645
app_main.js:102 70F3EAF32FF2 1 107 1829
app_main.js:102 13B86B2FA45D 1 62 1982
app_main.js:102 BD05B4D4EF55 1 100 1638
app_main.js:102 39438029098C 1 112 1899
app_main.js:102 F89CF7910C0F 2 119 1237
app_main.js:102 E8D30779232D 1 89 1533
app_main.js:102 501C4C1586EB 1 79 1725
app_main.js:102 6C2D6AB8A466 1 105 1910
app_main.js:102 44BF13BFBC57 1 117 2133
app_main.js:102 8CDD7DD1012F 1 105 2404
app_main.js:102 14EB196DC005 1 80 2179
app_main.js:102 370067B3B998 1 120 2466
app_main.js:102 8CDAEFAAC2CA 2 104 1664
app_main.js:102 40B7B01BDCBB 3 84 1870
app_main.js:102 011B215BC586 1 112 2067
app_main.js:102 276028D7F6BE 1 60 2286
app_main.js:102 673B30021973 1 78 2471
app_main.js:102 26C15883A577 1 62 2646
app_main.js:102 5CB844484D71 2 89 2039
app_main.js:102 14EB196DC005 2 92 2237
app_main.js:102 7ADB6EBEABC1 1 61 1534
app_main.js:102 0873F73BE015 1 77 1709
app_main.js:102 CE719971C4B2 1 109 1920
app_main.js:102 B5FC513C5A03 1 77 2273
app_main.js:102 E2FBA0F3B316 1 90 2557
app_main.js:102 12D694E14367 2 64 2883
app_main.js:102 5CB844484D71 3 106 2204
app_main.js:102 EFB9AC2A4D13 1 110 2518
app_main.js:102 40B7B01BDCBB 4 63 1910
app_main.js:102 70F3EAF32FF2 2 108 2252
app_main.js:102 A34714E53477 1 90 2577
app_main.js:102 EEB9C7C003AB 1 83 2913
app_main.js:102 393D91CEC1D6 1 78 3258
app_main.js:102 B4068282CF60 1 83 3477
app_main.js:102 51426381AF20 1 107 2812
app_main.js:102 6BEACBC93EFF 1 98 2995
app_main.js:102 A34714E53477 2 101 2341
app_main.js:102 8E27910FC428 2 100 2592
app_main.js:102 3C10EBA41C05 2 105 2870
app_main.js:102 DD26E1D07285 2 90 3109
app_main.js:102 C153DDD4FF32 1 120 3467
app_main.js:102 6CB9DF86A2E5 1 62 3795
app_main.js:102 BD05B4D4EF55 2 81 3239
app_main.js:102 EB2B0CEBE6FC 1 66 3427
app_main.js:102 F9AF65471327 1 62 2648
app_main.js:102 27D5B8826576 1 92 2853
app_main.js:102 572C9B01B7F0 1 88 3055
app_main.js:102 9DD60590B56C 1 76 3252
app_main.js:102 39C7B59BA3C9 1 69 3470
app_main.js:102 6F5362F6D041 1 108 3663
app_main.js:102 B990E1F332DC 1 97 2859
app_main.js:102 14EB196DC005 3 117 3143
app_main.js:102 E8D30779232D 2 99 2358
app_main.js:102 4321B51D50C9 1 69 2837
app_main.js:102 AF515BB0C262 1 120 3175
app_main.js:102 F7BDB1102A6F 1 109 3512
app_main.js:102 F0BD5062FD26 1 116 3700
app_main.js:102 F9AF65471327 2 119 3868
app_main.js:102 42C362D9BD50 1 70 3294
app_main.js:102 D3418871E840 1 75 3509
app_main.js:102 CE719971C4B2 2 116 2708
app_main.js:102 FBFD97442DD8 1 76 2902
app_main.js:102 D94278B79EE9 1 88 3110
app_main.js:102 8D1B2312AB95 1 103 3353
app_main.js:102 F81F7F7C672C 1 72 3534
app_main.js:102 7AF652C083A8 1 65 3711
app_main.js:102 5CB844484D71 4 69 2902
app_main.js:102 414A9C5DC133 1 117 3125
app_main.js:102 673B30021973 2 93 2309
app_main.js:102 0C465DD784D9 1 62 2550
app_main.js:102 CDA246A4CEE6 1 112 2761
app_main.js:102 91D8A10441C3 1 61 2944
app_main.js:102 AB7AA35273D0 1 89 3190
app_main.js:102 6DD71324BBFF 1 83 3394
app_main.js:102 129EC42A33E8 2 107 2864
app_main.js:102 74DF01FFCDC2 1 88 3195
app_main.js:102 8CDAEFAAC2CA 3 86 2549
app_main.js:102 F7BDB1102A6F 2 97 2757
app_main.js:102 2520408B019F 1 120 3109
app_main.js:102 A313F9486C4E 1 119 3399
app_main.js:102 083B4D8A23AC 1 97 3731
app_main.js:102 2601C979A666 1 114 4019
app_main.js:102 BD05B4D4EF55 3 84 3188
app_main.js:102 5CB844484D71 5 86 3385
app_main.js:102 422E9950450E 2 105 2751
app_main.js:102 A34714E53477 3 100 2945
app_main.js:102 A0400CF51502 2 107 3213
app_main.js:102 AF515BB0C262 2 78 3543
app_main.js:102 CA6405208804 1 110 3825
app_main.js:102 B2A1620475FD 1 116 4000
app_main.js:102 881CF925D1C4 2 68 3174
app_main.js:102 6BE1ECFC33EF 1 74 3357
app_main.js:102 B14A52A71BD0 2 64 2551
app_main.js:102 572C9B01B7F0 2 101 2774
app_main.js:102 DB18693A6E3E 2 80 2983
app_main.js:102 FCB813E9F08E 1 109 3218
app_main.js:102 5E58923628FB 1 98 3388
app_main.js:102 89C976DB9909 1 89 3671
app_main.js:102 BC1F7BDE8096 2 120 3045
app_main.js:102 6B27D8C8B3C5 1 115 3238
app_main.js:102 3862E14D865D 2 116 2436
app_main.js:102 8D1B2312AB95 2 106 2744
app_main.js:102 87E204FFA01B 2 72 2997
app_main.js:102 236847A6E236 1 115 3180
app_main.js:102 B2FFEC6F3FB3 1 101 3359
app_main.js:102 2DE4F504CE85 1 106 3595
app_main.js:102 F0591CFEF203 1 76 2790
app_main.js:102 3BAD92823B05 2 62 3115
app_main.js:102 9DD033B0DC11 1 102 2436
app_main.js:102 EE61C887A964 1 75 2658
app_main.js:102 B333C8358A48 1 64 3002
app_main.js:102 011B215BC586 2 73 3326
app_main.js:102 C43A31379676 1 113 3586
app_main.js:102 9A2E2A5814DD 1 76 3800
app_main.js:102 B52347E44F5E 1 115 2987
app_main.js:102 74DF01FFCDC2 2 107 3657
app_main.js:102 C153DDD4FF32 2 77 2898
app_main.js:102 BB1D192F9C37 3 65 3088
app_main.js:102 501C4C1586EB 2 75 3271
app_main.js:102 8E27910FC428 3 91 3448
app_main.js:102 BCCF83410E07 1 110 3650
app_main.js:102 5ACD3841C78C 1 80 3831
app_main.js:102 9CF54AA22A8B 2 64 3006
app_main.js:102 E577A04B5B49 1 72 3299
app_main.js:102 F0BD5062FD26 2 113 2497
app_main.js:102 CA6405208804 2 96 2697
app_main.js:102 7D1E125ED8C5 1 87 3043
app_main.js:102 A038F888127C 1 119 3248
app_main.js:102 393D91CEC1D6 2 89 3460
app_main.js:102 13B86B2FA45D 2 112 3644
app_main.js:102 14EB196DC005 4 75 2845
app_main.js:102 E577A04B5B49 2 61 3327
app_main.js:102 6DD71324BBFF 2 116 2522
app_main.js:102 A0400CF51502 3 60 2816
app_main.js:102 4321B51D50C9 2 109 3003
app_main.js:102 59780EA94A8E 1 89 3195
app_main.js:102 5ED7EE2496A7 1 105 3389
app_main.js:102 D2C81E67ACC0 1 92 3597
app_main.js:102 2C0AE47019C7 1 104 2899
app_main.js:102 112BF59E77D7 1 67 3228
app_main.js:102 AF515BB0C262 3 108 2473
app_main.js:102 A0400CF51502 4 91 2810
app_main.js:102 AB7AA35273D0 2 64 3108
app_main.js:102 6F5362F6D041 2 115 3294
app_main.js:102 517CF66435F7 1 82 3462
app_main.js:102 D4F93FBF75FF 1 93 3693
app_main.js:102 050731D41E51 2 88 3130
app_main.js:102 B52347E44F5E 2 120 3319
app_main.js:102 6F5362F6D041 3 74 2509
app_main.js:102 AB7AA35273D0 3 62 2798
app_main.js:102 B14A52A71BD0 3 89 3108
app_main.js:102 DD26E1D07285 3 84 3453
app_main.js:102 B333C8358A48 2 61 3750
app_main.js:102 58D224EC74CA 1 94 3927
app_main.js:102 9CF54AA22A8B 3 80 3160
app_main.js:102 2C0AE47019C7 2 104 3420
app_main.js:102 6DD71324BBFF 3 106 2632
app_main.js:102 011B215BC586 3 105 2834
app_main.js:102 39C7B59BA3C9 2 108 3053
app_main.js:102 311BBE2F83E3 2 64 3310
app_main.js:102 572C9B01B7F0 3 113 3492
app_main.js:102 F81F7F7C672C 2 115 3717
app_main.js:102 39438029098C 2 83 3127
app_main.js:102 00400526864F 2 76 3333
app_main.js:102 5367A7E16BDD 3 68 2553
app_main.js:102 9DD033B0DC11 2 70 2830
app_main.js:102 7AF652C083A8 2 113 3056
app_main.js:102 5EDAEEA2996B 2 94 3394
app_main.js:102 C460007FC298 1 63 3721
app_main.js:102 79C0CF81711F 1 112 4072
app_main.js:102 050731D41E51 3 110 3427
app_main.js:102 7D1EEB64AEE0 1 104 3600
app_main.js:102 8E27910FC428 4 60 2780
app_main.js:102 13B86B2FA45D 3 80 2963
app_main.js:102 386BA69BD8D3 2 85 3183
app_main.js:102 39F6525A6CB0 1 88 3521
app_main.js:102 D2C81E67ACC0 2 99 3855
app_main.js:102 B14A52A71BD0 4 98 4313
app_main.js:102 26A1C732C0E4 1 104 3967
app_main.js:102 9008A4D6D4FD 1 80 4266
app_main.js:102 501C4C1586EB 3 119 3650
app_main.js:102 9DD033B0DC11 3 80 3984
app_main.js:102 6C2D6AB8A466 2 101 4344
app_main.js:102 A313F9486C4E 2 79 4523
app_main.js:102 D13F97E8E6AC 1 60 4722
app_main.js:102 7582A9EF73D3 1 76 5051
app_main.js:102 D3418871E840 2 84 4395
app_main.js:102 BBB2D11906AA 1 99 4729
app_main.js:102 A0400CF51502 5 61 3989
app_main.js:102 D768AFFD16D5 2 98 4158
app_main.js:102 B5FC513C5A03 2 64 4399
app_main.js:102 104844A1DBC6 2 101 4584
app_main.js:102 58D224EC74CA 2 66 4759
app_main.js:102 7582A9EF73D3 2 100 5081
app_main.js:102 51426381AF20 2 102 4509
app_main.js:102 55DE2C47BC17 1 86 4683
app_main.js:102 13B86B2FA45D 4 81 3880
app_main.js:102 EEB9C7C003AB 2 106 4051
app_main.js:102 D13F97E8E6AC 2 99 4232
app_main.js:102 8E797598FAAF 1 105 4502
app_main.js:102 233DD14F8910 1 107 4694
app_main.js:102 8EC677B127A6 1 116 4879
app_main.js:102 21ED05D6134E 1 87 4090
app_main.js:102 DE0E7C0C627E 1 78 4270
app_main.js:102 422E9950450E 3 99 3447
app_main.js:102 14DDFAF8AC7F 1 74 3634
app_main.js:102 F89CF7910C0F 3 107 3841
app_main.js:102 006E17354776 1 111 4028
app_main.js:102 53D48DD0736E 1 90 4224
app_main.js:102 DC85ADF86114 1 98 4421
app_main.js:102 9CF54AA22A8B 4 61 3950
app_main.js:102 E577A04B5B49 3 64 4293
app_main.js:102 44BF13BFBC57 2 72 3545
app_main.js:102 DC85ADF86114 2 79 3926
app_main.js:102 CE719971C4B2 3 69 4229
app_main.js:102 8E27910FC428 5 75 4558
app_main.js:102 1088F82860FB 2 68 4801
app_main.js:102 B14A52A71BD0 5 76 5003
app_main.js:102 414A9C5DC133 2 62 4215
app_main.js:102 641C19AA82D9 1 115 4421
app_main.js:102 A38B5DCE15B5 2 76 3634
app_main.js:102 3862E14D865D 3 98 3898
app_main.js:102 B5FC513C5A03 3 118 4293
app_main.js:102 F0BD5062FD26 3 99 4519
app_main.js:102 CA6405208804 3 108 4727
app_main.js:102 416453285982 1 69 5197
app_main.js:102 050731D41E51 4 118 4390
app_main.js:102 3BAD92823B05 3 72 4602
app_main.js:102 572C9B01B7F0 4 68 3919
app_main.js:102 422E9950450E 4 66 4147
app_main.js:102 9A2E2A5814DD 2 106 4337
app_main.js:102 A38B5DCE15B5 3 86 4585
app_main.js:102 E4565EB24E9E 1 110 4786
app_main.js:102 062E77184689 1 115 5022
app_main.js:102 129EC42A33E8 3 63 4656
app_main.js:102 B6AD897C44E1 1 116 4847
app_main.js:102 B14A52A71BD0 6 116 4094
app_main.js:102 89C976DB9909 2 88 4280
app_main.js:102 2520408B019F 2 69 4474
app_main.js:102 3BF0D757DA02 1 120 4646
app_main.js:102 026B1A6C4617 1 89 4824
app_main.js:102 A6BC9B90E6D6 1 87 5074
app_main.js:102 9008A4D6D4FD 2 89 4279
app_main.js:102 14EB196DC005 5 73 4521
app_main.js:102 F89CF7910C0F 4 72 3735
app_main.js:102 7AF652C083A8 3 67 3926
app_main.js:102 40B7B01BDCBB 5 94 4138
app_main.js:102 5EDAEEA2996B 3 89 4369
app_main.js:102 4A86FD6E67B8 1 87 4555
app_main.js:102 EE61C887A964 2 92 4750
app_main.js:102 2C0AE47019C7 3 68 4098
app_main.js:102 6BEACBC93EFF 2 89 4352
app_main.js:102 083B4D8A23AC 2 96 3775
app_main.js:102 9A601DCBE2D6 2 85 4272
app_main.js:102 673B30021973 3 77 4450
app_main.js:102 104844A1DBC6 3 87 4721
app_main.js:102 91D8A10441C3 2 101 4933
app_main.js:102 E9E83B5CB5C6 1 116 5197
app_main.js:102 B6AD897C44E1 2 61 4535
app_main.js:102 6BEACBC93EFF 3 66 4738
app_main.js:102 14DDFAF8AC7F 2 86 3948
app_main.js:102 0873F73BE015 2 63 4199
app_main.js:102 79C0CF81711F 2 106 4383
app_main.js:102 FCB813E9F08E 2 75 4641
app_main.js:102 39F6525A6CB0 2 81 4953
app_main.js:102 D32D51251126 1 66 5279
app_main.js:102 B52347E44F5E 3 110 4473
app_main.js:102 B990E1F332DC 2 114 4674
app_main.js:102 E4565EB24E9E 2 73 3958
app_main.js:102 ECB2A41CB98C 2 84 4175
app_main.js:102 AF515BB0C262 4 96 4382
app_main.js:102 B333C8358A48 3 110 4555
app_main.js:102 65483AC1F5FA 1 110 4732
app_main.js:102 77092E965FB9 1 113 4954
app_main.js:102 DE0E7C0C627E 2 91 4228
app_main.js:102 D3418871E840 3 74 4680
app_main.js:102 A0400CF51502 6 92 3931
app_main.js:102 E9E83B5CB5C6 2 73 4258
app_main.js:102 422E9950450E 5 120 4597
app_main.js:102 D2C81E67ACC0 3 120 4830
app_main.js:102 8BDDE8D5D1D4 1 109 5148
app_main.js:102 A313F9486C4E 3 97 5342
app_main.js:102 26A1C732C0E4 2 76 4687
app_main.js:102 641C19AA82D9 2 118 4999
app_main.js:102 E9E83B5CB5C6 3 107 4303
app_main.js:102 AB7AA35273D0 4 113 4503
app_main.js:102 0A5BE05797D3 2 71 4681
app_main.js:102 7AF652C083A8 4 73 4884
app_main.js:102 7ADB6EBEABC1 2 95 5146
app_main.js:102 BC06581BFEA3 1 90 5360
app_main.js:102 2508FEE3ADA3 1 61 4560
app_main.js:102 BA42F7432ED8 1 116 4753
app_main.js:102 006E17354776 2 119 4170
app_main.js:102 3BF0D757DA02 2 120 4523
app_main.js:102 E4565EB24E9E 3 83 4821
app_main.js:102 BB1D192F9C37 4 75 5132
app_main.js:102 A38B5DCE15B5 4 63 5327
app_main.js:102 FCB813E9F08E 3 119 5541
app_main.js:102 BA42F7432ED8 2 64 4736
app_main.js:102 7B7BD945A7B9 1 75 4994
app_main.js:102 D2C81E67ACC0 4 116 4283
app_main.js:102 40B7B01BDCBB 6 119 4562
app_main.js:102 006E17354776 3 61 4793
app_main.js:102 BDF844C341C2 1 92 5134
app_main.js:102 501C4C1586EB 4 75 5375
app_main.js:102 416453285982 2 113 5614
app_main.js:102 55DE2C47BC17 2 93 4805
app_main.js:102 51426381AF20 3 87 4979
app_main.js:102 DC85ADF86114 3 115 4329
app_main.js:102 A38B5DCE15B5 5 105 4883
app_main.js:102 79C0CF81711F 3 110 5089
app_main.js:102 233DD14F8910 2 109 5269
app_main.js:102 FCB813E9F08E 4 89 5442
app_main.js:102 4452846E1551 1 99 5643
app_main.js:102 40A3CC2DD071 3 88 5001
app_main.js:102 14EB196DC005 6 89 5186
app_main.js:102 A0400CF51502 7 91 4397
app_main.js:102 C43A31379676 2 79 4641
app_main.js:102 F723BD2B834A 2 119 4854
app_main.js:102 416453285982 3 113 5142
app_main.js:102 4A86FD6E67B8 2 75 5340
app_main.js:102 E9E83B5CB5C6 4 83 5522
app_main.js:102 7D1EEB64AEE0 2 71 4747
app_main.js:102 21ED05D6134E 2 65 5069
app_main.js:102 F81F7F7C672C 3 110 4313
app_main.js:102 23E48DB74C8E 2 116 4499
app_main.js:102 AB7AA35273D0 5 114 4757
app_main.js:102 8E797598FAAF 2 72 5084
app_main.js:102 FCB813E9F08E 5 70 5420
app_main.js:102 7AF652C083A8 5 115 5588
app_main.js:102 E577A04B5B49 4 109 4773
app_main.js:102 BD05B4D4EF55 4 63 4987
app_main.js:102 D32D51251126 2 102 4371
app_main.js:102 5ED7EE2496A7 2 113 4567
app_main.js:102 44BF13BFBC57 3 87 4779
app_main.js:102 53D48DD0736E 2 85 4966
app_main.js:102 3862E14D865D 4 119 5175
app_main.js:102 D1CA033C591E 1 75 5657
app_main.js:102 BD05B4D4EF55 5 66 4850
app_main.js:102 EB2B0CEBE6FC 2 67 5034
app_main.js:102 AF515BB0C262 5 111 4226
app_main.js:102 44BF13BFBC57 4 111 4495
app_main.js:102 5E58923628FB 2 105 4676
app_main.js:102 D768AFFD16D5 3 96 4854
app_main.js:102 87E204FFA01B 3 70 5029
app_main.js:102 BCCF83410E07 2 61 5202
app_main.js:102 BA42F7432ED8 3 119 4389
app_main.js:102 74DF01FFCDC2 3 97 4612
app_main.js:102 006E17354776 4 96 3964
app_main.js:102 DB18693A6E3E 3 89 4348
app_main.js:102 40B7B01BDCBB 7 61 4559
app_main.js:102 A6BC9B90E6D6 2 68 4755
app_main.js:102 D768AFFD16D5 4 72 4948
app_main.js:102 7ADB6EBEABC1 3 84 5241
app_main.js:102 D3418871E840 4 91 4509
app_main.js:102 B52347E44F5E 4 84 4948
app_main.js:102 23E48DB74C8E 3 99 4137
app_main.js:102 A0400CF51502 8 102 4325
app_main.js:102 2601C979A666 2 97 4535
app_main.js:102 E80480855225 2 118 4807
app_main.js:102 236847A6E236 2 120 5132
app_main.js:102 039039565CAE 1 114 5336
app_main.js:102 414A9C5DC133 3 116 4519
app_main.js:102 5CB844484D71 6 71 4710
app_main.js:102 0873F73BE015 3 111 3891
app_main.js:102 5ED7EE2496A7 3 111 4179
app_main.js:102 D1CA033C591E 2 69 4502
app_main.js:102 CE719971C4B2 4 72 4835
app_main.js:102 4321B51D50C9 3 90 5164
app_main.js:102 F81F7F7C672C 4 101 5332
app_main.js:102 E577A04B5B49 5 114 4550
app_main.js:102 DE0E7C0C627E 3 95 4763
app_main.js:102 F7BDB1102A6F 3 75 4059
app_main.js:102 A38B5DCE15B5 6 86 4372
app_main.js:102 4321B51D50C9 4 116 4551
app_main.js:102 E8D30779232D 3 101 4881
app_main.js:102 F0BD5062FD26 4 69 5481
app_main.js:102 062E77184689 2 108 5646
app_main.js:102 BBB2D11906AA 2 98 5053
app_main.js:102 7B7BD945A7B9 2 63 5268
app_main.js:102 A38B5DCE15B5 7 84 4458
app_main.js:102 B5FC513C5A03 4 69 4730
app_main.js:102 D4F93FBF75FF 2 72 4991
app_main.js:102 53D48DD0736E 3 83 5341
app_main.js:102 09B5E1FCFE0C 1 83 5684
app_main.js:102 77092E965FB9 2 60 6032
app_main.js:102 050731D41E51 5 62 5346
app_main.js:102 55DE2C47BC17 3 86 5616
app_main.js:102 D1CA033C591E 3 114 4880
app_main.js:102 393D91CEC1D6 3 84 5098
app_main.js:102 AB7AA35273D0 6 66 5300
app_main.js:102 4A86FD6E67B8 3 117 5500
app_main.js:102 EEB9C7C003AB 3 119 5677
app_main.js:102 7DC38BF449DD 1 68 5850
app_main.js:102 21ED05D6134E 3 106 5060
app_main.js:102 26A1C732C0E4 3 101 5394
app_main.js:102 8CDD7DD1012F 2 116 4741
app_main.js:102 DB18693A6E3E 4 91 5034
app_main.js:102 F0BD5062FD26 5 103 5219
app_main.js:102 C460007FC298 2 87 5416
app_main.js:102 0873F73BE015 4 72 5676
app_main.js:102 1B587FB5041D 1 115 5925
app_main.js:102 BBB2D11906AA 3 67 5349
app_main.js:102 2C6C0CDED40D 1 105 5707
app_main.js:102 0C465DD784D9 2 74 5000
app_main.js:102 BCCF83410E07 3 61 5178
app_main.js:102 79C0CF81711F 4 102 5360
app_main.js:102 026B1A6C4617 2 65 5553
app_main.js:102 BB1D192F9C37 5 90 5746
app_main.js:102 27D5B8826576 2 64 5931
app_main.js:102 129EC42A33E8 4 114 5174
app_main.js:102 40A3CC2DD071 4 84 5358
app_main.js:102 E4565EB24E9E 4 73 4593
app_main.js:102 53D48DD0736E 4 61 4877
app_main.js:102 26C15883A577 2 104 5121
app_main.js:102 D94278B79EE9 2 111 5335
app_main.js:102 8E27910FC428 6 62 5527
app_main.js:102 6B33F6E17EA1 1 109 5724
app_main.js:102 39438029098C 3 113 5061
app_main.js:102 6B27D8C8B3C5 2 75 5329
app_main.js:102 4452846E1551 2 117 4529
app_main.js:102 BCCF83410E07 4 108 4774
app_main.js:102 A038F888127C 2 83 5057
app_main.js:102 D13F97E8E6AC 3 120 5248
app_main.js:102 FCB813E9F08E 6 102 5722
app_main.js:102 B2FFEC6F3FB3 2 107 6042
app_main.js:102 40A3CC2DD071 5 69 5576
app_main.js:102 B52347E44F5E 5 102 5912
app_main.js:102 E80480855225 3 70 5236
app_main.js:102 8CDAEFAAC2CA 4 118 5405
app_main.js:102 BCCF83410E07 5 96 5594
app_main.js:102 ECB2A41CB98C 3 106 6077
app_main.js:102 5234B544D082 1 76 6337
app_main.js:102 A4BF260C42EE 1 108 6672
app_main.js:102 6BE1ECFC33EF 2 104 5872
app_main.js:102 414A9C5DC133 4 66 6051
app_main.js:102 C460007FC298 3 87 5388
app_main.js:102 44BF13BFBC57 5 118 5653
app_main.js:102 87E204FFA01B 4 88 5831
app_main.js:102 9A601DCBE2D6 3 107 6008
app_main.js:102 D420FAE0EBF4 1 104 6207
app_main.js:102 9972AD96F558 1 116 6387
app_main.js:102 6B27D8C8B3C5 3 96 5614
app_main.js:102 51426381AF20 4 71 5788
app_main.js:102 8CDD7DD1012F 3 79 4963
app_main.js:102 5ED7EE2496A7 4 71 5148
app_main.js:102 8ACE5E8D532A 2 79 5328
app_main.js:102 BB1D192F9C37 6 89 5516
app_main.js:102 2601C979A666 3 99 5704
app_main.js:102 40B7B01BDCBB 8 101 5899
app_main.js:102 2C0AE47019C7 4 104 5373
app_main.js:102 55DE2C47BC17 4 69 5544
app_main.js:102 5E58923628FB 3 70 4730
app_main.js:102 B2FFEC6F3FB3 3 114 4914
app_main.js:102 8CDD7DD1012F 4 76 5122
app_main.js:102 0A5BE05797D3 3 79 5348
app_main.js:102 236847A6E236 3 82 5516
app_main.js:102 BC06581BFEA3 2 83 5678
app_main.js:102 BA42F7432ED8 4 80 4916
app_main.js:102 370067B3B998 2 80 5272
app_main.js:102 0A5BE05797D3 4 92 4531
app_main.js:102 A38B5DCE15B5 8 88 4720
app_main.js:102 E8D30779232D 4 107 4892
app_main.js:102 E9E83B5CB5C6 5 99 5237
app_main.js:102 39C7B59BA3C9 3 102 5582
app_main.js:102 8D1B2312AB95 3 109 5915
app_main.js:102 55DE2C47BC17 5 103 5247
app_main.js:102 641C19AA82D9 3 110 5544
app_main.js:102 2DE4F504CE85 2 104 4921
app_main.js:102 039039565CAE 2 68 5253
app_main.js:102 14DDFAF8AC7F 3 110 5560
app_main.js:102 9DD033B0DC11 4 90 5933
app_main.js:102 1FB168DAD888 1 79 6240
app_main.js:102 E9E83B5CB5C6 6 107 6485
app_main.js:102 2C0AE47019C7 5 63 5975
app_main.js:102 14EB196DC005 7 106 6195
app_main.js:102 CA6405208804 4 119 5381
app_main.js:102 D2C81E67ACC0 5 72 5599
app_main.js:102 59780EA94A8E 2 111 5825
app_main.js:102 14DDFAF8AC7F 4 85 6172
app_main.js:102 8A3B31CCFD4A 1 113 6496
app_main.js:102 CDA246A4CEE6 2 85 6804
app_main.js:102 EB2B0CEBE6FC 3 93 6121
app_main.js:102 47B37C8C15DB 1 111 6449
app_main.js:102 276028D7F6BE 2 61 5662
app_main.js:102 E2FBA0F3B316 2 113 5852
app_main.js:102 B2FFEC6F3FB3 4 99 6041
app_main.js:102 E8D30779232D 5 106 6391
app_main.js:102 D2C81E67ACC0 6 94 6722
app_main.js:102 1B587FB5041D 2 76 6891
app_main.js:102 6B27D8C8B3C5 4 115 6147
app_main.js:102 9008A4D6D4FD 3 102 6422
app_main.js:102 E8D30779232D 6 90 5595
app_main.js:102 77092E965FB9 3 62 5941
app_main.js:102 4321B51D50C9 5 67 6272
app_main.js:102 C153DDD4FF32 3 63 6587
app_main.js:102 AB7AA35273D0 7 68 6789
app_main.js:102 9DD60590B56C 2 69 6967
app_main.js:102 F0591CFEF203 2 100 6164
app_main.js:102 BBB2D11906AA 4 65 6336
app_main.js:102 0873F73BE015 5 106 5776
app_main.js:102 9DD60590B56C 3 77 5974
app_main.js:102 B333C8358A48 4 120 6191
app_main.js:102 ACDD355679A9 1 98 6488
app_main.js:102 E9CDB73E099D 1 62 6926
app_main.js:102 61389695D0D7 1 69 7224
app_main.js:102 BD05B4D4EF55 6 103 6396
app_main.js:102 2C6C0CDED40D 2 83 6601
app_main.js:102 7D1E125ED8C5 2 74 5799
app_main.js:102 AF515BB0C262 6 62 5971
app_main.js:102 5367A7E16BDD 4 77 6167
app_main.js:102 7AF652C083A8 6 97 6359
app_main.js:102 062E77184689 3 63 6551
app_main.js:102 EB16C0893221 1 78 6740
app_main.js:102 42C362D9BD50 2 99 6031
app_main.js:102 2C6C0CDED40D 3 114 6359
app_main.js:102 CA6405208804 5 96 5699
app_main.js:102 5367A7E16BDD 5 110 6206
app_main.js:102 39C7B59BA3C9 4 101 6558
app_main.js:102 8ACE5E8D532A 3 71 6888
app_main.js:102 DC85ADF86114 4 111 7164
app_main.js:102 A34714E53477 4 65 7390
app_main.js:102 129EC42A33E8 5 68 6583
app_main.js:102 151F849274F1 1 86 6807
app_main.js:102 9DD60590B56C 4 113 6493
app_main.js:102 CDA246A4CEE6 3 80 6826
app_main.js:102 A34714E53477 5 85 7064
app_main.js:102 039039565CAE 3 91 7242
app_main.js:102 5367A7E16BDD 6 91 7422
app_main.js:102 6DD71324BBFF 4 82 7747
app_main.js:102 439744DE7485 1 92 7095
app_main.js:102 186D9BF64CB7 1 73 7292
app_main.js:102 7DC38BF449DD 2 95 6470
app_main.js:102 77092E965FB9 4 85 6706
app_main.js:102 AB7AA35273D0 8 91 6910
app_main.js:102 393D91CEC1D6 4 117 7107
app_main.js:102 C153DDD4FF32 4 81 7300
app_main.js:102 276028D7F6BE 3 96 7638
app_main.js:102 9CF54AA22A8B 5 92 7164
app_main.js:102 050731D41E51 6 109 7456
app_main.js:102 233DD14F8910 3 112 6681
app_main.js:102 D768AFFD16D5 5 112 6945
app_main.js:102 D94278B79EE9 3 77 7269
app_main.js:102 5ACD3841C78C 2 89 7588
app_main.js:102 AB7AA35273D0 9 111 7908
app_main.js:102 3B20E2F65003 1 107 8211
app_main.js:102 21ED05D6134E 4 99 7502
app_main.js:102 00400526864F 3 63 7752
app_main.js:102 BC06581BFEA3 3 79 6951
app_main.js:102 BB1D192F9C37 7 115 7132
app_main.js:102 517CF66435F7 2 108 7309
app_main.js:102 D768AFFD16D5 6 80 7501
app_main.js:102 A4BF260C42EE 2 77 7694
app_main.js:102 EB16C0893221 2 86 7974
app_main.js:102 B990E1F332DC 3 85 7588
app_main.js:102 DA625FA39513 1 88 7764
app_main.js:102 9A2E2A5814DD 3 111 6946
app_main.js:102 E436680CB36E 2 96 7136
app_main.js:102 AB7AA35273D0 10 79 7521
app_main.js:102 3C10EBA41C05 3 103 7696
app_main.js:102 E9E83B5CB5C6 7 95 7933
app_main.js:102 3862E14D865D 5 68 8123
app_main.js:102 40A3CC2DD071 6 83 7345
app_main.js:102 14EB196DC005 8 68 7513
app_main.js:102 006E17354776 5 106 6685
app_main.js:102 EB16C0893221 3 85 7005
app_main.js:102 104844A1DBC6 4 97 7184
app_main.js:102 422E9950450E 6 115 7753
app_main.js:102 ECB2A41CB98C 4 97 8085
app_main.js:102 DD26E1D07285 4 105 8386
app_main.js:102 DA625FA39513 2 120 7590
app_main.js:102 370067B3B998 3 101 7786
app_main.js:102 8CDD7DD1012F 5 99 7079
app_main.js:102 A6BC9B90E6D6 3 90 7408
app_main.js:102 3C10EBA41C05 4 110 7723
app_main.js:102 6C2D6AB8A466 3 112 7918
app_main.js:102 3BF0D757DA02 3 64 8100
app_main.js:102 7582A9EF73D3 3 94 8296
app_main.js:102 112BF59E77D7 2 96 7510
app_main.js:102 9008A4D6D4FD 4 78 7753
app_main.js:102 517CF66435F7 3 65 6946
app_main.js:102 ACDD355679A9 2 81 7122
app_main.js:102 B14A52A71BD0 7 74 7421
app_main.js:102 572C9B01B7F0 5 90 7809
app_main.js:102 E4565EB24E9E 5 94 8155
app_main.js:102 61BBFD0218A3 1 92 8473
app_main.js:102 55DE2C47BC17 6 103 8148
app_main.js:102 2C0AE47019C7 6 103 8470
app_main.js:102 59780EA94A8E 3 91 7695
app_main.js:102 ACDD355679A9 3 60 8053
app_main.js:102 79C0CF81711F 5 97 8396
app_main.js:102 8D1B2312AB95 4 85 8944
app_main.js:102 083B4D8A23AC 3 66 9186
app_main.js:102 416453285982 4 107 9521
app_main.js:102 9CF54AA22A8B 6 112 8829
app_main.js:102 B6AD897C44E1 3 107 9048
app_main.js:102 F89CF7910C0F 5 68 8244
app_main.js:102 039039565CAE 4 84 8560
app_main.js:102 9DD033B0DC11 5 110 8777
app_main.js:102 006E17354776 6 80 8966
app_main.js:102 B4068282CF60 2 120 9156
app_main.js:102 ED44CBA33116 1 65 9331
app_main.js:102 B52347E44F5E 6 108 8515
app_main.js:102 9008A4D6D4FD 5 113 8726
app_main.js:102 8CDD7DD1012F 6 116 8023
app_main.js:102 5367A7E16BDD 7 95 8357
app_main.js:102 1088F82860FB 3 78 8637
app_main.js:102 40B7B01BDCBB 9 62 8837
app_main.js:102 F81F7F7C672C 5 118 9045
app_main.js:102 44BF13BFBC57 6 68 9261
app_main.js:102 E8A06435D83C 1 79 8504
app_main.js:102 2C0AE47019C7 7 76 8828
app_main.js:102 E9E83B5CB5C6 8 95 8131
app_main.js:102 D4F93FBF75FF 3 110 8464
app_main.js:102 1B587FB5041D 3 75 8747
app_main.js:102 4A86FD6E67B8 4 81 8931
app_main.js:102 6B33F6E17EA1 2 119 9180
app_main.js:102 0F7FA563323A 1 91 9390
app_main.js:102 BA42F7432ED8 5 120 8597
app_main.js:102 6BE1ECFC33EF 3 82 8774
app_main.js:102 ECB2A41CB98C 5 77 8294
app_main.js:102 B5FC513C5A03 5 84 8481
app_main.js:102 91D8A10441C3 3 88 8655
app_main.js:102 A313F9486C4E 4 67 8832
app_main.js:102 61389695D0D7 2 88 9150
app_main.js:102 D420FAE0EBF4 2 113 9337
app_main.js:102 6B27D8C8B3C5 5 91 8550
app_main.js:102 151F849274F1 2 116 8743
app_main.js:102 CDA246A4CEE6 4 91 7915
app_main.js:102 CA6405208804 6 102 8138
app_main.js:102 673B30021973 4 62 8433
app_main.js:102 3C10EBA41C05 5 104 8636
app_main.js:102 8D1B2312AB95 5 88 8836
app_main.js:102 26C15883A577 3 97 9032
app_main.js:102 BC1F7BDE8096 3 71 8220
app_main.js:102 439744DE7485 2 74 8396
app_main.js:102 58D224EC74CA 3 64 7575
app_main.js:102 B4068282CF60 3 80 7900
app_main.js:102 A4BF260C42EE 3 111 8075
app_main.js:102 B333C8358A48 5 70 8404
app_main.js:102 E4565EB24E9E 6 102 8584
app_main.js:102 BCCF83410E07 6 95 8880
app_main.js:102 39438029098C 4 95 8107
app_main.js:102 DE0E7C0C627E 4 115 8304
app_main.js:102 062E77184689 4 69 7483
app_main.js:102 DC85ADF86114 5 118 7662
app_main.js:102 BDF844C341C2 2 119 7839
app_main.js:102 C153DDD4FF32 5 99 8080
app_main.js:102 E9CDB73E099D 2 104 8342
app_main.js:102 61BBFD0218A3 2 72 8623
app_main.js:102 E577A04B5B49 6 103 8003
app_main.js:102 7D1EEB64AEE0 3 94 8341
app_main.js:102 FCB813E9F08E 7 76 7676
app_main.js:102 062E77184689 5 88 8031
app_main.js:102 276028D7F6BE 4 78 8398
app_main.js:102 D4F93FBF75FF 4 84 8874
app_main.js:102 5EDAEEA2996B 4 115 9215
app_main.js:102 083B4D8A23AC 4 80 9473
app_main.js:102 2C6C0CDED40D 4 119 8829
app_main.js:102 7D1EEB64AEE0 4 98 9012
app_main.js:102 5ACD3841C78C 3 69 8457
app_main.js:102 E2FBA0F3B316 3 61 8676
app_main.js:102 39C7B59BA3C9 5 95 8860
app_main.js:102 FCB813E9F08E 8 65 9081
app_main.js:102 B5FC513C5A03 6 73 9265
app_main.js:102 40B7B01BDCBB 10 66 9641
app_main.js:102 00400526864F 4 71 8933
app_main.js:102 A7FD307BAF83 1 84 9182
app_main.js:102 89C976DB9909 3 85 8523
app_main.js:102 4321B51D50C9 6 106 8815
app_main.js:102 1FB168DAD888 2 72 9084
app_main.js:102 EB16C0893221 4 76 9419
app_main.js:102 65483AC1F5FA 2 73 9620
app_main.js:102 8EC677B127A6 2 71 9833
app_main.js:102 2508FEE3ADA3 2 72 9021
app_main.js:102 BD05B4D4EF55 7 95 9213
app_main.js:102 9A601DCBE2D6 4 98 8445
app_main.js:102 C153DDD4FF32 6 61 9033
app_main.js:102 6CB9DF86A2E5 2 88 9397
app_main.js:102 FBFD97442DD8 2 96 9621
app_main.js:102 386BA69BD8D3 3 66 9812
app_main.js:102 F81F7F7C672C 6 64 10108
app_main.js:102 BC1F7BDE8096 4 105 9280
app_main.js:102 42C362D9BD50 3 73 9468
app_main.js:102 EE61C887A964 3 94 8699
app_main.js:102 9DD60590B56C 5 85 9025
app_main.js:102 572C9B01B7F0 6 71 9249
app_main.js:102 1B587FB5041D 4 72 9581
app_main.js:102 026B1A6C4617 3 85 9876
app_main.js:102 2520408B019F 3 71 10204
app_main.js:102 050731D41E51 7 92 9597
app_main.js:102 EFB9AC2A4D13 2 85 9853
app_main.js:102 D13F97E8E6AC 4 65 9240
app_main.js:102 311BBE2F83E3 3 98 9631
app_main.js:102 9DD033B0DC11 6 105 10029
app_main.js:102 039039565CAE 5 65 10220
app_main.js:102 1088F82860FB 4 70 10435
app_main.js:102 3C10EBA41C05 6 75 10771
app_main.js:102 7B7BD945A7B9 3 100 10158
app_main.js:102 439744DE7485 3 81 10496
app_main.js:102 D32D51251126 3 88 9717
app_main.js:102 CE719971C4B2 5 109 9982
app_main.js:102 4321B51D50C9 7 90 10153
app_main.js:102 062E77184689 6 79 10352
app_main.js:102 E8D30779232D 7 72 10572
app_main.js:102 ED44CBA33116 2 82 10834
app_main.js:102 F0591CFEF203 3 91 10056
app_main.js:102 14EB196DC005 9 77 10376
app_main.js:102 236847A6E236 4 91 9576
app_main.js:102 53D48DD0736E 5 117 9825
app_main.js:102 2520408B019F 4 110 10016
app_main.js:102 386BA69BD8D3 4 92 10216
app_main.js:102 8BDDE8D5D1D4 2 82 10398
app_main.js:102 8E27910FC428 7 84 10577
app_main.js:102 DA625FA39513 3 72 9816
app_main.js:102 5CB844484D71 7 113 10165
app_main.js:102 F7BDB1102A6F 4 74 9505
app_main.js:102 61389695D0D7 3 62 9781
app_main.js:102 DB18693A6E3E 5 96 10070
app_main.js:102 F81F7F7C672C 7 81 10378
app_main.js:102 4A86FD6E67B8 5 116 10562
app_main.js:102 21804029F5A6 1 100 10736
app_main.js:102 42C362D9BD50 4 120 9913
app_main.js:102 39438029098C 5 86 10120
app_main.js:102 A38B5DCE15B5 9 105 9421
app_main.js:102 9DD033B0DC11 7 86 9693
app_main.js:102 DB18693A6E3E 6 75 9894
app_main.js:102 8EC677B127A6 3 71 10247
app_main.js:102 E9CDB73E099D 3 89 10486
app_main.js:102 70F3EAF32FF2 3 94 10692
app_main.js:102 129EC42A33E8 6 91 9927
app_main.js:102 51426381AF20 5 88 10166
app_main.js:102 77092E965FB9 5 117 9659
app_main.js:102 B2FFEC6F3FB3 5 88 9930
app_main.js:102 026B1A6C4617 4 94 10122
app_main.js:102 B5FC513C5A03 7 78 10299
app_main.js:102 E8D30779232D 8 85 10470
app_main.js:102 A4BF260C42EE 4 65 10651
app_main.js:102 5CB844484D71 8 110 10020
app_main.js:102 BBB2D11906AA 5 84 10376
app_main.js:102 A313F9486C4E 5 101 9729
app_main.js:102 517CF66435F7 4 108 9909
app_main.js:102 083B4D8A23AC 5 63 10095
app_main.js:102 9972AD96F558 2 89 10294
app_main.js:102 7AF652C083A8 7 111 10645
app_main.js:102 E80480855225 4 75 10850
app_main.js:102 42C362D9BD50 5 83 10050
app_main.js:102 2C0AE47019C7 8 69 10393
app_main.js:102 ED44CBA33116 3 110 9717
app_main.js:102 0A5BE05797D3 5 116 10049
app_main.js:102 C43A31379676 3 74 10299
app_main.js:102 3862E14D865D 6 93 10475
app_main.js:102 E436680CB36E 3 114 10655
app_main.js:102 006E17354776 7 117 11125
app_main.js:102 39438029098C 6 88 10358
app_main.js:102 129EC42A33E8 7 63 10556
app_main.js:102 6DD71324BBFF 5 67 9759
app_main.js:102 59780EA94A8E 4 61 10070
app_main.js:102 40B7B01BDCBB 11 113 10391
app_main.js:102 1B587FB5041D 5 90 10718
app_main.js:102 677AB711BC9F 1 113 10907
app_main.js:102 91D8A10441C3 4 120 11086
app_main.js:102 40A3CC2DD071 7 104 10284
app_main.js:102 881CF925D1C4 3 98 10497
app_main.js:102 D1CA033C591E 4 119 9812
app_main.js:102 C43A31379676 4 105 10011
app_main.js:102 B333C8358A48 6 112 10204
app_main.js:102 7D1E125ED8C5 3 85 10404
app_main.js:102 8EC677B127A6 4 116 10757
app_main.js:102 5ED7EE2496A7 5 103 10994
app_main.js:102 3BAD92823B05 4 83 10179
app_main.js:102 2C6C0CDED40D 5 113 10350
app_main.js:102 8A3B31CCFD4A 2 82 9524
app_main.js:102 236847A6E236 5 119 10153
app_main.js:102 E4565EB24E9E 7 62 10489
app_main.js:102 0F7FA563323A 2 107 10823
app_main.js:102 ACDD355679A9 4 116 11185
app_main.js:102 8CDAEFAAC2CA 5 86 11511
app_main.js:102 5CB844484D71 9 105 10858
app_main.js:102 DE0E7C0C627E 5 66 11137
app_main.js:102 ACDD355679A9 5 88 10346
app_main.js:102 F89CF7910C0F 6 81 10681
app_main.js:102 062E77184689 7 117 10921
app_main.js:102 233DD14F8910 4 69 11149
app_main.js:102 65483AC1F5FA 3 61 11346
app_main.js:102 EB16C0893221 5 64 11548
app_main.js:102 47B37C8C15DB 2 63 10897
app_main.js:102 21ED05D6134E 5 116 11149
app_main.js:102 5367A7E16BDD 8 79 10409
app_main.js:102 0C465DD784D9 3 113 10608
app_main.js:102 5EDAEEA2996B 5 119 10782
app_main.js:102 A0400CF51502 9 115 11033
app_main.js:102 E436680CB36E 4 102 11268
app_main.js:102 CA6405208804 7 69 11477
app_main.js:102 51426381AF20 6 80 10701
app_main.js:102 6BEACBC93EFF 4 98 10886
app_main.js:102 79C0CF81711F 6 114 10250
app_main.js:102 8D1B2312AB95 6 101 10631
app_main.js:102 A4BF260C42EE 5 103 10849
app_main.js:102 B2FFEC6F3FB3 6 66 11058
app_main.js:102 4A86FD6E67B8 6 82 11371
app_main.js:102 386BA69BD8D3 5 79 11749
app_main.js:102 2508FEE3ADA3 3 108 11038
app_main.js:102 4D8ECA410A97 1 98 11294
app_main.js:102 DD26E1D07285 5 90 10537
app_main.js:102 12D694E14367 3 92 10737
app_main.js:102 14DDFAF8AC7F 5 76 11032
app_main.js:102 53D48DD0736E 6 66 11281
app_main.js:102 A313F9486C4E 6 116 11467
app_main.js:102 3B20E2F65003 2 114 11717
app_main.js:102 74DF01FFCDC2 4 77 10941
app_main.js:102 6BEACBC93EFF 5 94 11376
app_main.js:102 8ACE5E8D532A 4 93 10655
app_main.js:102 39C7B59BA3C9 6 87 10804
app_main.js:102 5EDAEEA2996B 6 60 10948
app_main.js:102 DC85ADF86114 6 66 11094
app_main.js:102 87E204FFA01B 5 84 11237
app_main.js:102 ECB2A41CB98C 6 67 11381
app_main.js:102 47B37C8C15DB 3 110 10669
app_main.js:102 E577A04B5B49 7 89 10817
app_main.js:102 9A2E2A5814DD 4 73 9961
app_main.js:102 BCCF83410E07 7 114 10104
app_main.js:102 EB16C0893221 6 81 10344
app_main.js:102 A38B5DCE15B5 10 73 10503
app_main.js:102 006E17354776 8 74 10647
app_main.js:102 39C7B59BA3C9 7 89 10783
app_main.js:102 42C362D9BD50 6 63 9935
app_main.js:102 151F849274F1 3 108 10080
app_main.js:102 CDA246A4CEE6 5 72 9224
app_main.js:102 276028D7F6BE 5 98 9368
app_main.js:102 8BDDE8D5D1D4 3 68 9569
app_main.js:102 D4F93FBF75FF 5 72 9716
app_main.js:102 87E204FFA01B 6 96 9859
app_main.js:102 C153DDD4FF32 7 115 10116
app_main.js:102 42C362D9BD50 7 87 9262
app_main.js:102 D3418871E840 5 109 9405
app_main.js:102 21804029F5A6 2 110 8555
app_main.js:102 F7BDB1102A6F 5 114 8713
app_main.js:102 39F6525A6CB0 3 93 8858
app_main.js:102 2601C979A666 4 89 9002
app_main.js:102 104844A1DBC6 5 78 9231
app_main.js:102 D062679B78C2 2 110 9470
app_main.js:102 BC1F7BDE8096 5 116 8618
app_main.js:102 47B37C8C15DB 4 90 8775
app_main.js:102 D420FAE0EBF4 3 106 7924
app_main.js:102 59780EA94A8E 5 80 8073
app_main.js:102 F723BD2B834A 3 68 8220
app_main.js:102 B333C8358A48 7 62 8366
app_main.js:102 8E27910FC428 8 69 8514
app_main.js:102 B4068282CF60 4 109 8663
app_main.js:102 40A3CC2DD071 8 98 7828
app_main.js:102 881CF925D1C4 4 73 8066
app_main.js:102 062E77184689 8 63 7226
app_main.js:102 44BF13BFBC57 7 83 7375
app_main.js:102 1B587FB5041D 6 108 7527
app_main.js:102 0C465DD784D9 4 69 7678
app_main.js:102 CDA246A4CEE6 6 98 7827
app_main.js:102 2601C979A666 5 111 7970
