app_main.js:93 New device ping received.  B75710CC0CA6
app_main.js:93 New device ping received.  BA3E7753E9A4
app_main.js:93 New device ping received.  B354A7B56A98
app_main.js:93 New device ping received.  614B200826C9
app_main.js:105 B75710CC0CA6 1 76 260
app_main.js:93 New device ping received.  CB2A622A063F
app_main.js:105 BA3E7753E9A4 1 103 255
app_main.js:93 New device ping received.  86F745BDD5A1
app_main.js:105 B354A7B56A98 1 116 324
app_main.js:93 New device ping received.  85B67A0794CD
app_main.js:93 New device ping received.  D748556CEC55
app_main.js:93 New device ping received.  E9E3BD681E95
app_main.js:105 CB2A622A063F 1 94 396
app_main.js:93 New device ping received.  C96D92166605
app_main.js:105 614B200826C9 1 108 506
app_main.js:105 86F745BDD5A1 1 107 519
app_main.js:105 D748556CEC55 1 89 523
app_main.js:93 New device ping received.  0BEEE77CD98D
app_main.js:93 New device ping received.  A38695FFA847
app_main.js:93 New device ping received.  A821259E27CB
app_main.js:105 85B67A0794CD 1 76 723
app_main.js:105 E9E3BD681E95 1 92 734
app_main.js:93 New device ping received.  164C0A735C67
app_main.js:93 New device ping received.  2E2D23C72C32
app_main.js:105 C96D92166605 1 103 889
app_main.js:93 New device ping received.  98B640BA65F9
app_main.js:93 New device ping received.  C20AB55F087D
app_main.js:93 New device ping received.  4A16FB0ABFB0
app_main.js:105 0BEEE77CD98D 1 91 1079
app_main.js:93 New device ping received.  EC0EFA639BBC
app_main.js:105 A38695FFA847 1 69 1195
app_main.js:105 A821259E27CB 1 111 1255
app_main.js:93 New device ping received.  FE5C06150CFE
app_main.js:93 New device ping received.  D3FEE1BBD3D3
app_main.js:105 2E2D23C72C32 1 63 1414
app_main.js:93 New device ping received.  6124D7A6EC81
app_main.js:105 C20AB55F087D 1 80 1518
app_main.js:93 New device ping received.  828DA1CF3909
app_main.js:105 98B640BA65F9 1 83 1698
app_main.js:93 New device ping received.  D92D02835D9A
app_main.js:105 164C0A735C67 1 65 1902
app_main.js:105 4A16FB0ABFB0 1 103 1903
app_main.js:93 New device ping received.  B20CBCA14326
app_main.js:93 New device ping received.  F58301AB16D0
app_main.js:105 D3FEE1BBD3D3 1 81 2106
app_main.js:105 EC0EFA639BBC 1 117 2233
app_main.js:93 New device ping received.  D1E541A0D57F
app_main.js:105 FE5C06150CFE 1 67 2383
app_main.js:105 828DA1CF3909 1 64 2414
app_main.js:93 New device ping received.  60C5F5223BC6
app_main.js:105 6124D7A6EC81 1 64 2595
app_main.js:93 New device ping received.  43713BCE3E0F
app_main.js:93 New device ping received.  646138C46934
app_main.js:93 New device ping received.  147E4AA2B58C
app_main.js:105 F58301AB16D0 1 116 2923
app_main.js:105 D92D02835D9A 1 116 3067
app_main.js:93 New device ping received.  EC917E5D89BF
app_main.js:93 New device ping received.  CB64F748DB4C
app_main.js:105 B20CBCA14326 1 69 3372
app_main.js:105 D1E541A0D57F 1 82 3390
app_main.js:93 New device ping received.  FD71E820979D
app_main.js:93 New device ping received.  B00FC57D3DE4
app_main.js:105 60C5F5223BC6 1 64 3787
app_main.js:93 New device ping received.  8909EBEFD6B0
app_main.js:105 EC917E5D89BF 1 63 3987
app_main.js:105 147E4AA2B58C 1 115 4172
app_main.js:93 New device ping received.  8A7C86E59B05
app_main.js:105 CB64F748DB4C 1 114 4401
app_main.js:93 New device ping received.  326A74B7F7FE
app_main.js:105 646138C46934 1 112 4747
app_main.js:93 New device ping received.  A2E4640DC1A8
app_main.js:105 43713BCE3E0F 1 91 4997
app_main.js:93 New device ping received.  A8E5695EEFA9
app_main.js:93 New device ping received.  6856D3FABFA1
app_main.js:105 B00FC57D3DE4 1 91 5361
app_main.js:105 FD71E820979D 1 78 5509
app_main.js:93 New device ping received.  36DF771B9810
app_main.js:105 8909EBEFD6B0 1 67 5825
app_main.js:93 New device ping received.  BAA8386C96E2
app_main.js:93 New device ping received.  3430FCAB490E
app_main.js:105 8A7C86E59B05 1 78 6242
app_main.js:93 New device ping received.  A325CF24F99F
app_main.js:105 326A74B7F7FE 1 94 6543
app_main.js:93 New device ping received.  FAA0ABC4E489
app_main.js:105 A2E4640DC1A8 1 117 6830
app_main.js:93 New device ping received.  9BCDE5C78875
app_main.js:105 6856D3FABFA1 1 110 7095
app_main.js:105 A8E5695EEFA9 1 106 7241
app_main.js:105 36DF771B9810 1 107 7374
app_main.js:93 New device ping received.  6330567C5B65
app_main.js:93 New device ping received.  FA3CCAD54FC7
app_main.js:105 BAA8386C96E2 1 108 7859
app_main.js:105 3430FCAB490E 1 84 7980
app_main.js:93 New device ping received.  91AA9008F8E7
app_main.js:93 New device ping received.  1EA698FA078C
app_main.js:93 New device ping received.  246D418ECBEE
app_main.js:105 FAA0ABC4E489 1 78 8483
app_main.js:105 A325CF24F99F 1 107 8597
app_main.js:93 New device ping received.  FEEEEA24EF21
app_main.js:93 New device ping received.  25BBC9FBBF01
app_main.js:105 6330567C5B65 1 66 8662
app_main.js:93 New device ping received.  2F19715003D8
app_main.js:105 9BCDE5C78875 1 116 8839
app_main.js:93 New device ping received.  E8AF18D1A45D
app_main.js:105 246D418ECBEE 1 118 8873
app_main.js:93 New device ping received.  76190EDB1A7A
app_main.js:105 91AA9008F8E7 1 117 9026
app_main.js:105 25BBC9FBBF01 1 91 8994
app_main.js:93 New device ping received.  5212D1A5BFD6
app_main.js:93 New device ping received.  EBF6292C68E4
app_main.js:105 1EA698FA078C 1 89 9369
app_main.js:105 FA3CCAD54FC7 1 60 9484
app_main.js:105 FEEEEA24EF21 1 104 9431
app_main.js:93 New device ping received.  C62DF313B2C9
app_main.js:93 New device ping received.  E3A68BE7AA04
app_main.js:93 New device ping received.  45E4E0B7C5A8
app_main.js:105 2F19715003D8 1 92 9648
app_main.js:93 New device ping received.  62190882496C
app_main.js:105 E8AF18D1A45D 1 68 9743
app_main.js:105 76190EDB1A7A 1 98 9786
app_main.js:93 New device ping received.  C70EF66E9936
app_main.js:105 5212D1A5BFD6 1 91 9873
app_main.js:93 New device ping received.  415AEE710019
app_main.js:93 New device ping received.  32BFC65FF248
app_main.js:105 EBF6292C68E4 1 70 10105
app_main.js:93 New device ping received.  C9C562F18D15
app_main.js:105 E3A68BE7AA04 1 70 10258
app_main.js:105 C62DF313B2C9 1 86 10298
app_main.js:105 45E4E0B7C5A8 1 102 10357
app_main.js:93 New device ping received.  275BD578D080
app_main.js:93 New device ping received.  B7DEFD7E5246
app_main.js:93 New device ping received.  980C3FA8E37A
app_main.js:105 62190882496C 1 69 10640
app_main.js:93 New device ping received.  B61212E0CA6B
app_main.js:105 415AEE710019 1 81 10724
app_main.js:93 New device ping received.  E8DF1A3AAF2F
app_main.js:105 C70EF66E9936 1 78 10896
app_main.js:105 32BFC65FF248 1 102 10954
app_main.js:105 C9C562F18D15 1 86 10990
app_main.js:93 New device ping received.  6A4D43E5410A
app_main.js:93 New device ping received.  710A0D6A6D5B
app_main.js:93 New device ping received.  AACB740158E9
app_main.js:105 275BD578D080 1 66 11256
app_main.js:93 New device ping received.  1BFBDAA16F7B
app_main.js:105 B7DEFD7E5246 1 111 11447
app_main.js:105 B61212E0CA6B 1 90 11455
app_main.js:105 980C3FA8E37A 1 65 11581
app_main.js:93 New device ping received.  6466D6B34DBA
app_main.js:93 New device ping received.  D74686EA33BC
app_main.js:93 New device ping received.  65AAD65CFF0B
app_main.js:105 E8DF1A3AAF2F 1 82 11843
app_main.js:93 New device ping received.  CCE260BD9A89
app_main.js:105 AACB740158E9 1 70 11943
app_main.js:105 1BFBDAA16F7B 1 69 11973
app_main.js:93 New device ping received.  5F564678C575
app_main.js:93 New device ping received.  E915E87FFD12
app_main.js:105 6466D6B34DBA 1 107 12148
app_main.js:93 New device ping received.  FDC50B6243B5
app_main.js:105 D74686EA33BC 1 66 12313
app_main.js:105 6A4D43E5410A 1 120 12508
app_main.js:105 710A0D6A6D5B 1 106 12585
app_main.js:93 New device ping received.  9028BB4A01E3
app_main.js:93 New device ping received.  86BAF2D3DA67
app_main.js:105 65AAD65CFF0B 1 84 12744
app_main.js:93 New device ping received.  8EEC545AD8E7
app_main.js:105 CCE260BD9A89 1 103 12909
app_main.js:93 New device ping received.  56ED38372DDC
app_main.js:93 New device ping received.  DA08C5C50244
app_main.js:105 5F564678C575 1 60 13177
app_main.js:105 E915E87FFD12 1 73 13249
app_main.js:93 New device ping received.  3F313B3945FB
app_main.js:105 9028BB4A01E3 1 106 13377
app_main.js:93 New device ping received.  5FD031633B48
app_main.js:105 FDC50B6243B5 1 99 13630
app_main.js:93 New device ping received.  278A9DE61AE7
app_main.js:105 86BAF2D3DA67 1 120 13796
app_main.js:93 New device ping received.  7E9865D288AA
app_main.js:93 New device ping received.  E3D6A64EA5B1
app_main.js:105 8EEC545AD8E7 1 89 14041
app_main.js:93 New device ping received.  7EBD281BD681
app_main.js:105 DA08C5C50244 1 88 14206
app_main.js:105 56ED38372DDC 1 120 14346
app_main.js:105 3F313B3945FB 1 114 14343
app_main.js:93 New device ping received.  96B2DF58E18E
app_main.js:105 5FD031633B48 1 113 14511
app_main.js:93 New device ping received.  9E1D038CE68B
app_main.js:93 New device ping received.  08D6953CF35B
app_main.js:105 E3D6A64EA5B1 1 97 14740
app_main.js:93 New device ping received.  DA9BE83EE561
app_main.js:105 7E9865D288AA 1 91 14944
app_main.js:93 New device ping received.  D40CFDEDD41C
app_main.js:105 7EBD281BD681 1 79 15118
app_main.js:93 New device ping received.  5C13318AB305
app_main.js:105 278A9DE61AE7 1 114 15460
app_main.js:93 New device ping received.  B2C8B7BB09D5
app_main.js:93 New device ping received.  DE129E491659
app_main.js:105 DA9BE83EE561 1 77 15645
app_main.js:93 New device ping received.  475BC7C65BA6
app_main.js:105 96B2DF58E18E 1 98 15915
app_main.js:93 New device ping received.  029CE052FE46
app_main.js:105 D40CFDEDD41C 1 73 16079
app_main.js:105 08D6953CF35B 1 61 16190
app_main.js:93 New device ping received.  6EBDE4C4BA9F
app_main.js:93 New device ping received.  8A8B8118C273
app_main.js:105 9E1D038CE68B 1 82 16534
app_main.js:93 New device ping received.  61A62D322074
app_main.js:105 DE129E491659 1 77 16705
app_main.js:93 New device ping received.  4907E0B1255E
app_main.js:105 5C13318AB305 1 78 16912
app_main.js:105 B2C8B7BB09D5 1 61 16998
app_main.js:93 New device ping received.  01621738C83B
app_main.js:93 New device ping received.  6A7ECC291D64
app_main.js:105 61A62D322074 1 80 17180
app_main.js:93 New device ping received.  990C93421FA7
app_main.js:105 475BC7C65BA6 1 83 17457
app_main.js:105 029CE052FE46 1 88 17530
app_main.js:93 New device ping received.  EB49D1317035
app_main.js:105 4907E0B1255E 1 117 17674
app_main.js:93 New device ping received.  913635251CB1
app_main.js:105 6EBDE4C4BA9F 1 104 17968
app_main.js:93 New device ping received.  8FBF68D6203F
app_main.js:105 01621738C83B 1 102 18057
app_main.js:105 6A7ECC291D64 1 64 18159
app_main.js:93 New device ping received.  C6264C686FBD
app_main.js:105 8A8B8118C273 1 77 18509
app_main.js:93 New device ping received.  5AB6E1F158CD
app_main.js:93 New device ping received.  8E08E89CEFCD
app_main.js:93 New device ping received.  1CA9668DEE86
app_main.js:105 990C93421FA7 1 70 18811
app_main.js:105 913635251CB1 1 105 18917
app_main.js:93 New device ping received.  4F5F03D75EAE
app_main.js:105 EB49D1317035 1 81 19182
app_main.js:93 New device ping received.  60E004600AD2
app_main.js:93 New device ping received.  7DD72F588F96
app_main.js:105 8FBF68D6203F 1 62 19543
app_main.js:93 New device ping received.  9BA400B470EA
app_main.js:105 8E08E89CEFCD 1 109 19753
app_main.js:93 New device ping received.  687747F06CA2
app_main.js:105 1CA9668DEE86 1 109 20012
app_main.js:93 New device ping received.  8B3814C0F4D6
app_main.js:105 C6264C686FBD 1 120 20277
app_main.js:93 New device ping received.  99801010E76B
app_main.js:105 60E004600AD2 1 109 20422
app_main.js:105 5AB6E1F158CD 1 88 20651
app_main.js:93 New device ping received.  1FEF35684947
app_main.js:93 New device ping received.  C6204CAF03BA
app_main.js:105 4F5F03D75EAE 1 119 20880
app_main.js:93 New device ping received.  6F66F65F7954
app_main.js:105 7DD72F588F96 1 89 21117
app_main.js:93 New device ping received.  CF9CB1BCC283
app_main.js:105 99801010E76B 1 120 21242
app_main.js:105 8B3814C0F4D6 1 70 21364
app_main.js:93 New device ping received.  9E0E34B6F75D
app_main.js:105 687747F06CA2 1 85 21687
app_main.js:93 New device ping received.  2F73D7AAECFC
app_main.js:105 9BA400B470EA 1 113 22044
app_main.js:93 New device ping received.  F207BC2EB798
app_main.js:105 C6204CAF03BA 1 84 22141
app_main.js:93 New device ping received.  6D8B0AE15049
app_main.js:93 New device ping received.  67BFD611E766
app_main.js:105 1FEF35684947 1 100 22669
app_main.js:93 New device ping received.  FF109484558F
app_main.js:105 CF9CB1BCC283 1 79 22850
app_main.js:93 New device ping received.  F1E91A189408
app_main.js:105 2F73D7AAECFC 1 116 23125
app_main.js:105 6F66F65F7954 1 96 23320
app_main.js:93 New device ping received.  DF3E7FEF0832
app_main.js:93 New device ping received.  2EF8EB79CFBA
app_main.js:105 9E0E34B6F75D 1 96 23794
app_main.js:105 F207BC2EB798 1 103 23854
app_main.js:93 New device ping received.  6CCF7F922013
app_main.js:93 New device ping received.  110A0F8CF3B4
app_main.js:105 6D8B0AE15049 1 91 24270
app_main.js:93 New device ping received.  01C09D5E3821
app_main.js:105 67BFD611E766 1 63 24512
app_main.js:93 New device ping received.  BCD47904A23D
app_main.js:105 FF109484558F 1 75 24825
app_main.js:93 New device ping received.  F04BD47B4F7E
app_main.js:105 DF3E7FEF0832 1 69 25008
app_main.js:105 F1E91A189408 1 60 25190
app_main.js:105 110A0F8CF3B4 1 99 25247
app_main.js:93 New device ping received.  4770A623224A
app_main.js:93 New device ping received.  91E8A10FD738
app_main.js:105 2EF8EB79CFBA 1 60 25689
app_main.js:93 New device ping received.  17E23A995A3C
app_main.js:105 6CCF7F922013 1 94 25941
app_main.js:93 New device ping received.  5F144F92D907
app_main.js:105 BCD47904A23D 1 104 26184
app_main.js:93 New device ping received.  FF3175839FA9
app_main.js:105 01C09D5E3821 1 72 26523
app_main.js:93 New device ping received.  6457B0108F44
app_main.js:93 New device ping received.  DCA2A987EE7F
app_main.js:105 F04BD47B4F7E 1 118 26952
app_main.js:93 New device ping received.  69EB551D3851
app_main.js:105 4770A623224A 1 69 27204
app_main.js:105 91E8A10FD738 1 60 27344
app_main.js:93 New device ping received.  17118CE51482
app_main.js:93 New device ping received.  A32B21B081D9
app_main.js:105 5F144F92D907 1 63 27814
app_main.js:105 DCA2A987EE7F 1 79 27897
app_main.js:93 New device ping received.  35A54F35873F
app_main.js:105 6457B0108F44 1 75 28212
app_main.js:93 New device ping received.  944AA0EB6F6E
app_main.js:93 New device ping received.  87A4826B2672
app_main.js:105 17E23A995A3C 1 100 28757
app_main.js:105 FF3175839FA9 1 95 28839
app_main.js:93 New device ping received.  CF3D471B3199
app_main.js:105 69EB551D3851 1 92 29111
app_main.js:93 New device ping received.  5DCCB6012C49
app_main.js:105 A32B21B081D9 1 103 29349
app_main.js:93 New device ping received.  3B83A8CC9045
app_main.js:93 New device ping received.  67E4844AE457
app_main.js:105 17118CE51482 1 78 29786
app_main.js:93 New device ping received.  175E3E2288F5
app_main.js:105 35A54F35873F 1 108 30032
app_main.js:93 New device ping received.  9456B45E947B
app_main.js:105 944AA0EB6F6E 1 119 30301
app_main.js:93 New device ping received.  07541657612C
app_main.js:105 87A4826B2672 1 116 30630
app_main.js:105 5DCCB6012C49 1 88 30752
app_main.js:93 New device ping received.  8CF6AA0E35C5
app_main.js:105 3B83A8CC9045 1 106 31123
app_main.js:105 CF3D471B3199 1 93 31354
app_main.js:93 New device ping received.  2F353A2BFD2F
app_main.js:93 New device ping received.  E626B356DD34
app_main.js:93 New device ping received.  93FB2BFBDE19
app_main.js:105 175E3E2288F5 1 113 31871
app_main.js:105 67E4844AE457 1 79 32057
app_main.js:93 New device ping received.  B24F8667E332
app_main.js:93 New device ping received.  3404C117ADAE
app_main.js:105 07541657612C 1 106 32485
app_main.js:93 New device ping received.  9B6285BF5F0D
app_main.js:105 2F353A2BFD2F 1 66 32757
app_main.js:105 8CF6AA0E35C5 1 60 32923
app_main.js:93 New device ping received.  7EE87AE0D56B
app_main.js:93 New device ping received.  F6200727C93C
app_main.js:105 E626B356DD34 1 112 33416
app_main.js:105 93FB2BFBDE19 1 109 33586
app_main.js:93 New device ping received.  4E1B4A55A0F7
app_main.js:105 B24F8667E332 1 110 33856
app_main.js:93 New device ping received.  29E01A95FB12
app_main.js:105 9456B45E947B 1 65 34392
app_main.js:93 New device ping received.  2F358A10C21B
app_main.js:93 New device ping received.  F915A06879B5
app_main.js:105 9B6285BF5F0D 1 75 34700
app_main.js:93 New device ping received.  BD656C02C533
app_main.js:105 4E1B4A55A0F7 1 117 34954
app_main.js:105 29E01A95FB12 1 60 35119
app_main.js:105 F6200727C93C 1 89 35308
app_main.js:105 2F358A10C21B 1 77 35436
app_main.js:93 New device ping received.  98BE7BA17A61
app_main.js:105 7EE87AE0D56B 1 118 35812
app_main.js:93 New device ping received.  4D8C188DD41C
app_main.js:93 New device ping received.  C52CFA822F8A
app_main.js:93 New device ping received.  553BCDFBDCE3
app_main.js:105 F915A06879B5 1 66 36430
app_main.js:93 New device ping received.  7BD9BE5762A3
app_main.js:105 3404C117ADAE 1 70 36981
app_main.js:93 New device ping received.  363E8EBDA1E4
app_main.js:93 New device ping received.  10CE78547A35
app_main.js:105 BD656C02C533 1 98 37296
app_main.js:93 New device ping received.  1479FCC3ACC2
app_main.js:105 C52CFA822F8A 1 81 37637
app_main.js:93 New device ping received.  976D044C1BEF
app_main.js:105 553BCDFBDCE3 1 64 38004
app_main.js:93 New device ping received.  177ECE21FD09
app_main.js:105 4D8C188DD41C 1 91 38633
app_main.js:93 New device ping received.  9F35EA95C482
app_main.js:105 98BE7BA17A61 1 102 39308
app_main.js:105 363E8EBDA1E4 1 76 39637
app_main.js:93 New device ping received.  ACEE1978DDB8
app_main.js:93 New device ping received.  83D1996E6699
app_main.js:105 10CE78547A35 1 103 40708
app_main.js:105 7BD9BE5762A3 1 83 41102
app_main.js:93 New device ping received.  D96F1AF22E4D
app_main.js:93 New device ping received.  136D3835B545
app_main.js:105 976D044C1BEF 1 67 42047
app_main.js:93 New device ping received.  DBBA26B2FDEE
app_main.js:105 1479FCC3ACC2 1 89 42826
app_main.js:93 New device ping received.  6480D060A291
app_main.js:105 9F35EA95C482 1 113 43729
app_main.js:105 177ECE21FD09 1 65 44141
app_main.js:93 New device ping received.  D8BDC949909F
app_main.js:105 D96F1AF22E4D 1 71 44819
app_main.js:105 ACEE1978DDB8 1 106 45192
app_main.js:105 83D1996E6699 1 102 45450
app_main.js:93 New device ping received.  1F44970722BB
app_main.js:105 DBBA26B2FDEE 1 94 46170
app_main.js:93 New device ping received.  476D39A64E8F
app_main.js:105 6480D060A291 1 78 46916
app_main.js:105 136D3835B545 1 71 47499
app_main.js:93 New device ping received.  FF97D6AFC51F
app_main.js:105 D8BDC949909F 1 62 48327
app_main.js:105 B354A7B56A98 2 64 48738
app_main.js:93 New device ping received.  52662266524F
app_main.js:105 614B200826C9 2 66 49625
app_main.js:105 1F44970722BB 1 84 49993
app_main.js:105 B75710CC0CA6 2 95 50577
app_main.js:105 BA3E7753E9A4 2 100 51342
app_main.js:105 FF97D6AFC51F 1 101 51772
app_main.js:105 476D39A64E8F 1 90 52308
app_main.js:93 New device ping received.  1156571C512A
app_main.js:105 52662266524F 1 82 53149
app_main.js:105 A38695FFA847 2 88 53676
app_main.js:105 E9E3BD681E95 2 97 54118
app_main.js:105 D748556CEC55 2 108 55157
app_main.js:105 CB2A622A063F 2 91 55586
app_main.js:105 86F745BDD5A1 2 69 56049
app_main.js:105 85B67A0794CD 2 62 56564
app_main.js:105 1156571C512A 1 99 57135
app_main.js:105 FE5C06150CFE 2 81 57544
app_main.js:105 98B640BA65F9 2 71 58093
app_main.js:105 2E2D23C72C32 2 60 58598
app_main.js:105 A821259E27CB 2 113 59105
app_main.js:105 C96D92166605 2 103 59506
app_main.js:105 0BEEE77CD98D 2 93 60036
app_main.js:105 4A16FB0ABFB0 2 63 60469
app_main.js:105 60C5F5223BC6 2 62 61017
app_main.js:105 164C0A735C67 2 102 61609
app_main.js:105 D92D02835D9A 2 110 62108
app_main.js:105 D3FEE1BBD3D3 2 89 62478
app_main.js:105 8909EBEFD6B0 2 88 62884
app_main.js:105 C20AB55F087D 2 92 63487
app_main.js:105 EC0EFA639BBC 2 74 64021
app_main.js:105 B20CBCA14326 2 112 64524
app_main.js:105 F58301AB16D0 2 116 65208
app_main.js:105 EC917E5D89BF 2 69 65435
app_main.js:105 6124D7A6EC81 2 110 65899
app_main.js:105 D1E541A0D57F 2 68 66089
app_main.js:105 3430FCAB490E 2 98 66592
app_main.js:105 43713BCE3E0F 2 102 67547
app_main.js:105 828DA1CF3909 2 96 68013
app_main.js:105 8A7C86E59B05 2 97 68929
app_main.js:105 CB64F748DB4C 2 119 69756
app_main.js:105 FD71E820979D 2 90 70260
app_main.js:105 6856D3FABFA1 2 113 70621
app_main.js:105 246D418ECBEE 2 120 71059
app_main.js:105 147E4AA2B58C 2 77 71619
app_main.js:105 B00FC57D3DE4 2 95 71865
app_main.js:105 A325CF24F99F 2 91 72708
app_main.js:105 A2E4640DC1A8 2 90 73282
app_main.js:105 646138C46934 2 116 73825
app_main.js:105 BAA8386C96E2 2 70 74202
app_main.js:105 6330567C5B65 2 69 74652
app_main.js:105 76190EDB1A7A 2 60 75156
app_main.js:105 36DF771B9810 2 86 75664
app_main.js:105 326A74B7F7FE 2 98 76116
app_main.js:105 9BCDE5C78875 2 114 76721
app_main.js:105 FEEEEA24EF21 2 67 77242
app_main.js:105 A8E5695EEFA9 2 83 77571
app_main.js:105 1EA698FA078C 2 60 77966
app_main.js:105 2F19715003D8 2 109 78462
app_main.js:105 EB49D1317035 15 86 252
app_main.js:105 DF3E7FEF0832 15 80 657
app_main.js:105 2F19715003D8 15 80 1337
app_main.js:105 96B2DF58E18E 15 92 1828
app_main.js:105 8FBF68D6203F 15 119 2592
app_main.js:105 DBBA26B2FDEE 14 70 2821
app_main.js:105 4F5F03D75EAE 15 103 3043
app_main.js:105 7E9865D288AA 15 98 3449
app_main.js:105 7DD72F588F96 15 75 3932
app_main.js:105 029CE052FE46 15 110 4386
app_main.js:105 4770A623224A 15 70 5430
app_main.js:105 62190882496C 15 107 5965
app_main.js:105 5C13318AB305 15 101 6289
app_main.js:105 6F66F65F7954 15 94 6654
app_main.js:105 9BA400B470EA 15 119 7251
app_main.js:105 CF9CB1BCC283 15 68 7437
app_main.js:105 476D39A64E8F 14 68 8101
app_main.js:105 F207BC2EB798 15 65 8091
app_main.js:105 913635251CB1 15 63 8558
app_main.js:105 17118CE51482 15 79 8895
app_main.js:105 F1E91A189408 15 89 9112
app_main.js:105 01621738C83B 15 87 9644
app_main.js:105 1156571C512A 14 115 9932
app_main.js:105 B61212E0CA6B 15 102 10565
app_main.js:105 2EF8EB79CFBA 15 109 10979
app_main.js:105 110A0F8CF3B4 15 99 11330
app_main.js:105 175E3E2288F5 15 72 11713
app_main.js:105 60E004600AD2 15 98 12361
app_main.js:105 4A16FB0ABFB0 15 116 12730
app_main.js:105 5F144F92D907 15 62 13255
app_main.js:105 8E08E89CEFCD 15 70 13722
app_main.js:105 91E8A10FD738 15 75 14078
app_main.js:105 1FEF35684947 15 84 14362
app_main.js:105 17E23A995A3C 15 101 15010
app_main.js:105 D74686EA33BC 15 108 15408
app_main.js:105 F58301AB16D0 15 101 15619
app_main.js:105 35A54F35873F 15 95 16128
app_main.js:105 687747F06CA2 15 85 16762
app_main.js:105 B24F8667E332 15 68 17324
app_main.js:105 CF3D471B3199 15 100 17674
app_main.js:105 6D8B0AE15049 15 79 18042
app_main.js:105 A32B21B081D9 15 74 18525
app_main.js:105 FF109484558F 15 71 18832
app_main.js:105 2F358A10C21B 15 80 18833
app_main.js:105 CB64F748DB4C 15 66 19330
app_main.js:105 9456B45E947B 15 73 19575
app_main.js:105 86BAF2D3DA67 15 111 20198
app_main.js:105 01C09D5E3821 15 97 20258
app_main.js:105 93FB2BFBDE19 15 70 20894
app_main.js:105 F04BD47B4F7E 15 80 21229
app_main.js:105 67E4844AE457 15 116 21630
app_main.js:105 553BCDFBDCE3 15 99 21953
app_main.js:105 F915A06879B5 15 96 22346
app_main.js:105 E3D6A64EA5B1 15 88 22757
app_main.js:105 A2E4640DC1A8 15 101 23211
app_main.js:105 DCA2A987EE7F 15 104 23542
app_main.js:105 69EB551D3851 15 86 23849
app_main.js:105 29E01A95FB12 15 77 24378
app_main.js:105 3404C117ADAE 15 101 24657
app_main.js:105 944AA0EB6F6E 15 91 24885
app_main.js:105 D40CFDEDD41C 15 71 25411
app_main.js:105 177ECE21FD09 15 83 25794
app_main.js:105 9BCDE5C78875 15 75 26149
app_main.js:105 10CE78547A35 15 103 26586
app_main.js:105 4D8C188DD41C 15 71 27138
app_main.js:105 363E8EBDA1E4 15 96 27628
app_main.js:105 3B83A8CC9045 15 106 27922
app_main.js:105 07541657612C 15 105 28241
app_main.js:105 6EBDE4C4BA9F 15 112 28566
app_main.js:105 D8BDC949909F 15 80 28999
app_main.js:105 83D1996E6699 15 65 29243
app_main.js:105 E8AF18D1A45D 15 108 29706
app_main.js:105 D96F1AF22E4D 15 71 30050
app_main.js:105 E626B356DD34 15 112 30286
app_main.js:105 9B6285BF5F0D 15 62 30699
app_main.js:105 9F35EA95C482 15 107 31266
app_main.js:105 52662266524F 15 86 31514
app_main.js:105 C6264C686FBD 15 117 32096
app_main.js:105 1F44970722BB 15 116 32525
app_main.js:105 4E1B4A55A0F7 15 70 32996
app_main.js:105 B354A7B56A98 16 74 33423
app_main.js:105 99801010E76B 15 91 33646
app_main.js:105 98B640BA65F9 16 78 34079
app_main.js:105 E9E3BD681E95 16 73 34305
app_main.js:105 C70EF66E9936 15 91 35627
app_main.js:105 B75710CC0CA6 16 77 36096
app_main.js:105 D748556CEC55 16 106 36824
app_main.js:105 BD656C02C533 15 104 37469
app_main.js:105 D92D02835D9A 16 60 37486
app_main.js:105 9E0E34B6F75D 15 114 37969
app_main.js:105 1479FCC3ACC2 15 105 38436
app_main.js:105 CB2A622A063F 16 106 39153
app_main.js:105 98BE7BA17A61 15 75 39748
app_main.js:105 EC917E5D89BF 16 108 39837
app_main.js:105 2E2D23C72C32 16 106 40305
app_main.js:105 6480D060A291 15 113 40384
app_main.js:105 A821259E27CB 16 83 40806
app_main.js:105 6A4D43E5410A 15 111 41217
app_main.js:105 6CCF7F922013 15 105 41389
app_main.js:105 8A7C86E59B05 16 114 41736
app_main.js:105 C96D92166605 16 70 42505
app_main.js:105 ACEE1978DDB8 15 82 42861
app_main.js:105 8EEC545AD8E7 15 96 43259
app_main.js:105 FF97D6AFC51F 15 109 43865
app_main.js:105 D3FEE1BBD3D3 16 105 43996
app_main.js:105 A325CF24F99F 16 75 44023
app_main.js:105 FF3175839FA9 15 60 44279
app_main.js:105 7EBD281BD681 15 118 44252
app_main.js:105 6124D7A6EC81 16 106 44703
app_main.js:105 614B200826C9 16 76 44615
app_main.js:105 C20AB55F087D 16 90 44787
app_main.js:105 D1E541A0D57F 16 76 44863
app_main.js:105 85B67A0794CD 16 90 45015
app_main.js:105 FEEEEA24EF21 16 98 45160
app_main.js:105 5DCCB6012C49 15 70 45325
app_main.js:105 B2C8B7BB09D5 15 92 45414
app_main.js:105 147E4AA2B58C 16 114 45515
app_main.js:105 828DA1CF3909 16 67 45662
app_main.js:105 B00FC57D3DE4 16 80 45882
app_main.js:105 A38695FFA847 16 88 46195
app_main.js:105 164C0A735C67 16 65 46246
app_main.js:105 2F353A2BFD2F 15 90 46320
app_main.js:105 6A7ECC291D64 15 67 46427
app_main.js:105 C62DF313B2C9 16 116 46616
app_main.js:105 36DF771B9810 16 109 46609
app_main.js:105 326A74B7F7FE 16 76 46789
app_main.js:105 646138C46934 16 93 47039
app_main.js:105 FE5C06150CFE 16 80 47134
app_main.js:105 B20CBCA14326 16 70 47281
app_main.js:105 7EE87AE0D56B 15 108 47327
app_main.js:105 5AB6E1F158CD 15 105 47396
app_main.js:105 91AA9008F8E7 16 86 47521
app_main.js:105 7BD9BE5762A3 15 111 47546
app_main.js:105 A8E5695EEFA9 16 64 47951
app_main.js:105 980C3FA8E37A 16 112 48153
app_main.js:105 FAA0ABC4E489 16 67 48280
app_main.js:105 FD71E820979D 16 108 48310
app_main.js:105 C6204CAF03BA 15 90 48335
app_main.js:105 60C5F5223BC6 16 95 48639
app_main.js:105 5212D1A5BFD6 16 98 48747
app_main.js:105 FA3CCAD54FC7 16 101 48762
app_main.js:105 136D3835B545 15 81 48926
app_main.js:105 8909EBEFD6B0 16 89 48941
app_main.js:105 65AAD65CFF0B 16 81 49171
app_main.js:105 25BBC9FBBF01 16 119 49301
app_main.js:105 32BFC65FF248 16 102 49330
app_main.js:105 67BFD611E766 15 84 49546
app_main.js:105 BAA8386C96E2 16 87 49680
app_main.js:105 E3A68BE7AA04 16 66 49740
app_main.js:105 3430FCAB490E 16 118 49817
app_main.js:105 BA3E7753E9A4 16 108 50076
app_main.js:105 BCD47904A23D 15 84 50096
app_main.js:105 1EA698FA078C 16 111 50209
app_main.js:105 710A0D6A6D5B 16 79 50427
app_main.js:105 EBF6292C68E4 16 100 50563
app_main.js:105 56ED38372DDC 16 93 50730
app_main.js:105 246D418ECBEE 16 83 50695
app_main.js:105 275BD578D080 16 73 50893
app_main.js:105 86F745BDD5A1 16 79 50964
app_main.js:105 45E4E0B7C5A8 16 106 51057
app_main.js:105 6457B0108F44 15 73 51216
app_main.js:105 9028BB4A01E3 16 106 51285
app_main.js:105 1BFBDAA16F7B 16 119 51331
app_main.js:105 76190EDB1A7A 16 108 51498
app_main.js:105 08D6953CF35B 16 87 51707
app_main.js:105 C9C562F18D15 16 115 51865
app_main.js:105 0BEEE77CD98D 16 105 51938
app_main.js:105 B7DEFD7E5246 16 76 52040
app_main.js:105 278A9DE61AE7 16 89 52092
app_main.js:105 415AEE710019 16 91 52218
app_main.js:105 AACB740158E9 16 100 52334
app_main.js:105 87A4826B2672 15 111 52641
app_main.js:105 6466D6B34DBA 16 75 52554
app_main.js:105 8A8B8118C273 16 89 52816
app_main.js:105 E8DF1A3AAF2F 16 117 52709
app_main.js:105 DE129E491659 16 73 52908
app_main.js:105 E915E87FFD12 16 106 53275
app_main.js:105 EC0EFA639BBC 16 75 53333
app_main.js:105 8CF6AA0E35C5 15 69 53240
app_main.js:105 FDC50B6243B5 16 87 53379
app_main.js:105 4907E0B1255E 16 113 53416
app_main.js:105 1CA9668DEE86 16 75 53600
app_main.js:105 F6200727C93C 15 95 53622
app_main.js:105 7E9865D288AA 16 76 53746
app_main.js:105 5F564678C575 16 100 54242
app_main.js:105 CCE260BD9A89 16 119 54246
app_main.js:105 43713BCE3E0F 16 111 54353
app_main.js:105 5FD031633B48 16 105 54499
app_main.js:105 C52CFA822F8A 15 91 54421
app_main.js:105 3F313B3945FB 16 74 54472
app_main.js:105 8FBF68D6203F 16 103 54802
app_main.js:105 8B3814C0F4D6 16 106 54906
app_main.js:105 5C13318AB305 16 120 54940
app_main.js:105 DA08C5C50244 16 115 55053
app_main.js:105 01621738C83B 16 75 55035
app_main.js:105 2F73D7AAECFC 16 88 55188
app_main.js:105 DA9BE83EE561 16 64 55438
app_main.js:105 9BA400B470EA 16 77 55501
app_main.js:105 6856D3FABFA1 16 91 55748
app_main.js:105 9E1D038CE68B 16 101 55811
app_main.js:105 8E08E89CEFCD 16 87 55712
app_main.js:105 96B2DF58E18E 16 80 56064
app_main.js:105 976D044C1BEF 15 88 56316
app_main.js:105 DBBA26B2FDEE 15 110 55939
app_main.js:105 DF3E7FEF0832 16 70 56202
app_main.js:105 6330567C5B65 16 90 56334
app_main.js:105 F207BC2EB798 16 93 56504
app_main.js:105 475BC7C65BA6 16 83 56652
app_main.js:105 476D39A64E8F 15 71 56518
app_main.js:105 029CE052FE46 16 90 56848
app_main.js:105 687747F06CA2 16 85 57050
app_main.js:105 61A62D322074 16 85 57224
app_main.js:105 2F19715003D8 16 110 57064
app_main.js:105 1156571C512A 15 69 57144
app_main.js:105 4770A623224A 16 93 57392
app_main.js:105 110A0F8CF3B4 16 93 57465
app_main.js:105 EB49D1317035 16 105 57667
app_main.js:105 6D8B0AE15049 16 99 57729
app_main.js:105 990C93421FA7 16 93 57922
app_main.js:105 62190882496C 16 86 57985
app_main.js:105 913635251CB1 16 111 58275
app_main.js:105 17118CE51482 16 60 58268
app_main.js:105 4A16FB0ABFB0 16 76 58438
app_main.js:105 01C09D5E3821 16 93 58431
app_main.js:105 7DD72F588F96 16 75 58639
app_main.js:105 17E23A995A3C 16 102 58808
app_main.js:105 B61212E0CA6B 16 112 58835
app_main.js:105 60E004600AD2 16 116 58971
app_main.js:105 175E3E2288F5 16 65 59074
app_main.js:105 F58301AB16D0 16 92 59108
app_main.js:105 4F5F03D75EAE 16 81 59499
app_main.js:105 DCA2A987EE7F 16 79 59414
app_main.js:105 CF3D471B3199 16 71 59417
app_main.js:105 D74686EA33BC 16 72 59567
app_main.js:105 1FEF35684947 16 117 59686
app_main.js:105 6F66F65F7954 16 101 59762
app_main.js:105 B24F8667E332 16 119 59981
app_main.js:105 CF9CB1BCC283 16 76 60274
app_main.js:105 CB64F748DB4C 16 74 60275
app_main.js:105 944AA0EB6F6E 16 78 60351
app_main.js:105 F1E91A189408 16 64 60269
app_main.js:105 93FB2BFBDE19 16 75 60624
app_main.js:105 FF109484558F 16 68 60627
app_main.js:105 2EF8EB79CFBA 16 66 60764
app_main.js:105 86BAF2D3DA67 16 88 60979
app_main.js:105 A2E4640DC1A8 16 103 60971
app_main.js:105 2F358A10C21B 16 104 61219
app_main.js:105 F04BD47B4F7E 16 81 61104
app_main.js:105 07541657612C 16 115 61351
app_main.js:105 5F144F92D907 16 60 61412
app_main.js:105 29E01A95FB12 16 109 61626
app_main.js:105 91E8A10FD738 16 64 61794
app_main.js:105 69EB551D3851 16 111 61727
app_main.js:105 E3D6A64EA5B1 16 71 62022
app_main.js:105 35A54F35873F 16 110 61975
app_main.js:105 553BCDFBDCE3 16 116 62281
app_main.js:105 9B6285BF5F0D 16 101 62380
app_main.js:105 9BCDE5C78875 16 60 62633
app_main.js:105 A32B21B081D9 16 101 62560
app_main.js:105 4D8C188DD41C 16 111 62757
app_main.js:105 3B83A8CC9045 16 88 62832
app_main.js:105 D40CFDEDD41C 16 62 62983
app_main.js:105 67E4844AE457 16 81 62965
app_main.js:105 E8AF18D1A45D 16 71 63196
app_main.js:105 E626B356DD34 16 98 63148
app_main.js:105 BD656C02C533 16 99 63534
app_main.js:105 9456B45E947B 16 64 63757
app_main.js:105 177ECE21FD09 16 110 63842
app_main.js:105 9F35EA95C482 16 113 63820
app_main.js:105 6EBDE4C4BA9F 16 71 63891
app_main.js:105 3404C117ADAE 16 71 63984
app_main.js:105 4E1B4A55A0F7 16 91 64034
app_main.js:105 F915A06879B5 16 114 64167
app_main.js:105 C70EF66E9936 16 71 64424
app_main.js:105 1479FCC3ACC2 16 107 64507
app_main.js:105 D8BDC949909F 16 116 64614
app_main.js:105 B354A7B56A98 17 97 64784
app_main.js:105 10CE78547A35 16 78 64839
app_main.js:105 C6264C686FBD 16 86 65090
app_main.js:105 363E8EBDA1E4 16 108 65033
app_main.js:105 98BE7BA17A61 16 60 65195
app_main.js:105 6480D060A291 16 70 65312
app_main.js:105 D748556CEC55 17 61 65375
app_main.js:105 99801010E76B 16 64 65488
app_main.js:105 52662266524F 16 113 65690
app_main.js:105 6A4D43E5410A 16 99 65949
app_main.js:105 D96F1AF22E4D 16 84 66058
app_main.js:105 83D1996E6699 16 96 66120
app_main.js:105 ACEE1978DDB8 16 64 66284
app_main.js:105 9E0E34B6F75D 16 60 66282
app_main.js:105 FF97D6AFC51F 16 68 66448
app_main.js:105 8EEC545AD8E7 16 76 66573
app_main.js:105 98B640BA65F9 17 82 66831
app_main.js:105 6CCF7F922013 16 84 66761
app_main.js:105 A821259E27CB 17 118 67166
app_main.js:105 B75710CC0CA6 17 71 67236
app_main.js:105 614B200826C9 17 79 67282
app_main.js:105 1F44970722BB 16 75 67539
app_main.js:105 D3FEE1BBD3D3 17 115 67361
app_main.js:105 7EBD281BD681 16 104 67608
app_main.js:105 85B67A0794CD 17 93 67838
app_main.js:105 D92D02835D9A 17 85 67860
app_main.js:105 E9E3BD681E95 17 74 67945
app_main.js:105 FF3175839FA9 16 94 68123
app_main.js:105 D1E541A0D57F 17 88 68124
app_main.js:105 CB2A622A063F 17 78 68423
app_main.js:105 A38695FFA847 17 78 68548
app_main.js:105 B2C8B7BB09D5 16 60 68559
app_main.js:105 164C0A735C67 17 95 68678
app_main.js:105 2E2D23C72C32 17 92 68761
app_main.js:105 C96D92166605 17 115 68890
app_main.js:105 B00FC57D3DE4 17 93 69042
app_main.js:105 EC917E5D89BF 17 79 69284
app_main.js:105 FE5C06150CFE 17 68 69338
app_main.js:105 6A7ECC291D64 16 98 69378
app_main.js:105 5DCCB6012C49 16 93 69674
app_main.js:105 6124D7A6EC81 17 96 69597
app_main.js:105 8A7C86E59B05 17 96 69800
app_main.js:105 B20CBCA14326 17 89 70137
app_main.js:105 5AB6E1F158CD 16 100 70118
app_main.js:105 C20AB55F087D 17 115 70387
app_main.js:105 36DF771B9810 17 117 70539
app_main.js:105 60C5F5223BC6 17 113 70638
app_main.js:105 2F353A2BFD2F 16 83 70841
app_main.js:105 A325CF24F99F 17 118 70882
app_main.js:105 147E4AA2B58C 17 91 71065
app_main.js:105 828DA1CF3909 17 70 71118
app_main.js:105 FD71E820979D 17 80 71313
app_main.js:105 91AA9008F8E7 17 111 71412
app_main.js:105 C6204CAF03BA 16 112 71588
app_main.js:105 8909EBEFD6B0 17 68 71672
app_main.js:105 326A74B7F7FE 17 100 71727
app_main.js:105 FEEEEA24EF21 17 84 71896
app_main.js:105 7EE87AE0D56B 16 115 72153
app_main.js:105 646138C46934 17 102 72248
app_main.js:105 3430FCAB490E 17 102 72268
app_main.js:105 BAA8386C96E2 17 104 72467
app_main.js:105 67BFD611E766 16 76 72583
app_main.js:105 A8E5695EEFA9 17 86 72583
app_main.js:105 5212D1A5BFD6 17 66 72895
app_main.js:105 C62DF313B2C9 17 95 72921
app_main.js:105 FAA0ABC4E489 17 111 73193
app_main.js:105 246D418ECBEE 17 80 73246
app_main.js:105 1EA698FA078C 17 72 73315
app_main.js:105 BCD47904A23D 16 119 73383
app_main.js:105 7BD9BE5762A3 16 83 73713
app_main.js:105 FA3CCAD54FC7 17 103 73662
app_main.js:105 25BBC9FBBF01 17 120 73729
app_main.js:105 45E4E0B7C5A8 17 86 73840
app_main.js:105 32BFC65FF248 17 80 74071
app_main.js:105 76190EDB1A7A 17 84 74160
app_main.js:105 980C3FA8E37A 17 94 74365
app_main.js:105 136D3835B545 16 75 74345
app_main.js:105 6457B0108F44 16 100 74582
app_main.js:105 EBF6292C68E4 17 95 74515
app_main.js:105 415AEE710019 17 113 74732
app_main.js:105 E3A68BE7AA04 17 93 74954
app_main.js:105 65AAD65CFF0B 17 89 75043
app_main.js:105 710A0D6A6D5B 17 77 75203
app_main.js:105 B7DEFD7E5246 17 94 75353
app_main.js:105 87A4826B2672 16 85 75407
app_main.js:105 BA3E7753E9A4 17 60 75601
app_main.js:105 C9C562F18D15 17 90 75561
app_main.js:105 E8DF1A3AAF2F 17 64 75703
app_main.js:105 86F745BDD5A1 17 85 75697
app_main.js:105 6466D6B34DBA 17 64 75871
app_main.js:105 56ED38372DDC 17 105 76030
app_main.js:105 CCE260BD9A89 17 98 76031
app_main.js:105 AACB740158E9 17 82 76356
app_main.js:105 8CF6AA0E35C5 16 72 76546
app_main.js:105 275BD578D080 17 81 76743
app_main.js:105 9028BB4A01E3 17 100 76856
app_main.js:105 0BEEE77CD98D 17 100 76745
app_main.js:105 DA08C5C50244 17 89 76766
app_main.js:105 08D6953CF35B 17 100 76933
app_main.js:105 5F564678C575 17 67 77047
app_main.js:105 FDC50B6243B5 17 64 77254
app_main.js:105 1BFBDAA16F7B 17 117 77316
app_main.js:105 278A9DE61AE7 17 79 77441
app_main.js:105 F6200727C93C 16 81 77620
app_main.js:105 EC0EFA639BBC 17 102 77715
app_main.js:105 96B2DF58E18E 17 102 77743
app_main.js:105 7E9865D288AA 17 99 77844
app_main.js:105 8A8B8118C273 17 83 78009
app_main.js:105 DE129E491659 17 83 78088
app_main.js:105 E915E87FFD12 17 72 78248
app_main.js:105 C52CFA822F8A 16 91 78346
app_main.js:105 43713BCE3E0F 17 120 78483
app_main.js:105 029CE052FE46 17 68 78626
app_main.js:105 3F313B3945FB 17 102 78908
app_main.js:105 1CA9668DEE86 17 104 78794
app_main.js:105 5C13318AB305 17 72 78946
app_main.js:105 5FD031633B48 17 114 79069
app_main.js:105 4907E0B1255E 17 102 79249
app_main.js:105 976D044C1BEF 16 76 79258
app_main.js:105 9E1D038CE68B 17 97 79315
app_main.js:105 8B3814C0F4D6 17 87 79409
app_main.js:105 6856D3FABFA1 17 61 79724
app_main.js:105 913635251CB1 17 94 79817
app_main.js:105 DA9BE83EE561 17 113 79835
app_main.js:105 DBBA26B2FDEE 16 116 79928
app_main.js:105 01621738C83B 17 81 80156
app_main.js:105 8FBF68D6203F 17 90 80270
app_main.js:105 61A62D322074 17 68 80311
app_main.js:105 6330567C5B65 17 63 80406
app_main.js:105 60E004600AD2 17 94 80505
app_main.js:105 2F73D7AAECFC 17 79 80745
app_main.js:105 475BC7C65BA6 17 75 80727
app_main.js:105 8E08E89CEFCD 17 72 80822
app_main.js:105 476D39A64E8F 16 98 80992
app_main.js:105 DF3E7FEF0832 17 70 80984
app_main.js:105 9BA400B470EA 17 75 81258
app_main.js:105 EB49D1317035 17 60 81244
app_main.js:105 687747F06CA2 17 88 81326
app_main.js:105 1FEF35684947 17 73 81589
app_main.js:105 990C93421FA7 17 76 81784
app_main.js:105 4770A623224A 17 117 81680
app_main.js:105 2F19715003D8 17 117 82055
app_main.js:105 7DD72F588F96 17 110 81959
app_main.js:105 1156571C512A 16 88 82167
app_main.js:105 6D8B0AE15049 17 112 82175
app_main.js:105 F207BC2EB798 17 92 82470
app_main.js:105 62190882496C 17 104 82460
app_main.js:105 4F5F03D75EAE 17 75 82630
app_main.js:105 17118CE51482 17 91 82797
app_main.js:105 4A16FB0ABFB0 17 73 82865
app_main.js:105 CF9CB1BCC283 17 114 83050
app_main.js:105 B61212E0CA6B 17 72 83091
app_main.js:105 FF109484558F 17 72 83427
app_main.js:105 01C09D5E3821 17 70 83456
app_main.js:105 110A0F8CF3B4 17 105 83567
app_main.js:105 F1E91A189408 17 67 83573
app_main.js:105 D74686EA33BC 17 107 83701
app_main.js:105 F58301AB16D0 17 64 83898
app_main.js:105 175E3E2288F5 17 78 84056
app_main.js:105 6F66F65F7954 17 75 84231
app_main.js:105 17E23A995A3C 17 97 84090
app_main.js:105 CB64F748DB4C 17 80 84170
app_main.js:105 F04BD47B4F7E 17 108 84553
app_main.js:105 DCA2A987EE7F 17 61 84696
app_main.js:105 86BAF2D3DA67 17 120 84654
app_main.js:105 91E8A10FD738 17 82 84837
app_main.js:105 B24F8667E332 17 82 84924
app_main.js:105 2EF8EB79CFBA 17 97 84990
app_main.js:105 CF3D471B3199 17 90 85127
app_main.js:105 E3D6A64EA5B1 17 99 85223
app_main.js:105 69EB551D3851 17 85 85386
app_main.js:105 944AA0EB6F6E 17 104 85522
app_main.js:105 A2E4640DC1A8 17 120 85722
app_main.js:105 A32B21B081D9 17 70 85691
app_main.js:105 93FB2BFBDE19 17 70 85762
app_main.js:105 D40CFDEDD41C 17 62 85889
app_main.js:105 5F144F92D907 17 86 86085
app_main.js:105 2F358A10C21B 17 65 86239
app_main.js:105 9BCDE5C78875 17 101 86224
app_main.js:105 67E4844AE457 17 66 86348
app_main.js:105 3B83A8CC9045 17 74 86595
app_main.js:105 07541657612C 17 114 86725
app_main.js:105 553BCDFBDCE3 17 112 86600
app_main.js:105 35A54F35873F 17 66 86765
app_main.js:105 29E01A95FB12 17 62 86934
app_main.js:105 6EBDE4C4BA9F 17 91 87063
app_main.js:105 3404C117ADAE 17 89 87131
app_main.js:105 E8AF18D1A45D 17 89 87307
app_main.js:105 177ECE21FD09 17 94 87344
app_main.js:105 E626B356DD34 17 110 87580
app_main.js:105 9B6285BF5F0D 17 94 87720
app_main.js:105 C70EF66E9936 17 116 87637
app_main.js:105 9456B45E947B 17 74 87873
app_main.js:105 10CE78547A35 17 79 87944
app_main.js:105 C6264C686FBD 17 67 88114
app_main.js:105 4D8C188DD41C 17 106 88260
app_main.js:105 D8BDC949909F 17 90 88334
app_main.js:105 F915A06879B5 17 67 88271
app_main.js:105 4E1B4A55A0F7 17 104 88570
app_main.js:105 D96F1AF22E4D 17 77 88530
app_main.js:105 52662266524F 17 114 88583
app_main.js:105 BD656C02C533 17 60 88976
app_main.js:105 363E8EBDA1E4 17 79 88866
app_main.js:105 6A4D43E5410A 17 93 89167
app_main.js:105 9F35EA95C482 17 77 89326
app_main.js:105 99801010E76B 17 103 89477
app_main.js:105 98B640BA65F9 18 116 89402
app_main.js:105 98BE7BA17A61 17 75 89635
app_main.js:105 83D1996E6699 17 90 89685
app_main.js:105 9E0E34B6F75D 17 66 89705
app_main.js:105 1479FCC3ACC2 17 73 90046
app_main.js:105 B75710CC0CA6 18 115 90260
app_main.js:105 B354A7B56A98 18 111 90249
app_main.js:105 D92D02835D9A 18 107 90397
app_main.js:105 ACEE1978DDB8 17 60 90559
app_main.js:105 8EEC545AD8E7 17 105 90859
app_main.js:105 6480D060A291 17 116 90753
app_main.js:105 6CCF7F922013 17 61 90933
app_main.js:105 1F44970722BB 17 109 91174
app_main.js:105 614B200826C9 18 61 91168
app_main.js:105 EC917E5D89BF 18 109 91365
app_main.js:105 CB2A622A063F 18 113 91615
app_main.js:105 D748556CEC55 18 86 91747
app_main.js:105 7EBD281BD681 17 60 91875
app_main.js:105 FF3175839FA9 17 71 91895
app_main.js:105 8A7C86E59B05 18 106 91952
app_main.js:105 C96D92166605 18 66 92274
app_main.js:105 FF97D6AFC51F 17 69 92640
app_main.js:105 B2C8B7BB09D5 17 89 92608
app_main.js:105 A38695FFA847 18 69 92879
app_main.js:105 E9E3BD681E95 18 90 93070
app_main.js:105 A821259E27CB 18 101 93151
app_main.js:105 5DCCB6012C49 17 102 93230
app_main.js:105 A325CF24F99F 18 95 93317
app_main.js:105 C20AB55F087D 18 87 93604
app_main.js:105 FE5C06150CFE 18 91 93723
app_main.js:105 2E2D23C72C32 18 81 93854
app_main.js:105 2F353A2BFD2F 17 92 93929
app_main.js:105 85B67A0794CD 18 119 94226
app_main.js:105 6A7ECC291D64 17 111 94374
app_main.js:105 D3FEE1BBD3D3 18 105 94457
app_main.js:105 FEEEEA24EF21 18 94 94477
app_main.js:105 6124D7A6EC81 18 119 94496
app_main.js:105 828DA1CF3909 18 116 94841
app_main.js:105 60C5F5223BC6 18 86 94957
app_main.js:105 164C0A735C67 18 74 94989
app_main.js:105 D1E541A0D57F 18 71 95120
app_main.js:105 7EE87AE0D56B 17 119 95292
app_main.js:105 C62DF313B2C9 18 99 95356
app_main.js:105 5AB6E1F158CD 17 99 95584
app_main.js:105 B00FC57D3DE4 18 76 95507
app_main.js:105 8909EBEFD6B0 18 89 95770
app_main.js:105 147E4AA2B58C 18 101 95970
app_main.js:105 646138C46934 18 114 96098
app_main.js:105 B20CBCA14326 18 65 96196
app_main.js:105 980C3FA8E37A 18 89 96247
app_main.js:105 36DF771B9810 18 70 96242
app_main.js:105 7BD9BE5762A3 17 110 96555
app_main.js:105 C6204CAF03BA 17 67 96641
app_main.js:105 3430FCAB490E 18 81 96685
app_main.js:105 A8E5695EEFA9 18 96 96788
app_main.js:105 326A74B7F7FE 18 89 97086
app_main.js:105 FD71E820979D 18 93 97156
app_main.js:105 67BFD611E766 17 64 97156
app_main.js:105 65AAD65CFF0B 18 82 97380
app_main.js:105 136D3835B545 17 90 97512
app_main.js:105 91AA9008F8E7 18 78 97669
app_main.js:105 FA3CCAD54FC7 18 94 97642
app_main.js:105 FAA0ABC4E489 18 108 97773
app_main.js:105 246D418ECBEE 18 63 97958
app_main.js:105 56ED38372DDC 18 73 97937
app_main.js:105 BCD47904A23D 17 120 98103
app_main.js:105 BAA8386C96E2 18 96 98292
app_main.js:105 BA3E7753E9A4 18 115 98433
app_main.js:105 5212D1A5BFD6 18 91 98589
app_main.js:105 E3A68BE7AA04 18 102 98710
app_main.js:105 76190EDB1A7A 18 63 98841
app_main.js:105 25BBC9FBBF01 18 110 99004
app_main.js:105 08D6953CF35B 18 120 99003
app_main.js:105 1EA698FA078C 18 89 99128
app_main.js:105 415AEE710019 18 76 99127
app_main.js:105 EBF6292C68E4 18 103 99275
app_main.js:105 6457B0108F44 17 92 99710
app_main.js:105 86F745BDD5A1 18 84 99735
app_main.js:105 32BFC65FF248 18 99 99881
app_main.js:105 45E4E0B7C5A8 18 74 99949
app_main.js:105 8A8B8118C273 18 112 100169
app_main.js:105 275BD578D080 18 95 100422
app_main.js:105 0BEEE77CD98D 18 84 100290
app_main.js:105 E8DF1A3AAF2F 18 110 100478
app_main.js:105 87A4826B2672 17 71 100597
app_main.js:105 C9C562F18D15 18 63 100770
app_main.js:105 CCE260BD9A89 18 61 100703
app_main.js:105 1BFBDAA16F7B 18 80 100982
app_main.js:105 8CF6AA0E35C5 17 103 100949
app_main.js:105 B7DEFD7E5246 18 72 101344
app_main.js:105 710A0D6A6D5B 18 73 101494
app_main.js:105 EC0EFA639BBC 18 111 101565
app_main.js:105 1CA9668DEE86 18 80 101767
app_main.js:105 E915E87FFD12 18 108 101651
app_main.js:105 DA08C5C50244 18 78 101801
app_main.js:105 AACB740158E9 18 114 101957
app_main.js:105 F6200727C93C 17 75 102009
app_main.js:105 6466D6B34DBA 18 71 102085
app_main.js:105 43713BCE3E0F 18 80 102223
app_main.js:105 9028BB4A01E3 18 96 102375
app_main.js:105 8B3814C0F4D6 18 104 102578
app_main.js:105 96B2DF58E18E 18 96 102689
app_main.js:105 5F564678C575 18 81 102904
app_main.js:105 5FD031633B48 18 108 103074
app_main.js:105 C52CFA822F8A 17 84 103061
app_main.js:105 6856D3FABFA1 18 73 103169
app_main.js:105 2F73D7AAECFC 18 113 103258
app_main.js:105 FDC50B6243B5 18 60 103493
app_main.js:105 029CE052FE46 18 91 103499
app_main.js:105 278A9DE61AE7 18 114 103741
app_main.js:105 3F313B3945FB 18 75 103730
app_main.js:105 976D044C1BEF 17 93 103801
app_main.js:105 6330567C5B65 18 98 103921
app_main.js:105 DA9BE83EE561 18 71 104252
app_main.js:105 DF3E7FEF0832 18 83 104238
app_main.js:105 913635251CB1 18 86 104338
app_main.js:105 9E1D038CE68B 18 67 104429
app_main.js:105 4770A623224A 18 84 104477
app_main.js:105 DBBA26B2FDEE 17 60 104731
app_main.js:105 7E9865D288AA 18 114 104926
app_main.js:105 475BC7C65BA6 18 77 104960
app_main.js:105 2F19715003D8 18 119 105139
app_main.js:105 DE129E491659 18 89 105403
app_main.js:105 60E004600AD2 18 65 105339
app_main.js:105 61A62D322074 18 68 105438
app_main.js:105 476D39A64E8F 17 84 105557
app_main.js:105 17118CE51482 18 66 105717
app_main.js:105 62190882496C 18 75 105799
app_main.js:105 5C13318AB305 18 73 106002
app_main.js:105 175E3E2288F5 18 104 105956
app_main.js:105 EB49D1317035 18 79 106296
app_main.js:105 990C93421FA7 18 111 106295
app_main.js:105 1156571C512A 17 92 106431
app_main.js:105 4907E0B1255E 18 62 106649
app_main.js:105 B61212E0CA6B 18 64 106643
app_main.js:105 1FEF35684947 18 71 106893
app_main.js:105 4F5F03D75EAE 18 109 106769
app_main.js:105 7DD72F588F96 18 75 106965
app_main.js:105 01621738C83B 18 104 107104
app_main.js:105 FF109484558F 18 67 107106
app_main.js:105 B24F8667E332 18 94 107409
app_main.js:105 4A16FB0ABFB0 18 97 107488
app_main.js:105 8FBF68D6203F 18 112 107752
app_main.js:105 D74686EA33BC 18 85 107863
app_main.js:105 8E08E89CEFCD 18 88 107742
app_main.js:105 6F66F65F7954 18 91 107932
app_main.js:105 2F358A10C21B 18 82 108035
app_main.js:105 687747F06CA2 18 80 108033
app_main.js:105 86BAF2D3DA67 18 91 108279
app_main.js:105 CF9CB1BCC283 18 89 108521
app_main.js:105 9BA400B470EA 18 103 108558
app_main.js:105 F58301AB16D0 18 63 108737
app_main.js:105 F04BD47B4F7E 18 98 108904
app_main.js:105 E3D6A64EA5B1 18 108 108772
app_main.js:105 69EB551D3851 18 112 108865
app_main.js:105 6D8B0AE15049 18 86 109082
app_main.js:105 2EF8EB79CFBA 18 101 109291
app_main.js:105 F1E91A189408 18 82 109427
app_main.js:105 553BCDFBDCE3 18 110 109629
app_main.js:105 CB64F748DB4C 18 74 109704
app_main.js:105 F207BC2EB798 18 73 109852
app_main.js:105 5F144F92D907 18 118 109716
app_main.js:105 D40CFDEDD41C 18 78 109969
app_main.js:105 01C09D5E3821 18 117 110016
app_main.js:105 35A54F35873F 18 61 110030
app_main.js:105 3B83A8CC9045 18 62 110360
app_main.js:105 A2E4640DC1A8 18 102 110376
app_main.js:105 177ECE21FD09 18 110 110564
app_main.js:105 110A0F8CF3B4 18 106 110653
app_main.js:105 91E8A10FD738 18 67 110881
app_main.js:105 6EBDE4C4BA9F 18 90 110888
app_main.js:105 E626B356DD34 18 94 110923
app_main.js:105 9456B45E947B 18 76 111089
app_main.js:105 9BCDE5C78875 18 100 111217
app_main.js:105 DCA2A987EE7F 18 87 111410
app_main.js:105 D8BDC949909F 18 69 111467
app_main.js:105 A32B21B081D9 18 63 111584
app_main.js:105 4E1B4A55A0F7 18 71 111626
app_main.js:105 944AA0EB6F6E 18 119 111683
app_main.js:105 17E23A995A3C 18 101 112050
app_main.js:105 E8AF18D1A45D 18 76 112001
app_main.js:105 F915A06879B5 18 76 112182
app_main.js:105 98BE7BA17A61 18 98 112142
app_main.js:105 67E4844AE457 18 90 112290
app_main.js:105 52662266524F 18 104 112437
app_main.js:105 363E8EBDA1E4 18 118 112476
app_main.js:105 C6264C686FBD 18 113 112971
app_main.js:105 07541657612C 18 91 112846
app_main.js:105 C70EF66E9936 18 90 112936
app_main.js:105 ACEE1978DDB8 18 109 113007
app_main.js:105 CF3D471B3199 18 110 113261
app_main.js:105 83D1996E6699 18 60 113177
app_main.js:105 3404C117ADAE 18 120 113359
app_main.js:105 99801010E76B 18 74 113462
app_main.js:105 98B640BA65F9 19 67 113673
app_main.js:105 614B200826C9 19 87 113723
app_main.js:105 1F44970722BB 18 96 113788
app_main.js:105 6A4D43E5410A 18 75 114067
app_main.js:105 9B6285BF5F0D 18 119 114233
app_main.js:105 93FB2BFBDE19 18 111 114265
app_main.js:105 10CE78547A35 18 69 114372
app_main.js:105 D92D02835D9A 19 74 114416
app_main.js:105 9E0E34B6F75D 18 96 114656
app_main.js:105 E9E3BD681E95 19 119 114709
app_main.js:105 8EEC545AD8E7 18 81 114848
app_main.js:105 29E01A95FB12 18 65 114908
app_main.js:105 A38695FFA847 19 104 115184
app_main.js:105 EC917E5D89BF 19 119 115162
app_main.js:105 6CCF7F922013 18 90 115309
app_main.js:105 BD656C02C533 18 76 115496
app_main.js:105 2E2D23C72C32 19 60 115568
app_main.js:105 4D8C188DD41C 18 108 115591
app_main.js:105 D96F1AF22E4D 18 95 115948
app_main.js:105 7EBD281BD681 18 83 115930
app_main.js:105 8A7C86E59B05 19 73 115966
app_main.js:105 B75710CC0CA6 19 61 115923
app_main.js:105 FE5C06150CFE 19 63 116266
app_main.js:105 FF3175839FA9 18 93 116402
app_main.js:105 1479FCC3ACC2 18 66 116526
app_main.js:105 6124D7A6EC81 19 93 116533
app_main.js:105 9F35EA95C482 18 105 116678
app_main.js:105 B2C8B7BB09D5 18 96 116767
app_main.js:105 A325CF24F99F 19 96 116925
app_main.js:105 6480D060A291 18 79 116932
app_main.js:105 147E4AA2B58C 19 69 117103
app_main.js:105 CB2A622A063F 19 84 117286
app_main.js:105 5DCCB6012C49 18 113 117424
app_main.js:105 60C5F5223BC6 19 102 117578
app_main.js:105 B354A7B56A98 19 83 117601
app_main.js:105 6A7ECC291D64 18 71 117637
app_main.js:105 FEEEEA24EF21 19 70 117762
app_main.js:105 8909EBEFD6B0 19 95 117816
app_main.js:105 D748556CEC55 19 116 117964
app_main.js:105 FF97D6AFC51F 18 102 118239
app_main.js:105 326A74B7F7FE 19 74 118272
app_main.js:105 5AB6E1F158CD 18 82 118358
app_main.js:105 C96D92166605 19 107 118635
app_main.js:105 2F353A2BFD2F 18 80 118784
app_main.js:105 C62DF313B2C9 19 77 118724
app_main.js:105 3430FCAB490E 19 67 118912
app_main.js:105 A821259E27CB 19 117 119042
app_main.js:105 85B67A0794CD 19 69 119139
app_main.js:105 C20AB55F087D 19 115 119295
app_main.js:105 7EE87AE0D56B 18 99 119441
app_main.js:105 C6204CAF03BA 18 76 119627
app_main.js:105 FAA0ABC4E489 19 108 119825
app_main.js:105 980C3FA8E37A 19 65 119768
app_main.js:105 246D418ECBEE 19 65 119909
app_main.js:105 164C0A735C67 19 117 119902
app_main.js:105 D3FEE1BBD3D3 19 116 120141
app_main.js:105 65AAD65CFF0B 19 106 120136
app_main.js:105 25BBC9FBBF01 19 118 120307
app_main.js:105 76190EDB1A7A 19 81 120410
app_main.js:105 828DA1CF3909 19 86 120631
app_main.js:105 7BD9BE5762A3 18 92 120748
app_main.js:105 67BFD611E766 18 85 120897
app_main.js:105 56ED38372DDC 19 108 120806
app_main.js:105 D1E541A0D57F 19 60 121086
app_main.js:105 B20CBCA14326 19 65 121239
app_main.js:105 EBF6292C68E4 19 89 121200
app_main.js:105 646138C46934 19 68 121312
app_main.js:105 415AEE710019 19 66 121477
app_main.js:105 136D3835B545 18 73 121576
app_main.js:105 BCD47904A23D 18 113 121693
app_main.js:105 B00FC57D3DE4 19 84 121768
app_main.js:105 FD71E820979D 19 108 121936
app_main.js:105 E8DF1A3AAF2F 19 60 121917
app_main.js:105 08D6953CF35B 19 104 122277
app_main.js:105 C9C562F18D15 19 62 122310
app_main.js:105 BA3E7753E9A4 19 72 122360
app_main.js:105 A8E5695EEFA9 19 115 122605
app_main.js:105 CCE260BD9A89 19 90 122596
app_main.js:105 6457B0108F44 18 68 122817
app_main.js:105 8A8B8118C273 19 99 122868
app_main.js:105 36DF771B9810 19 61 123102
app_main.js:105 BAA8386C96E2 19 85 123222
app_main.js:105 AACB740158E9 19 67 123393
app_main.js:105 FA3CCAD54FC7 19 75 123442
app_main.js:105 86F745BDD5A1 19 100 123624
app_main.js:105 DA08C5C50244 19 118 123682
app_main.js:105 87A4826B2672 18 60 123780
app_main.js:105 1CA9668DEE86 19 98 123903
app_main.js:105 91AA9008F8E7 19 72 124098
app_main.js:105 5F564678C575 19 93 124194
app_main.js:105 E3A68BE7AA04 19 64 124208
app_main.js:105 1EA698FA078C 19 100 124535
app_main.js:105 0BEEE77CD98D 19 98 124467
app_main.js:105 5212D1A5BFD6 19 69 124575
app_main.js:105 3F313B3945FB 19 61 124705
app_main.js:105 8B3814C0F4D6 19 103 124903
app_main.js:105 8CF6AA0E35C5 18 96 125085
app_main.js:105 96B2DF58E18E 19 90 125229
app_main.js:105 45E4E0B7C5A8 19 104 125296
app_main.js:105 32BFC65FF248 19 89 125404
app_main.js:105 275BD578D080 19 99 125763
app_main.js:105 EC0EFA639BBC 19 98 125823
app_main.js:105 9E1D038CE68B 19 73 125895
app_main.js:105 2F73D7AAECFC 19 86 126031
app_main.js:105 1BFBDAA16F7B 19 80 126088
app_main.js:105 61A62D322074 19 66 126093
app_main.js:105 710A0D6A6D5B 19 88 126380
app_main.js:105 029CE052FE46 19 89 126559
Navigated to http://localhost:3001/
DevTools failed to load source map: Could not load content for chrome-extension://blcdfhbibkkjpfdddnmnmhfgjlicebba/js/content_script.js.map: HTTP error: status code 404, net::ERR_UNKNOWN_URL_SCHEME
log.js:24 [HMR] Waiting for update signal from WDS...
app_main.js:42 starting
app_main.js:43 http://0.0.0.0:8002/
index.js:1 Warning: Failed prop type: Invalid prop `size` of value `md` supplied to `FontAwesomeIcon`, expected one of ["lg","xs","sm","1x","2x","3x","4x","5x","6x","7x","8x","9x","10x"].
    at FontAwesomeIcon (http://localhost:3001/static/js/vendors~main.chunk.js:74473:27)
    at UserList (http://localhost:3001/static/js/main.chunk.js:1737:5)
    at div
    at main
    at Basic (http://localhost:3001/static/js/vendors~main.chunk.js:101541:25)
    at Adapter (http://localhost:3001/static/js/vendors~main.chunk.js:101524:79)
    at section
    at BasicLayout (http://localhost:3001/static/js/vendors~main.chunk.js:101556:76)
    at Adapter (http://localhost:3001/static/js/vendors~main.chunk.js:101524:79)
    at section
    at BasicLayout (http://localhost:3001/static/js/vendors~main.chunk.js:101556:76)
    at Adapter (http://localhost:3001/static/js/vendors~main.chunk.js:101524:79)
    at MainApp (http://localhost:3001/static/js/main.chunk.js:326:5)
    at App
console.<computed> @ index.js:1
printWarning @ react-jsx-dev-runtime.development.js:117
error @ react-jsx-dev-runtime.development.js:93
checkPropTypes @ react-jsx-dev-runtime.development.js:620
validatePropTypes @ react-jsx-dev-runtime.development.js:1072
jsxWithValidation @ react-jsx-dev-runtime.development.js:1192
render @ user_list.js:49
finishClassComponent @ react-dom.development.js:17485
updateClassComponent @ react-dom.development.js:17435
beginWork @ react-dom.development.js:19073
beginWork$1 @ react-dom.development.js:23940
performUnitOfWork @ react-dom.development.js:22776
workLoopSync @ react-dom.development.js:22707
renderRootSync @ react-dom.development.js:22670
performSyncWorkOnRoot @ react-dom.development.js:22293
scheduleUpdateOnFiber @ react-dom.development.js:21881
updateContainer @ react-dom.development.js:25482
(anonymous) @ react-dom.development.js:26021
unbatchedUpdates @ react-dom.development.js:22431
legacyRenderSubtreeIntoContainer @ react-dom.development.js:26020
render @ react-dom.development.js:26103
(anonymous) @ index.js:7
./src/index.js @ index.js:18
__webpack_require__ @ bootstrap:856
fn @ bootstrap:150
1 @ reportWebVitals.js:14
__webpack_require__ @ bootstrap:856
checkDeferredModules @ bootstrap:45
webpackJsonpCallback @ bootstrap:32
(anonymous) @ main.chunk.js:1
webpackHotDevClient.js:138 src/App.js
  Line 2:8:  'logo' is defined but never used  no-unused-vars

src/components/app_main.js
  Line 14:9:    'SubMenu' is assigned a value but never used    no-unused-vars
  Line 26:7:    'temp_user' is assigned a value but never used  no-unused-vars
  Line 150:97:  Expected '===' and instead saw '=='             eqeqeq
  Line 151:96:  Expected '===' and instead saw '=='             eqeqeq

src/components/device_type.js
  Line 2:40:  'Card' is defined but never used  no-unused-vars
  Line 56:5:  Useless constructor               no-useless-constructor

src/components/senior_user.js
  Line 9:5:     'randomColor' is assigned a value but never used                                   no-unused-vars
  Line 62:52:   Unexpected string concatenation of literals                                        no-useless-concat
  Line 70:17:   Imported JSX component Device_Tile must be in PascalCase or SCREAMING_SNAKE_CASE   react/jsx-pascal-case
  Line 138:11:  Imported JSX component Device_Modal must be in PascalCase or SCREAMING_SNAKE_CASE  react/jsx-pascal-case

src/components/user_list.js
  Line 8:8:  'Device_Description' is defined but never used  no-unused-vars
printWarnings @ webpackHotDevClient.js:138
handleWarnings @ webpackHotDevClient.js:143
push../node_modules/react-dev-utils/webpackHotDevClient.js.connection.onmessage @ webpackHotDevClient.js:210
