app_main.js:94 New device ping received.  62B26B86AE6F
app_main.js:107 62B26B86AE6F 1 112
app_main.js:94 New device ping received.  DEA1971ACEB0
app_main.js:107 DEA1971ACEB0 1 111
app_main.js:94 New device ping received.  AFBD1E8E0AA5
app_main.js:107 AFBD1E8E0AA5 1 111
app_main.js:94 New device ping received.  C19B8B42AC6C
app_main.js:107 C19B8B42AC6C 1 111
app_main.js:94 New device ping received.  B8C5D19C2077
app_main.js:107 B8C5D19C2077 1 113
app_main.js:94 New device ping received.  612C42E51A1E
app_main.js:107 612C42E51A1E 1 112
app_main.js:94 New device ping received.  613DB44CA4D6
app_main.js:107 613DB44CA4D6 1 112
app_main.js:94 New device ping received.  CE9429CCE10C
app_main.js:107 CE9429CCE10C 1 111
app_main.js:94 New device ping received.  3CAD2AF89354
app_main.js:107 3CAD2AF89354 1 112
app_main.js:94 New device ping received.  7A9B35425318
app_main.js:107 7A9B35425318 1 113
app_main.js:94 New device ping received.  39031BBD0F7A
app_main.js:107 39031BBD0F7A 1 116
app_main.js:94 New device ping received.  4192D6A56CEF
app_main.js:107 4192D6A56CEF 1 112
app_main.js:94 New device ping received.  EBAC7ADA2B25
app_main.js:107 EBAC7ADA2B25 1 114
app_main.js:94 New device ping received.  3F5E059EA76D
app_main.js:107 3F5E059EA76D 1 111
app_main.js:94 New device ping received.  28168BD5136D
app_main.js:107 28168BD5136D 1 111
app_main.js:94 New device ping received.  C099A76667E7
app_main.js:107 C099A76667E7 1 130
app_main.js:94 New device ping received.  59A954A55506
app_main.js:107 59A954A55506 1 129
app_main.js:94 New device ping received.  325AA83EED31
app_main.js:107 325AA83EED31 1 147
app_main.js:94 New device ping received.  916B1CC3E003
app_main.js:107 916B1CC3E003 1 140
app_main.js:94 New device ping received.  12E761ABD489
app_main.js:107 12E761ABD489 1 138
app_main.js:94 New device ping received.  EAC39A50765E
app_main.js:107 EAC39A50765E 1 157
app_main.js:94 New device ping received.  28EEF0388DE8
app_main.js:107 28EEF0388DE8 1 165
app_main.js:94 New device ping received.  2B3671C86F24
app_main.js:107 2B3671C86F24 1 179
app_main.js:94 New device ping received.  425DD64FCF57
app_main.js:107 425DD64FCF57 1 211
app_main.js:94 New device ping received.  478DED528BE1
app_main.js:107 478DED528BE1 1 299
app_main.js:94 New device ping received.  ACDD67C20EF5
app_main.js:107 ACDD67C20EF5 1 322
app_main.js:94 New device ping received.  0F0B2181F602
app_main.js:107 0F0B2181F602 1 376
app_main.js:94 New device ping received.  EEFE40779448
app_main.js:107 EEFE40779448 1 414
app_main.js:94 New device ping received.  3724946207DA
app_main.js:107 3724946207DA 1 456
app_main.js:94 New device ping received.  7EB8E615BA52
app_main.js:107 7EB8E615BA52 1 520
app_main.js:94 New device ping received.  DA12F8F68785
app_main.js:107 DA12F8F68785 1 571
app_main.js:94 New device ping received.  C46FA4CB1ED9
app_main.js:107 C46FA4CB1ED9 1 628
app_main.js:94 New device ping received.  674BB2290DBE
app_main.js:107 674BB2290DBE 1 789
app_main.js:94 New device ping received.  3037FD87877C
app_main.js:107 3037FD87877C 1 851
app_main.js:94 New device ping received.  3770B3E7F959
app_main.js:107 3770B3E7F959 1 948
app_main.js:94 New device ping received.  E78DA89914AA
app_main.js:107 E78DA89914AA 1 1026
app_main.js:94 New device ping received.  87B44C3437EC
app_main.js:107 87B44C3437EC 1 1109
app_main.js:94 New device ping received.  B2E7F9770569
app_main.js:107 B2E7F9770569 1 1202
app_main.js:94 New device ping received.  095DDB9C3253
app_main.js:107 095DDB9C3253 1 1290
app_main.js:94 New device ping received.  5F004447E956
app_main.js:107 5F004447E956 1 1398
app_main.js:94 New device ping received.  1C082516B7FD
app_main.js:107 1C082516B7FD 1 1498
app_main.js:94 New device ping received.  61C09C9DAEF9
app_main.js:107 61C09C9DAEF9 1 1617
app_main.js:94 New device ping received.  3DEF6C25D790
app_main.js:107 3DEF6C25D790 1 1845
app_main.js:94 New device ping received.  845F0DBB576A
app_main.js:107 845F0DBB576A 1 1960
app_main.js:94 New device ping received.  159ED2CB34CC
app_main.js:107 159ED2CB34CC 1 2095
app_main.js:94 New device ping received.  753807E7742C
app_main.js:107 753807E7742C 1 2220
app_main.js:94 New device ping received.  DA28A980BE5C
app_main.js:107 DA28A980BE5C 1 2366
app_main.js:94 New device ping received.  C0B064E3394E
app_main.js:107 C0B064E3394E 1 2524
app_main.js:94 New device ping received.  56CB22ED63A5
app_main.js:107 56CB22ED63A5 1 2679
app_main.js:94 New device ping received.  E2CBD2695102
app_main.js:107 E2CBD2695102 1 2840
app_main.js:94 New device ping received.  1E31812ADCD5
app_main.js:107 1E31812ADCD5 1 2835
app_main.js:94 New device ping received.  70131364AAE5
app_main.js:107 70131364AAE5 1 2811
app_main.js:94 New device ping received.  3673D114F789
app_main.js:107 3673D114F789 1 2784
app_main.js:94 New device ping received.  1A4E268D475F
app_main.js:107 1A4E268D475F 1 2760
app_main.js:94 New device ping received.  A8604D996EDB
app_main.js:107 A8604D996EDB 1 2753
app_main.js:94 New device ping received.  16EF5503A80B
app_main.js:107 16EF5503A80B 1 2735
app_main.js:94 New device ping received.  7E01F3106FE0
app_main.js:107 7E01F3106FE0 1 2713
app_main.js:94 New device ping received.  8DE22FD60E4C
app_main.js:107 8DE22FD60E4C 1 2697
app_main.js:94 New device ping received.  93B6CFA4CEB8
app_main.js:107 93B6CFA4CEB8 1 2742
app_main.js:94 New device ping received.  FABE9041EF6F
app_main.js:107 FABE9041EF6F 1 2730
app_main.js:94 New device ping received.  DEBE160C045A
app_main.js:107 DEBE160C045A 1 2717
app_main.js:94 New device ping received.  03F718ACE85C
app_main.js:107 03F718ACE85C 1 2705
app_main.js:94 New device ping received.  8B32ACC563CA
app_main.js:107 8B32ACC563CA 1 2729
app_main.js:94 New device ping received.  CF88FCA3D34A
app_main.js:107 CF88FCA3D34A 1 2721
app_main.js:94 New device ping received.  F8D5F02753AF
app_main.js:107 F8D5F02753AF 1 2715
app_main.js:94 New device ping received.  12226DBF11A5
app_main.js:107 12226DBF11A5 1 2721
app_main.js:94 New device ping received.  4B32F41AFB3F
app_main.js:107 4B32F41AFB3F 1 2720
app_main.js:94 New device ping received.  D64EA0F805B5
app_main.js:107 D64EA0F805B5 1 2717
app_main.js:94 New device ping received.  AC654FFA07AC
app_main.js:107 AC654FFA07AC 1 2720
app_main.js:94 New device ping received.  066E970E177A
app_main.js:107 066E970E177A 1 2738
app_main.js:94 New device ping received.  0F33245BA515
app_main.js:107 0F33245BA515 1 2741
app_main.js:94 New device ping received.  AAD936EE20CD
app_main.js:107 AAD936EE20CD 1 2744
app_main.js:94 New device ping received.  1B2D297CF29E
app_main.js:107 1B2D297CF29E 1 2758
app_main.js:94 New device ping received.  DD9120433E5A
app_main.js:107 DD9120433E5A 1 2767
app_main.js:94 New device ping received.  B45834297D76
app_main.js:107 B45834297D76 1 2799
app_main.js:94 New device ping received.  6FD46580D009
app_main.js:107 6FD46580D009 1 2828
app_main.js:94 New device ping received.  4727F760EBD0
app_main.js:107 4727F760EBD0 1 2858
app_main.js:94 New device ping received.  8B3669EC677C
app_main.js:107 8B3669EC677C 1 2873
app_main.js:94 New device ping received.  653EE184B84B
app_main.js:107 653EE184B84B 1 2889
app_main.js:94 New device ping received.  616FA77DFAD4
app_main.js:107 616FA77DFAD4 1 2920
app_main.js:94 New device ping received.  7285425035D0
app_main.js:107 7285425035D0 1 2939
app_main.js:94 New device ping received.  EC9C4F37AF27
app_main.js:107 EC9C4F37AF27 1 2956
app_main.js:94 New device ping received.  8A9D804C5F9F
app_main.js:107 8A9D804C5F9F 1 2996
app_main.js:94 New device ping received.  0DBC254B878B
app_main.js:107 0DBC254B878B 1 3021
app_main.js:94 New device ping received.  1453C66F26D1
app_main.js:107 1453C66F26D1 1 3125
app_main.js:94 New device ping received.  21E9972033AD
app_main.js:107 21E9972033AD 1 3177
app_main.js:94 New device ping received.  602C1325811A
app_main.js:107 602C1325811A 1 3208
app_main.js:94 New device ping received.  FE15FDB3A94D
app_main.js:107 FE15FDB3A94D 1 3257
app_main.js:94 New device ping received.  D88D6261C11E
app_main.js:107 D88D6261C11E 1 3288
app_main.js:94 New device ping received.  73F4F35C643A
app_main.js:107 73F4F35C643A 1 3315
app_main.js:94 New device ping received.  08E05D4566C9
app_main.js:107 08E05D4566C9 1 3372
app_main.js:94 New device ping received.  76E6FD9F7AA4
app_main.js:107 76E6FD9F7AA4 1 3408
app_main.js:94 New device ping received.  EF4C527639D6
app_main.js:107 EF4C527639D6 1 3414
app_main.js:94 New device ping received.  C60B65D9AA9A
app_main.js:107 C60B65D9AA9A 1 3462
app_main.js:94 New device ping received.  7F82164DBFC0
app_main.js:107 7F82164DBFC0 1 3498
app_main.js:94 New device ping received.  63E2993915A8
app_main.js:107 63E2993915A8 1 3553
app_main.js:94 New device ping received.  E4E23761FD39
app_main.js:107 E4E23761FD39 1 3603
app_main.js:94 New device ping received.  85D2FC974C89
app_main.js:107 85D2FC974C89 1 3639
app_main.js:94 New device ping received.  DFD865CC19BF
app_main.js:107 DFD865CC19BF 1 3692
app_main.js:94 New device ping received.  1195B9A6DBD1
app_main.js:107 1195B9A6DBD1 1 3736
app_main.js:107 62B26B86AE6F 2 3701
app_main.js:107 DEA1971ACEB0 2 3681
app_main.js:107 AFBD1E8E0AA5 2 3648
app_main.js:107 C19B8B42AC6C 2 3613
app_main.js:107 B8C5D19C2077 2 3583
app_main.js:107 612C42E51A1E 2 3547
app_main.js:107 613DB44CA4D6 2 3534
app_main.js:107 CE9429CCE10C 2 3518
app_main.js:107 3CAD2AF89354 2 3500
app_main.js:107 7A9B35425318 2 3466
app_main.js:107 39031BBD0F7A 2 3438
app_main.js:107 4192D6A56CEF 2 3418
app_main.js:107 EBAC7ADA2B25 2 3393
app_main.js:107 3F5E059EA76D 2 3366
app_main.js:107 28168BD5136D 2 3335
app_main.js:107 C099A76667E7 2 3306
app_main.js:107 59A954A55506 2 3277
app_main.js:107 325AA83EED31 2 3278
app_main.js:107 916B1CC3E003 2 3251
app_main.js:107 12E761ABD489 2 3295
app_main.js:107 EAC39A50765E 2 3253
app_main.js:107 28EEF0388DE8 2 3239
app_main.js:107 2B3671C86F24 2 3209
app_main.js:107 425DD64FCF57 2 3181
app_main.js:107 478DED528BE1 2 3152
app_main.js:107 ACDD67C20EF5 2 3118
app_main.js:107 0F0B2181F602 2 3099
app_main.js:107 EEFE40779448 2 3071
app_main.js:107 3724946207DA 2 3053
app_main.js:107 7EB8E615BA52 2 3039
app_main.js:107 DA12F8F68785 2 3007
app_main.js:107 C46FA4CB1ED9 2 2992
app_main.js:107 674BB2290DBE 2 2962
app_main.js:107 3037FD87877C 2 2927
app_main.js:107 3770B3E7F959 2 2894
app_main.js:107 E78DA89914AA 2 2860
app_main.js:107 87B44C3437EC 2 2829
app_main.js:107 B2E7F9770569 2 2804
app_main.js:107 095DDB9C3253 2 2771
app_main.js:107 5F004447E956 2 2733
app_main.js:107 1C082516B7FD 2 2700
app_main.js:107 61C09C9DAEF9 2 2683
app_main.js:107 3DEF6C25D790 2 2665
app_main.js:107 845F0DBB576A 2 2634
app_main.js:107 159ED2CB34CC 2 2597
app_main.js:107 753807E7742C 2 2558
app_main.js:107 DA28A980BE5C 2 2529
app_main.js:107 C0B064E3394E 2 2513
app_main.js:107 56CB22ED63A5 2 2484
app_main.js:107 E2CBD2695102 2 2452
app_main.js:107 1E31812ADCD5 2 2420
app_main.js:107 70131364AAE5 2 2387
app_main.js:107 3673D114F789 2 2352
app_main.js:107 1A4E268D475F 2 2336
app_main.js:107 A8604D996EDB 2 2378
app_main.js:107 16EF5503A80B 2 2344
app_main.js:107 7E01F3106FE0 2 2306
app_main.js:107 8DE22FD60E4C 2 2282
app_main.js:107 93B6CFA4CEB8 2 2263
app_main.js:107 FABE9041EF6F 2 2231
app_main.js:107 DEBE160C045A 2 2198
app_main.js:107 03F718ACE85C 2 2176
app_main.js:107 8B32ACC563CA 2 2157
app_main.js:107 CF88FCA3D34A 2 2126
app_main.js:107 F8D5F02753AF 2 2093
app_main.js:107 12226DBF11A5 2 2058
app_main.js:107 4B32F41AFB3F 2 2023
app_main.js:107 D64EA0F805B5 2 1998
app_main.js:107 AC654FFA07AC 2 1980
app_main.js:107 066E970E177A 2 1948
app_main.js:107 0F33245BA515 2 1912
app_main.js:107 AAD936EE20CD 2 1879
app_main.js:107 1B2D297CF29E 2 1844
app_main.js:107 DD9120433E5A 2 1832
app_main.js:107 B45834297D76 2 1800
app_main.js:107 6FD46580D009 2 1767
app_main.js:107 4727F760EBD0 2 1733
app_main.js:107 8B3669EC677C 2 1698
app_main.js:107 653EE184B84B 2 1686
app_main.js:107 616FA77DFAD4 2 1658
app_main.js:107 7285425035D0 2 1700
app_main.js:107 EC9C4F37AF27 2 1661
app_main.js:107 8A9D804C5F9F 2 1627
app_main.js:107 0DBC254B878B 2 1608
app_main.js:107 1453C66F26D1 2 1576
app_main.js:107 21E9972033AD 2 1537
app_main.js:107 602C1325811A 2 1508
app_main.js:107 FE15FDB3A94D 2 1470
app_main.js:107 D88D6261C11E 2 1448
app_main.js:107 73F4F35C643A 2 1415
app_main.js:107 08E05D4566C9 2 1382
app_main.js:107 76E6FD9F7AA4 2 1349
app_main.js:107 EF4C527639D6 2 1318
app_main.js:107 C60B65D9AA9A 2 1295
app_main.js:107 7F82164DBFC0 2 1271
app_main.js:107 63E2993915A8 2 1239
app_main.js:107 E4E23761FD39 2 1203
app_main.js:107 85D2FC974C89 2 1173
app_main.js:107 DFD865CC19BF 2 1234
app_main.js:107 1195B9A6DBD1 2 1208
app_main.js:107 62B26B86AE6F 3 1172
app_main.js:107 DEA1971ACEB0 3 1157
app_main.js:107 AFBD1E8E0AA5 3 1137
app_main.js:107 C19B8B42AC6C 3 1102
app_main.js:107 B8C5D19C2077 3 1059
app_main.js:107 612C42E51A1E 3 1026
app_main.js:107 613DB44CA4D6 3 990
app_main.js:107 CE9429CCE10C 3 952
app_main.js:107 3CAD2AF89354 3 950
app_main.js:107 7A9B35425318 3 915
app_main.js:107 39031BBD0F7A 3 880
app_main.js:107 4192D6A56CEF 3 869
app_main.js:107 EBAC7ADA2B25 3 854
app_main.js:107 3F5E059EA76D 3 830
app_main.js:107 28168BD5136D 3 798
app_main.js:107 C099A76667E7 3 839
app_main.js:107 59A954A55506 3 803
app_main.js:107 325AA83EED31 3 805
app_main.js:107 916B1CC3E003 3 778
app_main.js:107 12E761ABD489 3 745
app_main.js:107 EAC39A50765E 3 711
app_main.js:107 28EEF0388DE8 3 676
app_main.js:107 2B3671C86F24 3 655
app_main.js:107 425DD64FCF57 3 624
app_main.js:107 478DED528BE1 3 662
app_main.js:107 ACDD67C20EF5 3 627
app_main.js:107 0F0B2181F602 3 622
app_main.js:107 EEFE40779448 3 591
app_main.js:107 3724946207DA 3 571
app_main.js:107 7EB8E615BA52 3 550
app_main.js:107 DA12F8F68785 3 514
app_main.js:107 C46FA4CB1ED9 3 493
app_main.js:107 674BB2290DBE 3 460
app_main.js:107 3037FD87877C 3 501
app_main.js:107 3770B3E7F959 3 467
app_main.js:107 E78DA89914AA 3 447
app_main.js:107 87B44C3437EC 3 417
app_main.js:107 B2E7F9770569 3 382
app_main.js:107 095DDB9C3253 3 349
app_main.js:107 5F004447E956 3 314
app_main.js:107 1C082516B7FD 3 280
app_main.js:107 61C09C9DAEF9 3 364
app_main.js:107 3DEF6C25D790 3 329
app_main.js:107 845F0DBB576A 3 301
app_main.js:107 159ED2CB34CC 3 262
app_main.js:107 753807E7742C 3 243
app_main.js:107 DA28A980BE5C 3 208
app_main.js:107 C0B064E3394E 3 175
app_main.js:107 56CB22ED63A5 3 144
app_main.js:107 E2CBD2695102 3 112
app_main.js:107 1E31812ADCD5 3 169
app_main.js:107 70131364AAE5 3 135
app_main.js:107 3673D114F789 3 112
app_main.js:107 1A4E268D475F 3 112
app_main.js:107 A8604D996EDB 3 114
app_main.js:107 16EF5503A80B 3 113
app_main.js:107 7E01F3106FE0 3 111
app_main.js:107 8DE22FD60E4C 3 112
app_main.js:107 93B6CFA4CEB8 3 112
app_main.js:107 FABE9041EF6F 3 162
app_main.js:107 DEBE160C045A 3 135
app_main.js:107 03F718ACE85C 3 114
app_main.js:107 8B32ACC563CA 3 111
app_main.js:107 CF88FCA3D34A 3 113
app_main.js:107 F8D5F02753AF 3 112
app_main.js:107 12226DBF11A5 3 113
app_main.js:107 4B32F41AFB3F 3 113
app_main.js:107 D64EA0F805B5 3 112
app_main.js:107 AC654FFA07AC 3 157
app_main.js:107 066E970E177A 3 139
app_main.js:107 0F33245BA515 3 112
app_main.js:107 AAD936EE20CD 3 112
app_main.js:107 1B2D297CF29E 3 117
app_main.js:107 DD9120433E5A 3 112
app_main.js:107 B45834297D76 3 112
app_main.js:107 6FD46580D009 3 112
app_main.js:107 4727F760EBD0 3 113
app_main.js:107 8B3669EC677C 3 157
app_main.js:107 653EE184B84B 3 123
app_main.js:107 616FA77DFAD4 3 123
app_main.js:107 7285425035D0 3 119
app_main.js:107 EC9C4F37AF27 3 114
app_main.js:107 8A9D804C5F9F 3 114
app_main.js:107 0DBC254B878B 3 112
app_main.js:107 1453C66F26D1 3 111
app_main.js:107 21E9972033AD 3 182
app_main.js:107 602C1325811A 3 159
app_main.js:107 FE15FDB3A94D 3 130
app_main.js:107 D88D6261C11E 3 112
app_main.js:107 73F4F35C643A 3 112
app_main.js:107 08E05D4566C9 3 113
app_main.js:107 76E6FD9F7AA4 3 114
app_main.js:107 EF4C527639D6 3 111
app_main.js:107 C60B65D9AA9A 3 112
app_main.js:107 7F82164DBFC0 3 174
app_main.js:107 63E2993915A8 3 150
app_main.js:107 E4E23761FD39 3 120
app_main.js:107 85D2FC974C89 3 111
app_main.js:107 DFD865CC19BF 3 111
app_main.js:107 1195B9A6DBD1 3 111
app_main.js:107 62B26B86AE6F 4 113
app_main.js:107 DEA1971ACEB0 4 112
app_main.js:107 AFBD1E8E0AA5 4 112
app_main.js:107 C19B8B42AC6C 4 157
app_main.js:107 B8C5D19C2077 4 122
app_main.js:107 612C42E51A1E 4 116
app_main.js:107 613DB44CA4D6 4 112
app_main.js:107 CE9429CCE10C 4 113
app_main.js:107 3CAD2AF89354 4 130
app_main.js:107 7A9B35425318 4 112
app_main.js:107 39031BBD0F7A 4 113
app_main.js:107 4192D6A56CEF 4 112
app_main.js:107 EBAC7ADA2B25 4 182
app_main.js:107 3F5E059EA76D 4 151
app_main.js:107 28168BD5136D 4 120
app_main.js:107 C099A76667E7 4 112
app_main.js:107 59A954A55506 4 112
app_main.js:107 325AA83EED31 4 113
app_main.js:107 916B1CC3E003 4 111
app_main.js:107 12E761ABD489 4 114
app_main.js:107 EAC39A50765E 4 111
app_main.js:107 28EEF0388DE8 4 166
app_main.js:107 2B3671C86F24 4 136
app_main.js:107 425DD64FCF57 4 111
app_main.js:107 478DED528BE1 4 111
app_main.js:107 ACDD67C20EF5 4 115
app_main.js:107 0F0B2181F602 4 112
app_main.js:107 EEFE40779448 4 111
app_main.js:107 3724946207DA 4 112
app_main.js:107 7EB8E615BA52 4 111
app_main.js:107 DA12F8F68785 4 152
app_main.js:107 C46FA4CB1ED9 4 133
app_main.js:107 674BB2290DBE 4 114
app_main.js:107 3037FD87877C 4 111
app_main.js:107 3770B3E7F959 4 112
app_main.js:107 E78DA89914AA 4 111
app_main.js:107 87B44C3437EC 4 112
app_main.js:107 B2E7F9770569 4 112
app_main.js:107 095DDB9C3253 4 112
app_main.js:107 5F004447E956 4 171
app_main.js:107 1C082516B7FD 4 150
app_main.js:107 61C09C9DAEF9 4 119
app_main.js:107 3DEF6C25D790 4 111
app_main.js:107 845F0DBB576A 4 113
app_main.js:107 159ED2CB34CC 4 111
app_main.js:107 753807E7742C 4 113
app_main.js:107 DA28A980BE5C 4 112
app_main.js:107 C0B064E3394E 4 110
app_main.js:107 56CB22ED63A5 4 169
app_main.js:107 E2CBD2695102 4 137
app_main.js:107 1E31812ADCD5 4 111
app_main.js:107 70131364AAE5 4 112
app_main.js:107 3673D114F789 4 112
app_main.js:107 1A4E268D475F 4 112
app_main.js:107 A8604D996EDB 4 112
app_main.js:107 16EF5503A80B 4 117
app_main.js:107 7E01F3106FE0 4 179
app_main.js:107 8DE22FD60E4C 4 143
app_main.js:107 93B6CFA4CEB8 4 141
app_main.js:107 FABE9041EF6F 4 112
app_main.js:107 DEBE160C045A 4 114
app_main.js:107 03F718ACE85C 4 115
app_main.js:107 8B32ACC563CA 4 111
app_main.js:107 CF88FCA3D34A 4 112
app_main.js:107 F8D5F02753AF 4 112
app_main.js:107 12226DBF11A5 4 160
app_main.js:107 4B32F41AFB3F 4 152
app_main.js:107 D64EA0F805B5 4 118
app_main.js:107 AC654FFA07AC 4 112
app_main.js:107 066E970E177A 4 117
app_main.js:107 0F33245BA515 4 112
app_main.js:107 AAD936EE20CD 4 118
app_main.js:107 1B2D297CF29E 4 118
app_main.js:107 DD9120433E5A 4 124
app_main.js:107 B45834297D76 4 189
app_main.js:107 6FD46580D009 4 158
app_main.js:107 4727F760EBD0 4 130
app_main.js:107 8B3669EC677C 4 112
app_main.js:107 653EE184B84B 4 112
app_main.js:107 616FA77DFAD4 4 114
app_main.js:107 7285425035D0 4 112
app_main.js:107 EC9C4F37AF27 4 112
app_main.js:107 8A9D804C5F9F 4 113
app_main.js:107 0DBC254B878B 4 175
app_main.js:107 1453C66F26D1 4 161
app_main.js:107 21E9972033AD 4 122
app_main.js:107 602C1325811A 4 111
app_main.js:107 FE15FDB3A94D 4 112
app_main.js:107 D88D6261C11E 4 113
app_main.js:107 73F4F35C643A 4 115
app_main.js:107 08E05D4566C9 4 115
app_main.js:107 76E6FD9F7AA4 4 169
app_main.js:107 EF4C527639D6 4 135
app_main.js:107 C60B65D9AA9A 4 117
app_main.js:107 7F82164DBFC0 4 112
app_main.js:107 63E2993915A8 4 112
app_main.js:107 E4E23761FD39 4 116
app_main.js:107 85D2FC974C89 4 112
app_main.js:107 DFD865CC19BF 4 113
app_main.js:107 1195B9A6DBD1 4 112
app_main.js:107 62B26B86AE6F 5 153
app_main.js:107 DEA1971ACEB0 5 139
app_main.js:107 AFBD1E8E0AA5 5 136
app_main.js:107 C19B8B42AC6C 5 111
app_main.js:107 B8C5D19C2077 5 111
app_main.js:107 612C42E51A1E 5 112
app_main.js:107 613DB44CA4D6 5 112
app_main.js:107 CE9429CCE10C 5 114
app_main.js:107 3CAD2AF89354 5 113
app_main.js:107 7A9B35425318 5 153
app_main.js:107 39031BBD0F7A 5 119
app_main.js:107 4192D6A56CEF 5 113
app_main.js:107 EBAC7ADA2B25 5 111
app_main.js:107 3F5E059EA76D 5 110
app_main.js:107 28168BD5136D 5 113
app_main.js:107 C099A76667E7 5 111
app_main.js:107 59A954A55506 5 113
app_main.js:107 325AA83EED31 5 112
app_main.js:107 916B1CC3E003 5 154
app_main.js:107 12E761ABD489 5 118
app_main.js:107 EAC39A50765E 5 112
app_main.js:107 28EEF0388DE8 5 117
app_main.js:107 2B3671C86F24 5 111
app_main.js:107 425DD64FCF57 5 112
app_main.js:107 478DED528BE1 5 111
app_main.js:107 ACDD67C20EF5 5 112
app_main.js:107 0F0B2181F602 5 112
app_main.js:107 EEFE40779448 5 161
app_main.js:107 3724946207DA 5 134
app_main.js:107 7EB8E615BA52 5 120
app_main.js:107 DA12F8F68785 5 117
app_main.js:107 C46FA4CB1ED9 5 112
app_main.js:107 674BB2290DBE 5 112
app_main.js:107 3037FD87877C 5 114
app_main.js:107 3770B3E7F959 5 115
app_main.js:107 E78DA89914AA 5 201
app_main.js:107 87B44C3437EC 5 162
app_main.js:107 B2E7F9770569 5 151
app_main.js:107 095DDB9C3253 5 116
app_main.js:107 5F004447E956 5 112
app_main.js:107 1C082516B7FD 5 113
app_main.js:107 61C09C9DAEF9 5 112
app_main.js:107 3DEF6C25D790 5 114
app_main.js:107 845F0DBB576A 5 112
app_main.js:107 159ED2CB34CC 5 167
app_main.js:107 753807E7742C 5 132
app_main.js:107 DA28A980BE5C 5 113
app_main.js:107 C0B064E3394E 5 112
app_main.js:107 56CB22ED63A5 5 118
app_main.js:107 E2CBD2695102 5 112
app_main.js:107 1E31812ADCD5 5 113
app_main.js:107 70131364AAE5 5 113
app_main.js:107 3673D114F789 5 111
app_main.js:107 1A4E268D475F 5 176
app_main.js:107 A8604D996EDB 5 144
app_main.js:107 16EF5503A80B 5 114
app_main.js:107 7E01F3106FE0 5 113
app_main.js:107 8DE22FD60E4C 5 115
app_main.js:107 93B6CFA4CEB8 5 113
app_main.js:107 FABE9041EF6F 5 112
app_main.js:107 DEBE160C045A 5 112
app_main.js:107 03F718ACE85C 5 113
app_main.js:107 8B32ACC563CA 5 159
app_main.js:107 CF88FCA3D34A 5 134
app_main.js:107 F8D5F02753AF 5 118
app_main.js:107 12226DBF11A5 5 130
app_main.js:107 4B32F41AFB3F 5 118
app_main.js:107 D64EA0F805B5 5 112
app_main.js:107 AC654FFA07AC 5 117
app_main.js:107 066E970E177A 5 117
app_main.js:107 0F33245BA515 5 231
app_main.js:107 AAD936EE20CD 5 215
app_main.js:107 1B2D297CF29E 5 171
app_main.js:107 DD9120433E5A 5 163
app_main.js:107 B45834297D76 5 134
app_main.js:107 6FD46580D009 5 114
app_main.js:107 4727F760EBD0 5 115
app_main.js:107 8B3669EC677C 5 116
app_main.js:107 653EE184B84B 5 117
app_main.js:107 616FA77DFAD4 5 161
app_main.js:107 7285425035D0 5 123
app_main.js:107 EC9C4F37AF27 5 113
app_main.js:107 8A9D804C5F9F 5 113
app_main.js:107 0DBC254B878B 5 111
app_main.js:107 1453C66F26D1 5 113
app_main.js:107 21E9972033AD 5 112
app_main.js:107 602C1325811A 5 115
app_main.js:107 FE15FDB3A94D 5 118
app_main.js:107 D88D6261C11E 5 167
app_main.js:107 73F4F35C643A 5 123
app_main.js:107 08E05D4566C9 5 115
app_main.js:107 76E6FD9F7AA4 5 112
app_main.js:107 EF4C527639D6 5 113
app_main.js:107 C60B65D9AA9A 5 113
app_main.js:107 7F82164DBFC0 5 112
app_main.js:107 63E2993915A8 5 115
app_main.js:107 E4E23761FD39 5 171
app_main.js:107 85D2FC974C89 5 137
app_main.js:107 DFD865CC19BF 5 112
app_main.js:107 1195B9A6DBD1 5 112
app_main.js:107 62B26B86AE6F 6 113
app_main.js:107 DEA1971ACEB0 6 112
app_main.js:107 AFBD1E8E0AA5 6 125
app_main.js:107 C19B8B42AC6C 6 113
app_main.js:107 B8C5D19C2077 6 112
app_main.js:107 612C42E51A1E 6 154
app_main.js:107 613DB44CA4D6 6 119
app_main.js:107 CE9429CCE10C 6 112
app_main.js:107 3CAD2AF89354 6 114
app_main.js:107 7A9B35425318 6 112
app_main.js:107 39031BBD0F7A 6 112
app_main.js:107 4192D6A56CEF 6 114
app_main.js:107 EBAC7ADA2B25 6 113
app_main.js:107 3F5E059EA76D 6 112
app_main.js:107 28168BD5136D 6 156
app_main.js:107 C099A76667E7 6 121
app_main.js:107 59A954A55506 6 115
app_main.js:107 325AA83EED31 6 116
app_main.js:107 916B1CC3E003 6 115
app_main.js:107 12E761ABD489 6 116
app_main.js:107 EAC39A50765E 6 114
app_main.js:107 28EEF0388DE8 6 113
app_main.js:107 2B3671C86F24 6 117
app_main.js:107 425DD64FCF57 6 157
app_main.js:107 478DED528BE1 6 120
app_main.js:107 ACDD67C20EF5 6 114
app_main.js:107 0F0B2181F602 6 116
app_main.js:107 EEFE40779448 6 112
app_main.js:107 3724946207DA 6 114
app_main.js:107 7EB8E615BA52 6 116
app_main.js:107 DA12F8F68785 6 112
app_main.js:107 C46FA4CB1ED9 6 167
app_main.js:107 674BB2290DBE 6 158
app_main.js:107 3037FD87877C 6 127
app_main.js:107 3770B3E7F959 6 113
app_main.js:107 E78DA89914AA 6 118
app_main.js:107 87B44C3437EC 6 114
app_main.js:107 B2E7F9770569 6 113
app_main.js:107 095DDB9C3253 6 114
app_main.js:107 5F004447E956 6 112
app_main.js:107 1C082516B7FD 6 113
app_main.js:107 61C09C9DAEF9 6 114
app_main.js:107 3DEF6C25D790 6 114
app_main.js:107 845F0DBB576A 6 116
app_main.js:107 159ED2CB34CC 6 112
app_main.js:107 753807E7742C 6 112
app_main.js:107 DA28A980BE5C 6 116
app_main.js:107 C0B064E3394E 6 115
app_main.js:107 56CB22ED63A5 6 115
app_main.js:107 E2CBD2695102 6 113
app_main.js:107 1E31812ADCD5 6 113
app_main.js:107 70131364AAE5 6 116
app_main.js:107 3673D114F789 6 116
app_main.js:107 1A4E268D475F 6 113
app_main.js:107 A8604D996EDB 6 112
app_main.js:107 16EF5503A80B 6 112
app_main.js:107 7E01F3106FE0 6 114
app_main.js:107 8DE22FD60E4C 6 113
app_main.js:107 93B6CFA4CEB8 6 170
app_main.js:107 FABE9041EF6F 6 144
app_main.js:107 DEBE160C045A 6 114
app_main.js:107 03F718ACE85C 6 112
app_main.js:107 8B32ACC563CA 6 118
app_main.js:107 CF88FCA3D34A 6 115
app_main.js:107 F8D5F02753AF 6 116
app_main.js:107 12226DBF11A5 6 113
app_main.js:107 4B32F41AFB3F 6 113
app_main.js:107 D64EA0F805B5 6 113
app_main.js:107 AC654FFA07AC 6 113
app_main.js:107 066E970E177A 6 112
app_main.js:107 0F33245BA515 6 116
app_main.js:107 AAD936EE20CD 6 114
app_main.js:107 1B2D297CF29E 6 113
app_main.js:107 DD9120433E5A 6 114
app_main.js:107 B45834297D76 6 113
app_main.js:107 6FD46580D009 6 115
app_main.js:107 4727F760EBD0 6 115
app_main.js:107 8B3669EC677C 6 112
app_main.js:107 653EE184B84B 6 116
app_main.js:107 616FA77DFAD4 6 112
app_main.js:107 7285425035D0 6 113
app_main.js:107 EC9C4F37AF27 6 111
app_main.js:107 8A9D804C5F9F 6 117
app_main.js:107 0DBC254B878B 6 112
app_main.js:107 1453C66F26D1 6 112
app_main.js:107 21E9972033AD 6 114
app_main.js:107 602C1325811A 6 111
app_main.js:107 FE15FDB3A94D 6 111
app_main.js:107 D88D6261C11E 6 118
app_main.js:107 73F4F35C643A 6 113
app_main.js:107 08E05D4566C9 6 114
app_main.js:107 76E6FD9F7AA4 6 113
app_main.js:107 EF4C527639D6 6 113
app_main.js:107 C60B65D9AA9A 6 112
app_main.js:107 7F82164DBFC0 6 113
app_main.js:107 63E2993915A8 6 112
app_main.js:107 E4E23761FD39 6 116
app_main.js:107 85D2FC974C89 6 121
app_main.js:107 DFD865CC19BF 6 113
app_main.js:107 1195B9A6DBD1 6 113
app_main.js:107 62B26B86AE6F 7 116
app_main.js:107 DEA1971ACEB0 7 119
app_main.js:107 AFBD1E8E0AA5 7 112
app_main.js:107 C19B8B42AC6C 7 111
app_main.js:107 B8C5D19C2077 7 113
app_main.js:107 612C42E51A1E 7 112
app_main.js:107 613DB44CA4D6 7 111
app_main.js:107 CE9429CCE10C 7 118
app_main.js:107 3CAD2AF89354 7 118
app_main.js:107 7A9B35425318 7 122
app_main.js:107 39031BBD0F7A 7 116
app_main.js:107 4192D6A56CEF 7 112
app_main.js:107 EBAC7ADA2B25 7 114
app_main.js:107 3F5E059EA76D 7 114
app_main.js:107 28168BD5136D 7 113
app_main.js:107 C099A76667E7 7 112
app_main.js:107 59A954A55506 7 115
app_main.js:107 325AA83EED31 7 115
app_main.js:107 916B1CC3E003 7 114
app_main.js:107 12E761ABD489 7 113
app_main.js:107 EAC39A50765E 7 112
app_main.js:107 28EEF0388DE8 7 111
app_main.js:107 2B3671C86F24 7 119
app_main.js:107 425DD64FCF57 7 114
app_main.js:107 478DED528BE1 7 112
app_main.js:107 ACDD67C20EF5 7 113
app_main.js:107 0F0B2181F602 7 117
app_main.js:107 EEFE40779448 7 156
app_main.js:107 3724946207DA 7 136
app_main.js:107 7EB8E615BA52 7 127
app_main.js:107 DA12F8F68785 7 112
app_main.js:107 C46FA4CB1ED9 7 113
app_main.js:107 674BB2290DBE 7 114
app_main.js:107 3037FD87877C 7 112
app_main.js:107 3770B3E7F959 7 114
app_main.js:107 E78DA89914AA 7 113
app_main.js:107 87B44C3437EC 7 112
app_main.js:107 B2E7F9770569 7 113
app_main.js:107 095DDB9C3253 7 122
app_main.js:107 5F004447E956 7 149
app_main.js:107 1C082516B7FD 7 122
app_main.js:107 61C09C9DAEF9 7 123
app_main.js:107 3DEF6C25D790 7 115
app_main.js:107 845F0DBB576A 7 116
app_main.js:107 159ED2CB34CC 7 135
app_main.js:107 753807E7742C 7 120
app_main.js:107 DA28A980BE5C 7 116
app_main.js:107 C0B064E3394E 7 129
app_main.js:107 56CB22ED63A5 7 117
app_main.js:107 E2CBD2695102 7 119
app_main.js:107 1E31812ADCD5 7 119
app_main.js:107 70131364AAE5 7 122
app_main.js:107 3673D114F789 7 116
app_main.js:107 1A4E268D475F 7 115
app_main.js:107 A8604D996EDB 7 112
app_main.js:107 16EF5503A80B 7 113
app_main.js:107 7E01F3106FE0 7 112
app_main.js:107 8DE22FD60E4C 7 113
app_main.js:107 93B6CFA4CEB8 7 115
app_main.js:107 FABE9041EF6F 7 113
app_main.js:107 DEBE160C045A 7 113
app_main.js:107 03F718ACE85C 7 112
app_main.js:107 8B32ACC563CA 7 112
app_main.js:107 CF88FCA3D34A 7 116
app_main.js:107 F8D5F02753AF 7 112
app_main.js:107 12226DBF11A5 7 112
app_main.js:107 4B32F41AFB3F 7 113
app_main.js:107 D64EA0F805B5 7 119
app_main.js:107 AC654FFA07AC 7 114
app_main.js:107 066E970E177A 7 115
app_main.js:107 0F33245BA515 7 112
app_main.js:107 AAD936EE20CD 7 114
app_main.js:107 1B2D297CF29E 7 116
app_main.js:107 DD9120433E5A 7 113
app_main.js:107 B45834297D76 7 116
app_main.js:107 6FD46580D009 7 123
app_main.js:107 4727F760EBD0 7 115
app_main.js:107 8B3669EC677C 7 113
app_main.js:107 653EE184B84B 7 112
app_main.js:107 616FA77DFAD4 7 112
app_main.js:107 7285425035D0 7 114
app_main.js:107 EC9C4F37AF27 7 113
app_main.js:107 8A9D804C5F9F 7 119
app_main.js:107 0DBC254B878B 7 115
app_main.js:107 1453C66F26D1 7 113
app_main.js:107 21E9972033AD 7 115
app_main.js:107 602C1325811A 7 113
app_main.js:107 FE15FDB3A94D 7 112
app_main.js:107 D88D6261C11E 7 112
app_main.js:107 73F4F35C643A 7 112
app_main.js:107 08E05D4566C9 7 114
app_main.js:107 76E6FD9F7AA4 7 113
app_main.js:107 EF4C527639D6 7 113
app_main.js:107 C60B65D9AA9A 7 112
app_main.js:107 7F82164DBFC0 7 112
app_main.js:107 63E2993915A8 7 152
app_main.js:107 E4E23761FD39 7 148
app_main.js:107 85D2FC974C89 7 121
app_main.js:107 DFD865CC19BF 7 113
app_main.js:107 1195B9A6DBD1 7 113
app_main.js:107 62B26B86AE6F 8 111
app_main.js:107 DEA1971ACEB0 8 115
app_main.js:107 AFBD1E8E0AA5 8 113
app_main.js:107 C19B8B42AC6C 8 112
app_main.js:107 B8C5D19C2077 8 112
app_main.js:107 612C42E51A1E 8 111
app_main.js:107 613DB44CA4D6 8 111
app_main.js:107 CE9429CCE10C 8 118
app_main.js:107 3CAD2AF89354 8 114
app_main.js:107 7A9B35425318 8 113
app_main.js:107 39031BBD0F7A 8 112
app_main.js:107 4192D6A56CEF 8 114
app_main.js:107 EBAC7ADA2B25 8 114
app_main.js:107 3F5E059EA76D 8 113
app_main.js:107 28168BD5136D 8 114
app_main.js:107 C099A76667E7 8 112
app_main.js:107 59A954A55506 8 112
app_main.js:107 325AA83EED31 8 118
app_main.js:107 916B1CC3E003 8 114
app_main.js:107 12E761ABD489 8 115
app_main.js:107 EAC39A50765E 8 113
app_main.js:107 28EEF0388DE8 8 112
app_main.js:107 2B3671C86F24 8 112
app_main.js:107 425DD64FCF57 8 113
app_main.js:107 478DED528BE1 8 113
app_main.js:107 ACDD67C20EF5 8 113
app_main.js:107 0F0B2181F602 8 117
app_main.js:107 EEFE40779448 8 112
app_main.js:107 3724946207DA 8 111
app_main.js:107 7EB8E615BA52 8 113
app_main.js:107 DA12F8F68785 8 121
app_main.js:107 C46FA4CB1ED9 8 114
app_main.js:107 674BB2290DBE 8 113
app_main.js:107 3037FD87877C 8 112
app_main.js:107 3770B3E7F959 8 111
app_main.js:107 E78DA89914AA 8 114
app_main.js:107 87B44C3437EC 8 112
app_main.js:107 B2E7F9770569 8 112
app_main.js:107 095DDB9C3253 8 113
app_main.js:107 5F004447E956 8 113
app_main.js:107 1C082516B7FD 8 111
app_main.js:107 61C09C9DAEF9 8 112
app_main.js:107 3DEF6C25D790 8 113
app_main.js:107 845F0DBB576A 8 112
app_main.js:107 159ED2CB34CC 8 113
app_main.js:107 753807E7742C 8 112
app_main.js:107 DA28A980BE5C 8 112
app_main.js:107 C0B064E3394E 8 113
app_main.js:107 56CB22ED63A5 8 115
app_main.js:107 E2CBD2695102 8 115
app_main.js:107 1E31812ADCD5 8 114
app_main.js:107 70131364AAE5 8 111
app_main.js:107 3673D114F789 8 112
app_main.js:107 1A4E268D475F 8 113
app_main.js:107 A8604D996EDB 8 114
app_main.js:107 16EF5503A80B 8 112
app_main.js:107 7E01F3106FE0 8 155
app_main.js:107 8DE22FD60E4C 8 121
app_main.js:107 93B6CFA4CEB8 8 114
app_main.js:107 FABE9041EF6F 8 111
app_main.js:107 DEBE160C045A 8 112
app_main.js:107 03F718ACE85C 8 112
app_main.js:107 8B32ACC563CA 8 112
app_main.js:107 CF88FCA3D34A 8 112
app_main.js:107 F8D5F02753AF 8 114
app_main.js:107 12226DBF11A5 8 115
app_main.js:107 4B32F41AFB3F 8 112
app_main.js:107 D64EA0F805B5 8 114
app_main.js:107 AC654FFA07AC 8 113
app_main.js:107 066E970E177A 8 112
app_main.js:107 0F33245BA515 8 115
app_main.js:107 AAD936EE20CD 8 112
app_main.js:107 1B2D297CF29E 8 112
app_main.js:107 DD9120433E5A 8 114
app_main.js:107 B45834297D76 8 113
app_main.js:107 6FD46580D009 8 112
app_main.js:107 4727F760EBD0 8 112
app_main.js:107 8B3669EC677C 8 113
app_main.js:107 653EE184B84B 8 112
app_main.js:107 616FA77DFAD4 8 112
app_main.js:107 7285425035D0 8 112
app_main.js:107 EC9C4F37AF27 8 112
app_main.js:107 8A9D804C5F9F 8 112
app_main.js:107 0DBC254B878B 8 118
app_main.js:107 1453C66F26D1 8 112
app_main.js:107 21E9972033AD 8 112
app_main.js:107 602C1325811A 8 114
app_main.js:107 FE15FDB3A94D 8 111
app_main.js:107 D88D6261C11E 8 112
app_main.js:107 73F4F35C643A 8 114
app_main.js:107 08E05D4566C9 8 113
app_main.js:107 76E6FD9F7AA4 8 112
app_main.js:107 EF4C527639D6 8 113
app_main.js:107 C60B65D9AA9A 8 112
app_main.js:107 7F82164DBFC0 8 111
app_main.js:107 63E2993915A8 8 115
app_main.js:107 E4E23761FD39 8 124
app_main.js:107 85D2FC974C89 8 111
app_main.js:107 DFD865CC19BF 8 114
app_main.js:107 1195B9A6DBD1 8 112
app_main.js:107 62B26B86AE6F 9 112
app_main.js:107 DEA1971ACEB0 9 113
app_main.js:107 AFBD1E8E0AA5 9 112
app_main.js:107 C19B8B42AC6C 9 118
app_main.js:107 B8C5D19C2077 9 114
app_main.js:107 612C42E51A1E 9 112
app_main.js:107 613DB44CA4D6 9 112
app_main.js:107 CE9429CCE10C 9 112
app_main.js:107 3CAD2AF89354 9 111
app_main.js:107 7A9B35425318 9 112
app_main.js:107 39031BBD0F7A 9 111
app_main.js:107 4192D6A56CEF 9 112
app_main.js:107 EBAC7ADA2B25 9 114
app_main.js:107 3F5E059EA76D 9 112
app_main.js:107 28168BD5136D 9 117
app_main.js:107 C099A76667E7 9 112
app_main.js:107 59A954A55506 9 111
app_main.js:107 325AA83EED31 9 113
app_main.js:107 916B1CC3E003 9 118
app_main.js:107 12E761ABD489 9 168
app_main.js:107 EAC39A50765E 9 135
app_main.js:107 28EEF0388DE8 9 113
app_main.js:107 2B3671C86F24 9 111
app_main.js:107 425DD64FCF57 9 111
app_main.js:107 478DED528BE1 9 112
app_main.js:107 ACDD67C20EF5 9 113
app_main.js:107 0F0B2181F602 9 112
app_main.js:107 EEFE40779448 9 119
app_main.js:107 3724946207DA 9 112
app_main.js:107 7EB8E615BA52 9 113
app_main.js:107 DA12F8F68785 9 112
app_main.js:107 C46FA4CB1ED9 9 114
app_main.js:107 674BB2290DBE 9 112
app_main.js:107 3037FD87877C 9 113
app_main.js:107 3770B3E7F959 9 113
app_main.js:107 E78DA89914AA 9 113
app_main.js:107 87B44C3437EC 9 113
app_main.js:107 B2E7F9770569 9 111
app_main.js:107 095DDB9C3253 9 111
app_main.js:107 5F004447E956 9 113
app_main.js:107 1C082516B7FD 9 112
app_main.js:107 61C09C9DAEF9 9 113
app_main.js:107 3DEF6C25D790 9 112
app_main.js:107 845F0DBB576A 9 111
app_main.js:107 159ED2CB34CC 9 113
app_main.js:107 753807E7742C 9 113
app_main.js:107 DA28A980BE5C 9 113
app_main.js:107 C0B064E3394E 9 111
app_main.js:107 56CB22ED63A5 9 113
app_main.js:107 E2CBD2695102 9 112
app_main.js:107 1E31812ADCD5 9 117
app_main.js:107 70131364AAE5 9 114
app_main.js:107 3673D114F789 9 111
app_main.js:107 1A4E268D475F 9 116
app_main.js:107 A8604D996EDB 9 112
app_main.js:107 16EF5503A80B 9 112
app_main.js:107 7E01F3106FE0 9 112
app_main.js:107 8DE22FD60E4C 9 113
app_main.js:107 93B6CFA4CEB8 9 112
app_main.js:107 FABE9041EF6F 9 115
app_main.js:107 DEBE160C045A 9 111
app_main.js:107 03F718ACE85C 9 111
app_main.js:107 8B32ACC563CA 9 112
app_main.js:107 CF88FCA3D34A 9 112
app_main.js:107 F8D5F02753AF 9 111
app_main.js:107 12226DBF11A5 9 112
app_main.js:107 4B32F41AFB3F 9 112
app_main.js:107 D64EA0F805B5 9 113
app_main.js:107 AC654FFA07AC 9 111
app_main.js:107 066E970E177A 9 114
app_main.js:107 0F33245BA515 9 113
app_main.js:107 AAD936EE20CD 9 113
app_main.js:107 1B2D297CF29E 9 114
app_main.js:107 DD9120433E5A 9 112
app_main.js:107 B45834297D76 9 112
app_main.js:107 6FD46580D009 9 113
app_main.js:107 4727F760EBD0 9 112
app_main.js:107 8B3669EC677C 9 113
app_main.js:107 653EE184B84B 9 120
app_main.js:107 616FA77DFAD4 9 125
app_main.js:107 7285425035D0 9 116
app_main.js:107 EC9C4F37AF27 9 114
app_main.js:107 8A9D804C5F9F 9 115
app_main.js:107 0DBC254B878B 9 114
app_main.js:107 1453C66F26D1 9 117
app_main.js:107 21E9972033AD 9 111
app_main.js:107 602C1325811A 9 113
app_main.js:107 FE15FDB3A94D 9 113
app_main.js:107 D88D6261C11E 9 111
app_main.js:107 73F4F35C643A 9 112
app_main.js:107 08E05D4566C9 9 113
app_main.js:107 76E6FD9F7AA4 9 113
app_main.js:107 EF4C527639D6 9 117
app_main.js:107 C60B65D9AA9A 9 113
app_main.js:107 7F82164DBFC0 9 113
app_main.js:107 63E2993915A8 9 116
app_main.js:107 E4E23761FD39 9 113
app_main.js:107 85D2FC974C89 9 112
app_main.js:107 DFD865CC19BF 9 114
app_main.js:107 1195B9A6DBD1 9 114
app_main.js:107 62B26B86AE6F 10 113
app_main.js:107 DEA1971ACEB0 10 112
app_main.js:107 AFBD1E8E0AA5 10 112
app_main.js:107 C19B8B42AC6C 10 285
app_main.js:107 B8C5D19C2077 10 253
app_main.js:107 612C42E51A1E 10 251
app_main.js:107 613DB44CA4D6 10 300
app_main.js:107 CE9429CCE10C 10 269
app_main.js:107 3CAD2AF89354 10 235
app_main.js:107 7A9B35425318 10 201
app_main.js:107 39031BBD0F7A 10 243
app_main.js:107 4192D6A56CEF 10 210
app_main.js:107 EBAC7ADA2B25 10 235
app_main.js:107 3F5E059EA76D 10 204
app_main.js:107 28168BD5136D 10 257
app_main.js:107 C099A76667E7 10 216
app_main.js:107 59A954A55506 10 184
app_main.js:107 325AA83EED31 10 149
app_main.js:107 916B1CC3E003 10 135
app_main.js:107 12E761ABD489 10 177
app_main.js:107 EAC39A50765E 10 143
app_main.js:107 28EEF0388DE8 10 113
app_main.js:107 2B3671C86F24 10 111
app_main.js:107 425DD64FCF57 10 151
app_main.js:107 478DED528BE1 10 120
app_main.js:107 ACDD67C20EF5 10 113
app_main.js:107 0F0B2181F602 10 113
app_main.js:107 EEFE40779448 10 130
app_main.js:107 3724946207DA 10 174
app_main.js:107 7EB8E615BA52 10 138
app_main.js:107 DA12F8F68785 10 116
app_main.js:107 C46FA4CB1ED9 10 114
app_main.js:107 674BB2290DBE 10 169
app_main.js:107 3037FD87877C 10 138
app_main.js:107 3770B3E7F959 10 150
app_main.js:107 E78DA89914AA 10 119
app_main.js:107 87B44C3437EC 10 160
app_main.js:107 B2E7F9770569 10 132
app_main.js:107 095DDB9C3253 10 112
app_main.js:107 5F004447E956 10 112
app_main.js:107 1C082516B7FD 10 114
app_main.js:107 61C09C9DAEF9 10 153
app_main.js:107 3DEF6C25D790 10 123
app_main.js:107 845F0DBB576A 10 113
app_main.js:107 159ED2CB34CC 10 137
app_main.js:107 753807E7742C 10 190
app_main.js:107 DA28A980BE5C 10 160
app_main.js:107 C0B064E3394E 10 136
app_main.js:107 56CB22ED63A5 10 114
app_main.js:107 E2CBD2695102 10 166
app_main.js:107 1E31812ADCD5 10 136
app_main.js:107 70131364AAE5 10 114
app_main.js:107 3673D114F789 10 114
app_main.js:107 1A4E268D475F 10 112
app_main.js:107 A8604D996EDB 10 160
app_main.js:107 16EF5503A80B 10 128
app_main.js:107 7E01F3106FE0 10 113
app_main.js:107 8DE22FD60E4C 10 113
app_main.js:107 93B6CFA4CEB8 10 157
app_main.js:107 FABE9041EF6F 10 129
app_main.js:107 DEBE160C045A 10 113
app_main.js:107 03F718ACE85C 10 113
app_main.js:107 8B32ACC563CA 10 111
app_main.js:107 CF88FCA3D34A 10 154
app_main.js:107 F8D5F02753AF 10 126
app_main.js:107 12226DBF11A5 10 114
app_main.js:107 4B32F41AFB3F 10 115
app_main.js:107 D64EA0F805B5 10 152
app_main.js:107 AC654FFA07AC 10 123
app_main.js:107 066E970E177A 10 115
app_main.js:107 0F33245BA515 10 113
app_main.js:107 AAD936EE20CD 10 198
app_main.js:107 1B2D297CF29E 10 161
app_main.js:107 DD9120433E5A 10 112
app_main.js:107 B45834297D76 10 112
app_main.js:107 6FD46580D009 10 112
app_main.js:107 4727F760EBD0 10 152
app_main.js:107 8B3669EC677C 10 125
app_main.js:107 653EE184B84B 10 114
app_main.js:107 616FA77DFAD4 10 113
app_main.js:107 7285425035D0 10 158
app_main.js:107 EC9C4F37AF27 10 141
app_main.js:107 8A9D804C5F9F 10 114
app_main.js:107 0DBC254B878B 10 114
app_main.js:107 1453C66F26D1 10 174
app_main.js:107 21E9972033AD 10 143
app_main.js:107 602C1325811A 10 124
app_main.js:107 FE15FDB3A94D 10 114
app_main.js:107 D88D6261C11E 10 113
app_main.js:107 73F4F35C643A 10 152
app_main.js:107 08E05D4566C9 10 128
app_main.js:107 76E6FD9F7AA4 10 117
app_main.js:107 EF4C527639D6 10 115
app_main.js:107 C60B65D9AA9A 10 184
app_main.js:107 7F82164DBFC0 10 150
app_main.js:107 63E2993915A8 10 112
app_main.js:107 E4E23761FD39 10 112
app_main.js:107 85D2FC974C89 10 172
app_main.js:107 DFD865CC19BF 10 152
app_main.js:107 1195B9A6DBD1 10 119
app_main.js:107 62B26B86AE6F 11 113
app_main.js:107 DEA1971ACEB0 11 115
app_main.js:107 AFBD1E8E0AA5 11 153
app_main.js:107 C19B8B42AC6C 11 188
app_main.js:107 B8C5D19C2077 11 157
app_main.js:107 612C42E51A1E 11 119
app_main.js:107 613DB44CA4D6 11 158
app_main.js:107 CE9429CCE10C 11 128
app_main.js:107 3CAD2AF89354 11 113
app_main.js:107 7A9B35425318 11 113
app_main.js:107 39031BBD0F7A 11 197
app_main.js:107 4192D6A56CEF 11 172
app_main.js:107 EBAC7ADA2B25 11 198
app_main.js:107 3F5E059EA76D 11 163
app_main.js:107 28168BD5136D 11 133
app_main.js:107 C099A76667E7 11 177
app_main.js:107 59A954A55506 11 149
app_main.js:107 325AA83EED31 11 120
app_main.js:107 916B1CC3E003 11 113
app_main.js:107 12E761ABD489 11 156
app_main.js:107 EAC39A50765E 11 124
app_main.js:107 28EEF0388DE8 11 112
app_main.js:107 2B3671C86F24 11 114
app_main.js:107 425DD64FCF57 11 176
app_main.js:107 478DED528BE1 11 149
app_main.js:107 ACDD67C20EF5 11 118
app_main.js:107 0F0B2181F602 11 115
app_main.js:107 EEFE40779448 11 135
app_main.js:107 3724946207DA 11 185
app_main.js:107 7EB8E615BA52 11 141
app_main.js:107 DA12F8F68785 11 113
app_main.js:107 C46FA4CB1ED9 11 119
app_main.js:107 674BB2290DBE 11 156
app_main.js:107 3037FD87877C 11 131
app_main.js:107 3770B3E7F959 11 141
app_main.js:107 E78DA89914AA 11 118
app_main.js:107 87B44C3437EC 11 175
app_main.js:107 B2E7F9770569 11 147
app_main.js:107 095DDB9C3253 11 115
app_main.js:107 5F004447E956 11 114
app_main.js:107 1C082516B7FD 11 113
app_main.js:107 61C09C9DAEF9 11 157
app_main.js:107 3DEF6C25D790 11 150
app_main.js:107 845F0DBB576A 11 116
app_main.js:107 159ED2CB34CC 11 112
app_main.js:107 753807E7742C 11 153
app_main.js:107 DA28A980BE5C 11 124
app_main.js:107 C0B064E3394E 11 126
app_main.js:107 56CB22ED63A5 11 113
app_main.js:107 E2CBD2695102 11 112
app_main.js:107 1E31812ADCD5 11 172
app_main.js:107 70131364AAE5 11 146
app_main.js:107 3673D114F789 11 117
app_main.js:107 1A4E268D475F 11 145
app_main.js:107 A8604D996EDB 11 155
app_main.js:107 16EF5503A80B 11 120
app_main.js:107 7E01F3106FE0 11 113
app_main.js:107 8DE22FD60E4C 11 112
app_main.js:107 93B6CFA4CEB8 11 163
app_main.js:107 FABE9041EF6F 11 131
app_main.js:107 DEBE160C045A 11 112
app_main.js:107 03F718ACE85C 11 111
app_main.js:107 8B32ACC563CA 11 113
app_main.js:107 CF88FCA3D34A 11 156
app_main.js:107 F8D5F02753AF 11 126
app_main.js:107 12226DBF11A5 11 112
app_main.js:107 4B32F41AFB3F 11 113
app_main.js:107 D64EA0F805B5 11 151
app_main.js:107 AC654FFA07AC 11 121
app_main.js:107 066E970E177A 11 113
app_main.js:107 0F33245BA515 11 112
app_main.js:107 AAD936EE20CD 11 188
app_main.js:107 1B2D297CF29E 11 159
app_main.js:107 DD9120433E5A 11 147
app_main.js:107 B45834297D76 11 113
app_main.js:107 6FD46580D009 11 112
app_main.js:107 4727F760EBD0 11 175
app_main.js:107 8B3669EC677C 11 159
app_main.js:107 653EE184B84B 11 125
app_main.js:107 616FA77DFAD4 11 115
app_main.js:107 7285425035D0 11 167
app_main.js:107 EC9C4F37AF27 11 140
app_main.js:107 8A9D804C5F9F 11 113
app_main.js:107 0DBC254B878B 11 112
app_main.js:107 1453C66F26D1 11 113
app_main.js:107 21E9972033AD 11 153
app_main.js:107 602C1325811A 11 138
app_main.js:107 FE15FDB3A94D 11 120
app_main.js:107 D88D6261C11E 11 115
app_main.js:107 73F4F35C643A 11 174
app_main.js:107 08E05D4566C9 11 143
app_main.js:107 76E6FD9F7AA4 11 113
app_main.js:107 EF4C527639D6 11 112
app_main.js:107 C60B65D9AA9A 11 114
app_main.js:107 7F82164DBFC0 11 158
app_main.js:107 63E2993915A8 11 125
app_main.js:107 E4E23761FD39 11 113
app_main.js:107 85D2FC974C89 11 112
app_main.js:107 DFD865CC19BF 11 163
app_main.js:107 1195B9A6DBD1 11 134
app_main.js:107 62B26B86AE6F 12 114
app_main.js:107 DEA1971ACEB0 12 115
app_main.js:107 AFBD1E8E0AA5 12 169
app_main.js:107 C19B8B42AC6C 12 217
app_main.js:107 B8C5D19C2077 12 187
app_main.js:107 612C42E51A1E 12 153
app_main.js:107 613DB44CA4D6 12 117
app_main.js:107 CE9429CCE10C 12 156
app_main.js:107 3CAD2AF89354 12 180
app_main.js:107 7A9B35425318 12 149
app_main.js:107 39031BBD0F7A 12 115
app_main.js:107 4192D6A56CEF 12 157
app_main.js:107 EBAC7ADA2B25 12 124
app_main.js:107 3F5E059EA76D 12 112
app_main.js:107 28168BD5136D 12 112
app_main.js:107 C099A76667E7 12 112
app_main.js:107 59A954A55506 12 152
app_main.js:107 325AA83EED31 12 145
app_main.js:107 916B1CC3E003 12 112
app_main.js:107 12E761ABD489 12 111
app_main.js:107 EAC39A50765E 12 157
app_main.js:107 28EEF0388DE8 12 129
app_main.js:107 2B3671C86F24 12 113
app_main.js:107 425DD64FCF57 12 113
app_main.js:107 478DED528BE1 12 173
app_main.js:107 ACDD67C20EF5 12 142
app_main.js:107 0F0B2181F602 12 114
app_main.js:107 EEFE40779448 12 112
app_main.js:107 3724946207DA 12 112
app_main.js:107 7EB8E615BA52 12 150
app_main.js:107 DA12F8F68785 12 120
app_main.js:107 C46FA4CB1ED9 12 118
app_main.js:107 674BB2290DBE 12 113
app_main.js:107 3037FD87877C 12 154
app_main.js:107 3770B3E7F959 12 125
app_main.js:107 E78DA89914AA 12 112
app_main.js:107 87B44C3437EC 12 112
app_main.js:107 B2E7F9770569 12 112
app_main.js:107 095DDB9C3253 12 152
app_main.js:107 5F004447E956 12 123
app_main.js:107 1C082516B7FD 12 115
app_main.js:107 61C09C9DAEF9 12 140
app_main.js:107 3DEF6C25D790 12 151
app_main.js:107 845F0DBB576A 12 124
app_main.js:107 159ED2CB34CC 12 112
app_main.js:107 753807E7742C 12 111
app_main.js:107 DA28A980BE5C 12 203
app_main.js:107 C0B064E3394E 12 208
app_main.js:107 56CB22ED63A5 12 166
app_main.js:107 E2CBD2695102 12 134
app_main.js:107 1E31812ADCD5 12 112
app_main.js:107 70131364AAE5 12 158
app_main.js:107 3673D114F789 12 131
app_main.js:107 1A4E268D475F 12 133
app_main.js:107 A8604D996EDB 12 112
app_main.js:107 16EF5503A80B 12 155
app_main.js:107 7E01F3106FE0 12 124
app_main.js:107 8DE22FD60E4C 12 112
app_main.js:107 93B6CFA4CEB8 12 112
app_main.js:107 FABE9041EF6F 12 174
app_main.js:107 DEBE160C045A 12 145
app_main.js:107 03F718ACE85C 12 112
app_main.js:107 8B32ACC563CA 12 112
app_main.js:107 CF88FCA3D34A 12 112
app_main.js:107 F8D5F02753AF 12 154
app_main.js:107 12226DBF11A5 12 127
app_main.js:107 4B32F41AFB3F 12 112
app_main.js:107 D64EA0F805B5 12 114
app_main.js:107 AC654FFA07AC 12 158
app_main.js:107 066E970E177A 12 127
app_main.js:107 0F33245BA515 12 113
app_main.js:107 AAD936EE20CD 12 114
app_main.js:107 1B2D297CF29E 12 112
app_main.js:107 DD9120433E5A 12 150
app_main.js:107 B45834297D76 12 118
app_main.js:107 6FD46580D009 12 113
app_main.js:107 4727F760EBD0 12 114
app_main.js:107 8B3669EC677C 12 154
app_main.js:107 653EE184B84B 12 125
app_main.js:107 616FA77DFAD4 12 113
app_main.js:107 7285425035D0 12 112
app_main.js:107 EC9C4F37AF27 12 184
app_main.js:107 8A9D804C5F9F 12 151
app_main.js:107 0DBC254B878B 12 117
app_main.js:107 1453C66F26D1 12 112
app_main.js:107 21E9972033AD 12 112
app_main.js:107 602C1325811A 12 151
app_main.js:107 FE15FDB3A94D 12 120
app_main.js:107 D88D6261C11E 12 112
app_main.js:107 73F4F35C643A 12 113
app_main.js:107 08E05D4566C9 12 174
app_main.js:107 76E6FD9F7AA4 12 140
app_main.js:107 EF4C527639D6 12 112
app_main.js:107 C60B65D9AA9A 12 112
app_main.js:107 7F82164DBFC0 12 113
app_main.js:107 63E2993915A8 12 152
app_main.js:107 E4E23761FD39 12 130
app_main.js:107 85D2FC974C89 12 113
app_main.js:107 DFD865CC19BF 12 112
app_main.js:107 1195B9A6DBD1 12 163
app_main.js:107 62B26B86AE6F 13 127
app_main.js:107 DEA1971ACEB0 13 112
app_main.js:107 AFBD1E8E0AA5 13 113
app_main.js:107 C19B8B42AC6C 13 189
app_main.js:107 B8C5D19C2077 13 155
app_main.js:107 612C42E51A1E 13 117
app_main.js:107 613DB44CA4D6 13 112
app_main.js:107 CE9429CCE10C 13 114
app_main.js:107 3CAD2AF89354 13 148
app_main.js:107 7A9B35425318 13 117
app_main.js:107 39031BBD0F7A 13 114
app_main.js:107 4192D6A56CEF 13 112
app_main.js:107 EBAC7ADA2B25 13 153
app_main.js:107 3F5E059EA76D 13 118
app_main.js:107 28168BD5136D 13 112
app_main.js:107 C099A76667E7 13 114
app_main.js:107 59A954A55506 13 186
app_main.js:107 325AA83EED31 13 151
app_main.js:107 916B1CC3E003 13 115
app_main.js:107 12E761ABD489 13 112
app_main.js:107 EAC39A50765E 13 111
app_main.js:107 28EEF0388DE8 13 150
app_main.js:107 2B3671C86F24 13 119
app_main.js:107 425DD64FCF57 13 111
app_main.js:107 478DED528BE1 13 112
app_main.js:107 ACDD67C20EF5 13 172
app_main.js:107 0F0B2181F602 13 136
app_main.js:107 EEFE40779448 13 113
app_main.js:107 3724946207DA 13 116
app_main.js:107 7EB8E615BA52 13 185
app_main.js:107 DA12F8F68785 13 147
app_main.js:107 C46FA4CB1ED9 13 115
app_main.js:107 674BB2290DBE 13 112
app_main.js:107 3037FD87877C 13 112
app_main.js:107 3770B3E7F959 13 161
app_main.js:107 E78DA89914AA 13 122
app_main.js:107 87B44C3437EC 13 115
app_main.js:107 B2E7F9770569 13 111
app_main.js:107 095DDB9C3253 13 148
app_main.js:107 5F004447E956 13 118
app_main.js:107 1C082516B7FD 13 114
app_main.js:107 61C09C9DAEF9 13 112
app_main.js:107 3DEF6C25D790 13 169
app_main.js:107 845F0DBB576A 13 139
app_main.js:107 159ED2CB34CC 13 112
app_main.js:107 753807E7742C 13 112
app_main.js:107 DA28A980BE5C 13 112
app_main.js:107 C0B064E3394E 13 190
app_main.js:107 56CB22ED63A5 13 157
app_main.js:107 E2CBD2695102 13 173
app_main.js:107 1E31812ADCD5 13 138
app_main.js:107 70131364AAE5 13 171
app_main.js:107 3673D114F789 13 135
app_main.js:107 1A4E268D475F 13 129
app_main.js:107 A8604D996EDB 13 112
app_main.js:107 16EF5503A80B 13 178
app_main.js:107 7E01F3106FE0 13 148
app_main.js:107 8DE22FD60E4C 13 113
app_main.js:107 93B6CFA4CEB8 13 115
app_main.js:107 FABE9041EF6F 13 112
app_main.js:107 DEBE160C045A 13 152
app_main.js:107 03F718ACE85C 13 121
app_main.js:107 8B32ACC563CA 13 113
app_main.js:107 CF88FCA3D34A 13 113
app_main.js:107 F8D5F02753AF 13 157
app_main.js:107 12226DBF11A5 13 135
app_main.js:107 4B32F41AFB3F 13 115
app_main.js:107 D64EA0F805B5 13 114
app_main.js:107 AC654FFA07AC 13 153
app_main.js:107 066E970E177A 13 122
app_main.js:107 0F33245BA515 13 113
app_main.js:107 AAD936EE20CD 13 114
app_main.js:107 1B2D297CF29E 13 155
app_main.js:107 DD9120433E5A 13 146
app_main.js:107 B45834297D76 13 130
app_main.js:107 6FD46580D009 13 112
app_main.js:107 4727F760EBD0 13 113
app_main.js:107 8B3669EC677C 13 156
app_main.js:107 653EE184B84B 13 143
app_main.js:107 616FA77DFAD4 13 113
app_main.js:107 7285425035D0 13 112
app_main.js:107 EC9C4F37AF27 13 154
app_main.js:107 8A9D804C5F9F 13 122
app_main.js:107 0DBC254B878B 13 112
app_main.js:107 1453C66F26D1 13 111
app_main.js:107 21E9972033AD 13 173
app_main.js:107 602C1325811A 13 145
app_main.js:107 FE15FDB3A94D 13 113
app_main.js:107 D88D6261C11E 13 113
app_main.js:107 73F4F35C643A 13 112
app_main.js:107 08E05D4566C9 13 151
app_main.js:107 76E6FD9F7AA4 13 119
app_main.js:107 EF4C527639D6 13 112
app_main.js:107 C60B65D9AA9A 13 112
app_main.js:107 7F82164DBFC0 13 149
app_main.js:107 63E2993915A8 13 117
app_main.js:107 E4E23761FD39 13 115
app_main.js:107 85D2FC974C89 13 112
app_main.js:107 DFD865CC19BF 13 155
app_main.js:107 1195B9A6DBD1 13 119
app_main.js:107 62B26B86AE6F 14 112
app_main.js:107 DEA1971ACEB0 14 113
app_main.js:107 AFBD1E8E0AA5 14 112
app_main.js:107 C19B8B42AC6C 14 157
app_main.js:107 B8C5D19C2077 14 128
app_main.js:107 612C42E51A1E 14 116
app_main.js:107 613DB44CA4D6 14 113
app_main.js:107 CE9429CCE10C 14 153
app_main.js:107 3CAD2AF89354 14 126
app_main.js:107 7A9B35425318 14 113
app_main.js:107 39031BBD0F7A 14 113
app_main.js:107 4192D6A56CEF 14 173
app_main.js:107 EBAC7ADA2B25 14 145
app_main.js:107 3F5E059EA76D 14 119
app_main.js:107 28168BD5136D 14 115
app_main.js:107 C099A76667E7 14 113
app_main.js:107 59A954A55506 14 154
app_main.js:107 325AA83EED31 14 149
app_main.js:107 916B1CC3E003 14 116
app_main.js:107 12E761ABD489 14 113
app_main.js:107 EAC39A50765E 14 155
app_main.js:107 28EEF0388DE8 14 123
app_main.js:107 2B3671C86F24 14 114
app_main.js:107 425DD64FCF57 14 111
app_main.js:107 478DED528BE1 14 126
app_main.js:107 ACDD67C20EF5 14 171
app_main.js:107 0F0B2181F602 14 136
app_main.js:107 EEFE40779448 14 112
app_main.js:107 3724946207DA 14 112
app_main.js:107 7EB8E615BA52 14 152
app_main.js:107 DA12F8F68785 14 121
app_main.js:107 C46FA4CB1ED9 14 113
app_main.js:107 674BB2290DBE 14 114
app_main.js:107 3037FD87877C 14 191
app_main.js:107 3770B3E7F959 14 158
app_main.js:107 E78DA89914AA 14 125
app_main.js:107 87B44C3437EC 14 113
app_main.js:107 B2E7F9770569 14 115
app_main.js:107 095DDB9C3253 14 152
app_main.js:107 5F004447E956 14 123
app_main.js:107 1C082516B7FD 14 113
app_main.js:107 61C09C9DAEF9 14 112
app_main.js:107 3DEF6C25D790 14 156
app_main.js:107 845F0DBB576A 14 127
app_main.js:107 159ED2CB34CC 14 113
app_main.js:107 753807E7742C 14 114
app_main.js:107 DA28A980BE5C 14 112
app_main.js:107 C0B064E3394E 14 187
app_main.js:107 56CB22ED63A5 14 195
app_main.js:107 E2CBD2695102 14 231
app_main.js:107 1E31812ADCD5 14 203
app_main.js:107 70131364AAE5 14 256
app_main.js:107 3673D114F789 14 264
app_main.js:107 1A4E268D475F 14 241
app_main.js:107 A8604D996EDB 14 231
app_main.js:107 16EF5503A80B 14 290
app_main.js:107 7E01F3106FE0 14 252
app_main.js:107 8DE22FD60E4C 14 216
app_main.js:107 93B6CFA4CEB8 14 185
app_main.js:107 FABE9041EF6F 14 151
app_main.js:107 DEBE160C045A 14 204
app_main.js:107 03F718ACE85C 14 172
app_main.js:107 8B32ACC563CA 14 146
app_main.js:107 CF88FCA3D34A 14 125
app_main.js:107 F8D5F02753AF 14 172
app_main.js:107 12226DBF11A5 14 142
app_main.js:107 4B32F41AFB3F 14 114
app_main.js:107 D64EA0F805B5 14 112
app_main.js:107 AC654FFA07AC 14 187
app_main.js:107 066E970E177A 14 154
app_main.js:107 0F33245BA515 14 120
app_main.js:107 AAD936EE20CD 14 112
app_main.js:107 1B2D297CF29E 14 112
app_main.js:107 DD9120433E5A 14 185
app_main.js:107 B45834297D76 14 154
app_main.js:107 6FD46580D009 14 121
app_main.js:107 4727F760EBD0 14 112
app_main.js:107 8B3669EC677C 14 166
app_main.js:107 653EE184B84B 14 157
app_main.js:107 616FA77DFAD4 14 125
app_main.js:107 7285425035D0 14 112
app_main.js:107 EC9C4F37AF27 14 112
app_main.js:107 8A9D804C5F9F 14 154
app_main.js:107 0DBC254B878B 14 157
app_main.js:107 1453C66F26D1 14 143
app_main.js:107 21E9972033AD 14 113
app_main.js:107 602C1325811A 14 152
app_main.js:107 FE15FDB3A94D 14 123
app_main.js:107 D88D6261C11E 14 112
app_main.js:107 73F4F35C643A 14 112
app_main.js:107 08E05D4566C9 14 112
app_main.js:107 76E6FD9F7AA4 14 150
app_main.js:107 EF4C527639D6 14 120
app_main.js:107 C60B65D9AA9A 14 114
app_main.js:107 7F82164DBFC0 14 114
app_main.js:107 63E2993915A8 14 153
app_main.js:107 E4E23761FD39 14 122
app_main.js:107 85D2FC974C89 14 112
app_main.js:107 DFD865CC19BF 14 111
app_main.js:107 1195B9A6DBD1 14 189
app_main.js:107 62B26B86AE6F 15 161
app_main.js:107 DEA1971ACEB0 15 131
app_main.js:107 AFBD1E8E0AA5 15 120
app_main.js:107 C19B8B42AC6C 15 120
app_main.js:107 B8C5D19C2077 15 156
app_main.js:107 612C42E51A1E 15 129
app_main.js:107 613DB44CA4D6 15 112
app_main.js:107 CE9429CCE10C 15 112
app_main.js:107 3CAD2AF89354 15 162
app_main.js:107 7A9B35425318 15 134
app_main.js:107 39031BBD0F7A 15 115
app_main.js:107 4192D6A56CEF 15 112
app_main.js:107 EBAC7ADA2B25 15 112
app_main.js:107 3F5E059EA76D 15 229
app_main.js:107 28168BD5136D 15 202
app_main.js:107 C099A76667E7 15 174
app_main.js:107 59A954A55506 15 166
app_main.js:107 325AA83EED31 15 135
app_main.js:107 916B1CC3E003 15 184
app_main.js:107 12E761ABD489 15 155
app_main.js:107 EAC39A50765E 15 124
app_main.js:107 28EEF0388DE8 15 185
app_main.js:107 2B3671C86F24 15 155
app_main.js:107 425DD64FCF57 15 119
app_main.js:107 478DED528BE1 15 132
app_main.js:107 ACDD67C20EF5 15 113
app_main.js:107 0F0B2181F602 15 151
app_main.js:107 EEFE40779448 15 121
app_main.js:107 3724946207DA 15 113
app_main.js:107 7EB8E615BA52 15 112
app_main.js:107 DA12F8F68785 15 169
app_main.js:107 C46FA4CB1ED9 15 149
app_main.js:107 674BB2290DBE 15 114
app_main.js:107 3037FD87877C 15 112
app_main.js:107 3770B3E7F959 15 114
app_main.js:107 E78DA89914AA 15 156
app_main.js:107 87B44C3437EC 15 126
app_main.js:107 B2E7F9770569 15 112
app_main.js:107 095DDB9C3253 15 116
app_main.js:107 5F004447E956 15 159
app_main.js:107 1C082516B7FD 15 152
app_main.js:107 61C09C9DAEF9 15 121
app_main.js:107 3DEF6C25D790 15 114
app_main.js:107 845F0DBB576A 15 185
app_main.js:107 159ED2CB34CC 15 156
app_main.js:107 753807E7742C 15 121
app_main.js:107 DA28A980BE5C 15 112
app_main.js:107 C0B064E3394E 15 114
app_main.js:107 56CB22ED63A5 15 161
app_main.js:107 E2CBD2695102 15 130
app_main.js:107 1E31812ADCD5 15 112
app_main.js:107 70131364AAE5 15 111
app_main.js:107 3673D114F789 15 194
app_main.js:107 1A4E268D475F 15 198
app_main.js:107 A8604D996EDB 15 165
app_main.js:107 16EF5503A80B 15 132
app_main.js:107 7E01F3106FE0 15 112
app_main.js:107 8DE22FD60E4C 15 172
app_main.js:107 93B6CFA4CEB8 15 141
app_main.js:107 FABE9041EF6F 15 112
app_main.js:107 DEBE160C045A 15 112
app_main.js:107 03F718ACE85C 15 156
app_main.js:107 8B32ACC563CA 15 125
app_main.js:107 CF88FCA3D34A 15 115
app_main.js:107 F8D5F02753AF 15 113
app_main.js:107 12226DBF11A5 15 114
app_main.js:107 4B32F41AFB3F 15 161
app_main.js:107 D64EA0F805B5 15 132
app_main.js:107 AC654FFA07AC 15 117
app_main.js:107 066E970E177A 15 112
app_main.js:107 0F33245BA515 15 161
app_main.js:107 AAD936EE20CD 15 135
app_main.js:107 1B2D297CF29E 15 112
app_main.js:107 DD9120433E5A 15 112
app_main.js:107 B45834297D76 15 176
app_main.js:107 6FD46580D009 15 153
app_main.js:107 4727F760EBD0 15 124
app_main.js:107 8B3669EC677C 15 112
app_main.js:107 653EE184B84B 15 117
app_main.js:107 616FA77DFAD4 15 152
app_main.js:107 7285425035D0 15 122
app_main.js:107 EC9C4F37AF27 15 113
app_main.js:107 8A9D804C5F9F 15 113
app_main.js:107 0DBC254B878B 15 152
app_main.js:107 1453C66F26D1 15 126
app_main.js:107 21E9972033AD 15 112
app_main.js:107 602C1325811A 15 112
app_main.js:107 FE15FDB3A94D 15 111
app_main.js:107 D88D6261C11E 15 156
app_main.js:107 73F4F35C643A 15 129
app_main.js:107 08E05D4566C9 15 115
app_main.js:107 76E6FD9F7AA4 15 132
app_main.js:107 EF4C527639D6 15 157
app_main.js:107 C60B65D9AA9A 15 123
app_main.js:107 7F82164DBFC0 15 114
app_main.js:107 63E2993915A8 15 113
app_main.js:107 E4E23761FD39 15 157
app_main.js:107 85D2FC974C89 15 124
app_main.js:107 DFD865CC19BF 15 113
app_main.js:107 1195B9A6DBD1 15 112
app_main.js:107 62B26B86AE6F 16 113
app_main.js:107 DEA1971ACEB0 16 152
app_main.js:107 AFBD1E8E0AA5 16 121
app_main.js:107 C19B8B42AC6C 16 112
app_main.js:107 B8C5D19C2077 16 112
app_main.js:107 612C42E51A1E 16 159
app_main.js:107 613DB44CA4D6 16 130
app_main.js:107 CE9429CCE10C 16 113
app_main.js:107 3CAD2AF89354 16 135
app_main.js:107 7A9B35425318 16 183
app_main.js:107 39031BBD0F7A 16 156
app_main.js:107 4192D6A56CEF 16 121
app_main.js:107 EBAC7ADA2B25 16 113
app_main.js:107 3F5E059EA76D 16 130
app_main.js:107 28168BD5136D 16 201
app_main.js:107 C099A76667E7 16 167
app_main.js:107 59A954A55506 16 133
app_main.js:107 325AA83EED31 16 112
app_main.js:107 916B1CC3E003 16 168
app_main.js:107 12E761ABD489 16 141
app_main.js:107 EAC39A50765E 16 120
app_main.js:107 28EEF0388DE8 16 113
app_main.js:107 2B3671C86F24 16 146
app_main.js:107 425DD64FCF57 16 188
app_main.js:107 478DED528BE1 16 200
app_main.js:107 ACDD67C20EF5 16 168
app_main.js:107 0F0B2181F602 16 133
app_main.js:107 EEFE40779448 16 218
app_main.js:107 3724946207DA 16 188
app_main.js:107 7EB8E615BA52 16 153
app_main.js:107 DA12F8F68785 16 120
app_main.js:107 C46FA4CB1ED9 16 184
app_main.js:107 674BB2290DBE 16 152
app_main.js:107 3037FD87877C 16 119
app_main.js:107 3770B3E7F959 16 111
app_main.js:107 E78DA89914AA 16 112
app_main.js:107 87B44C3437EC 16 153
app_main.js:107 B2E7F9770569 16 123
app_main.js:107 095DDB9C3253 16 114
app_main.js:107 5F004447E956 16 113
app_main.js:107 1C082516B7FD 16 167
app_main.js:107 61C09C9DAEF9 16 138
app_main.js:107 3DEF6C25D790 16 114
app_main.js:107 845F0DBB576A 16 119
app_main.js:107 159ED2CB34CC 16 112
app_main.js:107 753807E7742C 16 174
app_main.js:107 DA28A980BE5C 16 147
app_main.js:107 C0B064E3394E 16 116
app_main.js:107 56CB22ED63A5 16 121
app_main.js:107 E2CBD2695102 16 168
app_main.js:107 1E31812ADCD5 16 150
app_main.js:107 70131364AAE5 16 115
app_main.js:107 3673D114F789 16 113
app_main.js:107 1A4E268D475F 16 113
app_main.js:107 A8604D996EDB 16 152
app_main.js:107 16EF5503A80B 16 121
app_main.js:107 7E01F3106FE0 16 114
app_main.js:107 8DE22FD60E4C 16 112
app_main.js:107 93B6CFA4CEB8 16 153
app_main.js:107 FABE9041EF6F 16 123
app_main.js:107 DEBE160C045A 16 112
app_main.js:107 03F718ACE85C 16 111
app_main.js:107 8B32ACC563CA 16 184
app_main.js:107 CF88FCA3D34A 16 179
app_main.js:107 F8D5F02753AF 16 151
app_main.js:107 12226DBF11A5 16 114
app_main.js:107 4B32F41AFB3F 16 112
app_main.js:107 D64EA0F805B5 16 151
app_main.js:107 AC654FFA07AC 16 120
app_main.js:107 066E970E177A 16 114
app_main.js:99 Device offline  62B26B86AE6F
app_main.js:99 Device offline  DEA1971ACEB0
app_main.js:99 Device offline  AFBD1E8E0AA5
app_main.js:99 Device offline  C19B8B42AC6C
app_main.js:99 Device offline  B8C5D19C2077
app_main.js:99 Device offline  612C42E51A1E
app_main.js:99 Device offline  613DB44CA4D6
app_main.js:99 Device offline  CE9429CCE10C
app_main.js:99 Device offline  3CAD2AF89354
app_main.js:99 Device offline  7A9B35425318
app_main.js:99 Device offline  39031BBD0F7A
app_main.js:99 Device offline  4192D6A56CEF
app_main.js:99 Device offline  EBAC7ADA2B25
app_main.js:99 Device offline  3F5E059EA76D
app_main.js:99 Device offline  28168BD5136D
app_main.js:99 Device offline  C099A76667E7
app_main.js:99 Device offline  59A954A55506
app_main.js:99 Device offline  325AA83EED31
app_main.js:99 Device offline  916B1CC3E003
app_main.js:99 Device offline  12E761ABD489
app_main.js:99 Device offline  EAC39A50765E
app_main.js:99 Device offline  28EEF0388DE8
app_main.js:99 Device offline  2B3671C86F24
app_main.js:99 Device offline  425DD64FCF57
app_main.js:99 Device offline  478DED528BE1
app_main.js:99 Device offline  ACDD67C20EF5
app_main.js:99 Device offline  0F0B2181F602
app_main.js:99 Device offline  EEFE40779448
app_main.js:99 Device offline  3724946207DA
app_main.js:99 Device offline  7EB8E615BA52
app_main.js:99 Device offline  DA12F8F68785
app_main.js:99 Device offline  C46FA4CB1ED9
app_main.js:99 Device offline  674BB2290DBE
app_main.js:99 Device offline  3037FD87877C
app_main.js:99 Device offline  3770B3E7F959
app_main.js:99 Device offline  E78DA89914AA
app_main.js:99 Device offline  87B44C3437EC
app_main.js:99 Device offline  B2E7F9770569
app_main.js:99 Device offline  095DDB9C3253
app_main.js:99 Device offline  5F004447E956
app_main.js:99 Device offline  1C082516B7FD
app_main.js:99 Device offline  61C09C9DAEF9
app_main.js:99 Device offline  3DEF6C25D790
app_main.js:99 Device offline  845F0DBB576A
app_main.js:99 Device offline  159ED2CB34CC
app_main.js:99 Device offline  753807E7742C
app_main.js:99 Device offline  DA28A980BE5C
app_main.js:99 Device offline  C0B064E3394E
app_main.js:99 Device offline  56CB22ED63A5
app_main.js:99 Device offline  E2CBD2695102
app_main.js:99 Device offline  1E31812ADCD5
app_main.js:99 Device offline  70131364AAE5
app_main.js:99 Device offline  3673D114F789
app_main.js:99 Device offline  1A4E268D475F
app_main.js:99 Device offline  A8604D996EDB
app_main.js:99 Device offline  16EF5503A80B
app_main.js:99 Device offline  7E01F3106FE0
app_main.js:99 Device offline  8DE22FD60E4C
app_main.js:99 Device offline  93B6CFA4CEB8
app_main.js:99 Device offline  FABE9041EF6F
app_main.js:99 Device offline  DEBE160C045A
app_main.js:99 Device offline  03F718ACE85C
app_main.js:99 Device offline  8B32ACC563CA
app_main.js:99 Device offline  CF88FCA3D34A
app_main.js:99 Device offline  F8D5F02753AF
app_main.js:99 Device offline  12226DBF11A5
app_main.js:99 Device offline  4B32F41AFB3F
app_main.js:99 Device offline  D64EA0F805B5
app_main.js:99 Device offline  AC654FFA07AC
app_main.js:99 Device offline  066E970E177A
app_main.js:99 Device offline  0F33245BA515
app_main.js:99 Device offline  AAD936EE20CD
app_main.js:99 Device offline  1B2D297CF29E
app_main.js:99 Device offline  DD9120433E5A
app_main.js:99 Device offline  B45834297D76
app_main.js:99 Device offline  6FD46580D009
app_main.js:99 Device offline  4727F760EBD0
app_main.js:99 Device offline  8B3669EC677C
app_main.js:99 Device offline  653EE184B84B
app_main.js:99 Device offline  616FA77DFAD4
app_main.js:99 Device offline  7285425035D0
app_main.js:99 Device offline  EC9C4F37AF27
app_main.js:99 Device offline  8A9D804C5F9F
app_main.js:99 Device offline  0DBC254B878B
app_main.js:99 Device offline  1453C66F26D1
app_main.js:99 Device offline  21E9972033AD
app_main.js:99 Device offline  602C1325811A
app_main.js:99 Device offline  FE15FDB3A94D
app_main.js:99 Device offline  D88D6261C11E
app_main.js:99 Device offline  73F4F35C643A
app_main.js:99 Device offline  08E05D4566C9
app_main.js:99 Device offline  76E6FD9F7AA4
app_main.js:99 Device offline  EF4C527639D6
app_main.js:99 Device offline  C60B65D9AA9A
app_main.js:99 Device offline  7F82164DBFC0
app_main.js:99 Device offline  63E2993915A8
app_main.js:99 Device offline  E4E23761FD39
app_main.js:99 Device offline  85D2FC974C89
app_main.js:99 Device offline  DFD865CC19BF
app_main.js:99 Device offline  1195B9A6DBD1
