app_main.js:93 New device ping received.  7D6D72C21F5F
app_main.js:93 New device ping received.  0992615EA3E9
app_main.js:105 7D6D72C21F5F 1 84 124
app_main.js:93 New device ping received.  E5E0407BA26D
app_main.js:93 New device ping received.  635317356318
app_main.js:93 New device ping received.  EFF8F9EF8DDF
app_main.js:93 New device ping received.  64C6842838AE
app_main.js:105 0992615EA3E9 1 75 184
app_main.js:93 New device ping received.  FFB1412C1B80
app_main.js:93 New device ping received.  4AB1D193CDA1
app_main.js:105 E5E0407BA26D 1 81 265
app_main.js:105 635317356318 1 112 298
app_main.js:93 New device ping received.  EC2FCFE5B9B4
app_main.js:93 New device ping received.  16205EBB0B6B
app_main.js:105 EFF8F9EF8DDF 1 118 389
app_main.js:93 New device ping received.  EFF7AF4ABE04
app_main.js:93 New device ping received.  9B5D674EDB52
app_main.js:105 64C6842838AE 1 70 511
app_main.js:93 New device ping received.  3C89DA44DA1F
app_main.js:105 FFB1412C1B80 1 87 545
app_main.js:93 New device ping received.  B3D31CA742A7
app_main.js:105 4AB1D193CDA1 1 111 637
app_main.js:93 New device ping received.  4B08B2F7192D
app_main.js:105 EC2FCFE5B9B4 1 81 700
app_main.js:105 EFF7AF4ABE04 1 86 735
app_main.js:93 New device ping received.  28C63701CC1E
app_main.js:93 New device ping received.  DD83AA51FD5F
app_main.js:105 16205EBB0B6B 1 107 928
app_main.js:93 New device ping received.  4D3E69DCC43C
app_main.js:105 9B5D674EDB52 1 119 1020
app_main.js:93 New device ping received.  3CF2F29151B4
app_main.js:105 3C89DA44DA1F 1 116 1117
app_main.js:93 New device ping received.  08A0CBAE267F
app_main.js:105 B3D31CA742A7 1 82 1190
app_main.js:93 New device ping received.  90315441B7DD
app_main.js:105 4B08B2F7192D 1 81 1305
app_main.js:93 New device ping received.  12768F51CF05
app_main.js:105 DD83AA51FD5F 1 100 1389
app_main.js:93 New device ping received.  0F0AE25A31F7
app_main.js:105 28C63701CC1E 1 65 1615
app_main.js:105 4D3E69DCC43C 1 104 1665
app_main.js:93 New device ping received.  F9010A8332EF
app_main.js:93 New device ping received.  3E4D4193E179
app_main.js:105 3CF2F29151B4 1 62 1846
app_main.js:105 08A0CBAE267F 1 66 1916
app_main.js:105 90315441B7DD 1 73 1968
app_main.js:93 New device ping received.  9ADB83945E1A
app_main.js:93 New device ping received.  7ADA597C54F8
app_main.js:93 New device ping received.  1618CEBFE533
app_main.js:105 12768F51CF05 1 79 2275
app_main.js:93 New device ping received.  50C6F9B5E260
app_main.js:105 0F0AE25A31F7 1 117 2424
app_main.js:93 New device ping received.  A601E83D2E7D
app_main.js:105 3E4D4193E179 1 120 2607
app_main.js:105 F9010A8332EF 1 96 2698
app_main.js:93 New device ping received.  0EA451BB5223
app_main.js:93 New device ping received.  C924B61C6541
app_main.js:105 9ADB83945E1A 1 73 2940
app_main.js:105 1618CEBFE533 1 119 3032
app_main.js:105 7ADA597C54F8 1 86 3130
app_main.js:93 New device ping received.  6E243794241F
app_main.js:93 New device ping received.  616C700C2C0C
app_main.js:93 New device ping received.  DE9EF23976C8
app_main.js:105 50C6F9B5E260 1 81 3516
app_main.js:93 New device ping received.  10B27DC90DE8
app_main.js:105 A601E83D2E7D 1 97 3730
app_main.js:93 New device ping received.  1E0DB27760A7
app_main.js:105 C924B61C6541 1 99 3942
app_main.js:105 0EA451BB5223 1 87 4063
app_main.js:93 New device ping received.  BD8450AF894B
app_main.js:93 New device ping received.  76BBB59063B0
app_main.js:105 6E243794241F 1 70 4379
app_main.js:105 DE9EF23976C8 1 98 4484
app_main.js:105 616C700C2C0C 1 74 4602
app_main.js:93 New device ping received.  876065BB6761
app_main.js:93 New device ping received.  5F527B0C8DC2
app_main.js:93 New device ping received.  A9D3D9C07B50
app_main.js:105 10B27DC90DE8 1 103 5076
app_main.js:93 New device ping received.  1C02CB907625
app_main.js:105 1E0DB27760A7 1 105 5303
app_main.js:105 BD8450AF894B 1 75 5404
app_main.js:93 New device ping received.  FBD99E18658F
app_main.js:93 New device ping received.  BA80492A685B
app_main.js:105 76BBB59063B0 1 105 5784
app_main.js:93 New device ping received.  76D82419BA5F
app_main.js:105 5F527B0C8DC2 1 68 6022
app_main.js:93 New device ping received.  5301AABA9527
app_main.js:105 A9D3D9C07B50 1 72 6278
app_main.js:105 876065BB6761 1 82 6464
app_main.js:105 1C02CB907625 1 108 6560
app_main.js:93 New device ping received.  3F41D4D91818
app_main.js:93 New device ping received.  31E0F6E14748
app_main.js:93 New device ping received.  71269BD34FB8
app_main.js:105 BA80492A685B 1 65 7180
app_main.js:93 New device ping received.  9F9D068F225F
app_main.js:105 76D82419BA5F 1 72 7263
app_main.js:93 New device ping received.  67CA44A75A24
app_main.js:105 FBD99E18658F 1 71 7369
app_main.js:93 New device ping received.  3072F269528C
app_main.js:105 5301AABA9527 1 71 7402
app_main.js:93 New device ping received.  D3F2BE54BF16
app_main.js:105 31E0F6E14748 1 66 7470
app_main.js:93 New device ping received.  FBB261FC2D39
app_main.js:105 3F41D4D91818 1 119 7579
app_main.js:93 New device ping received.  12C2381A1391
app_main.js:105 9F9D068F225F 1 111 7685
app_main.js:105 71269BD34FB8 1 95 7775
app_main.js:93 New device ping received.  D38263F54911
app_main.js:93 New device ping received.  132DDA6709BF
app_main.js:105 67CA44A75A24 1 104 7903
app_main.js:93 New device ping received.  279B2FEF7E79
app_main.js:105 3072F269528C 1 90 8003
app_main.js:93 New device ping received.  2FBDB65EF3AE
app_main.js:105 D3F2BE54BF16 1 98 8084
app_main.js:105 FBB261FC2D39 1 113 8130
app_main.js:93 New device ping received.  B55CF19EDB04
app_main.js:93 New device ping received.  734FE54BFE22
app_main.js:105 12C2381A1391 1 97 8282
app_main.js:93 New device ping received.  ED41C627EEEC
app_main.js:105 132DDA6709BF 1 61 8383
app_main.js:105 D38263F54911 1 80 8451
app_main.js:93 New device ping received.  7402BE2896FD
app_main.js:93 New device ping received.  3B4AC888429D
app_main.js:105 279B2FEF7E79 1 81 8624
app_main.js:93 New device ping received.  2B190108A748
app_main.js:105 2FBDB65EF3AE 1 62 8718
app_main.js:93 New device ping received.  161BC4AC03EB
app_main.js:105 B55CF19EDB04 1 110 8824
app_main.js:105 734FE54BFE22 1 72 8874
app_main.js:93 New device ping received.  CF778E268969
app_main.js:93 New device ping received.  8DAF4F9DCC14
app_main.js:105 7402BE2896FD 1 84 9000
app_main.js:105 ED41C627EEEC 1 67 9101
app_main.js:93 New device ping received.  1A33F0BE15B8
app_main.js:93 New device ping received.  9BCD35FA6013
app_main.js:105 3B4AC888429D 1 85 9317
app_main.js:93 New device ping received.  2C2E3D6483B0
app_main.js:105 2B190108A748 1 79 9448
app_main.js:93 New device ping received.  BA7A3329110C
app_main.js:105 161BC4AC03EB 1 69 9583
app_main.js:93 New device ping received.  0B9855280543
app_main.js:105 CF778E268969 1 77 9691
app_main.js:105 8DAF4F9DCC14 1 75 9766
app_main.js:93 New device ping received.  9A5C6855111D
app_main.js:93 New device ping received.  56228B207FA4
app_main.js:105 2C2E3D6483B0 1 65 9908
app_main.js:105 BA7A3329110C 1 73 9966
app_main.js:93 New device ping received.  9FE15CA5C330
app_main.js:93 New device ping received.  B6A97C547D7A
app_main.js:105 9BCD35FA6013 1 119 10204
app_main.js:105 1A33F0BE15B8 1 98 10292
app_main.js:93 New device ping received.  FF33DB197CA6
app_main.js:93 New device ping received.  23B4800A5522
app_main.js:105 0B9855280543 1 67 10461
app_main.js:93 New device ping received.  710DAB036A9B
app_main.js:105 56228B207FA4 1 96 10586
app_main.js:93 New device ping received.  6BBB0F1BE46F
app_main.js:105 9A5C6855111D 1 111 10743
app_main.js:93 New device ping received.  AD77B72C3A17
app_main.js:105 B6A97C547D7A 1 91 10885
app_main.js:105 9FE15CA5C330 1 99 10973
app_main.js:93 New device ping received.  192A3960139B
app_main.js:93 New device ping received.  7DCEE0313362
app_main.js:105 FF33DB197CA6 1 108 11192
app_main.js:93 New device ping received.  384421DC898F
app_main.js:105 710DAB036A9B 1 67 11307
app_main.js:105 23B4800A5522 1 71 11421
app_main.js:93 New device ping received.  64F946C38AF2
app_main.js:105 6BBB0F1BE46F 1 61 11515
app_main.js:93 New device ping received.  500C47DB04B6
app_main.js:93 New device ping received.  AFE2B050EFD6
app_main.js:105 7DCEE0313362 1 60 11722
app_main.js:105 192A3960139B 1 103 11801
app_main.js:105 AD77B72C3A17 1 62 11921
app_main.js:93 New device ping received.  DC17A99E815C
app_main.js:93 New device ping received.  86DAB79A7D1D
app_main.js:93 New device ping received.  EAE25D58610D
app_main.js:105 64F946C38AF2 1 115 12217
app_main.js:105 384421DC898F 1 89 12344
app_main.js:93 New device ping received.  321F579D225B
app_main.js:93 New device ping received.  4F57EBC49AB1
app_main.js:105 500C47DB04B6 1 64 12582
app_main.js:105 AFE2B050EFD6 1 110 12694
app_main.js:93 New device ping received.  8EAC2A7E0867
app_main.js:93 New device ping received.  861D0D433CDC
app_main.js:105 DC17A99E815C 1 118 12920
app_main.js:105 86DAB79A7D1D 1 113 12999
app_main.js:93 New device ping received.  3B592F8EFC41
app_main.js:93 New device ping received.  8B587F63602A
app_main.js:105 EAE25D58610D 1 91 13251
app_main.js:93 New device ping received.  711CE8C0927D
app_main.js:105 4F57EBC49AB1 1 107 13346
app_main.js:93 New device ping received.  0CE4013C17A7
app_main.js:105 861D0D433CDC 1 91 13514
app_main.js:93 New device ping received.  EE426189C5C4
app_main.js:105 321F579D225B 1 112 13725
app_main.js:105 8EAC2A7E0867 1 103 13792
app_main.js:93 New device ping received.  A6C9BE36DA1C
app_main.js:93 New device ping received.  EDA8F54C5118
app_main.js:105 3B592F8EFC41 1 88 14060
app_main.js:93 New device ping received.  3F1C9AB6B02A
app_main.js:105 8B587F63602A 1 107 14242
app_main.js:93 New device ping received.  B3C63A6D4F81
app_main.js:105 711CE8C0927D 1 109 14420
app_main.js:93 New device ping received.  5EF2FE166B26
app_main.js:105 0CE4013C17A7 1 94 14561
app_main.js:93 New device ping received.  99CD1E4E416D
app_main.js:105 EDA8F54C5118 1 71 14725
app_main.js:105 EE426189C5C4 1 91 14834
app_main.js:105 A6C9BE36DA1C 1 97 14929
app_main.js:93 New device ping received.  2DA0787BAAA8
app_main.js:93 New device ping received.  D8FB02C03A0D
app_main.js:93 New device ping received.  A0470CB97499
app_main.js:105 3F1C9AB6B02A 1 87 15384
app_main.js:93 New device ping received.  E0F480389260
app_main.js:105 B3C63A6D4F81 1 107 15560
app_main.js:93 New device ping received.  44586C4A88CD
app_main.js:105 5EF2FE166B26 1 91 15726
app_main.js:93 New device ping received.  584F8CEE38F2
app_main.js:105 99CD1E4E416D 1 96 15875
app_main.js:93 New device ping received.  5DE4F239772C
app_main.js:105 A0470CB97499 1 83 16078
app_main.js:93 New device ping received.  BEFB9902A7ED
app_main.js:105 2DA0787BAAA8 1 86 16323
app_main.js:93 New device ping received.  09010CE8CDEE
app_main.js:105 E0F480389260 1 87 16492
app_main.js:93 New device ping received.  D94E924A9266
app_main.js:105 D8FB02C03A0D 1 64 16739
app_main.js:93 New device ping received.  4576A8694AC0
app_main.js:105 44586C4A88CD 1 95 16890
app_main.js:93 New device ping received.  C624A1ABDEB0
app_main.js:105 584F8CEE38F2 1 74 17053
app_main.js:93 New device ping received.  32742F534156
app_main.js:105 5DE4F239772C 1 118 17228
app_main.js:105 BEFB9902A7ED 1 102 17310
app_main.js:93 New device ping received.  7D8469BE5D28
app_main.js:93 New device ping received.  043A54A4F730
app_main.js:105 09010CE8CDEE 1 114 17630
app_main.js:93 New device ping received.  3FABA54A3E43
app_main.js:105 4576A8694AC0 1 95 17833
app_main.js:105 D94E924A9266 1 60 17960
app_main.js:105 C624A1ABDEB0 1 119 18087
app_main.js:93 New device ping received.  2C32C1EBFBFE
app_main.js:93 New device ping received.  4ECB3FAEF18E
app_main.js:93 New device ping received.  8C61E2BE4D96
app_main.js:105 32742F534156 1 95 18545
app_main.js:93 New device ping received.  747A3EB0B653
app_main.js:105 043A54A4F730 1 117 18734
app_main.js:105 7D8469BE5D28 1 71 18861
app_main.js:93 New device ping received.  B8B87E94F14E
app_main.js:93 New device ping received.  00CA37F9964B
app_main.js:105 8C61E2BE4D96 1 60 19151
app_main.js:105 4ECB3FAEF18E 1 77 19264
app_main.js:93 New device ping received.  4F1CB0E64209
app_main.js:93 New device ping received.  CA88F6F461FA
app_main.js:105 3FABA54A3E43 1 62 19658
app_main.js:105 747A3EB0B653 1 79 19678
app_main.js:93 New device ping received.  917FC740D94A
app_main.js:93 New device ping received.  84E329FEBD3E
app_main.js:105 00CA37F9964B 1 76 20063
app_main.js:93 New device ping received.  4C1924B7CF49
app_main.js:105 B8B87E94F14E 1 78 20303
app_main.js:105 2C32C1EBFBFE 1 71 20501
app_main.js:93 New device ping received.  A99C20EF871D
app_main.js:93 New device ping received.  8B80CC9720BA
app_main.js:105 4F1CB0E64209 1 112 20725
app_main.js:93 New device ping received.  AA05E57DF888
app_main.js:105 84E329FEBD3E 1 76 20935
app_main.js:105 CA88F6F461FA 1 104 21099
app_main.js:105 917FC740D94A 1 86 21205
app_main.js:93 New device ping received.  529112A1138E
app_main.js:93 New device ping received.  3D54B1199453
app_main.js:93 New device ping received.  AB2846FB711A
app_main.js:105 4C1924B7CF49 1 106 21721
app_main.js:93 New device ping received.  214614464E5A
app_main.js:105 A99C20EF871D 1 90 21987
app_main.js:93 New device ping received.  FE2C531EDAF5
app_main.js:105 8B80CC9720BA 1 69 22222
app_main.js:93 New device ping received.  C34A04868761
app_main.js:105 AA05E57DF888 1 106 22452
app_main.js:93 New device ping received.  7583A86CF110
app_main.js:105 529112A1138E 1 83 22678
app_main.js:105 3D54B1199453 1 111 22805
app_main.js:105 AB2846FB711A 1 61 22931
app_main.js:93 New device ping received.  9A5B77269FCB
app_main.js:93 New device ping received.  63C76E2CBDC3
app_main.js:93 New device ping received.  B81C41C1BDFC
app_main.js:105 214614464E5A 1 103 23423
app_main.js:105 FE2C531EDAF5 1 112 23564
app_main.js:93 New device ping received.  B000204B62C5
app_main.js:93 New device ping received.  DB0C9E187B2D
app_main.js:105 C34A04868761 1 93 23972
app_main.js:93 New device ping received.  4E0272213CC5
app_main.js:105 7583A86CF110 1 111 24286
app_main.js:93 New device ping received.  C7630C36C577
app_main.js:105 63C76E2CBDC3 1 86 24550
app_main.js:105 9A5B77269FCB 1 86 24685
app_main.js:93 New device ping received.  7DD2481A7BBA
app_main.js:93 New device ping received.  779DA0D22B6B
app_main.js:105 B81C41C1BDFC 1 71 25098
app_main.js:93 New device ping received.  2D0B9374B946
app_main.js:105 DB0C9E187B2D 1 68 25302
app_main.js:105 B000204B62C5 1 113 25440
app_main.js:93 New device ping received.  E724E82575F8
app_main.js:93 New device ping received.  8E9F470926B9
app_main.js:105 4E0272213CC5 1 89 25862
app_main.js:93 New device ping received.  4863E4A40942
app_main.js:105 C7630C36C577 1 79 26120
app_main.js:93 New device ping received.  48E36898DFBD
app_main.js:105 779DA0D22B6B 1 85 26384
app_main.js:105 7DD2481A7BBA 1 77 26530
app_main.js:93 New device ping received.  3913DD7F4B82
app_main.js:93 New device ping received.  4A30F1B44EFA
app_main.js:105 2D0B9374B946 1 93 26931
app_main.js:93 New device ping received.  807F2BC1EABD
app_main.js:105 8E9F470926B9 1 83 27177
app_main.js:105 E724E82575F8 1 60 27321
app_main.js:93 New device ping received.  F81D5F2EF0E3
app_main.js:93 New device ping received.  E337A610A793
app_main.js:105 4863E4A40942 1 117 27755
app_main.js:93 New device ping received.  23F31279418B
app_main.js:105 48E36898DFBD 1 63 28060
app_main.js:105 4A30F1B44EFA 1 115 28184
app_main.js:93 New device ping received.  067A12937158
app_main.js:105 3913DD7F4B82 1 100 28475
app_main.js:93 New device ping received.  042673C5600B
app_main.js:105 807F2BC1EABD 1 99 28726
app_main.js:93 New device ping received.  1086F474E02A
app_main.js:105 F81D5F2EF0E3 1 117 28989
app_main.js:105 E337A610A793 1 71 29131
app_main.js:93 New device ping received.  4C6CF40155AC
app_main.js:93 New device ping received.  AC5E6F96A7A4
app_main.js:105 7D6D72C21F5F 2 90 29546
app_main.js:105 067A12937158 1 115 29710
app_main.js:105 23F31279418B 1 71 29883
app_main.js:93 New device ping received.  EA7C5DB19167
app_main.js:93 New device ping received.  240483706227
app_main.js:105 042673C5600B 1 101 30331
app_main.js:105 AC5E6F96A7A4 1 119 30397
app_main.js:105 1086F474E02A 1 117 30575
app_main.js:93 New device ping received.  934B6EB88D6B
app_main.js:105 4C6CF40155AC 1 117 30900
app_main.js:93 New device ping received.  E314218EBCFF
app_main.js:105 E5E0407BA26D 2 75 31206
app_main.js:105 635317356318 2 110 31307
app_main.js:105 240483706227 1 84 31458
app_main.js:105 EA7C5DB19167 1 112 31621
app_main.js:93 New device ping received.  AE09D4A19D05
app_main.js:105 934B6EB88D6B 1 107 31889
app_main.js:93 New device ping received.  6F22DCEA9726
app_main.js:105 E314218EBCFF 1 95 32180
app_main.js:105 EFF8F9EF8DDF 2 83 32355
app_main.js:105 16205EBB0B6B 2 60 32424
app_main.js:105 EC2FCFE5B9B4 2 62 32628
app_main.js:105 64C6842838AE 2 111 32715
app_main.js:105 6F22DCEA9726 1 87 32817
app_main.js:105 AE09D4A19D05 1 99 33004
app_main.js:105 FFB1412C1B80 2 115 33122
app_main.js:105 9B5D674EDB52 2 107 33312
app_main.js:105 4D3E69DCC43C 2 111 33416
app_main.js:105 3C89DA44DA1F 2 76 33528
app_main.js:105 28C63701CC1E 2 119 33693
app_main.js:105 EFF7AF4ABE04 2 98 33825
app_main.js:105 0992615EA3E9 2 72 34148
app_main.js:105 B3D31CA742A7 2 87 34293
app_main.js:105 3CF2F29151B4 2 73 34423
app_main.js:105 3E4D4193E179 2 93 34524
app_main.js:105 08A0CBAE267F 2 112 34663
app_main.js:105 F9010A8332EF 2 84 34809
app_main.js:105 DD83AA51FD5F 2 69 35066
app_main.js:105 4AB1D193CDA1 2 109 35197
app_main.js:105 90315441B7DD 2 112 35321
app_main.js:105 9ADB83945E1A 2 99 35453
app_main.js:105 C924B61C6541 2 69 35670
app_main.js:105 7ADA597C54F8 2 119 35811
app_main.js:105 0F0AE25A31F7 2 64 35949
app_main.js:105 4B08B2F7192D 2 86 36103
app_main.js:105 0EA451BB5223 2 68 36297
app_main.js:105 6E243794241F 2 107 36342
app_main.js:105 1618CEBFE533 2 93 36520
app_main.js:105 DE9EF23976C8 2 110 36633
app_main.js:105 76BBB59063B0 2 99 36798
app_main.js:105 12768F51CF05 2 61 36994
app_main.js:105 A601E83D2E7D 2 95 37165
app_main.js:105 876065BB6761 2 109 37250
app_main.js:105 BD8450AF894B 2 115 37436
app_main.js:105 616C700C2C0C 2 119 37537
app_main.js:105 5F527B0C8DC2 2 111 37682
app_main.js:105 76D82419BA5F 2 68 37858
app_main.js:105 50C6F9B5E260 2 89 37961
app_main.js:105 31E0F6E14748 2 70 38093
app_main.js:105 1E0DB27760A7 2 117 38247
app_main.js:105 BA80492A685B 2 66 38381
app_main.js:105 A9D3D9C07B50 2 111 38498
app_main.js:105 67CA44A75A24 2 102 38630
app_main.js:105 5301AABA9527 2 74 38791
app_main.js:105 10B27DC90DE8 2 89 38904
app_main.js:105 FBB261FC2D39 2 102 39079
app_main.js:105 9F9D068F225F 2 76 39202
app_main.js:105 FBD99E18658F 2 62 39368
app_main.js:105 3F41D4D91818 2 80 39478
app_main.js:105 D3F2BE54BF16 2 62 39596
app_main.js:105 1C02CB907625 2 111 39745
app_main.js:105 279B2FEF7E79 2 78 39954
app_main.js:105 D38263F54911 2 80 40040
app_main.js:105 3072F269528C 2 117 40184
app_main.js:105 734FE54BFE22 2 65 40369
app_main.js:105 12C2381A1391 2 96 40462
app_main.js:105 71269BD34FB8 2 110 40562
app_main.js:105 B55CF19EDB04 2 89 40720
app_main.js:105 2B190108A748 2 75 40870
app_main.js:105 3B4AC888429D 2 90 41015
app_main.js:105 2FBDB65EF3AE 2 71 41138
app_main.js:105 8DAF4F9DCC14 2 73 41294
app_main.js:105 ED41C627EEEC 2 95 41381
app_main.js:105 132DDA6709BF 2 70 41648
app_main.js:105 CF778E268969 2 113 41821
app_main.js:105 2C2E3D6483B0 2 113 41957
app_main.js:105 161BC4AC03EB 2 98 42073
app_main.js:105 BA7A3329110C 2 92 42336
app_main.js:105 7402BE2896FD 2 60 42383
app_main.js:105 9BCD35FA6013 2 61 42538
app_main.js:105 56228B207FA4 2 79 42696
app_main.js:105 9A5C6855111D 2 71 42898
app_main.js:105 9FE15CA5C330 2 63 43027
app_main.js:105 B6A97C547D7A 2 73 43226
app_main.js:105 0B9855280543 2 62 43408
app_main.js:105 6BBB0F1BE46F 2 107 43499
app_main.js:105 1A33F0BE15B8 2 108 43696
app_main.js:105 AD77B72C3A17 2 83 43820
app_main.js:105 FF33DB197CA6 2 83 43993
app_main.js:105 192A3960139B 2 99 44136
app_main.js:105 7DCEE0313362 2 99 44342
app_main.js:105 710DAB036A9B 2 61 44464
app_main.js:105 AFE2B050EFD6 2 84 44593
app_main.js:105 86DAB79A7D1D 2 60 44727
app_main.js:105 384421DC898F 2 99 44872
app_main.js:105 23B4800A5522 2 105 45097
app_main.js:105 EAE25D58610D 2 78 45205
app_main.js:105 DC17A99E815C 2 70 45326
app_main.js:105 64F946C38AF2 2 76 45488
app_main.js:105 8EAC2A7E0867 2 68 45613
app_main.js:105 8B587F63602A 2 77 45748
app_main.js:105 4F57EBC49AB1 2 78 45897
app_main.js:105 500C47DB04B6 2 79 46041
app_main.js:105 711CE8C0927D 2 81 46200
app_main.js:105 321F579D225B 2 76 46312
app_main.js:105 3B592F8EFC41 2 61 46465
app_main.js:105 0CE4013C17A7 2 81 46542
app_main.js:105 B3C63A6D4F81 2 85 46743
app_main.js:105 861D0D433CDC 2 75 46879
app_main.js:105 A6C9BE36DA1C 2 73 47052
app_main.js:105 5EF2FE166B26 2 97 47165
app_main.js:105 EDA8F54C5118 2 102 47343
app_main.js:105 3F1C9AB6B02A 2 88 47515
app_main.js:105 44586C4A88CD 2 103 47630
app_main.js:105 99CD1E4E416D 2 98 47801
app_main.js:105 A0470CB97499 2 85 47914
app_main.js:105 EE426189C5C4 2 75 48072
app_main.js:105 584F8CEE38F2 2 87 48205
app_main.js:105 2DA0787BAAA8 2 113 48333
app_main.js:105 E0F480389260 2 99 48469
app_main.js:105 C624A1ABDEB0 2 99 48635
app_main.js:105 5DE4F239772C 2 75 48817
app_main.js:105 BEFB9902A7ED 2 119 48951
app_main.js:105 D8FB02C03A0D 2 100 49111
app_main.js:105 32742F534156 2 112 49221
app_main.js:105 09010CE8CDEE 2 102 49449
app_main.js:105 D94E924A9266 2 117 49573
app_main.js:105 8C61E2BE4D96 2 87 49692
app_main.js:105 7D8469BE5D28 2 76 49835
app_main.js:105 043A54A4F730 2 92 49978
app_main.js:105 4576A8694AC0 2 71 50128
app_main.js:105 747A3EB0B653 2 113 50221
app_main.js:105 3FABA54A3E43 2 105 50354
app_main.js:105 4ECB3FAEF18E 2 81 50483
app_main.js:105 4F1CB0E64209 2 77 50608
app_main.js:105 B8B87E94F14E 2 67 50763
app_main.js:105 2C32C1EBFBFE 2 81 50919
app_main.js:105 00CA37F9964B 2 92 51075
app_main.js:105 84E329FEBD3E 2 120 51248
app_main.js:105 CA88F6F461FA 2 81 51357
app_main.js:105 917FC740D94A 2 61 51558
app_main.js:105 AA05E57DF888 2 60 51681
app_main.js:105 A99C20EF871D 2 88 51789
app_main.js:105 8B80CC9720BA 2 81 51911
app_main.js:105 529112A1138E 2 76 52020
app_main.js:105 3D54B1199453 2 76 52181
app_main.js:105 4C1924B7CF49 2 117 52363
app_main.js:105 AB2846FB711A 2 66 52487
app_main.js:105 FE2C531EDAF5 2 74 52610
app_main.js:105 C34A04868761 2 102 52737
app_main.js:105 7583A86CF110 2 73 52936
app_main.js:105 63C76E2CBDC3 2 94 53018
app_main.js:105 9A5B77269FCB 2 96 53208
app_main.js:105 B81C41C1BDFC 2 62 53357
app_main.js:105 DB0C9E187B2D 2 101 53493
app_main.js:105 214614464E5A 2 68 53682
app_main.js:105 4E0272213CC5 2 100 53772
app_main.js:105 7DD2481A7BBA 2 66 53854
app_main.js:105 C7630C36C577 2 91 54047
app_main.js:105 8E9F470926B9 2 94 54117
app_main.js:105 779DA0D22B6B 2 111 54285
app_main.js:105 2D0B9374B946 2 81 54423
app_main.js:105 4863E4A40942 2 84 54522
app_main.js:105 B000204B62C5 2 61 54700
app_main.js:105 3913DD7F4B82 2 77 54732
app_main.js:105 807F2BC1EABD 2 88 54891
app_main.js:105 48E36898DFBD 2 113 55085
app_main.js:105 F81D5F2EF0E3 2 67 55233
app_main.js:105 4A30F1B44EFA 2 62 55436
app_main.js:105 23F31279418B 2 62 55484
app_main.js:105 E724E82575F8 2 100 55630
app_main.js:105 042673C5600B 2 83 55755
app_main.js:105 1086F474E02A 2 100 55905
app_main.js:105 067A12937158 2 100 56062
app_main.js:105 AC5E6F96A7A4 2 69 56183
app_main.js:105 7D6D72C21F5F 3 61 56320
app_main.js:105 240483706227 2 78 56436
app_main.js:105 E337A610A793 2 82 56564
app_main.js:105 635317356318 3 73 56679
app_main.js:105 934B6EB88D6B 2 91 56827
app_main.js:105 EA7C5DB19167 2 105 56999
app_main.js:105 E5E0407BA26D 3 92 57121
app_main.js:105 EFF8F9EF8DDF 3 118 57292
app_main.js:105 AE09D4A19D05 2 67 57406
app_main.js:105 4C6CF40155AC 2 71 57508
app_main.js:105 16205EBB0B6B 3 66 57631
app_main.js:105 6F22DCEA9726 2 82 57771
app_main.js:105 64C6842838AE 3 87 57914
app_main.js:105 EC2FCFE5B9B4 3 96 58047
app_main.js:105 9B5D674EDB52 3 63 58326
app_main.js:105 E314218EBCFF 2 91 58403
app_main.js:105 EFF7AF4ABE04 3 72 58546
app_main.js:105 4D3E69DCC43C 3 109 58816
app_main.js:105 0992615EA3E9 3 81 59012
app_main.js:105 3C89DA44DA1F 3 65 59099
app_main.js:105 28C63701CC1E 3 102 59250
app_main.js:105 3CF2F29151B4 3 82 59374
app_main.js:105 FFB1412C1B80 3 104 59503
app_main.js:105 DD83AA51FD5F 3 111 59645
app_main.js:105 3E4D4193E179 3 97 59787
app_main.js:105 4AB1D193CDA1 3 79 60033
app_main.js:105 F9010A8332EF 3 94 60137
app_main.js:105 08A0CBAE267F 3 114 60323
app_main.js:105 9ADB83945E1A 3 98 60430
app_main.js:105 B3D31CA742A7 3 79 60562
app_main.js:105 0F0AE25A31F7 3 61 60715
app_main.js:105 C924B61C6541 3 118 60877
app_main.js:105 4B08B2F7192D 3 120 60993
app_main.js:105 7ADA597C54F8 3 87 61118
app_main.js:105 0EA451BB5223 3 82 61273
app_main.js:105 6E243794241F 3 88 61396
app_main.js:105 90315441B7DD 3 76 61510
app_main.js:105 A601E83D2E7D 3 82 61657
app_main.js:105 76BBB59063B0 3 65 61900
app_main.js:105 DE9EF23976C8 3 65 62117
app_main.js:105 BD8450AF894B 3 107 62263
app_main.js:105 12768F51CF05 3 102 62447
app_main.js:105 876065BB6761 3 113 62535
app_main.js:105 1618CEBFE533 3 98 62650
app_main.js:105 76D82419BA5F 3 107 62863
app_main.js:105 1E0DB27760A7 3 76 63086
app_main.js:105 BA80492A685B 3 67 63178
app_main.js:105 50C6F9B5E260 3 111 63314
app_main.js:105 31E0F6E14748 3 99 63463
app_main.js:105 5F527B0C8DC2 3 61 63753
app_main.js:105 616C700C2C0C 3 90 63793
app_main.js:105 67CA44A75A24 3 88 63932
app_main.js:105 9F9D068F225F 3 98 64075
app_main.js:105 FBD99E18658F 3 90 64330
app_main.js:105 5301AABA9527 3 65 64456
app_main.js:105 10B27DC90DE8 3 106 64618
app_main.js:105 FBB261FC2D39 3 102 64840
app_main.js:105 279B2FEF7E79 3 63 64911
app_main.js:105 A9D3D9C07B50 3 63 65064
app_main.js:105 D38263F54911 3 94 65212
app_main.js:105 3072F269528C 3 106 65366
app_main.js:105 D3F2BE54BF16 3 93 65492
app_main.js:105 734FE54BFE22 3 107 65618
app_main.js:105 1C02CB907625 3 75 65778
app_main.js:105 2B190108A748 3 72 65864
app_main.js:105 3B4AC888429D 3 72 66008
app_main.js:105 3F41D4D91818 3 82 66173
app_main.js:105 2FBDB65EF3AE 3 118 66317
app_main.js:105 B55CF19EDB04 3 66 66420
app_main.js:105 71269BD34FB8 3 74 66562
app_main.js:105 8DAF4F9DCC14 3 112 66721
app_main.js:105 2C2E3D6483B0 3 88 66828
app_main.js:105 BA7A3329110C 3 66 66980
app_main.js:105 161BC4AC03EB 3 76 67130
app_main.js:105 12C2381A1391 3 84 67363
app_main.js:105 132DDA6709BF 3 92 67537
app_main.js:105 CF778E268969 3 95 67685
app_main.js:105 9FE15CA5C330 3 109 67873
app_main.js:105 56228B207FA4 3 107 68062
app_main.js:105 B6A97C547D7A 3 110 68232
app_main.js:105 0B9855280543 3 117 68352
app_main.js:105 ED41C627EEEC 3 108 68483
app_main.js:105 9A5C6855111D 3 91 68684
app_main.js:105 7402BE2896FD 3 65 68868
app_main.js:105 6BBB0F1BE46F 3 65 68946
app_main.js:105 192A3960139B 3 102 69136
app_main.js:105 710DAB036A9B 3 77 69309
app_main.js:105 7DCEE0313362 3 89 69470
app_main.js:105 9BCD35FA6013 3 62 69607
app_main.js:105 AD77B72C3A17 3 85 69722
app_main.js:105 1A33F0BE15B8 3 93 69874
app_main.js:105 64F946C38AF2 3 84 69955
app_main.js:105 AFE2B050EFD6 3 80 70117
app_main.js:105 EAE25D58610D 3 72 70259
app_main.js:105 DC17A99E815C 3 62 70404
app_main.js:105 FF33DB197CA6 3 71 70517
app_main.js:105 86DAB79A7D1D 3 61 70678
app_main.js:105 23B4800A5522 3 103 70812
app_main.js:105 321F579D225B 3 67 70921
app_main.js:105 711CE8C0927D 3 68 71042
app_main.js:105 8EAC2A7E0867 3 68 71222
app_main.js:105 384421DC898F 3 70 71313
app_main.js:105 3B592F8EFC41 3 120 71528
app_main.js:105 500C47DB04B6 3 103 71633
app_main.js:105 EDA8F54C5118 3 70 71763
app_main.js:105 8B587F63602A 3 91 71950
app_main.js:105 A6C9BE36DA1C 3 105 72012
app_main.js:105 5EF2FE166B26 3 63 72191
app_main.js:105 4F57EBC49AB1 3 100 72404
app_main.js:105 3F1C9AB6B02A 3 76 72562
app_main.js:105 861D0D433CDC 3 88 72711
app_main.js:105 A0470CB97499 3 117 72802
app_main.js:105 584F8CEE38F2 3 77 72977
app_main.js:105 B3C63A6D4F81 3 106 73184
app_main.js:105 2DA0787BAAA8 3 85 73348
app_main.js:105 E0F480389260 3 80 73425
app_main.js:105 0CE4013C17A7 3 63 73643
app_main.js:105 EE426189C5C4 3 93 73745
app_main.js:105 BEFB9902A7ED 3 66 73824
app_main.js:105 32742F534156 3 106 73993
app_main.js:105 D94E924A9266 3 90 74119
app_main.js:105 44586C4A88CD 3 104 74296
app_main.js:105 09010CE8CDEE 3 90 74429
app_main.js:105 D8FB02C03A0D 3 94 74585
app_main.js:105 99CD1E4E416D 3 64 74764
app_main.js:105 747A3EB0B653 3 75 74855
app_main.js:105 043A54A4F730 3 71 75029
app_main.js:105 4ECB3FAEF18E 3 98 75160
app_main.js:105 4576A8694AC0 3 84 75281
app_main.js:105 3FABA54A3E43 3 63 75445
app_main.js:105 C624A1ABDEB0 3 100 75614
app_main.js:105 5DE4F239772C 3 60 75773
app_main.js:105 B8B87E94F14E 3 65 75850
app_main.js:105 84E329FEBD3E 3 69 76031
app_main.js:105 CA88F6F461FA 3 88 76159
app_main.js:105 917FC740D94A 3 120 76299
app_main.js:105 2C32C1EBFBFE 3 102 76490
app_main.js:105 8C61E2BE4D96 3 100 76635
app_main.js:105 7D8469BE5D28 3 86 76765
app_main.js:105 3D54B1199453 3 62 76911
app_main.js:105 529112A1138E 3 110 77069
app_main.js:105 A99C20EF871D 3 86 77239
app_main.js:105 AB2846FB711A 3 62 77356
app_main.js:105 8B80CC9720BA 3 93 77524
app_main.js:105 4F1CB0E64209 3 62 77676
app_main.js:105 00CA37F9964B 3 110 77809
app_main.js:105 C34A04868761 3 76 77850
app_main.js:105 FE2C531EDAF5 3 64 78031
app_main.js:105 63C76E2CBDC3 3 104 78231
app_main.js:105 B81C41C1BDFC 3 94 78367
app_main.js:105 9A5B77269FCB 3 74 78584
app_main.js:105 AA05E57DF888 3 110 78725
app_main.js:105 4C1924B7CF49 3 91 78832
app_main.js:105 4E0272213CC5 3 91 78926
app_main.js:105 DB0C9E187B2D 3 87 79077
app_main.js:105 779DA0D22B6B 3 74 79206
app_main.js:105 2D0B9374B946 3 93 79374
app_main.js:105 7DD2481A7BBA 3 70 79529
app_main.js:105 7583A86CF110 3 100 79631
app_main.js:105 214614464E5A 3 71 79759
app_main.js:105 4863E4A40942 3 98 79866
app_main.js:105 8E9F470926B9 3 83 80040
app_main.js:105 3913DD7F4B82 3 85 80167
app_main.js:105 4A30F1B44EFA 3 61 80314
app_main.js:105 807F2BC1EABD 3 79 80472
app_main.js:105 C7630C36C577 3 66 80614
app_main.js:105 B000204B62C5 3 89 80700
app_main.js:105 23F31279418B 3 90 80831
app_main.js:105 042673C5600B 3 63 80952
app_main.js:105 F81D5F2EF0E3 3 100 81133
app_main.js:105 7D6D72C21F5F 4 79 81250
app_main.js:105 48E36898DFBD 3 88 81382
app_main.js:105 1086F474E02A 3 115 81571
app_main.js:105 E724E82575F8 3 89 81656
app_main.js:105 240483706227 3 116 81784
app_main.js:105 635317356318 4 79 81948
app_main.js:105 AC5E6F96A7A4 3 86 82110
app_main.js:105 067A12937158 3 114 82239
app_main.js:105 E5E0407BA26D 4 120 82415
app_main.js:105 934B6EB88D6B 3 104 82527
app_main.js:105 E337A610A793 3 102 82697
app_main.js:105 AE09D4A19D05 3 78 82820
app_main.js:105 16205EBB0B6B 4 79 82955
app_main.js:105 EFF8F9EF8DDF 4 88 83092
app_main.js:105 EA7C5DB19167 3 103 83220
app_main.js:105 6F22DCEA9726 3 66 83351
app_main.js:105 EC2FCFE5B9B4 4 60 83522
app_main.js:105 4C6CF40155AC 3 70 83755
app_main.js:105 9B5D674EDB52 4 61 83882
app_main.js:105 0992615EA3E9 4 116 84039
app_main.js:105 4D3E69DCC43C 4 110 84194
app_main.js:105 EFF7AF4ABE04 4 67 84340
app_main.js:105 64C6842838AE 4 82 84513
app_main.js:105 28C63701CC1E 4 72 84633
app_main.js:105 E314218EBCFF 3 89 84715
app_main.js:105 3E4D4193E179 4 76 84821
app_main.js:105 4AB1D193CDA1 4 86 85107
app_main.js:105 3CF2F29151B4 4 102 85271
app_main.js:105 3C89DA44DA1F 4 89 85375
app_main.js:105 DD83AA51FD5F 4 116 85541
app_main.js:105 F9010A8332EF 4 109 85685
app_main.js:105 FFB1412C1B80 4 99 85772
app_main.js:105 C924B61C6541 4 78 86038
app_main.js:105 9ADB83945E1A 4 69 86209
app_main.js:105 4B08B2F7192D 4 78 86496
app_main.js:105 0F0AE25A31F7 4 89 86618
app_main.js:105 08A0CBAE267F 4 72 86787
app_main.js:105 0EA451BB5223 4 106 86922
app_main.js:105 B3D31CA742A7 4 105 87013
app_main.js:105 76BBB59063B0 4 61 87123
app_main.js:105 6E243794241F 4 105 87275
app_main.js:105 12768F51CF05 4 99 87409
app_main.js:105 A601E83D2E7D 4 74 87668
app_main.js:105 7ADA597C54F8 4 108 87800
app_main.js:105 BD8450AF894B 4 66 87967
app_main.js:105 90315441B7DD 4 82 88095
app_main.js:105 76D82419BA5F 4 75 88213
app_main.js:105 50C6F9B5E260 4 109 88359
app_main.js:105 876065BB6761 4 116 88542
app_main.js:105 1E0DB27760A7 4 60 88667
app_main.js:105 DE9EF23976C8 4 99 88796
app_main.js:105 BA80492A685B 4 68 88952
app_main.js:105 1618CEBFE533 4 68 89070
app_main.js:105 10B27DC90DE8 4 108 89292
app_main.js:105 67CA44A75A24 4 65 89469
app_main.js:105 31E0F6E14748 4 113 89589
app_main.js:105 5F527B0C8DC2 4 113 89815
app_main.js:105 FBD99E18658F 4 95 90006
app_main.js:105 616C700C2C0C 4 87 90203
app_main.js:105 9F9D068F225F 4 92 90370
app_main.js:105 279B2FEF7E79 4 87 90574
app_main.js:105 1C02CB907625 4 99 90728
app_main.js:105 FBB261FC2D39 4 75 90969
app_main.js:105 5301AABA9527 4 105 91055
app_main.js:105 3072F269528C 4 72 91194
app_main.js:105 A9D3D9C07B50 4 109 91345
app_main.js:105 2B190108A748 4 84 91552
app_main.js:105 D38263F54911 4 87 91712
app_main.js:105 71269BD34FB8 4 84 91813
app_main.js:105 734FE54BFE22 4 100 91952
app_main.js:105 2FBDB65EF3AE 4 87 92068
app_main.js:105 D3F2BE54BF16 4 96 92229
app_main.js:105 BA7A3329110C 4 107 92355
app_main.js:105 3F41D4D91818 4 114 92514
app_main.js:105 3B4AC888429D 4 98 92655
app_main.js:105 132DDA6709BF 4 62 92852
app_main.js:105 8DAF4F9DCC14 4 88 92989
app_main.js:105 161BC4AC03EB 4 75 93119
app_main.js:105 12C2381A1391 4 101 93249
app_main.js:105 B55CF19EDB04 4 81 93417
app_main.js:105 2C2E3D6483B0 4 108 93529
app_main.js:105 B6A97C547D7A 4 89 93694
app_main.js:105 7402BE2896FD 4 90 93782
app_main.js:105 0B9855280543 4 107 93877
app_main.js:105 56228B207FA4 4 89 94051
app_main.js:105 ED41C627EEEC 4 111 94183
app_main.js:105 7DCEE0313362 4 74 94344
app_main.js:105 9FE15CA5C330 4 99 94506
app_main.js:105 CF778E268969 4 109 94737
app_main.js:105 1A33F0BE15B8 4 66 94927
app_main.js:105 710DAB036A9B 4 96 95015
app_main.js:105 DC17A99E815C 4 69 95254
app_main.js:105 6BBB0F1BE46F 4 64 95446
app_main.js:105 9BCD35FA6013 4 73 95578
app_main.js:105 9A5C6855111D 4 93 95711
app_main.js:105 192A3960139B 4 85 95890
app_main.js:105 23B4800A5522 4 98 95985
app_main.js:105 3B592F8EFC41 4 93 96062
app_main.js:105 AFE2B050EFD6 4 109 96202
app_main.js:105 FF33DB197CA6 4 90 96355
app_main.js:105 64F946C38AF2 4 120 96517
app_main.js:105 AD77B72C3A17 4 75 96638
app_main.js:105 500C47DB04B6 4 73 96784
app_main.js:105 EAE25D58610D 4 60 96970
app_main.js:105 8EAC2A7E0867 4 99 97012
app_main.js:105 3F1C9AB6B02A 4 111 97235
app_main.js:105 86DAB79A7D1D 4 88 97336
app_main.js:105 321F579D225B 4 106 97503
app_main.js:105 861D0D433CDC 4 116 97625
app_main.js:105 384421DC898F 4 106 97805
app_main.js:105 711CE8C0927D 4 103 97916
app_main.js:105 A6C9BE36DA1C 4 62 98007
app_main.js:105 E0F480389260 4 98 98155
app_main.js:105 EE426189C5C4 4 102 98312
app_main.js:105 8B587F63602A 4 73 98486
app_main.js:105 EDA8F54C5118 4 115 98649
app_main.js:105 4F57EBC49AB1 4 62 98814
app_main.js:105 5EF2FE166B26 4 103 98930
app_main.js:105 A0470CB97499 4 109 99042
app_main.js:105 D94E924A9266 4 97 99203
app_main.js:105 2DA0787BAAA8 4 89 99312
app_main.js:105 B3C63A6D4F81 4 108 99486
app_main.js:105 D8FB02C03A0D 4 103 99639
app_main.js:105 0CE4013C17A7 4 102 99912
app_main.js:105 584F8CEE38F2 4 96 100039
app_main.js:105 4ECB3FAEF18E 4 89 100201
app_main.js:105 BEFB9902A7ED 4 103 100362
app_main.js:105 09010CE8CDEE 4 104 100462
app_main.js:105 44586C4A88CD 4 83 100626
app_main.js:105 4576A8694AC0 4 98 100797
app_main.js:105 32742F534156 4 80 100909
app_main.js:105 99CD1E4E416D 4 77 101101
app_main.js:105 CA88F6F461FA 4 66 101188
app_main.js:105 3FABA54A3E43 4 89 101289
app_main.js:105 C624A1ABDEB0 4 72 101421
app_main.js:105 043A54A4F730 4 97 101627
app_main.js:105 2C32C1EBFBFE 4 74 101699
app_main.js:105 747A3EB0B653 4 97 101851
app_main.js:105 5DE4F239772C 4 87 102047
app_main.js:105 529112A1138E 4 70 102136
app_main.js:105 917FC740D94A 4 87 102279
app_main.js:105 B8B87E94F14E 4 90 102410
app_main.js:105 8C61E2BE4D96 4 65 102561
app_main.js:105 8B80CC9720BA 4 87 102710
app_main.js:105 84E329FEBD3E 4 103 102855
app_main.js:105 7D8469BE5D28 4 65 103002
app_main.js:105 AB2846FB711A 4 106 103097
app_main.js:105 9A5B77269FCB 4 107 103293
app_main.js:105 A99C20EF871D 4 91 103424
app_main.js:105 4F1CB0E64209 4 87 103525
app_main.js:105 00CA37F9964B 4 64 103669
app_main.js:105 3D54B1199453 4 60 103825
app_main.js:105 C34A04868761 4 65 103994
app_main.js:105 B81C41C1BDFC 4 69 104083
app_main.js:105 779DA0D22B6B 4 79 104213
app_main.js:105 AA05E57DF888 4 93 104325
app_main.js:105 FE2C531EDAF5 4 88 104508
app_main.js:105 63C76E2CBDC3 4 117 104629
app_main.js:105 4C1924B7CF49 4 63 104789
app_main.js:105 4E0272213CC5 4 73 104925
app_main.js:105 2D0B9374B946 4 114 105033
app_main.js:105 3913DD7F4B82 4 98 105141
app_main.js:105 7583A86CF110 4 64 105263
app_main.js:105 7DD2481A7BBA 4 86 105408
app_main.js:105 DB0C9E187B2D 4 88 105582
app_main.js:105 214614464E5A 4 91 105747
app_main.js:105 4863E4A40942 4 97 105854
app_main.js:105 807F2BC1EABD 4 77 105983
app_main.js:105 042673C5600B 4 79 106108
app_main.js:105 C7630C36C577 4 81 106241
app_main.js:105 4A30F1B44EFA 4 99 106416
app_main.js:105 8E9F470926B9 4 62 106547
app_main.js:105 23F31279418B 4 90 106712
app_main.js:105 B000204B62C5 4 75 106892
app_main.js:105 635317356318 5 67 107001
app_main.js:105 1086F474E02A 4 75 107187
app_main.js:105 48E36898DFBD 4 108 107300
app_main.js:105 7D6D72C21F5F 5 71 107451
app_main.js:105 240483706227 4 72 107541
app_main.js:105 E724E82575F8 4 74 107691
app_main.js:105 F81D5F2EF0E3 4 112 107892
app_main.js:105 16205EBB0B6B 5 70 107999
app_main.js:105 934B6EB88D6B 4 114 108144
app_main.js:105 E5E0407BA26D 5 83 108233
app_main.js:105 067A12937158 4 70 108395
app_main.js:105 AE09D4A19D05 4 68 108510
app_main.js:105 AC5E6F96A7A4 4 63 108664
app_main.js:105 4D3E69DCC43C 5 96 108819
app_main.js:105 E337A610A793 4 88 109106
app_main.js:105 6F22DCEA9726 4 109 109227
app_main.js:105 EC2FCFE5B9B4 5 70 109340
app_main.js:105 0992615EA3E9 5 111 109482
app_main.js:105 EA7C5DB19167 4 83 109679
app_main.js:105 EFF8F9EF8DDF 5 87 109777
app_main.js:105 3E4D4193E179 5 79 109924
app_main.js:105 EFF7AF4ABE04 5 63 110049
app_main.js:105 4C6CF40155AC 4 104 110221
app_main.js:105 28C63701CC1E 5 89 110352
app_main.js:105 64C6842838AE 5 113 110437
app_main.js:105 4AB1D193CDA1 5 91 110629
app_main.js:105 9B5D674EDB52 5 102 110798
app_main.js:105 C924B61C6541 5 76 110925
app_main.js:105 E314218EBCFF 4 102 111044
app_main.js:105 DD83AA51FD5F 5 67 111226
app_main.js:105 F9010A8332EF 5 81 111333
app_main.js:105 4B08B2F7192D 5 105 111452
app_main.js:105 3C89DA44DA1F 5 90 111616
app_main.js:105 76BBB59063B0 5 69 111726
app_main.js:105 3CF2F29151B4 5 78 111899
app_main.js:105 FFB1412C1B80 5 111 111984
app_main.js:105 0F0AE25A31F7 5 95 112254
app_main.js:105 08A0CBAE267F 5 66 112376
app_main.js:105 0EA451BB5223 5 63 112558
app_main.js:105 12768F51CF05 5 63 112709
app_main.js:105 9ADB83945E1A 5 95 112941
app_main.js:105 76D82419BA5F 5 65 113211
app_main.js:105 B3D31CA742A7 5 92 113309
app_main.js:105 A601E83D2E7D 5 66 113430
app_main.js:105 BD8450AF894B 5 105 113562
app_main.js:105 7ADA597C54F8 5 86 113717
app_main.js:105 50C6F9B5E260 5 80 113864
app_main.js:105 6E243794241F 5 77 113964
app_main.js:105 67CA44A75A24 5 104 114123
app_main.js:105 90315441B7DD 5 110 114218
app_main.js:105 10B27DC90DE8 5 82 114327
app_main.js:105 1E0DB27760A7 5 68 114516
app_main.js:105 BA80492A685B 5 102 114683
app_main.js:105 DE9EF23976C8 5 90 114822
app_main.js:105 876065BB6761 5 80 114955
app_main.js:105 279B2FEF7E79 5 106 115076
app_main.js:105 1618CEBFE533 5 109 115200
app_main.js:105 FBD99E18658F 5 91 115292
app_main.js:105 5F527B0C8DC2 5 89 115543
app_main.js:105 1C02CB907625 5 61 115701
app_main.js:105 31E0F6E14748 5 76 115933
app_main.js:105 9F9D068F225F 5 76 116097
app_main.js:105 616C700C2C0C 5 102 116184
app_main.js:105 2B190108A748 5 63 116337
app_main.js:105 3072F269528C 5 65 116414
app_main.js:105 5301AABA9527 5 96 116559
app_main.js:105 FBB261FC2D39 5 61 116833
app_main.js:105 71269BD34FB8 5 66 117007
app_main.js:105 A9D3D9C07B50 5 97 117096
app_main.js:105 BA7A3329110C 5 118 117327
app_main.js:105 D38263F54911 5 105 117533
app_main.js:105 2FBDB65EF3AE 5 82 117581
app_main.js:105 D3F2BE54BF16 5 67 117732
app_main.js:105 734FE54BFE22 5 60 117867
app_main.js:105 132DDA6709BF 5 108 117973
app_main.js:105 B6A97C547D7A 5 70 118117
app_main.js:105 3F41D4D91818 5 77 118277
app_main.js:105 3B4AC888429D 5 102 118420
app_main.js:105 161BC4AC03EB 5 80 118596
app_main.js:105 B55CF19EDB04 5 106 118740
app_main.js:105 8DAF4F9DCC14 5 60 118878
app_main.js:105 7402BE2896FD 5 62 119038
app_main.js:105 12C2381A1391 5 71 119160
app_main.js:105 7DCEE0313362 5 110 119330
app_main.js:105 2C2E3D6483B0 5 97 119465
app_main.js:105 0B9855280543 5 111 119665
app_main.js:105 CF778E268969 5 116 119777
app_main.js:105 1A33F0BE15B8 5 109 119899
app_main.js:105 56228B207FA4 5 83 120060
app_main.js:105 ED41C627EEEC 5 90 120190
app_main.js:105 DC17A99E815C 5 81 120341
app_main.js:105 9FE15CA5C330 5 97 120485
app_main.js:105 710DAB036A9B 5 81 120617
app_main.js:105 23B4800A5522 5 116 120787
app_main.js:105 9A5C6855111D 5 112 120945
app_main.js:105 6BBB0F1BE46F 5 117 121091
app_main.js:105 3B592F8EFC41 5 66 121197
app_main.js:105 9BCD35FA6013 5 63 121352
app_main.js:105 64F946C38AF2 5 113 121438
app_main.js:105 192A3960139B 5 109 121638
app_main.js:105 500C47DB04B6 5 101 121738
app_main.js:105 AD77B72C3A17 5 83 121860
app_main.js:105 3F1C9AB6B02A 5 90 121979
app_main.js:105 AFE2B050EFD6 5 89 122178
app_main.js:105 FF33DB197CA6 5 61 122322
app_main.js:105 EAE25D58610D 5 98 122397
app_main.js:105 321F579D225B 5 76 122677
app_main.js:105 861D0D433CDC 5 72 122811
app_main.js:105 86DAB79A7D1D 5 93 122937
app_main.js:105 E0F480389260 5 107 123078
app_main.js:105 8EAC2A7E0867 5 63 123232
app_main.js:105 384421DC898F 5 61 123430
app_main.js:105 711CE8C0927D 5 120 123544
app_main.js:105 EE426189C5C4 5 77 123655
app_main.js:105 EDA8F54C5118 5 90 123787
app_main.js:105 8B587F63602A 5 107 123863
app_main.js:105 D94E924A9266 5 107 124016
app_main.js:105 A6C9BE36DA1C 5 78 124113
app_main.js:105 4F57EBC49AB1 5 114 124225
app_main.js:105 5EF2FE166B26 5 70 124326
app_main.js:105 D8FB02C03A0D 5 72 124454
app_main.js:105 2DA0787BAAA8 5 68 124580
app_main.js:105 B3C63A6D4F81 5 64 124668
app_main.js:105 A0470CB97499 5 86 124786
app_main.js:105 4ECB3FAEF18E 5 96 124929
app_main.js:105 0CE4013C17A7 5 110 125012
app_main.js:105 4576A8694AC0 5 75 125117
app_main.js:105 09010CE8CDEE 5 92 125215
app_main.js:105 BEFB9902A7ED 5 120 125309
app_main.js:105 584F8CEE38F2 5 109 125512
app_main.js:105 44586C4A88CD 5 83 125622
app_main.js:105 CA88F6F461FA 5 105 125699
app_main.js:105 99CD1E4E416D 5 67 125813
app_main.js:105 2C32C1EBFBFE 5 83 125917
app_main.js:105 3FABA54A3E43 5 104 126024
app_main.js:105 32742F534156 5 87 126126
app_main.js:105 043A54A4F730 5 106 126278
app_main.js:105 C624A1ABDEB0 5 74 126418
app_main.js:105 529112A1138E 5 109 126514
app_main.js:105 5DE4F239772C 5 104 126629
app_main.js:105 8B80CC9720BA 5 113 126733
app_main.js:105 917FC740D94A 5 86 126829
app_main.js:105 8C61E2BE4D96 5 66 126940
app_main.js:105 747A3EB0B653 5 100 127096
app_main.js:105 B8B87E94F14E 5 63 127246
app_main.js:105 9A5B77269FCB 5 105 127331
app_main.js:105 7D8469BE5D28 5 87 127463
app_main.js:105 C34A04868761 5 85 127562
app_main.js:105 AB2846FB711A 5 113 127652
app_main.js:105 4F1CB0E64209 5 81 127766
app_main.js:105 A99C20EF871D 5 110 127886
app_main.js:105 84E329FEBD3E 5 101 128017
app_main.js:105 779DA0D22B6B 5 82 128118
app_main.js:105 00CA37F9964B 5 100 128210
app_main.js:105 B81C41C1BDFC 5 91 128291
app_main.js:105 AA05E57DF888 5 110 128421
app_main.js:105 FE2C531EDAF5 5 98 128543
app_main.js:105 4E0272213CC5 5 93 128785
app_main.js:105 3913DD7F4B82 5 99 128840
app_main.js:105 3D54B1199453 5 117 128984
app_main.js:105 4C1924B7CF49 5 95 129039
app_main.js:105 7583A86CF110 5 100 129163
app_main.js:105 DB0C9E187B2D 5 92 129292
app_main.js:105 2D0B9374B946 5 113 129449
app_main.js:105 042673C5600B 5 112 129520
app_main.js:105 4863E4A40942 5 107 129689
app_main.js:105 63C76E2CBDC3 5 101 129798
app_main.js:105 214614464E5A 5 93 129894
app_main.js:105 807F2BC1EABD 5 86 129997
app_main.js:105 C7630C36C577 5 76 130151
app_main.js:105 8E9F470926B9 5 91 130295
app_main.js:105 635317356318 6 102 130389
app_main.js:105 7DD2481A7BBA 5 71 130503
app_main.js:105 23F31279418B 5 64 130657
app_main.js:105 B000204B62C5 5 108 130717
app_main.js:105 F81D5F2EF0E3 5 90 130814
app_main.js:105 48E36898DFBD 5 109 130968
app_main.js:105 1086F474E02A 5 66 131106
app_main.js:105 16205EBB0B6B 6 82 131211
app_main.js:105 4A30F1B44EFA 5 92 131343
app_main.js:105 240483706227 5 60 131466
app_main.js:105 E724E82575F8 5 73 131547
app_main.js:105 067A12937158 5 118 131632
app_main.js:105 AC5E6F96A7A4 5 68 131768
app_main.js:105 934B6EB88D6B 5 69 131866
app_main.js:105 4D3E69DCC43C 6 73 131999
app_main.js:105 7D6D72C21F5F 6 60 132239
app_main.js:105 AE09D4A19D05 5 117 132368
app_main.js:105 E337A610A793 5 94 132461
app_main.js:105 6F22DCEA9726 5 94 132510
app_main.js:105 EFF8F9EF8DDF 6 117 132665
app_main.js:105 EA7C5DB19167 5 77 132799
app_main.js:105 E5E0407BA26D 6 87 132879
app_main.js:105 3E4D4193E179 6 73 133037
app_main.js:105 0992615EA3E9 6 75 133145
app_main.js:105 4C6CF40155AC 5 75 133246
app_main.js:105 EFF7AF4ABE04 6 67 133323
app_main.js:105 9B5D674EDB52 6 86 133469
app_main.js:105 C924B61C6541 6 92 133582
app_main.js:105 EC2FCFE5B9B4 6 100 133717
app_main.js:105 4AB1D193CDA1 6 103 133822
app_main.js:105 64C6842838AE 6 78 134002
app_main.js:105 E314218EBCFF 5 64 134037
app_main.js:105 DD83AA51FD5F 6 95 134147
app_main.js:105 3CF2F29151B4 6 92 134356
app_main.js:105 28C63701CC1E 6 65 134473
app_main.js:105 76BBB59063B0 6 76 134617
app_main.js:105 4B08B2F7192D 6 117 134719
app_main.js:105 3C89DA44DA1F 6 104 134832
app_main.js:105 0F0AE25A31F7 6 112 134910
app_main.js:105 FFB1412C1B80 6 111 135068
app_main.js:105 F9010A8332EF 6 79 135143
app_main.js:105 9ADB83945E1A 6 88 135289
app_main.js:105 76D82419BA5F 6 82 135523
app_main.js:105 12768F51CF05 6 98 135625
app_main.js:105 08A0CBAE267F 6 108 135826
app_main.js:105 B3D31CA742A7 6 79 135924
app_main.js:105 0EA451BB5223 6 85 136042
app_main.js:105 A601E83D2E7D 6 96 136209
app_main.js:105 6E243794241F 6 72 136376
app_main.js:105 67CA44A75A24 6 93 136485
app_main.js:105 50C6F9B5E260 6 98 136616
app_main.js:105 7ADA597C54F8 6 66 136808
app_main.js:105 BD8450AF894B 6 97 136895
app_main.js:105 90315441B7DD 6 66 137154
app_main.js:105 1E0DB27760A7 6 116 137259
app_main.js:105 876065BB6761 6 73 137363
app_main.js:105 10B27DC90DE8 6 112 137472
app_main.js:105 279B2FEF7E79 6 67 137613
app_main.js:105 DE9EF23976C8 6 99 137697
app_main.js:105 BA80492A685B 6 109 137830
app_main.js:105 1618CEBFE533 6 95 137952
app_main.js:105 FBD99E18658F 6 64 138145
app_main.js:105 31E0F6E14748 6 112 138270
app_main.js:105 2B190108A748 6 94 138375
app_main.js:105 1C02CB907625 6 98 138513
app_main.js:105 5F527B0C8DC2 6 74 138699
app_main.js:105 616C700C2C0C 6 94 138809
app_main.js:105 9F9D068F225F 6 120 138943
app_main.js:105 FBB261FC2D39 6 105 139025
app_main.js:105 3072F269528C 6 60 139177
app_main.js:105 BA7A3329110C 6 76 139264
app_main.js:105 71269BD34FB8 6 79 139394
app_main.js:105 5301AABA9527 6 106 139468
app_main.js:105 A9D3D9C07B50 6 93 139670
app_main.js:105 D38263F54911 6 92 139882
app_main.js:105 2FBDB65EF3AE 6 105 139975
app_main.js:105 734FE54BFE22 6 117 140111
app_main.js:105 B6A97C547D7A 6 116 140232
app_main.js:105 132DDA6709BF 6 69 140333
app_main.js:105 3B4AC888429D 6 84 140407
app_main.js:105 3F41D4D91818 6 74 140552
app_main.js:105 D3F2BE54BF16 6 105 140707
app_main.js:105 161BC4AC03EB 6 97 140787
app_main.js:105 8DAF4F9DCC14 6 89 140970
app_main.js:105 7DCEE0313362 6 102 141091
app_main.js:105 7402BE2896FD 6 93 141183
app_main.js:105 2C2E3D6483B0 6 76 141281
app_main.js:105 12C2381A1391 6 78 141454
app_main.js:105 B55CF19EDB04 6 74 141585
app_main.js:105 0B9855280543 6 108 141694
app_main.js:105 56228B207FA4 6 114 141805
app_main.js:105 DC17A99E815C 6 101 141957
app_main.js:105 1A33F0BE15B8 6 114 142069
app_main.js:105 9FE15CA5C330 6 94 142158
app_main.js:105 CF778E268969 6 105 142314
app_main.js:105 ED41C627EEEC 6 111 142480
app_main.js:105 710DAB036A9B 6 119 142566
app_main.js:105 3B592F8EFC41 6 113 142697
app_main.js:105 6BBB0F1BE46F 6 91 142845
app_main.js:105 23B4800A5522 6 72 142930
app_main.js:105 192A3960139B 6 89 143042
app_main.js:105 9A5C6855111D 6 62 143135
app_main.js:105 9BCD35FA6013 6 74 143263
app_main.js:105 64F946C38AF2 6 94 143358
app_main.js:105 AFE2B050EFD6 6 97 143479
app_main.js:105 3F1C9AB6B02A 6 73 143669
app_main.js:105 500C47DB04B6 6 83 143774
app_main.js:105 EAE25D58610D 6 81 143904
app_main.js:105 FF33DB197CA6 6 120 144020
app_main.js:105 AD77B72C3A17 6 65 144176
app_main.js:105 8EAC2A7E0867 6 74 144255
app_main.js:105 E0F480389260 6 80 144377
app_main.js:105 321F579D225B 6 98 144538
app_main.js:105 861D0D433CDC 6 73 144689
app_main.js:105 711CE8C0927D 6 95 144817
app_main.js:105 384421DC898F 6 98 144893
app_main.js:105 86DAB79A7D1D 6 113 145080
app_main.js:105 D94E924A9266 6 78 145179
app_main.js:105 EDA8F54C5118 6 115 145300
app_main.js:105 A6C9BE36DA1C 6 114 145443
app_main.js:105 EE426189C5C4 6 65 145543
app_main.js:105 5EF2FE166B26 6 105 145635
app_main.js:105 4F57EBC49AB1 6 86 145734
app_main.js:105 8B587F63602A 6 80 145863
app_main.js:105 4ECB3FAEF18E 6 64 145973
app_main.js:105 2DA0787BAAA8 6 103 146091
app_main.js:105 A0470CB97499 6 115 146234
app_main.js:105 D8FB02C03A0D 6 114 146357
app_main.js:105 584F8CEE38F2 6 92 146424
app_main.js:105 B3C63A6D4F81 6 94 146524
app_main.js:105 0CE4013C17A7 6 100 146679
app_main.js:105 BEFB9902A7ED 6 84 146732
app_main.js:105 CA88F6F461FA 6 60 146876
app_main.js:105 09010CE8CDEE 6 60 147031
app_main.js:105 4576A8694AC0 6 94 147126
app_main.js:105 32742F534156 6 67 147241
app_main.js:105 44586C4A88CD 6 114 147335
app_main.js:105 99CD1E4E416D 6 91 147467
app_main.js:105 043A54A4F730 6 106 147576
app_main.js:105 529112A1138E 6 118 147704
app_main.js:105 3FABA54A3E43 6 88 147834
app_main.js:105 2C32C1EBFBFE 6 118 147925
app_main.js:105 C624A1ABDEB0 6 94 148019
app_main.js:105 5DE4F239772C 6 95 148162
app_main.js:105 747A3EB0B653 6 81 148359
app_main.js:105 B8B87E94F14E 6 87 148432
app_main.js:105 9A5B77269FCB 6 71 148564
app_main.js:105 917FC740D94A 6 103 148676
app_main.js:105 8B80CC9720BA 6 89 148775
app_main.js:105 7D8469BE5D28 6 65 148865
app_main.js:105 8C61E2BE4D96 6 111 149033
app_main.js:105 84E329FEBD3E 6 83 149133
app_main.js:105 A99C20EF871D 6 101 149225
app_main.js:105 779DA0D22B6B 6 85 149354
app_main.js:105 AB2846FB711A 6 73 149462
app_main.js:105 4F1CB0E64209 6 79 149549
app_main.js:105 C34A04868761 6 66 149694
app_main.js:105 00CA37F9964B 6 85 149820
app_main.js:105 3D54B1199453 6 80 149944
app_main.js:105 FE2C531EDAF5 6 120 150028
app_main.js:105 3913DD7F4B82 6 117 150189
app_main.js:105 B81C41C1BDFC 6 97 150318
app_main.js:105 4E0272213CC5 6 80 150403
app_main.js:105 AA05E57DF888 6 68 150538
app_main.js:105 4C1924B7CF49 6 63 150660
app_main.js:105 63C76E2CBDC3 6 70 150814
app_main.js:105 042673C5600B 6 106 150890
app_main.js:105 DB0C9E187B2D 6 69 151026
app_main.js:105 7583A86CF110 6 71 151094
app_main.js:105 2D0B9374B946 6 85 151276
app_main.js:105 214614464E5A 6 77 151352
app_main.js:105 4863E4A40942 6 86 151500
app_main.js:105 7DD2481A7BBA 6 94 151589
app_main.js:105 C7630C36C577 6 79 151628
app_main.js:105 807F2BC1EABD 6 62 151757
app_main.js:105 635317356318 7 64 151950
app_main.js:105 23F31279418B 6 72 152018
app_main.js:105 B000204B62C5 6 71 152154
app_main.js:105 8E9F470926B9 6 95 152335
app_main.js:105 4A30F1B44EFA 6 60 152419
app_main.js:105 48E36898DFBD 6 70 152446
app_main.js:105 1086F474E02A 6 68 152573
app_main.js:105 7D6D72C21F5F 7 96 152670
app_main.js:105 16205EBB0B6B 7 105 152940
app_main.js:105 240483706227 6 111 153057
app_main.js:105 E724E82575F8 6 75 153188
app_main.js:105 F81D5F2EF0E3 6 107 153320
app_main.js:105 934B6EB88D6B 6 103 153327
app_main.js:105 067A12937158 6 100 153458
app_main.js:105 AE09D4A19D05 6 66 153574
app_main.js:105 E337A610A793 6 73 153707
app_main.js:105 4D3E69DCC43C 7 70 153842
app_main.js:105 E5E0407BA26D 7 89 153975
app_main.js:105 AC5E6F96A7A4 6 64 154095
app_main.js:105 6F22DCEA9726 6 101 154137
app_main.js:105 EA7C5DB19167 6 74 154265
app_main.js:105 0992615EA3E9 7 95 154397
app_main.js:105 3E4D4193E179 7 65 154511
app_main.js:105 4C6CF40155AC 6 98 154670
app_main.js:105 EC2FCFE5B9B4 7 107 154753
app_main.js:105 EFF8F9EF8DDF 7 72 154885
app_main.js:105 EFF7AF4ABE04 7 99 154946
app_main.js:105 4AB1D193CDA1 7 105 155185
app_main.js:105 C924B61C6541 7 62 155311
app_main.js:105 E314218EBCFF 6 112 155449
app_main.js:105 64C6842838AE 7 95 155610
app_main.js:105 9B5D674EDB52 7 73 155674
app_main.js:105 28C63701CC1E 7 98 155817
app_main.js:105 DD83AA51FD5F 7 80 156009
app_main.js:105 76BBB59063B0 7 91 156223
app_main.js:105 4B08B2F7192D 7 80 156370
app_main.js:105 3C89DA44DA1F 7 118 156477
app_main.js:105 FFB1412C1B80 7 86 156612
app_main.js:105 3CF2F29151B4 7 103 156728
app_main.js:105 F9010A8332EF 7 92 156851
app_main.js:105 0F0AE25A31F7 7 109 156951
app_main.js:105 76D82419BA5F 7 80 157054
app_main.js:105 12768F51CF05 7 78 157182
app_main.js:105 B3D31CA742A7 7 105 157390
app_main.js:105 0EA451BB5223 7 113 157511
app_main.js:105 9ADB83945E1A 7 107 157649
app_main.js:105 08A0CBAE267F 7 87 157792
