app_main.js:93 New device ping received.  DFB060CC6920
app_main.js:93 New device ping received.  B18F83F91CAF
app_main.js:105 DFB060CC6920 1 67 120
app_main.js:93 New device ping received.  7C474EACACC5
app_main.js:105 B18F83F91CAF 1 75 115
app_main.js:93 New device ping received.  A38C74F735E5
app_main.js:105 7C474EACACC5 1 111 124
app_main.js:93 New device ping received.  E48CE952E84A
app_main.js:105 A38C74F735E5 1 108 114
app_main.js:93 New device ping received.  0B5977F2EF21
app_main.js:105 E48CE952E84A 1 70 135
app_main.js:93 New device ping received.  D40B2350C714
app_main.js:105 0B5977F2EF21 1 89 132
app_main.js:93 New device ping received.  E72598D11897
app_main.js:105 D40B2350C714 1 67 154
app_main.js:93 New device ping received.  22CF1BB67A8C
app_main.js:105 E72598D11897 1 117 132
app_main.js:93 New device ping received.  7830E21EA387
app_main.js:105 22CF1BB67A8C 1 67 163
app_main.js:93 New device ping received.  DEE669CB0AE4
app_main.js:105 7830E21EA387 1 88 153
app_main.js:93 New device ping received.  613D63B38A1A
app_main.js:105 DEE669CB0AE4 1 82 190
app_main.js:93 New device ping received.  E1B939DC1943
app_main.js:105 613D63B38A1A 1 108 210
app_main.js:93 New device ping received.  4546FDE55292
app_main.js:105 E1B939DC1943 1 90 268
app_main.js:93 New device ping received.  6E44FBB24C92
app_main.js:105 4546FDE55292 1 82 279
app_main.js:93 New device ping received.  08DC7508AD45
app_main.js:105 6E44FBB24C92 1 93 386
app_main.js:93 New device ping received.  BC3F4F3F1572
app_main.js:105 08DC7508AD45 1 108 400
app_main.js:93 New device ping received.  8358EEF4ACCA
app_main.js:105 BC3F4F3F1572 1 119 475
app_main.js:93 New device ping received.  E1E01012D305
app_main.js:105 8358EEF4ACCA 1 77 511
app_main.js:93 New device ping received.  391C302E5BB5
app_main.js:105 E1E01012D305 1 94 595
app_main.js:93 New device ping received.  85C3CD9FF624
app_main.js:105 391C302E5BB5 1 74 628
app_main.js:93 New device ping received.  06A6937F081F
app_main.js:105 85C3CD9FF624 1 119 730
app_main.js:93 New device ping received.  BDD940ADEA1E
app_main.js:105 06A6937F081F 1 87 776
app_main.js:93 New device ping received.  681A66506882
app_main.js:105 BDD940ADEA1E 1 78 869
app_main.js:93 New device ping received.  044D558BF605
app_main.js:105 681A66506882 1 89 991
app_main.js:93 New device ping received.  D69C1BFBB9F4
app_main.js:105 044D558BF605 1 67 1094
app_main.js:93 New device ping received.  523503629407
app_main.js:105 D69C1BFBB9F4 1 87 1157
app_main.js:93 New device ping received.  0985310815A8
app_main.js:105 523503629407 1 79 1280
app_main.js:93 New device ping received.  AD72A92A9339
app_main.js:105 0985310815A8 1 99 1359
app_main.js:93 New device ping received.  6CDE6E13EF34
app_main.js:105 AD72A92A9339 1 120 1498
app_main.js:93 New device ping received.  F0F2CF3FFAA5
app_main.js:105 6CDE6E13EF34 1 102 1588
app_main.js:93 New device ping received.  DEB73A85DD6E
app_main.js:105 F0F2CF3FFAA5 1 76 1728
app_main.js:93 New device ping received.  1E2C0D36224E
app_main.js:105 DEB73A85DD6E 1 98 1839
app_main.js:93 New device ping received.  73ABD471A224
app_main.js:105 1E2C0D36224E 1 79 1988
app_main.js:93 New device ping received.  FD67ADD6C00A
app_main.js:105 73ABD471A224 1 118 2095
app_main.js:93 New device ping received.  500F2F0E51ED
app_main.js:105 FD67ADD6C00A 1 103 2257
app_main.js:93 New device ping received.  22EC28A507D8
app_main.js:105 500F2F0E51ED 1 69 2371
app_main.js:93 New device ping received.  AF150FAD191C
app_main.js:105 22EC28A507D8 1 102 2537
app_main.js:93 New device ping received.  23612FF39860
app_main.js:105 AF150FAD191C 1 105 2678
app_main.js:93 New device ping received.  6FA8B6D2B122
app_main.js:105 23612FF39860 1 87 2861
app_main.js:93 New device ping received.  D7945C8241FB
app_main.js:105 6FA8B6D2B122 1 64 3100
app_main.js:93 New device ping received.  DBF28245EAA3
app_main.js:105 D7945C8241FB 1 82 3291
app_main.js:93 New device ping received.  CB35B37F47B3
app_main.js:105 DBF28245EAA3 1 120 3434
app_main.js:93 New device ping received.  BEDDA71A652B
app_main.js:105 CB35B37F47B3 1 78 3631
app_main.js:93 New device ping received.  91A8A942D62C
app_main.js:105 BEDDA71A652B 1 71 3782
app_main.js:93 New device ping received.  CF32310F2152
app_main.js:105 91A8A942D62C 1 106 3990
app_main.js:93 New device ping received.  5047BB860F81
app_main.js:105 CF32310F2152 1 87 4203
app_main.js:93 New device ping received.  16AE8DC10FA0
app_main.js:105 5047BB860F81 1 69 4427
app_main.js:93 New device ping received.  2B2FEBA72FF2
app_main.js:105 16AE8DC10FA0 1 70 4598
app_main.js:93 New device ping received.  C424D0FBD379
app_main.js:105 2B2FEBA72FF2 1 74 4875
app_main.js:105 C424D0FBD379 1 92 4831
app_main.js:105 DFB060CC6920 2 77 4844
app_main.js:105 B18F83F91CAF 2 91 4802
app_main.js:105 7C474EACACC5 2 63 4814
app_main.js:105 A38C74F735E5 2 91 4767
app_main.js:105 E48CE952E84A 2 88 4782
app_main.js:105 0B5977F2EF21 2 67 4734
app_main.js:105 D40B2350C714 2 94 4750
app_main.js:105 E72598D11897 2 89 4695
app_main.js:105 22CF1BB67A8C 2 67 4715
app_main.js:105 7830E21EA387 2 84 4659
app_main.js:105 DEE669CB0AE4 2 88 4682
app_main.js:105 613D63B38A1A 2 99 4629
app_main.js:105 E1B939DC1943 2 92 4652
app_main.js:105 4546FDE55292 2 80 4600
app_main.js:105 6E44FBB24C92 2 106 4619
app_main.js:105 08DC7508AD45 2 103 4570
app_main.js:105 BC3F4F3F1572 2 100 4591
app_main.js:105 8358EEF4ACCA 2 84 4552
app_main.js:105 E1E01012D305 2 69 4578
app_main.js:105 391C302E5BB5 2 67 4537
app_main.js:105 85C3CD9FF624 2 114 4564
app_main.js:105 06A6937F081F 2 93 4509
app_main.js:105 BDD940ADEA1E 2 91 4531
app_main.js:105 681A66506882 2 104 4470
app_main.js:105 044D558BF605 2 85 4500
app_main.js:105 D69C1BFBB9F4 2 120 4441
app_main.js:105 523503629407 2 80 4468
app_main.js:105 0985310815A8 2 67 4406
app_main.js:105 AD72A92A9339 2 62 4441
app_main.js:105 6CDE6E13EF34 2 96 4390
app_main.js:105 F0F2CF3FFAA5 2 93 4426
app_main.js:105 DEB73A85DD6E 2 84 4363
app_main.js:105 1E2C0D36224E 2 84 4402
app_main.js:105 73ABD471A224 2 80 4342
app_main.js:105 FD67ADD6C00A 2 97 4370
app_main.js:105 500F2F0E51ED 2 85 4317
app_main.js:105 22EC28A507D8 2 115 4345
app_main.js:105 AF150FAD191C 2 119 4283
app_main.js:105 23612FF39860 2 100 4312
app_main.js:105 6FA8B6D2B122 2 71 4289
app_main.js:105 D7945C8241FB 2 116 4321
app_main.js:105 DBF28245EAA3 2 62 4256
app_main.js:105 CB35B37F47B3 2 60 4288
app_main.js:105 BEDDA71A652B 2 84 4218
app_main.js:105 91A8A942D62C 2 65 4254
app_main.js:105 CF32310F2152 2 60 4183
app_main.js:105 5047BB860F81 2 112 4225
app_main.js:105 16AE8DC10FA0 2 81 4148
app_main.js:105 2B2FEBA72FF2 2 109 4189
app_main.js:105 C424D0FBD379 2 84 4117
app_main.js:105 DFB060CC6920 3 89 4157
app_main.js:105 B18F83F91CAF 3 71 4083
app_main.js:105 7C474EACACC5 3 110 4126
app_main.js:105 A38C74F735E5 3 119 4053
app_main.js:105 E48CE952E84A 3 78 4100
app_main.js:105 0B5977F2EF21 3 71 4031
app_main.js:105 D40B2350C714 3 99 4068
app_main.js:105 E72598D11897 3 102 3997
app_main.js:105 22CF1BB67A8C 3 76 4038
app_main.js:105 DEE669CB0AE4 3 67 3967
app_main.js:105 7830E21EA387 3 118 4005
app_main.js:105 613D63B38A1A 3 102 3928
app_main.js:105 E1B939DC1943 3 66 3973
app_main.js:105 4546FDE55292 3 95 3885
app_main.js:105 6E44FBB24C92 3 110 3947
app_main.js:105 08DC7508AD45 3 60 3886
app_main.js:105 BC3F4F3F1572 3 110 3916
app_main.js:105 8358EEF4ACCA 3 120 3852
app_main.js:105 E1E01012D305 3 81 3884
app_main.js:105 391C302E5BB5 3 115 3815
app_main.js:105 85C3CD9FF624 3 109 3847
app_main.js:105 06A6937F081F 3 117 3780
app_main.js:105 BDD940ADEA1E 3 119 3813
app_main.js:105 681A66506882 3 116 3748
app_main.js:105 044D558BF605 3 115 3776
app_main.js:105 D69C1BFBB9F4 3 90 3713
app_main.js:105 523503629407 3 64 3742
app_main.js:105 0985310815A8 3 112 3682
app_main.js:105 AD72A92A9339 3 78 3712
app_main.js:105 6CDE6E13EF34 3 92 3649
app_main.js:105 F0F2CF3FFAA5 3 100 3685
app_main.js:105 DEB73A85DD6E 3 70 3625
app_main.js:105 1E2C0D36224E 3 116 3681
app_main.js:105 73ABD471A224 3 89 3620
app_main.js:105 FD67ADD6C00A 3 108 3648
app_main.js:105 500F2F0E51ED 3 95 3603
app_main.js:105 22EC28A507D8 3 80 3637
app_main.js:105 AF150FAD191C 3 66 3576
app_main.js:105 23612FF39860 3 111 3613
app_main.js:105 6FA8B6D2B122 3 78 3550
app_main.js:105 D7945C8241FB 3 118 3576
app_main.js:105 DBF28245EAA3 3 83 3520
app_main.js:105 CB35B37F47B3 3 73 3544
app_main.js:105 BEDDA71A652B 3 86 3488
app_main.js:105 91A8A942D62C 3 107 3512
app_main.js:105 CF32310F2152 3 84 3451
app_main.js:105 5047BB860F81 3 118 3477
app_main.js:105 16AE8DC10FA0 3 68 3432
app_main.js:105 2B2FEBA72FF2 3 84 3460
app_main.js:105 C424D0FBD379 3 104 3401
app_main.js:105 DFB060CC6920 4 93 3427
app_main.js:105 B18F83F91CAF 4 120 3369
app_main.js:105 7C474EACACC5 4 103 3396
app_main.js:105 A38C74F735E5 4 84 3337
app_main.js:105 E48CE952E84A 4 68 3364
app_main.js:105 0B5977F2EF21 4 117 3302
app_main.js:105 D40B2350C714 4 77 3331
app_main.js:105 E72598D11897 4 71 3272
app_main.js:105 22CF1BB67A8C 4 88 3301
app_main.js:105 7830E21EA387 4 65 3236
app_main.js:105 DEE669CB0AE4 4 120 3267
app_main.js:105 613D63B38A1A 4 90 3203
app_main.js:105 E1B939DC1943 4 94 3234
app_main.js:105 4546FDE55292 4 119 3173
app_main.js:105 6E44FBB24C92 4 98 3208
app_main.js:105 08DC7508AD45 4 90 3160
app_main.js:105 BC3F4F3F1572 4 76 3189
app_main.js:105 8358EEF4ACCA 4 68 3126
app_main.js:105 E1E01012D305 4 62 3162
app_main.js:105 391C302E5BB5 4 87 3136
app_main.js:105 85C3CD9FF624 4 109 3168
app_main.js:105 06A6937F081F 4 110 3105
app_main.js:105 BDD940ADEA1E 4 96 3134
app_main.js:105 681A66506882 4 60 3091
app_main.js:105 044D558BF605 4 77 3121
app_main.js:105 D69C1BFBB9F4 4 109 3051
app_main.js:105 523503629407 4 104 3084
app_main.js:105 0985310815A8 4 103 3018
app_main.js:105 AD72A92A9339 4 108 3050
app_main.js:105 6CDE6E13EF34 4 79 2987
app_main.js:105 F0F2CF3FFAA5 4 94 3021
app_main.js:105 DEB73A85DD6E 4 95 2953
app_main.js:105 1E2C0D36224E 4 75 2981
app_main.js:105 73ABD471A224 4 92 2919
app_main.js:105 FD67ADD6C00A 4 97 2943
app_main.js:105 500F2F0E51ED 4 83 2898
app_main.js:105 22EC28A507D8 4 120 2928
app_main.js:105 AF150FAD191C 4 115 2871
app_main.js:105 23612FF39860 4 76 2902
app_main.js:105 6FA8B6D2B122 4 71 2848
app_main.js:105 D7945C8241FB 4 104 2869
app_main.js:105 DBF28245EAA3 4 68 2812
app_main.js:105 CB35B37F47B3 4 109 2843
app_main.js:105 BEDDA71A652B 4 98 2822
app_main.js:105 91A8A942D62C 4 77 2851
app_main.js:105 CF32310F2152 4 63 2788
app_main.js:105 5047BB860F81 4 104 2818
app_main.js:105 16AE8DC10FA0 4 68 2756
app_main.js:105 2B2FEBA72FF2 4 84 2786
app_main.js:105 C424D0FBD379 4 120 2724
app_main.js:105 DFB060CC6920 5 108 2750
app_main.js:105 B18F83F91CAF 5 88 2691
app_main.js:105 7C474EACACC5 5 102 2716
app_main.js:105 A38C74F735E5 5 73 2660
app_main.js:105 E48CE952E84A 5 65 2680
app_main.js:105 0B5977F2EF21 5 79 2630
app_main.js:105 D40B2350C714 5 91 2652
app_main.js:105 E72598D11897 5 88 2599
app_main.js:105 22CF1BB67A8C 5 119 2623
app_main.js:105 7830E21EA387 5 78 2575
app_main.js:105 DEE669CB0AE4 5 105 2595
app_main.js:105 613D63B38A1A 5 89 2555
app_main.js:105 E1B939DC1943 5 104 2570
app_main.js:105 4546FDE55292 5 70 2527
app_main.js:105 6E44FBB24C92 5 90 2544
app_main.js:105 08DC7508AD45 5 63 2504
app_main.js:105 BC3F4F3F1572 5 120 2520
app_main.js:105 8358EEF4ACCA 5 70 2486
app_main.js:105 E1E01012D305 5 119 2506
app_main.js:105 391C302E5BB5 5 120 2455
app_main.js:105 85C3CD9FF624 5 77 2470
app_main.js:105 06A6937F081F 5 88 2424
app_main.js:105 BDD940ADEA1E 5 62 2437
app_main.js:105 681A66506882 5 84 2409
app_main.js:105 044D558BF605 5 92 2422
app_main.js:105 D69C1BFBB9F4 5 112 2374
app_main.js:105 523503629407 5 80 2388
app_main.js:105 0985310815A8 5 72 2340
app_main.js:105 AD72A92A9339 5 69 2354
app_main.js:105 6CDE6E13EF34 5 82 2335
app_main.js:105 F0F2CF3FFAA5 5 85 2351
app_main.js:105 DEB73A85DD6E 5 100 2281
app_main.js:105 1E2C0D36224E 5 99 2317
app_main.js:105 73ABD471A224 5 75 2253
app_main.js:105 FD67ADD6C00A 5 72 2305
app_main.js:105 500F2F0E51ED 5 63 2240
app_main.js:105 22EC28A507D8 5 116 2278
app_main.js:105 AF150FAD191C 5 83 2215
app_main.js:105 23612FF39860 5 115 2256
app_main.js:105 6FA8B6D2B122 5 120 2179
app_main.js:105 D7945C8241FB 5 108 2219
app_main.js:105 DBF28245EAA3 5 71 2142
app_main.js:105 CB35B37F47B3 5 77 2174
app_main.js:105 BEDDA71A652B 5 110 2108
app_main.js:105 91A8A942D62C 5 64 2142
app_main.js:105 CF32310F2152 5 93 2074
app_main.js:105 5047BB860F81 5 77 2105
app_main.js:105 16AE8DC10FA0 5 66 2040
app_main.js:105 2B2FEBA72FF2 5 110 2071
app_main.js:105 C424D0FBD379 5 91 2008
app_main.js:105 DFB060CC6920 6 104 2043
app_main.js:105 B18F83F91CAF 6 104 1981
app_main.js:105 7C474EACACC5 6 95 2022
app_main.js:105 A38C74F735E5 6 76 1963
app_main.js:105 E48CE952E84A 6 114 1999
app_main.js:105 D40B2350C714 6 81 1980
app_main.js:105 0B5977F2EF21 6 78 2035
app_main.js:105 22CF1BB67A8C 6 118 1954
app_main.js:105 E72598D11897 6 75 1991
app_main.js:105 DEE669CB0AE4 6 83 1925
app_main.js:105 7830E21EA387 6 110 1986
app_main.js:105 E1B939DC1943 6 88 1928
app_main.js:105 613D63B38A1A 6 118 1960
app_main.js:105 6E44FBB24C92 6 110 1899
app_main.js:105 4546FDE55292 6 66 1927
app_main.js:105 BC3F4F3F1572 6 60 1864
app_main.js:105 08DC7508AD45 6 74 1895
app_main.js:105 E1E01012D305 6 118 1831
app_main.js:105 8358EEF4ACCA 6 89 1860
app_main.js:105 85C3CD9FF624 6 64 1800
app_main.js:105 391C302E5BB5 6 78 1831
app_main.js:105 BDD940ADEA1E 6 96 1830
app_main.js:105 06A6937F081F 6 92 1873
app_main.js:105 044D558BF605 6 77 1832
app_main.js:105 681A66506882 6 70 1867
app_main.js:105 523503629407 6 62 1804
app_main.js:105 D69C1BFBB9F4 6 70 1836
app_main.js:105 AD72A92A9339 6 98 1773
app_main.js:105 0985310815A8 6 80 1812
app_main.js:105 F0F2CF3FFAA5 6 86 1750
app_main.js:105 6CDE6E13EF34 6 79 1787
app_main.js:105 1E2C0D36224E 6 109 1723
app_main.js:105 DEB73A85DD6E 6 77 1773
app_main.js:105 FD67ADD6C00A 6 83 1708
app_main.js:105 73ABD471A224 6 114 1741
app_main.js:105 22EC28A507D8 6 98 1661
app_main.js:105 500F2F0E51ED 6 86 1703
app_main.js:105 23612FF39860 6 84 1617
app_main.js:105 AF150FAD191C 6 103 1652
app_main.js:105 D7945C8241FB 6 103 1576
app_main.js:105 6FA8B6D2B122 6 69 1605
app_main.js:105 CB35B37F47B3 6 81 1532
app_main.js:105 DBF28245EAA3 6 64 1569
app_main.js:105 91A8A942D62C 6 98 1492
app_main.js:105 BEDDA71A652B 6 64 1535
app_main.js:105 5047BB860F81 6 83 1464
app_main.js:105 CF32310F2152 6 99 1499
app_main.js:105 2B2FEBA72FF2 6 100 1432
app_main.js:105 16AE8DC10FA0 6 66 1469
app_main.js:105 DFB060CC6920 7 81 1402
app_main.js:105 C424D0FBD379 6 109 1438
app_main.js:105 B18F83F91CAF 7 85 1363
app_main.js:105 7C474EACACC5 7 101 1401
app_main.js:105 A38C74F735E5 7 116 1353
app_main.js:105 E48CE952E84A 7 110 1383
app_main.js:105 0B5977F2EF21 7 106 1355
app_main.js:105 D40B2350C714 7 117 1384
app_main.js:105 E72598D11897 7 76 1310
app_main.js:105 22CF1BB67A8C 7 78 1345
app_main.js:105 7830E21EA387 7 71 1267
app_main.js:105 DEE669CB0AE4 7 64 1303
app_main.js:105 613D63B38A1A 7 90 1232
app_main.js:105 E1B939DC1943 7 93 1260
app_main.js:105 4546FDE55292 7 74 1200
app_main.js:105 6E44FBB24C92 7 63 1226
app_main.js:105 08DC7508AD45 7 110 1167
app_main.js:105 BC3F4F3F1572 7 120 1225
app_main.js:105 8358EEF4ACCA 7 84 1177
app_main.js:105 E1E01012D305 7 93 1188
app_main.js:105 391C302E5BB5 7 105 1144
app_main.js:105 85C3CD9FF624 7 114 1152
app_main.js:105 06A6937F081F 7 86 1109
app_main.js:105 BDD940ADEA1E 7 89 1118
app_main.js:105 681A66506882 7 112 1076
app_main.js:105 044D558BF605 7 93 1084
app_main.js:105 D69C1BFBB9F4 7 85 1053
app_main.js:105 523503629407 7 115 1065
app_main.js:105 0985310815A8 7 117 1021
app_main.js:105 AD72A92A9339 7 97 1028
app_main.js:105 6CDE6E13EF34 7 70 988
app_main.js:105 F0F2CF3FFAA5 7 101 1028
app_main.js:105 DEB73A85DD6E 7 76 994
app_main.js:105 1E2C0D36224E 7 118 994
app_main.js:105 73ABD471A224 7 91 960
app_main.js:105 FD67ADD6C00A 7 71 961
app_main.js:105 500F2F0E51ED 7 76 925
app_main.js:105 22EC28A507D8 7 85 927
app_main.js:105 AF150FAD191C 7 62 893
app_main.js:105 23612FF39860 7 90 894
app_main.js:105 6FA8B6D2B122 7 101 861
app_main.js:105 D7945C8241FB 7 82 863
app_main.js:105 DBF28245EAA3 7 71 829
app_main.js:105 CB35B37F47B3 7 113 835
app_main.js:105 BEDDA71A652B 7 117 794
app_main.js:105 91A8A942D62C 7 110 801
app_main.js:105 CF32310F2152 7 113 771
app_main.js:105 5047BB860F81 7 107 777
app_main.js:105 16AE8DC10FA0 7 79 779
app_main.js:105 2B2FEBA72FF2 7 73 787
app_main.js:105 C424D0FBD379 7 81 743
app_main.js:105 DFB060CC6920 8 65 757
app_main.js:105 B18F83F91CAF 8 83 715
app_main.js:105 7C474EACACC5 8 95 726
app_main.js:105 A38C74F735E5 8 63 707
app_main.js:105 E48CE952E84A 8 65 717
app_main.js:105 0B5977F2EF21 8 118 671
app_main.js:105 D40B2350C714 8 94 677
app_main.js:105 E72598D11897 8 69 638
app_main.js:105 22CF1BB67A8C 8 83 638
app_main.js:105 7830E21EA387 8 99 604
app_main.js:105 DEE669CB0AE4 8 91 615
app_main.js:105 613D63B38A1A 8 90 585
app_main.js:105 E1B939DC1943 8 63 608
app_main.js:105 4546FDE55292 8 82 586
app_main.js:105 6E44FBB24C92 8 67 578
app_main.js:105 08DC7508AD45 8 115 591
app_main.js:105 BC3F4F3F1572 8 111 583
app_main.js:105 8358EEF4ACCA 8 101 557
app_main.js:105 E1E01012D305 8 120 550
app_main.js:105 391C302E5BB5 8 68 521
app_main.js:105 85C3CD9FF624 8 75 517
app_main.js:105 06A6937F081F 8 86 488
app_main.js:105 BDD940ADEA1E 8 66 484
app_main.js:105 681A66506882 8 70 493
app_main.js:105 044D558BF605 8 86 491
app_main.js:105 D69C1BFBB9F4 8 96 484
app_main.js:105 523503629407 8 117 482
app_main.js:105 0985310815A8 8 95 451
app_main.js:105 AD72A92A9339 8 86 464
app_main.js:105 6CDE6E13EF34 8 115 434
app_main.js:105 F0F2CF3FFAA5 8 92 427
app_main.js:105 DEB73A85DD6E 8 108 402
app_main.js:105 1E2C0D36224E 8 109 391
app_main.js:105 73ABD471A224 8 84 408
app_main.js:105 FD67ADD6C00A 8 96 397
app_main.js:105 500F2F0E51ED 8 80 377
app_main.js:105 22EC28A507D8 8 105 377
app_main.js:105 AF150FAD191C 8 88 357
app_main.js:105 23612FF39860 8 117 342
app_main.js:105 6FA8B6D2B122 8 106 327
app_main.js:105 D7945C8241FB 8 67 312
app_main.js:105 DBF28245EAA3 8 96 334
app_main.js:105 CB35B37F47B3 8 61 317
app_main.js:105 BEDDA71A652B 8 78 302
app_main.js:105 91A8A942D62C 8 78 283
app_main.js:105 CF32310F2152 8 99 272
app_main.js:105 5047BB860F81 8 67 262
app_main.js:105 16AE8DC10FA0 8 64 268
app_main.js:105 2B2FEBA72FF2 8 77 248
app_main.js:105 C424D0FBD379 8 82 234
app_main.js:105 DFB060CC6920 9 118 250
app_main.js:105 B18F83F91CAF 9 62 235
app_main.js:105 7C474EACACC5 9 104 202
app_main.js:105 A38C74F735E5 9 82 210
app_main.js:105 E48CE952E84A 9 91 199
app_main.js:105 0B5977F2EF21 9 87 197
app_main.js:105 D40B2350C714 9 108 164
app_main.js:105 E72598D11897 9 72 162
app_main.js:105 22CF1BB67A8C 9 75 173
app_main.js:105 7830E21EA387 9 117 174
app_main.js:105 DEE669CB0AE4 9 83 168
app_main.js:105 613D63B38A1A 9 116 160
app_main.js:105 E1B939DC1943 9 91 130
app_main.js:105 4546FDE55292 9 115 120
app_main.js:105 6E44FBB24C92 9 69 113
app_main.js:105 08DC7508AD45 9 110 113
app_main.js:105 BC3F4F3F1572 9 70 139
app_main.js:105 8358EEF4ACCA 9 100 131
app_main.js:105 E1E01012D305 9 116 114
app_main.js:105 391C302E5BB5 9 73 119
app_main.js:105 85C3CD9FF624 9 98 114
app_main.js:105 06A6937F081F 9 65 121
app_main.js:105 BDD940ADEA1E 9 73 114
app_main.js:105 681A66506882 9 98 114
app_main.js:105 044D558BF605 9 91 124
app_main.js:105 D69C1BFBB9F4 9 75 146
app_main.js:105 523503629407 9 65 151
app_main.js:105 0985310815A8 9 76 132
app_main.js:105 AD72A92A9339 9 93 134
app_main.js:105 6CDE6E13EF34 9 76 117
app_main.js:105 F0F2CF3FFAA5 9 110 120
app_main.js:105 DEB73A85DD6E 9 81 115
app_main.js:105 1E2C0D36224E 9 82 114
app_main.js:105 73ABD471A224 9 71 119
app_main.js:105 FD67ADD6C00A 9 92 139
app_main.js:105 500F2F0E51ED 9 71 140
app_main.js:105 22EC28A507D8 9 99 125
app_main.js:105 AF150FAD191C 9 79 114
app_main.js:105 23612FF39860 9 93 113
app_main.js:105 6FA8B6D2B122 9 87 116
app_main.js:105 D7945C8241FB 9 62 115
app_main.js:105 DBF28245EAA3 9 75 115
app_main.js:105 CB35B37F47B3 9 89 139
app_main.js:105 BEDDA71A652B 9 120 123
app_main.js:105 91A8A942D62C 9 93 114
app_main.js:105 CF32310F2152 9 80 113
app_main.js:105 5047BB860F81 9 64 113
app_main.js:105 16AE8DC10FA0 9 66 114
app_main.js:105 2B2FEBA72FF2 9 82 113
app_main.js:105 C424D0FBD379 9 82 114
app_main.js:105 DFB060CC6920 10 91 114
app_main.js:105 B18F83F91CAF 10 67 132
app_main.js:105 7C474EACACC5 10 74 121
app_main.js:105 A38C74F735E5 10 60 115
app_main.js:105 E48CE952E84A 10 73 122
app_main.js:105 0B5977F2EF21 10 89 117
app_main.js:105 D40B2350C714 10 80 152
app_main.js:105 E72598D11897 10 81 143
app_main.js:105 22CF1BB67A8C 10 117 114
app_main.js:105 7830E21EA387 10 70 139
app_main.js:105 DEE669CB0AE4 10 80 121
app_main.js:105 613D63B38A1A 10 87 147
app_main.js:105 E1B939DC1943 10 112 116
app_main.js:105 4546FDE55292 10 103 143
app_main.js:105 6E44FBB24C92 10 101 113
app_main.js:105 08DC7508AD45 10 92 144
app_main.js:105 BC3F4F3F1572 10 104 114
app_main.js:105 8358EEF4ACCA 10 86 142
app_main.js:105 E1E01012D305 10 119 123
app_main.js:105 391C302E5BB5 10 104 150
app_main.js:105 85C3CD9FF624 10 92 118
app_main.js:105 06A6937F081F 10 92 173
app_main.js:105 681A66506882 10 94 114
app_main.js:105 BDD940ADEA1E 10 105 175
app_main.js:105 D69C1BFBB9F4 10 63 115
app_main.js:105 044D558BF605 10 82 157
app_main.js:105 0985310815A8 10 120 145
app_main.js:105 523503629407 10 100 184
app_main.js:105 6CDE6E13EF34 10 103 115
app_main.js:105 AD72A92A9339 10 97 156
app_main.js:105 F0F2CF3FFAA5 10 77 115
app_main.js:105 DEB73A85DD6E 10 73 158
app_main.js:105 1E2C0D36224E 10 99 118
app_main.js:105 73ABD471A224 10 77 187
app_main.js:105 FD67ADD6C00A 10 69 117
app_main.js:105 500F2F0E51ED 10 119 154
app_main.js:105 AF150FAD191C 10 94 118
app_main.js:105 22EC28A507D8 10 101 164
app_main.js:105 23612FF39860 10 76 112
app_main.js:105 6FA8B6D2B122 10 74 154
app_main.js:105 D7945C8241FB 10 62 112
app_main.js:105 DBF28245EAA3 10 116 152
app_main.js:105 CB35B37F47B3 10 86 113
app_main.js:105 BEDDA71A652B 10 80 150
app_main.js:105 91A8A942D62C 10 103 123
app_main.js:105 CF32310F2152 10 84 158
app_main.js:105 5047BB860F81 10 111 120
app_main.js:105 16AE8DC10FA0 10 89 152
app_main.js:105 2B2FEBA72FF2 10 61 114
app_main.js:105 C424D0FBD379 10 98 157
app_main.js:105 DFB060CC6920 11 91 125
app_main.js:105 B18F83F91CAF 11 98 159
app_main.js:105 7C474EACACC5 11 114 128
app_main.js:105 A38C74F735E5 11 107 173
app_main.js:105 E48CE952E84A 11 107 119
app_main.js:105 0B5977F2EF21 11 100 155
app_main.js:105 D40B2350C714 11 82 118
app_main.js:105 E72598D11897 11 90 157
app_main.js:105 22CF1BB67A8C 11 88 125
app_main.js:105 7830E21EA387 11 114 159
app_main.js:105 DEE669CB0AE4 11 80 146
app_main.js:105 613D63B38A1A 11 105 182
app_main.js:105 E1B939DC1943 11 80 113
app_main.js:105 4546FDE55292 11 62 150
app_main.js:105 6E44FBB24C92 11 106 118
app_main.js:105 08DC7508AD45 11 76 152
app_main.js:105 BC3F4F3F1572 11 96 113
app_main.js:105 8358EEF4ACCA 11 79 161
app_main.js:105 E1E01012D305 11 96 116
app_main.js:105 391C302E5BB5 11 110 158
app_main.js:105 85C3CD9FF624 11 90 129
app_main.js:105 06A6937F081F 11 95 167
app_main.js:105 BDD940ADEA1E 11 71 117
app_main.js:105 681A66506882 11 105 156
app_main.js:105 044D558BF605 11 108 118
app_main.js:105 D69C1BFBB9F4 11 86 157
app_main.js:105 523503629407 11 62 117
app_main.js:105 0985310815A8 11 80 153
app_main.js:105 AD72A92A9339 11 79 125
app_main.js:105 6CDE6E13EF34 11 70 157
app_main.js:105 F0F2CF3FFAA5 11 84 114
app_main.js:105 DEB73A85DD6E 11 110 150
app_main.js:105 1E2C0D36224E 11 69 113
app_main.js:105 73ABD471A224 11 91 160
app_main.js:105 FD67ADD6C00A 11 88 115
app_main.js:105 500F2F0E51ED 11 84 146
app_main.js:105 22EC28A507D8 11 95 139
app_main.js:105 AF150FAD191C 11 110 173
app_main.js:105 23612FF39860 11 75 132
app_main.js:105 6FA8B6D2B122 11 113 166
app_main.js:105 D7945C8241FB 11 106 114
app_main.js:105 DBF28245EAA3 11 67 145
app_main.js:105 CB35B37F47B3 11 77 114
app_main.js:105 BEDDA71A652B 11 101 147
app_main.js:105 91A8A942D62C 11 112 114
app_main.js:105 CF32310F2152 11 70 145
app_main.js:105 5047BB860F81 11 91 122
app_main.js:105 16AE8DC10FA0 11 87 154
app_main.js:105 2B2FEBA72FF2 11 69 122
app_main.js:105 C424D0FBD379 11 97 152
app_main.js:105 DFB060CC6920 12 76 112
app_main.js:105 B18F83F91CAF 12 119 150
app_main.js:105 7C474EACACC5 12 88 114
app_main.js:105 A38C74F735E5 12 113 148
app_main.js:105 E48CE952E84A 12 87 120
app_main.js:105 0B5977F2EF21 12 62 156
app_main.js:105 D40B2350C714 12 101 113
app_main.js:105 E72598D11897 12 61 151
app_main.js:105 22CF1BB67A8C 12 93 113
app_main.js:105 7830E21EA387 12 80 147
app_main.js:105 DEE669CB0AE4 12 82 116
app_main.js:105 613D63B38A1A 12 98 150
app_main.js:105 E1B939DC1943 12 61 138
app_main.js:105 4546FDE55292 12 75 176
app_main.js:105 6E44FBB24C92 12 113 114
app_main.js:105 08DC7508AD45 12 68 156
app_main.js:105 BC3F4F3F1572 12 118 115
app_main.js:105 8358EEF4ACCA 12 111 173
app_main.js:105 E1E01012D305 12 100 115
app_main.js:105 391C302E5BB5 12 66 162
app_main.js:105 06A6937F081F 12 81 119
app_main.js:105 85C3CD9FF624 12 102 161
app_main.js:105 681A66506882 12 111 124
app_main.js:105 BDD940ADEA1E 12 73 168
app_main.js:105 D69C1BFBB9F4 12 94 122
app_main.js:105 044D558BF605 12 118 157
app_main.js:105 0985310815A8 12 97 115
app_main.js:105 523503629407 12 102 159
app_main.js:105 6CDE6E13EF34 12 112 133
app_main.js:105 AD72A92A9339 12 90 154
app_main.js:105 DEB73A85DD6E 12 113 123
app_main.js:105 F0F2CF3FFAA5 12 88 169
app_main.js:105 73ABD471A224 12 73 127
app_main.js:105 1E2C0D36224E 12 103 165
app_main.js:105 500F2F0E51ED 12 120 115
app_main.js:105 FD67ADD6C00A 12 79 153
app_main.js:105 AF150FAD191C 12 102 114
app_main.js:105 22EC28A507D8 12 106 153
app_main.js:105 6FA8B6D2B122 12 70 128
app_main.js:105 23612FF39860 12 112 168
app_main.js:105 DBF28245EAA3 12 81 115
app_main.js:105 D7945C8241FB 12 102 150
app_main.js:105 BEDDA71A652B 12 89 114
app_main.js:105 CB35B37F47B3 12 103 150
app_main.js:105 CF32310F2152 12 73 116
app_main.js:105 91A8A942D62C 12 119 151
app_main.js:105 16AE8DC10FA0 12 95 149
app_main.js:105 5047BB860F81 12 113 194
app_main.js:105 2B2FEBA72FF2 12 70 143
app_main.js:105 C424D0FBD379 12 70 183
app_main.js:105 B18F83F91CAF 13 108 116
app_main.js:105 DFB060CC6920 13 120 159
app_main.js:105 A38C74F735E5 13 81 120
app_main.js:105 7C474EACACC5 13 111 164
app_main.js:105 0B5977F2EF21 13 73 119
app_main.js:105 E48CE952E84A 13 94 162
app_main.js:105 E72598D11897 13 118 132
app_main.js:105 D40B2350C714 13 72 169
app_main.js:105 7830E21EA387 13 64 117
app_main.js:105 22CF1BB67A8C 13 115 154
app_main.js:105 613D63B38A1A 13 79 116
app_main.js:105 DEE669CB0AE4 13 114 148
app_main.js:105 4546FDE55292 13 114 115
app_main.js:105 E1B939DC1943 13 89 146
app_main.js:105 08DC7508AD45 13 113 125
app_main.js:105 6E44FBB24C92 13 84 154
app_main.js:105 8358EEF4ACCA 13 109 114
app_main.js:105 BC3F4F3F1572 13 119 141
app_main.js:105 391C302E5BB5 13 116 118
app_main.js:105 E1E01012D305 13 117 146
app_main.js:105 06A6937F081F 13 93 117
app_main.js:105 85C3CD9FF624 13 117 148
app_main.js:105 681A66506882 13 102 125
app_main.js:105 BDD940ADEA1E 13 102 157
app_main.js:105 D69C1BFBB9F4 13 98 114
app_main.js:105 044D558BF605 13 61 150
app_main.js:105 0985310815A8 13 115 124
app_main.js:105 523503629407 13 112 167
app_main.js:105 6CDE6E13EF34 13 102 117
app_main.js:105 AD72A92A9339 13 63 152
app_main.js:105 F0F2CF3FFAA5 13 105 145
app_main.js:105 DEB73A85DD6E 13 110 196
app_main.js:105 1E2C0D36224E 13 101 113
app_main.js:105 73ABD471A224 13 82 155
app_main.js:105 500F2F0E51ED 13 67 114
app_main.js:105 FD67ADD6C00A 13 113 156
app_main.js:105 AF150FAD191C 13 116 113
app_main.js:105 22EC28A507D8 13 84 155
app_main.js:105 6FA8B6D2B122 13 90 115
app_main.js:105 23612FF39860 13 118 157
app_main.js:105 DBF28245EAA3 13 96 121
app_main.js:105 D7945C8241FB 13 75 161
app_main.js:105 BEDDA71A652B 13 77 115
app_main.js:105 CB35B37F47B3 13 81 157
app_main.js:105 CF32310F2152 13 93 113
app_main.js:105 91A8A942D62C 13 101 155
app_main.js:105 5047BB860F81 13 71 115
app_main.js:105 16AE8DC10FA0 13 70 162
app_main.js:105 2B2FEBA72FF2 13 108 128
app_main.js:105 C424D0FBD379 13 92 173
app_main.js:105 B18F83F91CAF 14 116 113
app_main.js:105 DFB060CC6920 14 93 156
app_main.js:105 A38C74F735E5 14 119 114
app_main.js:105 7C474EACACC5 14 89 152
app_main.js:105 0B5977F2EF21 14 78 114
app_main.js:105 E48CE952E84A 14 96 151
app_main.js:105 E72598D11897 14 108 153
app_main.js:105 D40B2350C714 14 74 189
app_main.js:105 7830E21EA387 14 61 127
app_main.js:105 22CF1BB67A8C 14 70 163
app_main.js:105 613D63B38A1A 14 83 114
app_main.js:105 DEE669CB0AE4 14 83 150
app_main.js:105 4546FDE55292 14 61 114
app_main.js:105 E1B939DC1943 14 79 148
app_main.js:105 08DC7508AD45 14 100 126
app_main.js:105 6E44FBB24C92 14 74 158
app_main.js:105 8358EEF4ACCA 14 86 136
app_main.js:105 BC3F4F3F1572 14 96 165
app_main.js:105 391C302E5BB5 14 66 125
app_main.js:105 E1E01012D305 14 84 156
app_main.js:105 06A6937F081F 14 103 121
app_main.js:105 85C3CD9FF624 14 99 153
app_main.js:105 681A66506882 14 86 115
app_main.js:105 BDD940ADEA1E 14 68 152
app_main.js:105 D69C1BFBB9F4 14 91 122
app_main.js:105 044D558BF605 14 99 160
app_main.js:105 0985310815A8 14 77 118
app_main.js:105 523503629407 14 70 149
app_main.js:105 6CDE6E13EF34 14 116 114
app_main.js:105 AD72A92A9339 14 111 145
app_main.js:105 DEB73A85DD6E 14 107 116
app_main.js:105 F0F2CF3FFAA5 14 99 146
app_main.js:105 73ABD471A224 14 113 152
app_main.js:105 1E2C0D36224E 14 78 182
app_main.js:105 500F2F0E51ED 14 78 122
app_main.js:105 FD67ADD6C00A 14 68 150
app_main.js:105 AF150FAD191C 14 109 115
app_main.js:105 22EC28A507D8 14 63 147
app_main.js:105 6FA8B6D2B122 14 85 113
app_main.js:105 23612FF39860 14 97 138
app_main.js:105 DBF28245EAA3 14 101 113
app_main.js:105 D7945C8241FB 14 85 139
app_main.js:105 BEDDA71A652B 14 101 121
app_main.js:105 CB35B37F47B3 14 118 145
app_main.js:105 CF32310F2152 14 71 115
app_main.js:105 91A8A942D62C 14 109 148
app_main.js:105 16AE8DC10FA0 14 66 121
app_main.js:105 5047BB860F81 14 100 150
app_main.js:105 C424D0FBD379 14 72 115
app_main.js:105 2B2FEBA72FF2 14 91 145
app_main.js:105 B18F83F91CAF 15 70 120
app_main.js:105 DFB060CC6920 15 77 149
app_main.js:105 A38C74F735E5 15 85 113
app_main.js:105 7C474EACACC5 15 115 142
app_main.js:105 0B5977F2EF21 15 86 115
app_main.js:105 E48CE952E84A 15 74 145
app_main.js:105 E72598D11897 15 110 119
app_main.js:105 D40B2350C714 15 101 151
app_main.js:105 7830E21EA387 15 61 142
app_main.js:105 22CF1BB67A8C 15 81 174
app_main.js:105 613D63B38A1A 15 66 115
app_main.js:105 DEE669CB0AE4 15 93 149
app_main.js:105 4546FDE55292 15 63 116
app_main.js:105 E1B939DC1943 15 95 147
app_main.js:105 08DC7508AD45 15 61 114
app_main.js:105 6E44FBB24C92 15 115 145
app_main.js:105 8358EEF4ACCA 15 120 118
app_main.js:105 BC3F4F3F1572 15 83 149
app_main.js:105 391C302E5BB5 15 70 160
app_main.js:105 E1E01012D305 15 119 194
app_main.js:105 06A6937F081F 15 108 129
app_main.js:105 85C3CD9FF624 15 93 161
app_main.js:105 681A66506882 15 73 116
app_main.js:105 BDD940ADEA1E 15 98 151
app_main.js:105 D69C1BFBB9F4 15 82 116
app_main.js:105 044D558BF605 15 62 149
app_main.js:105 0985310815A8 15 106 138
app_main.js:105 523503629407 15 66 170
app_main.js:105 6CDE6E13EF34 15 60 115
app_main.js:105 AD72A92A9339 15 108 145
app_main.js:105 DEB73A85DD6E 15 100 114
app_main.js:105 F0F2CF3FFAA5 15 93 144
app_main.js:105 73ABD471A224 15 101 116
app_main.js:105 1E2C0D36224E 15 117 145
app_main.js:105 500F2F0E51ED 15 89 145
app_main.js:105 FD67ADD6C00A 15 119 177
app_main.js:105 AF150FAD191C 15 86 114
app_main.js:105 22EC28A507D8 15 95 167
app_main.js:105 6FA8B6D2B122 15 104 122
app_main.js:105 23612FF39860 15 89 154
app_main.js:105 DBF28245EAA3 15 104 114
app_main.js:105 D7945C8241FB 15 79 156
app_main.js:105 BEDDA71A652B 15 108 120
app_main.js:105 CB35B37F47B3 15 118 159
app_main.js:105 CF32310F2152 15 87 127
app_main.js:105 91A8A942D62C 15 67 167
app_main.js:105 5047BB860F81 15 111 114
app_main.js:105 16AE8DC10FA0 15 111 157
app_main.js:105 2B2FEBA72FF2 15 109 115
app_main.js:105 C424D0FBD379 15 70 156
app_main.js:105 DFB060CC6920 16 72 113
app_main.js:105 B18F83F91CAF 16 107 152
app_main.js:105 7C474EACACC5 16 103 123
app_main.js:105 A38C74F735E5 16 84 160
app_main.js:105 0B5977F2EF21 16 112 115
app_main.js:105 E48CE952E84A 16 81 161
app_main.js:105 E72598D11897 16 99 114
app_main.js:105 D40B2350C714 16 99 154
app_main.js:105 22CF1BB67A8C 16 98 114
app_main.js:105 7830E21EA387 16 119 181
app_main.js:105 DEE669CB0AE4 16 103 150
app_main.js:105 613D63B38A1A 16 71 191
app_main.js:105 E1B939DC1943 16 105 143
app_main.js:105 4546FDE55292 16 115 179
app_main.js:105 6E44FBB24C92 16 101 114
app_main.js:105 08DC7508AD45 16 83 151
app_main.js:105 BC3F4F3F1572 16 85 115
app_main.js:105 8358EEF4ACCA 16 73 151
app_main.js:105 E1E01012D305 16 119 113
app_main.js:105 391C302E5BB5 16 75 151
app_main.js:105 85C3CD9FF624 16 110 152
app_main.js:105 06A6937F081F 16 76 189
app_main.js:105 BDD940ADEA1E 16 68 118
app_main.js:105 681A66506882 16 79 176
app_main.js:105 044D558BF605 16 103 117
app_main.js:105 D69C1BFBB9F4 16 89 155
app_main.js:105 523503629407 16 105 114
app_main.js:105 0985310815A8 16 88 153
app_main.js:105 AD72A92A9339 16 81 123
app_main.js:105 6CDE6E13EF34 16 92 163
app_main.js:105 F0F2CF3FFAA5 16 72 115
app_main.js:105 DEB73A85DD6E 16 75 149
app_main.js:105 73ABD471A224 16 96 115
app_main.js:105 1E2C0D36224E 16 98 180
app_main.js:105 500F2F0E51ED 16 110 119
app_main.js:105 FD67ADD6C00A 16 100 174
app_main.js:105 AF150FAD191C 16 66 143
app_main.js:105 22EC28A507D8 16 102 182
app_main.js:105 6FA8B6D2B122 16 116 128
app_main.js:105 23612FF39860 16 91 168
app_main.js:105 DBF28245EAA3 16 93 119
app_main.js:105 D7945C8241FB 16 108 152
app_main.js:105 BEDDA71A652B 16 60 114
app_main.js:105 CB35B37F47B3 16 98 147
app_main.js:105 CF32310F2152 16 98 113
app_main.js:105 91A8A942D62C 16 84 146
app_main.js:105 16AE8DC10FA0 16 114 122
app_main.js:105 5047BB860F81 16 72 160
app_main.js:105 C424D0FBD379 16 114 125
app_main.js:105 2B2FEBA72FF2 16 100 164
app_main.js:105 B18F83F91CAF 17 75 116
app_main.js:105 DFB060CC6920 17 70 150
app_main.js:105 A38C74F735E5 17 66 115
app_main.js:105 7C474EACACC5 17 71 150
app_main.js:105 0B5977F2EF21 17 107 125
app_main.js:105 E48CE952E84A 17 105 157
app_main.js:105 E72598D11897 17 80 115
app_main.js:105 D40B2350C714 17 109 148
app_main.js:105 7830E21EA387 17 105 115
app_main.js:105 22CF1BB67A8C 17 92 150
app_main.js:105 613D63B38A1A 17 91 114
app_main.js:105 DEE669CB0AE4 17 95 147
app_main.js:105 4546FDE55292 17 66 121
app_main.js:105 E1B939DC1943 17 87 157
app_main.js:105 08DC7508AD45 17 61 114
app_main.js:105 6E44FBB24C92 17 76 151
app_main.js:105 8358EEF4ACCA 17 98 122
app_main.js:105 BC3F4F3F1572 17 120 180
app_main.js:105 391C302E5BB5 17 83 119
app_main.js:105 E1E01012D305 17 82 159
app_main.js:105 06A6937F081F 17 62 133
app_main.js:105 85C3CD9FF624 17 103 172
app_main.js:105 BDD940ADEA1E 17 63 114
app_main.js:105 681A66506882 17 62 176
app_main.js:105 044D558BF605 17 67 115
app_main.js:105 D69C1BFBB9F4 17 79 154
app_main.js:105 523503629407 17 120 115
app_main.js:105 0985310815A8 17 75 153
app_main.js:105 AD72A92A9339 17 78 115
app_main.js:105 6CDE6E13EF34 17 83 154
app_main.js:105 DEB73A85DD6E 17 114 120
app_main.js:105 F0F2CF3FFAA5 17 91 164
app_main.js:105 1E2C0D36224E 17 109 115
app_main.js:105 73ABD471A224 17 112 174
app_main.js:105 FD67ADD6C00A 17 101 117
app_main.js:105 500F2F0E51ED 17 70 160
app_main.js:105 22EC28A507D8 17 97 114
app_main.js:105 AF150FAD191C 17 65 156
app_main.js:105 6FA8B6D2B122 17 69 127
app_main.js:105 23612FF39860 17 90 178
app_main.js:105 DBF28245EAA3 17 112 113
app_main.js:105 D7945C8241FB 17 91 154
app_main.js:105 BEDDA71A652B 17 110 114
app_main.js:105 CB35B37F47B3 17 67 156
app_main.js:105 CF32310F2152 17 104 113
app_main.js:105 91A8A942D62C 17 94 151
app_main.js:105 16AE8DC10FA0 17 72 128
app_main.js:105 5047BB860F81 17 98 167
app_main.js:105 C424D0FBD379 17 117 114
app_main.js:105 2B2FEBA72FF2 17 112 149
app_main.js:105 B18F83F91CAF 18 99 114
app_main.js:105 DFB060CC6920 18 87 147
app_main.js:105 A38C74F735E5 18 101 117
app_main.js:105 7C474EACACC5 18 79 146
app_main.js:105 0B5977F2EF21 18 82 113
app_main.js:105 E48CE952E84A 18 84 146
app_main.js:105 E72598D11897 18 106 126
app_main.js:105 D40B2350C714 18 112 169
app_main.js:105 7830E21EA387 18 66 122
app_main.js:105 22CF1BB67A8C 18 60 154
app_main.js:105 613D63B38A1A 18 65 118
app_main.js:105 DEE669CB0AE4 18 67 156
app_main.js:105 E1B939DC1943 18 116 112
app_main.js:105 4546FDE55292 18 90 159
app_main.js:105 6E44FBB24C92 18 67 125
app_main.js:105 08DC7508AD45 18 84 169
app_main.js:105 8358EEF4ACCA 18 89 116
app_main.js:105 BC3F4F3F1572 18 73 167
app_main.js:105 391C302E5BB5 18 68 116
app_main.js:105 E1E01012D305 18 67 157
app_main.js:105 06A6937F081F 18 97 115
app_main.js:105 85C3CD9FF624 18 95 154
app_main.js:105 681A66506882 18 119 143
app_main.js:105 BDD940ADEA1E 18 111 182
app_main.js:105 044D558BF605 18 82 113
app_main.js:105 D69C1BFBB9F4 18 70 159
app_main.js:105 0985310815A8 18 104 113
app_main.js:105 523503629407 18 65 156
app_main.js:105 6CDE6E13EF34 18 82 114
app_main.js:105 AD72A92A9339 18 87 153
app_main.js:105 DEB73A85DD6E 18 117 114
app_main.js:105 F0F2CF3FFAA5 18 120 182
app_main.js:105 1E2C0D36224E 18 66 171
app_main.js:105 73ABD471A224 18 113 211
app_main.js:105 FD67ADD6C00A 18 114 133
app_main.js:105 500F2F0E51ED 18 119 173
app_main.js:105 22EC28A507D8 18 66 114
app_main.js:105 AF150FAD191C 18 114 155
app_main.js:105 6FA8B6D2B122 18 90 113
app_main.js:105 23612FF39860 18 113 156
app_main.js:105 D7945C8241FB 18 65 128
app_main.js:105 DBF28245EAA3 18 102 173
app_main.js:105 CB35B37F47B3 18 76 114
app_main.js:105 BEDDA71A652B 18 76 155
app_main.js:105 91A8A942D62C 18 113 115
app_main.js:105 CF32310F2152 18 76 155
app_main.js:105 5047BB860F81 18 77 117
app_main.js:105 16AE8DC10FA0 18 120 163
app_main.js:105 2B2FEBA72FF2 18 62 129
app_main.js:105 C424D0FBD379 18 61 163
app_main.js:105 DFB060CC6920 19 90 114
app_main.js:105 B18F83F91CAF 19 112 152
app_main.js:105 7C474EACACC5 19 86 119
app_main.js:105 A38C74F735E5 19 106 150
app_main.js:105 E48CE952E84A 19 98 118
app_main.js:105 0B5977F2EF21 19 120 161
app_main.js:105 D40B2350C714 19 117 151
app_main.js:105 E72598D11897 19 87 174
app_main.js:105 22CF1BB67A8C 19 105 122
app_main.js:105 7830E21EA387 19 98 139
app_main.js:105 DEE669CB0AE4 19 113 113
app_main.js:105 613D63B38A1A 19 101 133
app_main.js:105 E1B939DC1943 19 87 115
app_main.js:105 4546FDE55292 19 105 132
app_main.js:105 6E44FBB24C92 19 77 125
app_main.js:105 08DC7508AD45 19 91 146
app_main.js:105 BC3F4F3F1572 19 116 125
app_main.js:105 8358EEF4ACCA 19 120 153
app_main.js:105 E1E01012D305 19 70 113
app_main.js:105 391C302E5BB5 19 117 143
app_main.js:105 85C3CD9FF624 19 66 114
app_main.js:105 06A6937F081F 19 77 160
app_main.js:105 BDD940ADEA1E 19 79 114
app_main.js:105 681A66506882 19 69 141
app_main.js:105 044D558BF605 19 104 126
app_main.js:105 D69C1BFBB9F4 19 101 160
app_main.js:105 523503629407 19 115 119
app_main.js:105 0985310815A8 19 71 166
app_main.js:105 AD72A92A9339 19 120 116
app_main.js:105 6CDE6E13EF34 19 103 140
app_main.js:105 F0F2CF3FFAA5 19 73 114
app_main.js:105 DEB73A85DD6E 19 120 138
app_main.js:105 1E2C0D36224E 19 103 145
app_main.js:105 73ABD471A224 19 74 171
app_main.js:105 FD67ADD6C00A 19 81 116
app_main.js:105 500F2F0E51ED 19 106 142
app_main.js:105 22EC28A507D8 19 118 117
app_main.js:105 AF150FAD191C 19 102 140
app_main.js:105 23612FF39860 19 99 113
app_main.js:105 6FA8B6D2B122 19 78 149
app_main.js:105 D7945C8241FB 19 83 115
app_main.js:105 DBF28245EAA3 19 85 141
app_main.js:105 CB35B37F47B3 19 60 120
app_main.js:105 BEDDA71A652B 19 101 151
app_main.js:105 91A8A942D62C 19 71 118
app_main.js:105 CF32310F2152 19 106 149
app_main.js:105 5047BB860F81 19 76 114
app_main.js:105 16AE8DC10FA0 19 116 142
app_main.js:105 2B2FEBA72FF2 19 118 114
app_main.js:105 C424D0FBD379 19 72 143
app_main.js:105 DFB060CC6920 20 99 146
app_main.js:105 B18F83F91CAF 20 73 207
app_main.js:105 7C474EACACC5 20 65 149
app_main.js:105 A38C74F735E5 20 109 178
app_main.js:105 E48CE952E84A 20 107 114
app_main.js:105 0B5977F2EF21 20 118 166
app_main.js:105 D40B2350C714 20 116 115
app_main.js:105 E72598D11897 20 108 139
app_main.js:105 22CF1BB67A8C 20 68 146
app_main.js:105 7830E21EA387 20 103 172
app_main.js:105 DEE669CB0AE4 20 90 153
app_main.js:105 613D63B38A1A 20 109 177
app_main.js:105 E1B939DC1943 20 115 123
app_main.js:105 4546FDE55292 20 112 146
app_main.js:105 6E44FBB24C92 20 60 113
app_main.js:105 08DC7508AD45 20 101 134
app_main.js:105 BC3F4F3F1572 20 105 121
app_main.js:105 8358EEF4ACCA 20 65 143
app_main.js:105 E1E01012D305 20 105 129
app_main.js:105 391C302E5BB5 20 96 148
app_main.js:105 85C3CD9FF624 20 117 123
app_main.js:105 06A6937F081F 20 92 151
app_main.js:105 BDD940ADEA1E 20 113 133
app_main.js:105 681A66506882 20 118 156
app_main.js:105 044D558BF605 20 89 115
app_main.js:105 D69C1BFBB9F4 20 67 156
app_main.js:105 0985310815A8 20 95 122
app_main.js:105 523503629407 20 119 180
app_main.js:105 6CDE6E13EF34 20 111 115
app_main.js:105 AD72A92A9339 20 115 155
app_main.js:105 DEB73A85DD6E 20 81 113
app_main.js:105 F0F2CF3FFAA5 20 84 155
app_main.js:105 1E2C0D36224E 20 78 113
app_main.js:105 73ABD471A224 20 120 157
app_main.js:105 500F2F0E51ED 20 66 121
app_main.js:105 FD67ADD6C00A 20 87 169
app_main.js:105 AF150FAD191C 20 81 118
app_main.js:105 22EC28A507D8 20 102 159
app_main.js:105 6FA8B6D2B122 20 88 113
app_main.js:105 23612FF39860 20 120 150
app_main.js:105 DBF28245EAA3 20 64 114
app_main.js:105 D7945C8241FB 20 86 150
app_main.js:105 BEDDA71A652B 20 60 114
app_main.js:105 CB35B37F47B3 20 99 151
app_main.js:105 CF32310F2152 20 96 125
app_main.js:105 91A8A942D62C 20 113 163
app_main.js:105 5047BB860F81 20 88 116
app_main.js:105 16AE8DC10FA0 20 91 160
app_main.js:105 2B2FEBA72FF2 20 100 114
app_main.js:105 C424D0FBD379 20 77 156
app_main.js:105 DFB060CC6920 21 76 113
app_main.js:105 B18F83F91CAF 21 110 176
app_main.js:105 7C474EACACC5 21 106 148
app_main.js:105 A38C74F735E5 21 85 185
app_main.js:105 E48CE952E84A 21 76 118
app_main.js:105 0B5977F2EF21 21 119 154
app_main.js:105 D40B2350C714 21 90 114
app_main.js:105 E72598D11897 21 115 151
app_main.js:105 22CF1BB67A8C 21 95 113
app_main.js:105 7830E21EA387 21 85 176
app_main.js:105 DEE669CB0AE4 21 104 150
app_main.js:105 613D63B38A1A 21 72 187
app_main.js:105 E1B939DC1943 21 78 121
app_main.js:105 4546FDE55292 21 112 156
app_main.js:105 6E44FBB24C92 21 86 114
app_main.js:105 08DC7508AD45 21 66 150
app_main.js:105 BC3F4F3F1572 21 120 113
app_main.js:105 8358EEF4ACCA 21 70 151
app_main.js:105 E1E01012D305 21 85 113
app_main.js:105 391C302E5BB5 21 97 146
app_main.js:105 85C3CD9FF624 21 119 124
app_main.js:105 06A6937F081F 21 102 179
app_main.js:105 BDD940ADEA1E 21 63 119
app_main.js:105 681A66506882 21 111 153
app_main.js:105 044D558BF605 21 105 112
app_main.js:105 D69C1BFBB9F4 21 94 138
app_main.js:105 523503629407 21 102 114
app_main.js:105 0985310815A8 21 77 138
app_main.js:105 AD72A92A9339 21 60 138
app_main.js:105 6CDE6E13EF34 21 109 164
app_main.js:105 F0F2CF3FFAA5 21 116 116
app_main.js:105 DEB73A85DD6E 21 69 144
app_main.js:105 1E2C0D36224E 21 105 118
app_main.js:105 73ABD471A224 21 98 140
app_main.js:105 FD67ADD6C00A 21 83 113
app_main.js:105 500F2F0E51ED 21 79 139
app_main.js:105 22EC28A507D8 21 93 135
app_main.js:105 AF150FAD191C 21 99 170
app_main.js:105 23612FF39860 21 81 127
app_main.js:105 6FA8B6D2B122 21 78 170
app_main.js:105 D7945C8241FB 21 100 119
app_main.js:105 DBF28245EAA3 21 77 142
app_main.js:105 CB35B37F47B3 21 85 117
app_main.js:105 BEDDA71A652B 21 101 141
app_main.js:105 91A8A942D62C 21 110 113
app_main.js:105 CF32310F2152 21 89 137
app_main.js:105 5047BB860F81 21 117 121
app_main.js:105 16AE8DC10FA0 21 119 165
app_main.js:105 2B2FEBA72FF2 21 110 114
app_main.js:105 C424D0FBD379 21 120 134
app_main.js:105 DFB060CC6920 22 79 117
app_main.js:105 B18F83F91CAF 22 65 139
app_main.js:105 7C474EACACC5 22 63 114
app_main.js:105 A38C74F735E5 22 116 138
app_main.js:105 E48CE952E84A 22 66 118
app_main.js:105 0B5977F2EF21 22 66 146
app_main.js:105 D40B2350C714 22 85 119
app_main.js:105 E72598D11897 22 85 143
app_main.js:105 22CF1BB67A8C 22 114 117
app_main.js:105 7830E21EA387 22 78 171
app_main.js:105 DEE669CB0AE4 22 66 115
app_main.js:105 613D63B38A1A 22 107 148
app_main.js:105 E1B939DC1943 22 108 120
app_main.js:105 4546FDE55292 22 70 152
app_main.js:105 6E44FBB24C92 22 83 115
app_main.js:105 08DC7508AD45 22 115 146
app_main.js:105 BC3F4F3F1572 22 87 113
app_main.js:105 8358EEF4ACCA 22 89 149
app_main.js:105 E1E01012D305 22 80 114
app_main.js:105 391C302E5BB5 22 119 149
app_main.js:105 85C3CD9FF624 22 81 117
app_main.js:105 06A6937F081F 22 97 200
app_main.js:105 BDD940ADEA1E 22 62 140
app_main.js:105 681A66506882 22 68 181
app_main.js:105 044D558BF605 22 99 114
app_main.js:105 D69C1BFBB9F4 22 104 170
app_main.js:105 523503629407 22 107 115
app_main.js:105 0985310815A8 22 65 148
app_main.js:105 AD72A92A9339 22 85 114
app_main.js:105 6CDE6E13EF34 22 106 151
app_main.js:105 F0F2CF3FFAA5 22 107 125
app_main.js:105 DEB73A85DD6E 22 118 160
app_main.js:105 1E2C0D36224E 22 64 113
app_main.js:105 73ABD471A224 22 103 149
app_main.js:105 FD67ADD6C00A 22 111 118
app_main.js:105 500F2F0E51ED 22 115 154
app_main.js:105 22EC28A507D8 22 61 120
app_main.js:105 AF150FAD191C 22 99 162
app_main.js:105 6FA8B6D2B122 22 108 119
app_main.js:105 23612FF39860 22 109 162
app_main.js:105 DBF28245EAA3 22 103 115
app_main.js:105 D7945C8241FB 22 104 157
app_main.js:105 BEDDA71A652B 22 119 114
app_main.js:105 CB35B37F47B3 22 99 155
app_main.js:105 CF32310F2152 22 107 114
app_main.js:105 91A8A942D62C 22 80 175
app_main.js:105 16AE8DC10FA0 22 119 139
app_main.js:105 5047BB860F81 22 98 182
app_main.js:105 C424D0FBD379 22 91 119
app_main.js:105 2B2FEBA72FF2 22 84 161
app_main.js:105 B18F83F91CAF 23 78 115
app_main.js:105 DFB060CC6920 23 86 153
app_main.js:105 A38C74F735E5 23 114 115
app_main.js:105 7C474EACACC5 23 108 148
app_main.js:105 0B5977F2EF21 23 120 135
app_main.js:105 E48CE952E84A 23 83 170
app_main.js:105 E72598D11897 23 87 113
app_main.js:105 D40B2350C714 23 62 152
app_main.js:105 7830E21EA387 23 80 114
app_main.js:105 22CF1BB67A8C 23 77 149
app_main.js:105 613D63B38A1A 23 106 114
app_main.js:105 DEE669CB0AE4 23 68 150
app_main.js:105 4546FDE55292 23 95 117
app_main.js:105 E1B939DC1943 23 98 176
app_main.js:105 08DC7508AD45 23 120 153
app_main.js:105 6E44FBB24C92 23 94 214
app_main.js:105 8358EEF4ACCA 23 86 148
app_main.js:105 BC3F4F3F1572 23 98 182
app_main.js:105 391C302E5BB5 23 71 134
app_main.js:105 E1E01012D305 23 78 169
app_main.js:105 06A6937F081F 23 74 117
app_main.js:105 85C3CD9FF624 23 105 155
app_main.js:105 681A66506882 23 61 127
app_main.js:105 BDD940ADEA1E 23 120 168
app_main.js:105 D69C1BFBB9F4 23 101 114
app_main.js:105 044D558BF605 23 82 153
app_main.js:105 0985310815A8 23 108 113
app_main.js:105 523503629407 23 93 154
app_main.js:105 6CDE6E13EF34 23 107 116
app_main.js:105 AD72A92A9339 23 93 149
app_main.js:105 DEB73A85DD6E 23 95 135
app_main.js:105 F0F2CF3FFAA5 23 109 169
app_main.js:105 73ABD471A224 23 99 113
app_main.js:105 1E2C0D36224E 23 64 156
app_main.js:105 500F2F0E51ED 23 84 114
app_main.js:105 FD67ADD6C00A 23 67 144
app_main.js:105 AF150FAD191C 23 102 118
app_main.js:105 22EC28A507D8 23 116 160
app_main.js:105 6FA8B6D2B122 23 72 114
app_main.js:105 23612FF39860 23 104 147
app_main.js:105 DBF28245EAA3 23 79 123
app_main.js:105 D7945C8241FB 23 117 154
app_main.js:105 BEDDA71A652B 23 117 117
app_main.js:105 CB35B37F47B3 23 77 150
app_main.js:105 CF32310F2152 23 96 115
app_main.js:105 91A8A942D62C 23 84 138
app_main.js:105 16AE8DC10FA0 23 97 113
app_main.js:105 5047BB860F81 23 92 144
app_main.js:105 C424D0FBD379 23 106 153
app_main.js:105 2B2FEBA72FF2 23 71 179
app_main.js:105 B18F83F91CAF 24 109 123
app_main.js:105 DFB060CC6920 24 64 148
app_main.js:105 A38C74F735E5 24 71 115
app_main.js:105 7C474EACACC5 24 99 140
app_main.js:105 0B5977F2EF21 24 66 115
app_main.js:105 E48CE952E84A 24 73 143
app_main.js:105 E72598D11897 24 71 141
app_main.js:105 D40B2350C714 24 107 170
app_main.js:105 7830E21EA387 24 62 117
app_main.js:105 22CF1BB67A8C 24 75 147
app_main.js:105 613D63B38A1A 24 70 116
app_main.js:105 DEE669CB0AE4 24 82 142
app_main.js:105 4546FDE55292 24 90 118
app_main.js:105 E1B939DC1943 24 74 163
app_main.js:105 08DC7508AD45 24 65 114
app_main.js:105 6E44FBB24C92 24 111 144
app_main.js:105 8358EEF4ACCA 24 61 123
app_main.js:105 BC3F4F3F1572 24 100 149
app_main.js:105 391C302E5BB5 24 110 114
app_main.js:105 E1E01012D305 24 117 142
app_main.js:105 06A6937F081F 24 60 115
app_main.js:105 85C3CD9FF624 24 102 139
app_main.js:105 681A66506882 24 76 112
app_main.js:105 BDD940ADEA1E 24 66 136
app_main.js:105 D69C1BFBB9F4 24 72 120
app_main.js:105 044D558BF605 24 95 144
app_main.js:105 0985310815A8 24 64 113
app_main.js:105 523503629407 24 85 134
app_main.js:105 6CDE6E13EF34 24 97 114
app_main.js:105 AD72A92A9339 24 98 149
app_main.js:105 DEB73A85DD6E 24 105 114
app_main.js:105 F0F2CF3FFAA5 24 98 135
app_main.js:105 73ABD471A224 24 81 152
app_main.js:105 1E2C0D36224E 24 65 186
app_main.js:105 500F2F0E51ED 24 87 131
app_main.js:105 FD67ADD6C00A 24 60 174
app_main.js:105 AF150FAD191C 24 68 122
app_main.js:105 22EC28A507D8 24 120 147
app_main.js:105 6FA8B6D2B122 24 101 114
app_main.js:105 23612FF39860 24 65 141
app_main.js:105 DBF28245EAA3 24 118 114
app_main.js:105 D7945C8241FB 24 86 137
app_main.js:105 BEDDA71A652B 24 77 122
app_main.js:105 CB35B37F47B3 24 75 147
app_main.js:105 CF32310F2152 24 91 119
app_main.js:105 91A8A942D62C 24 86 145
app_main.js:105 16AE8DC10FA0 24 61 118
app_main.js:105 5047BB860F81 24 73 156
app_main.js:105 C424D0FBD379 24 93 114
app_main.js:105 2B2FEBA72FF2 24 75 160
app_main.js:105 B18F83F91CAF 25 75 141
app_main.js:105 DFB060CC6920 25 106 169
app_main.js:105 A38C74F735E5 25 117 114
app_main.js:105 7C474EACACC5 25 69 137
app_main.js:105 0B5977F2EF21 25 75 118
app_main.js:105 E48CE952E84A 25 117 143
app_main.js:105 E72598D11897 25 75 115
app_main.js:105 D40B2350C714 25 93 140
app_main.js:105 7830E21EA387 25 87 151
app_main.js:105 22CF1BB67A8C 25 99 178
app_main.js:105 613D63B38A1A 25 95 151
app_main.js:105 DEE669CB0AE4 25 91 176
app_main.js:105 4546FDE55292 25 76 123
app_main.js:105 E1B939DC1943 25 79 149
app_main.js:105 08DC7508AD45 25 62 118
app_main.js:105 6E44FBB24C92 25 116 144
app_main.js:105 8358EEF4ACCA 25 71 115
app_main.js:105 BC3F4F3F1572 25 89 142
app_main.js:105 391C302E5BB5 25 113 127
app_main.js:105 E1E01012D305 25 79 157
app_main.js:105 06A6937F081F 25 63 113
app_main.js:105 85C3CD9FF624 25 117 137
app_main.js:105 681A66506882 25 69 119
app_main.js:105 BDD940ADEA1E 25 81 143
app_main.js:105 D69C1BFBB9F4 25 100 117
app_main.js:105 044D558BF605 25 92 147
app_main.js:105 0985310815A8 25 78 148
app_main.js:105 523503629407 25 68 183
app_main.js:105 6CDE6E13EF34 25 100 121
app_main.js:105 AD72A92A9339 25 69 171
app_main.js:105 DEB73A85DD6E 25 91 118
app_main.js:105 F0F2CF3FFAA5 25 93 151
app_main.js:105 73ABD471A224 25 61 116
app_main.js:105 1E2C0D36224E 25 63 151
app_main.js:105 500F2F0E51ED 25 87 140
app_main.js:105 FD67ADD6C00A 25 100 179
app_main.js:105 AF150FAD191C 25 105 114
app_main.js:105 22EC28A507D8 25 78 150
app_main.js:105 6FA8B6D2B122 25 93 113
app_main.js:105 23612FF39860 25 103 149
app_main.js:105 DBF28245EAA3 25 64 114
app_main.js:105 D7945C8241FB 25 63 151
app_main.js:105 BEDDA71A652B 25 61 113
app_main.js:105 CB35B37F47B3 25 114 151
app_main.js:105 CF32310F2152 25 72 123
app_main.js:105 91A8A942D62C 25 103 159
app_main.js:105 16AE8DC10FA0 25 109 115
app_main.js:105 5047BB860F81 25 69 153
app_main.js:105 C424D0FBD379 25 103 117
app_main.js:105 2B2FEBA72FF2 25 96 153
app_main.js:105 B18F83F91CAF 26 96 115
app_main.js:105 DFB060CC6920 26 69 154
app_main.js:105 7C474EACACC5 26 86 123
app_main.js:105 A38C74F735E5 26 80 184
app_main.js:105 0B5977F2EF21 26 110 113
app_main.js:105 E48CE952E84A 26 78 154
app_main.js:105 E72598D11897 26 81 112
app_main.js:105 D40B2350C714 26 82 153
app_main.js:105 22CF1BB67A8C 26 101 115
app_main.js:105 7830E21EA387 26 109 186
app_main.js:105 DEE669CB0AE4 26 80 153
app_main.js:105 613D63B38A1A 26 104 187
app_main.js:105 E1B939DC1943 26 66 117
app_main.js:105 4546FDE55292 26 71 156
app_main.js:105 6E44FBB24C92 26 118 114
app_main.js:105 08DC7508AD45 26 104 151
app_main.js:105 BC3F4F3F1572 26 110 113
app_main.js:105 8358EEF4ACCA 26 93 151
app_main.js:105 E1E01012D305 26 107 114
app_main.js:105 391C302E5BB5 26 111 150
app_main.js:105 85C3CD9FF624 26 90 122
app_main.js:105 06A6937F081F 26 61 163
app_main.js:105 BDD940ADEA1E 26 101 117
app_main.js:105 681A66506882 26 84 155
app_main.js:105 044D558BF605 26 67 117
app_main.js:105 D69C1BFBB9F4 26 68 154
app_main.js:105 523503629407 26 69 114
app_main.js:105 0985310815A8 26 97 151
app_main.js:105 AD72A92A9339 26 78 137
app_main.js:105 6CDE6E13EF34 26 119 175
app_main.js:105 F0F2CF3FFAA5 26 69 113
app_main.js:105 DEB73A85DD6E 26 68 169
app_main.js:105 1E2C0D36224E 26 76 115
app_main.js:105 73ABD471A224 26 116 152
app_main.js:105 FD67ADD6C00A 26 111 114
app_main.js:105 500F2F0E51ED 26 99 151
app_main.js:105 22EC28A507D8 26 100 142
app_main.js:105 AF150FAD191C 26 117 177
app_main.js:105 23612FF39860 26 89 115
app_main.js:105 6FA8B6D2B122 26 72 151
app_main.js:105 D7945C8241FB 26 66 113
app_main.js:105 DBF28245EAA3 26 117 155
app_main.js:105 CB35B37F47B3 26 96 117
app_main.js:105 BEDDA71A652B 26 77 155
app_main.js:105 91A8A942D62C 26 68 114
app_main.js:105 CF32310F2152 26 83 151
app_main.js:105 5047BB860F81 26 100 123
app_main.js:105 16AE8DC10FA0 26 110 159
app_main.js:105 2B2FEBA72FF2 26 73 113
app_main.js:105 C424D0FBD379 26 78 159
app_main.js:105 DFB060CC6920 27 76 118
app_main.js:105 B18F83F91CAF 27 103 152
app_main.js:105 7C474EACACC5 27 91 114
app_main.js:105 A38C74F735E5 27 103 152
app_main.js:105 E48CE952E84A 27 107 122
app_main.js:105 0B5977F2EF21 27 114 159
app_main.js:105 D40B2350C714 27 73 114
app_main.js:105 E72598D11897 27 94 147
app_main.js:105 22CF1BB67A8C 27 103 114
app_main.js:105 7830E21EA387 27 80 145
app_main.js:105 DEE669CB0AE4 27 72 113
app_main.js:105 613D63B38A1A 27 93 144
app_main.js:105 E1B939DC1943 27 111 149
app_main.js:105 4546FDE55292 27 116 178
app_main.js:105 6E44FBB24C92 27 104 122
app_main.js:105 08DC7508AD45 27 116 153
app_main.js:105 BC3F4F3F1572 27 79 117
app_main.js:105 8358EEF4ACCA 27 116 148
app_main.js:105 E1E01012D305 27 120 114
app_main.js:105 391C302E5BB5 27 75 143
app_main.js:105 85C3CD9FF624 27 102 118
app_main.js:105 06A6937F081F 27 66 146
app_main.js:105 BDD940ADEA1E 27 88 124
app_main.js:105 681A66506882 27 103 156
app_main.js:105 044D558BF605 27 107 114
app_main.js:105 D69C1BFBB9F4 27 68 144
app_main.js:105 523503629407 27 79 113
app_main.js:105 0985310815A8 27 97 140
app_main.js:105 AD72A92A9339 27 95 117
app_main.js:105 6CDE6E13EF34 27 101 152
app_main.js:105 F0F2CF3FFAA5 27 61 148
app_main.js:105 DEB73A85DD6E 27 64 181
app_main.js:105 1E2C0D36224E 27 66 120
app_main.js:105 73ABD471A224 27 99 150
app_main.js:105 FD67ADD6C00A 27 92 115
app_main.js:105 500F2F0E51ED 27 70 146
app_main.js:105 22EC28A507D8 27 99 114
app_main.js:105 AF150FAD191C 27 116 146
app_main.js:105 23612FF39860 27 68 148
app_main.js:105 6FA8B6D2B122 27 119 181
app_main.js:105 D7945C8241FB 27 89 117
app_main.js:105 DBF28245EAA3 27 104 149
app_main.js:105 CB35B37F47B3 27 98 114
app_main.js:105 BEDDA71A652B 27 117 144
app_main.js:105 91A8A942D62C 27 73 113
app_main.js:105 CF32310F2152 27 113 145
app_main.js:105 5047BB860F81 27 85 115
app_main.js:105 16AE8DC10FA0 27 87 146
app_main.js:105 2B2FEBA72FF2 27 119 123
app_main.js:105 C424D0FBD379 27 108 158
app_main.js:105 DFB060CC6920 28 104 113
app_main.js:105 B18F83F91CAF 28 101 149
app_main.js:105 7C474EACACC5 28 91 115
app_main.js:105 A38C74F735E5 28 87 146
app_main.js:105 E48CE952E84A 28 71 119
app_main.js:105 0B5977F2EF21 28 75 155
app_main.js:105 D40B2350C714 28 117 132
app_main.js:105 E72598D11897 28 99 163
app_main.js:105 22CF1BB67A8C 28 65 113
app_main.js:105 7830E21EA387 28 106 148
app_main.js:105 DEE669CB0AE4 28 119 114
app_main.js:105 613D63B38A1A 28 88 144
app_main.js:105 E1B939DC1943 28 81 114
app_main.js:105 4546FDE55292 28 116 145
app_main.js:105 6E44FBB24C92 28 90 112
app_main.js:105 08DC7508AD45 28 105 144
app_main.js:105 BC3F4F3F1572 28 110 122
app_main.js:105 8358EEF4ACCA 28 84 152
app_main.js:105 E1E01012D305 28 70 113
app_main.js:105 391C302E5BB5 28 75 144
app_main.js:105 85C3CD9FF624 28 97 114
app_main.js:105 06A6937F081F 28 98 164
app_main.js:105 BDD940ADEA1E 28 68 113
app_main.js:105 681A66506882 28 107 163
app_main.js:105 044D558BF605 28 78 145
app_main.js:105 D69C1BFBB9F4 28 86 175
app_main.js:105 523503629407 28 78 114
app_main.js:105 0985310815A8 28 87 148
app_main.js:105 AD72A92A9339 28 96 122
app_main.js:105 6CDE6E13EF34 28 69 159
app_main.js:105 F0F2CF3FFAA5 28 116 117
app_main.js:105 DEB73A85DD6E 28 84 146
app_main.js:105 1E2C0D36224E 28 75 124
app_main.js:105 73ABD471A224 28 66 155
app_main.js:105 FD67ADD6C00A 28 94 114
app_main.js:105 500F2F0E51ED 28 70 144
app_main.js:105 22EC28A507D8 28 79 114
app_main.js:105 AF150FAD191C 28 119 143
app_main.js:105 23612FF39860 28 92 118
app_main.js:105 6FA8B6D2B122 28 111 147
app_main.js:105 D7945C8241FB 28 72 117
app_main.js:105 DBF28245EAA3 28 106 151
app_main.js:105 CB35B37F47B3 28 113 124
app_main.js:105 BEDDA71A652B 28 111 161
app_main.js:105 91A8A942D62C 28 105 118
app_main.js:105 CF32310F2152 28 120 155
app_main.js:105 5047BB860F81 28 115 114
app_main.js:105 16AE8DC10FA0 28 67 149
app_main.js:105 2B2FEBA72FF2 28 62 114
app_main.js:105 C424D0FBD379 28 103 150
app_main.js:105 DFB060CC6920 29 77 120
app_main.js:105 B18F83F91CAF 29 67 161
app_main.js:105 7C474EACACC5 29 111 118
app_main.js:105 A38C74F735E5 29 66 152
app_main.js:105 E48CE952E84A 29 89 115
app_main.js:105 0B5977F2EF21 29 112 149
app_main.js:105 D40B2350C714 29 112 114
app_main.js:105 E72598D11897 29 61 149
app_main.js:105 22CF1BB67A8C 29 94 126
app_main.js:105 7830E21EA387 29 90 155
app_main.js:105 DEE669CB0AE4 29 95 115
app_main.js:105 613D63B38A1A 29 91 147
app_main.js:105 E1B939DC1943 29 101 118
app_main.js:105 4546FDE55292 29 82 149
app_main.js:98 Device offline  DFB060CC6920
app_main.js:98 Device offline  B18F83F91CAF
app_main.js:98 Device offline  A38C74F735E5
app_main.js:98 Device offline  7C474EACACC5
app_main.js:98 Device offline  0B5977F2EF21
app_main.js:98 Device offline  E48CE952E84A
app_main.js:98 Device offline  E72598D11897
app_main.js:98 Device offline  D40B2350C714
app_main.js:98 Device offline  7830E21EA387
app_main.js:98 Device offline  22CF1BB67A8C
app_main.js:98 Device offline  613D63B38A1A
app_main.js:98 Device offline  DEE669CB0AE4
app_main.js:98 Device offline  4546FDE55292
app_main.js:98 Device offline  E1B939DC1943
app_main.js:98 Device offline  08DC7508AD45
app_main.js:98 Device offline  6E44FBB24C92
app_main.js:98 Device offline  8358EEF4ACCA
app_main.js:98 Device offline  BC3F4F3F1572
app_main.js:98 Device offline  E1E01012D305
app_main.js:98 Device offline  391C302E5BB5
app_main.js:98 Device offline  85C3CD9FF624
app_main.js:98 Device offline  06A6937F081F
app_main.js:98 Device offline  BDD940ADEA1E
app_main.js:98 Device offline  681A66506882
app_main.js:98 Device offline  044D558BF605
app_main.js:98 Device offline  D69C1BFBB9F4
app_main.js:98 Device offline  0985310815A8
app_main.js:98 Device offline  523503629407
app_main.js:98 Device offline  6CDE6E13EF34
app_main.js:98 Device offline  AD72A92A9339
app_main.js:98 Device offline  DEB73A85DD6E
app_main.js:98 Device offline  F0F2CF3FFAA5
app_main.js:98 Device offline  73ABD471A224
app_main.js:98 Device offline  1E2C0D36224E
app_main.js:98 Device offline  500F2F0E51ED
app_main.js:98 Device offline  FD67ADD6C00A
app_main.js:98 Device offline  AF150FAD191C
app_main.js:98 Device offline  22EC28A507D8
app_main.js:98 Device offline  6FA8B6D2B122
app_main.js:98 Device offline  23612FF39860
app_main.js:98 Device offline  DBF28245EAA3
app_main.js:98 Device offline  D7945C8241FB
app_main.js:98 Device offline  BEDDA71A652B
app_main.js:98 Device offline  CB35B37F47B3
app_main.js:98 Device offline  CF32310F2152
app_main.js:98 Device offline  91A8A942D62C
app_main.js:98 Device offline  16AE8DC10FA0
app_main.js:98 Device offline  5047BB860F81
app_main.js:98 Device offline  C424D0FBD379
app_main.js:98 Device offline  2B2FEBA72FF2
